ARM GAS  C:\Users\dprdc\AppData\Local\Temp\cc0ZHS2Y.s 			page 1


   1              		.syntax unified
   2              		.cpu cortex-m0
   3              		.fpu softvfp
   4              		.eabi_attribute 20, 1
   5              		.eabi_attribute 21, 1
   6              		.eabi_attribute 23, 3
   7              		.eabi_attribute 24, 1
   8              		.eabi_attribute 25, 1
   9              		.eabi_attribute 26, 1
  10              		.eabi_attribute 30, 6
  11              		.eabi_attribute 34, 0
  12              		.eabi_attribute 18, 4
  13              		.thumb
  14              		.syntax unified
  15              		.file	"BLE_custom.c"
  16              		.text
  17              	.Ltext0:
  18              		.cfi_sections	.debug_frame
  19              		.global	cyBle_customs
  20              		.section	.rodata
  21              		.align	2
  22              		.type	cyBle_customs, %object
  23              		.size	cyBle_customs, 10
  24              	cyBle_customs:
  25 0000 1000     		.short	16
  26 0002 1200     		.short	18
  27 0004 1300     		.short	19
  28 0006 1500     		.short	21
  29 0008 1600     		.short	22
  30              		.section	.text.CyBle_CustomInit,"ax",%progbits
  31              		.align	2
  32              		.global	CyBle_CustomInit
  33              		.code	16
  34              		.thumb_func
  35              		.type	CyBle_CustomInit, %function
  36              	CyBle_CustomInit:
  37              	.LFB2:
  38              		.file 1 "Generated_Source\\PSoC4\\BLE_custom.c"
   1:Generated_Source\PSoC4/BLE_custom.c **** /***************************************************************************//**
   2:Generated_Source\PSoC4/BLE_custom.c **** * \file CYBLE_custom.c
   3:Generated_Source\PSoC4/BLE_custom.c **** * \version 3.63
   4:Generated_Source\PSoC4/BLE_custom.c **** * 
   5:Generated_Source\PSoC4/BLE_custom.c **** * \brief
   6:Generated_Source\PSoC4/BLE_custom.c **** *  Contains the source code for the Custom Service.
   7:Generated_Source\PSoC4/BLE_custom.c **** * 
   8:Generated_Source\PSoC4/BLE_custom.c **** ********************************************************************************
   9:Generated_Source\PSoC4/BLE_custom.c **** * \copyright
  10:Generated_Source\PSoC4/BLE_custom.c **** * Copyright 2014-2019, Cypress Semiconductor Corporation.  All rights reserved.
  11:Generated_Source\PSoC4/BLE_custom.c **** * You may use this file only in accordance with the license, terms, conditions,
  12:Generated_Source\PSoC4/BLE_custom.c **** * disclaimers, and limitations in the end user license agreement accompanying
  13:Generated_Source\PSoC4/BLE_custom.c **** * the software package with which this file was provided.
  14:Generated_Source\PSoC4/BLE_custom.c **** *******************************************************************************/
  15:Generated_Source\PSoC4/BLE_custom.c **** 
  16:Generated_Source\PSoC4/BLE_custom.c **** 
  17:Generated_Source\PSoC4/BLE_custom.c **** #include "BLE_eventHandler.h"
  18:Generated_Source\PSoC4/BLE_custom.c **** 
  19:Generated_Source\PSoC4/BLE_custom.c **** #ifdef CYBLE_CUSTOM_SERVER
ARM GAS  C:\Users\dprdc\AppData\Local\Temp\cc0ZHS2Y.s 			page 2


  20:Generated_Source\PSoC4/BLE_custom.c **** 
  21:Generated_Source\PSoC4/BLE_custom.c **** /* If any custom service with custom characteristics is defined in the
  22:Generated_Source\PSoC4/BLE_custom.c **** * customizer's GUI their handles will be present in this array.
  23:Generated_Source\PSoC4/BLE_custom.c **** */
  24:Generated_Source\PSoC4/BLE_custom.c **** /* This array contains attribute handles for the defined Custom Services and their characteristics 
  25:Generated_Source\PSoC4/BLE_custom.c ****    The array index definitions are located in the CYBLE_custom.h file. */
  26:Generated_Source\PSoC4/BLE_custom.c **** const CYBLE_CUSTOMS_T cyBle_customs[0x01u] = {
  27:Generated_Source\PSoC4/BLE_custom.c **** 
  28:Generated_Source\PSoC4/BLE_custom.c ****     /* UEXT service */
  29:Generated_Source\PSoC4/BLE_custom.c ****     {
  30:Generated_Source\PSoC4/BLE_custom.c ****         0x0010u, /* Handle of the UEXT service */ 
  31:Generated_Source\PSoC4/BLE_custom.c ****         {
  32:Generated_Source\PSoC4/BLE_custom.c **** 
  33:Generated_Source\PSoC4/BLE_custom.c ****             /* UEXT READ characteristic */
  34:Generated_Source\PSoC4/BLE_custom.c ****             {
  35:Generated_Source\PSoC4/BLE_custom.c ****                 0x0012u, /* Handle of the UEXT READ characteristic */ 
  36:Generated_Source\PSoC4/BLE_custom.c ****                 
  37:Generated_Source\PSoC4/BLE_custom.c ****                 /* Array of Descriptors handles */
  38:Generated_Source\PSoC4/BLE_custom.c ****                 {
  39:Generated_Source\PSoC4/BLE_custom.c ****                     0x0013u, /* Handle of the READ DATA FROM STEMBoT descriptor */ 
  40:Generated_Source\PSoC4/BLE_custom.c ****                 }, 
  41:Generated_Source\PSoC4/BLE_custom.c ****             },
  42:Generated_Source\PSoC4/BLE_custom.c **** 
  43:Generated_Source\PSoC4/BLE_custom.c ****             /* UEXT WRITE characteristic */
  44:Generated_Source\PSoC4/BLE_custom.c ****             {
  45:Generated_Source\PSoC4/BLE_custom.c ****                 0x0015u, /* Handle of the UEXT WRITE characteristic */ 
  46:Generated_Source\PSoC4/BLE_custom.c ****                 
  47:Generated_Source\PSoC4/BLE_custom.c ****                 /* Array of Descriptors handles */
  48:Generated_Source\PSoC4/BLE_custom.c ****                 {
  49:Generated_Source\PSoC4/BLE_custom.c ****                     0x0016u, /* Handle of the WRITE DATA TO STEMBoT descriptor */ 
  50:Generated_Source\PSoC4/BLE_custom.c ****                 }, 
  51:Generated_Source\PSoC4/BLE_custom.c ****             },
  52:Generated_Source\PSoC4/BLE_custom.c ****         }, 
  53:Generated_Source\PSoC4/BLE_custom.c ****     },
  54:Generated_Source\PSoC4/BLE_custom.c **** };
  55:Generated_Source\PSoC4/BLE_custom.c **** 
  56:Generated_Source\PSoC4/BLE_custom.c **** 
  57:Generated_Source\PSoC4/BLE_custom.c **** #endif /* (CYBLE_CUSTOM_SERVER) */
  58:Generated_Source\PSoC4/BLE_custom.c **** 
  59:Generated_Source\PSoC4/BLE_custom.c **** #ifdef CYBLE_CUSTOM_CLIENT
  60:Generated_Source\PSoC4/BLE_custom.c ****     
  61:Generated_Source\PSoC4/BLE_custom.c **** 
  62:Generated_Source\PSoC4/BLE_custom.c **** static uint16 cyBle_customDisServIndex;
  63:Generated_Source\PSoC4/BLE_custom.c **** static uint16 cyBle_customDisCharIndex;
  64:Generated_Source\PSoC4/BLE_custom.c **** 
  65:Generated_Source\PSoC4/BLE_custom.c **** #endif /* (CYBLE_CUSTOM_CLIENT) */
  66:Generated_Source\PSoC4/BLE_custom.c **** 
  67:Generated_Source\PSoC4/BLE_custom.c **** 
  68:Generated_Source\PSoC4/BLE_custom.c **** /****************************************************************************** 
  69:Generated_Source\PSoC4/BLE_custom.c **** * Function Name: CyBle_CustomInit
  70:Generated_Source\PSoC4/BLE_custom.c **** ***************************************************************************//**
  71:Generated_Source\PSoC4/BLE_custom.c **** * 
  72:Generated_Source\PSoC4/BLE_custom.c **** *  This function initializes Custom Service.
  73:Generated_Source\PSoC4/BLE_custom.c **** * 
  74:Generated_Source\PSoC4/BLE_custom.c **** * \return
  75:Generated_Source\PSoC4/BLE_custom.c **** *  None
  76:Generated_Source\PSoC4/BLE_custom.c **** * 
ARM GAS  C:\Users\dprdc\AppData\Local\Temp\cc0ZHS2Y.s 			page 3


  77:Generated_Source\PSoC4/BLE_custom.c **** ******************************************************************************/
  78:Generated_Source\PSoC4/BLE_custom.c **** void CyBle_CustomInit(void)
  79:Generated_Source\PSoC4/BLE_custom.c **** {
  39              		.loc 1 79 0
  40              		.cfi_startproc
  41              		@ args = 0, pretend = 0, frame = 0
  42              		@ frame_needed = 1, uses_anonymous_args = 0
  43 0000 80B5     		push	{r7, lr}
  44              		.cfi_def_cfa_offset 8
  45              		.cfi_offset 7, -8
  46              		.cfi_offset 14, -4
  47 0002 00AF     		add	r7, sp, #0
  48              		.cfi_def_cfa_register 7
  80:Generated_Source\PSoC4/BLE_custom.c ****     
  81:Generated_Source\PSoC4/BLE_custom.c **** #ifdef CYBLE_CUSTOM_CLIENT
  82:Generated_Source\PSoC4/BLE_custom.c **** 
  83:Generated_Source\PSoC4/BLE_custom.c ****     uint16 locServIndex;
  84:Generated_Source\PSoC4/BLE_custom.c ****     uint16 locCharIndex;
  85:Generated_Source\PSoC4/BLE_custom.c ****     uint16 locDescIndex;
  86:Generated_Source\PSoC4/BLE_custom.c ****     
  87:Generated_Source\PSoC4/BLE_custom.c ****     for(locServIndex = 0u; locServIndex < CYBLE_CUSTOMC_SERVICE_COUNT; locServIndex++)
  88:Generated_Source\PSoC4/BLE_custom.c ****     {
  89:Generated_Source\PSoC4/BLE_custom.c ****         if(cyBle_serverInfo[CYBLE_SRVI_CUSTOMS + locServIndex].range.startHandle == CYBLE_GATT_INVA
  90:Generated_Source\PSoC4/BLE_custom.c ****         {
  91:Generated_Source\PSoC4/BLE_custom.c ****             for(locCharIndex = 0u; locCharIndex < cyBle_customCServ[locServIndex].charCount; locCha
  92:Generated_Source\PSoC4/BLE_custom.c ****             {
  93:Generated_Source\PSoC4/BLE_custom.c ****                 cyBle_customCServ[locServIndex].customServChar[locCharIndex].
  94:Generated_Source\PSoC4/BLE_custom.c ****                     customServCharHandle = 0u;
  95:Generated_Source\PSoC4/BLE_custom.c ****                 
  96:Generated_Source\PSoC4/BLE_custom.c ****                 for(locDescIndex = 0u; locDescIndex < 
  97:Generated_Source\PSoC4/BLE_custom.c ****                     cyBle_customCServ[locServIndex].customServChar[locCharIndex].descCount; 
  98:Generated_Source\PSoC4/BLE_custom.c ****                         locDescIndex++)
  99:Generated_Source\PSoC4/BLE_custom.c ****                 {
 100:Generated_Source\PSoC4/BLE_custom.c ****                     cyBle_customCServ[locServIndex].customServChar[locCharIndex].
 101:Generated_Source\PSoC4/BLE_custom.c ****                         customServCharDesc[locDescIndex].descHandle = 0u;
 102:Generated_Source\PSoC4/BLE_custom.c ****                 }
 103:Generated_Source\PSoC4/BLE_custom.c ****             }
 104:Generated_Source\PSoC4/BLE_custom.c ****         }
 105:Generated_Source\PSoC4/BLE_custom.c ****     }
 106:Generated_Source\PSoC4/BLE_custom.c **** 
 107:Generated_Source\PSoC4/BLE_custom.c **** #endif /* (CYBLE_CUSTOM_CLIENT) */
 108:Generated_Source\PSoC4/BLE_custom.c **** }
  49              		.loc 1 108 0
  50 0004 C046     		nop
  51 0006 BD46     		mov	sp, r7
  52              		@ sp needed
  53 0008 80BD     		pop	{r7, pc}
  54              		.cfi_endproc
  55              	.LFE2:
  56              		.size	CyBle_CustomInit, .-CyBle_CustomInit
  57 000a C046     		.text
  58              	.Letext0:
  59              		.file 2 "Generated_Source\\PSoC4\\cytypes.h"
  60              		.file 3 "Generated_Source\\PSoC4\\BLE_StackGatt.h"
  61              		.file 4 "Generated_Source\\PSoC4\\BLE_custom.h"
  62              		.file 5 "Generated_Source\\PSoC4\\BLE_Stack.h"
  63              		.section	.debug_info,"",%progbits
ARM GAS  C:\Users\dprdc\AppData\Local\Temp\cc0ZHS2Y.s 			page 4


  64              	.Ldebug_info0:
  65 0000 15030000 		.4byte	0x315
  66 0004 0400     		.2byte	0x4
  67 0006 00000000 		.4byte	.Ldebug_abbrev0
  68 000a 04       		.byte	0x4
  69 000b 01       		.uleb128 0x1
  70 000c 7F040000 		.4byte	.LASF94
  71 0010 0C       		.byte	0xc
  72 0011 3A030000 		.4byte	.LASF95
  73 0015 00000000 		.4byte	.LASF96
  74 0019 00000000 		.4byte	.Ldebug_ranges0+0
  75 001d 00000000 		.4byte	0
  76 0021 00000000 		.4byte	.Ldebug_line0
  77 0025 02       		.uleb128 0x2
  78 0026 01       		.byte	0x1
  79 0027 06       		.byte	0x6
  80 0028 0A060000 		.4byte	.LASF0
  81 002c 02       		.uleb128 0x2
  82 002d 01       		.byte	0x1
  83 002e 08       		.byte	0x8
  84 002f 91050000 		.4byte	.LASF1
  85 0033 02       		.uleb128 0x2
  86 0034 02       		.byte	0x2
  87 0035 05       		.byte	0x5
  88 0036 2B010000 		.4byte	.LASF2
  89 003a 02       		.uleb128 0x2
  90 003b 02       		.byte	0x2
  91 003c 07       		.byte	0x7
  92 003d EA070000 		.4byte	.LASF3
  93 0041 02       		.uleb128 0x2
  94 0042 04       		.byte	0x4
  95 0043 05       		.byte	0x5
  96 0044 AB030000 		.4byte	.LASF4
  97 0048 02       		.uleb128 0x2
  98 0049 04       		.byte	0x4
  99 004a 07       		.byte	0x7
 100 004b 9B060000 		.4byte	.LASF5
 101 004f 02       		.uleb128 0x2
 102 0050 08       		.byte	0x8
 103 0051 05       		.byte	0x5
 104 0052 97010000 		.4byte	.LASF6
 105 0056 02       		.uleb128 0x2
 106 0057 08       		.byte	0x8
 107 0058 07       		.byte	0x7
 108 0059 5E030000 		.4byte	.LASF7
 109 005d 03       		.uleb128 0x3
 110 005e 04       		.byte	0x4
 111 005f 05       		.byte	0x5
 112 0060 696E7400 		.ascii	"int\000"
 113 0064 02       		.uleb128 0x2
 114 0065 04       		.byte	0x4
 115 0066 07       		.byte	0x7
 116 0067 73060000 		.4byte	.LASF8
 117 006b 04       		.uleb128 0x4
 118 006c 42020000 		.4byte	.LASF86
 119 0070 02       		.byte	0x2
 120 0071 F801     		.2byte	0x1f8
ARM GAS  C:\Users\dprdc\AppData\Local\Temp\cc0ZHS2Y.s 			page 5


 121 0073 3A000000 		.4byte	0x3a
 122 0077 02       		.uleb128 0x2
 123 0078 04       		.byte	0x4
 124 0079 04       		.byte	0x4
 125 007a F2020000 		.4byte	.LASF9
 126 007e 02       		.uleb128 0x2
 127 007f 08       		.byte	0x8
 128 0080 04       		.byte	0x4
 129 0081 BB080000 		.4byte	.LASF10
 130 0085 02       		.uleb128 0x2
 131 0086 01       		.byte	0x1
 132 0087 08       		.byte	0x8
 133 0088 C9070000 		.4byte	.LASF11
 134 008c 02       		.uleb128 0x2
 135 008d 08       		.byte	0x8
 136 008e 04       		.byte	0x4
 137 008f 5F050000 		.4byte	.LASF12
 138 0093 02       		.uleb128 0x2
 139 0094 04       		.byte	0x4
 140 0095 07       		.byte	0x7
 141 0096 6D010000 		.4byte	.LASF13
 142 009a 05       		.uleb128 0x5
 143 009b 01       		.byte	0x1
 144 009c 2C000000 		.4byte	0x2c
 145 00a0 05       		.byte	0x5
 146 00a1 3501     		.2byte	0x135
 147 00a3 58020000 		.4byte	0x258
 148 00a7 06       		.uleb128 0x6
 149 00a8 9C020000 		.4byte	.LASF14
 150 00ac 00       		.byte	0
 151 00ad 06       		.uleb128 0x6
 152 00ae DC010000 		.4byte	.LASF15
 153 00b2 01       		.byte	0x1
 154 00b3 06       		.uleb128 0x6
 155 00b4 410A0000 		.4byte	.LASF16
 156 00b8 02       		.byte	0x2
 157 00b9 06       		.uleb128 0x6
 158 00ba 17090000 		.4byte	.LASF17
 159 00be 03       		.byte	0x3
 160 00bf 06       		.uleb128 0x6
 161 00c0 B6010000 		.4byte	.LASF18
 162 00c4 04       		.byte	0x4
 163 00c5 06       		.uleb128 0x6
 164 00c6 3D040000 		.4byte	.LASF19
 165 00ca 05       		.byte	0x5
 166 00cb 06       		.uleb128 0x6
 167 00cc B2000000 		.4byte	.LASF20
 168 00d0 06       		.byte	0x6
 169 00d1 06       		.uleb128 0x6
 170 00d2 75090000 		.4byte	.LASF21
 171 00d6 20       		.byte	0x20
 172 00d7 06       		.uleb128 0x6
 173 00d8 AD060000 		.4byte	.LASF22
 174 00dc 21       		.byte	0x21
 175 00dd 06       		.uleb128 0x6
 176 00de 74000000 		.4byte	.LASF23
 177 00e2 22       		.byte	0x22
ARM GAS  C:\Users\dprdc\AppData\Local\Temp\cc0ZHS2Y.s 			page 6


 178 00e3 06       		.uleb128 0x6
 179 00e4 59040000 		.4byte	.LASF24
 180 00e8 23       		.byte	0x23
 181 00e9 06       		.uleb128 0x6
 182 00ea 57060000 		.4byte	.LASF25
 183 00ee 24       		.byte	0x24
 184 00ef 06       		.uleb128 0x6
 185 00f0 35010000 		.4byte	.LASF26
 186 00f4 25       		.byte	0x25
 187 00f5 06       		.uleb128 0x6
 188 00f6 F4030000 		.4byte	.LASF27
 189 00fa 26       		.byte	0x26
 190 00fb 06       		.uleb128 0x6
 191 00fc D5030000 		.4byte	.LASF28
 192 0100 27       		.byte	0x27
 193 0101 06       		.uleb128 0x6
 194 0102 E5000000 		.4byte	.LASF29
 195 0106 28       		.byte	0x28
 196 0107 06       		.uleb128 0x6
 197 0108 E5060000 		.4byte	.LASF30
 198 010c 29       		.byte	0x29
 199 010d 06       		.uleb128 0x6
 200 010e 79070000 		.4byte	.LASF31
 201 0112 2A       		.byte	0x2a
 202 0113 06       		.uleb128 0x6
 203 0114 5B080000 		.4byte	.LASF32
 204 0118 2B       		.byte	0x2b
 205 0119 06       		.uleb128 0x6
 206 011a 3D070000 		.4byte	.LASF33
 207 011e 2C       		.byte	0x2c
 208 011f 06       		.uleb128 0x6
 209 0120 11030000 		.4byte	.LASF34
 210 0124 2D       		.byte	0x2d
 211 0125 06       		.uleb128 0x6
 212 0126 07010000 		.4byte	.LASF35
 213 012a 2E       		.byte	0x2e
 214 012b 06       		.uleb128 0x6
 215 012c 2B0B0000 		.4byte	.LASF36
 216 0130 2F       		.byte	0x2f
 217 0131 06       		.uleb128 0x6
 218 0132 76010000 		.4byte	.LASF37
 219 0136 30       		.byte	0x30
 220 0137 06       		.uleb128 0x6
 221 0138 3B050000 		.4byte	.LASF38
 222 013c 31       		.byte	0x31
 223 013d 06       		.uleb128 0x6
 224 013e FD070000 		.4byte	.LASF39
 225 0142 32       		.byte	0x32
 226 0143 06       		.uleb128 0x6
 227 0144 A2070000 		.4byte	.LASF40
 228 0148 33       		.byte	0x33
 229 0149 06       		.uleb128 0x6
 230 014a 02070000 		.4byte	.LASF41
 231 014e 34       		.byte	0x34
 232 014f 06       		.uleb128 0x6
 233 0150 FA080000 		.4byte	.LASF42
 234 0154 35       		.byte	0x35
ARM GAS  C:\Users\dprdc\AppData\Local\Temp\cc0ZHS2Y.s 			page 7


 235 0155 06       		.uleb128 0x6
 236 0156 8A030000 		.4byte	.LASF43
 237 015a 36       		.byte	0x36
 238 015b 06       		.uleb128 0x6
 239 015c EF010000 		.4byte	.LASF44
 240 0160 37       		.byte	0x37
 241 0161 06       		.uleb128 0x6
 242 0162 CB000000 		.4byte	.LASF45
 243 0166 40       		.byte	0x40
 244 0167 06       		.uleb128 0x6
 245 0168 80060000 		.4byte	.LASF46
 246 016c 41       		.byte	0x41
 247 016d 06       		.uleb128 0x6
 248 016e 4F010000 		.4byte	.LASF47
 249 0172 42       		.byte	0x42
 250 0173 06       		.uleb128 0x6
 251 0174 24020000 		.4byte	.LASF48
 252 0178 43       		.byte	0x43
 253 0179 06       		.uleb128 0x6
 254 017a FF090000 		.4byte	.LASF49
 255 017e 44       		.byte	0x44
 256 017f 06       		.uleb128 0x6
 257 0180 99090000 		.4byte	.LASF50
 258 0184 45       		.byte	0x45
 259 0185 06       		.uleb128 0x6
 260 0186 DE090000 		.4byte	.LASF51
 261 018a 46       		.byte	0x46
 262 018b 06       		.uleb128 0x6
 263 018c EC050000 		.4byte	.LASF52
 264 0190 47       		.byte	0x47
 265 0191 06       		.uleb128 0x6
 266 0192 30060000 		.4byte	.LASF53
 267 0196 48       		.byte	0x48
 268 0197 06       		.uleb128 0x6
 269 0198 F8020000 		.4byte	.LASF54
 270 019c 49       		.byte	0x49
 271 019d 06       		.uleb128 0x6
 272 019e 1E080000 		.4byte	.LASF55
 273 01a2 4A       		.byte	0x4a
 274 01a3 06       		.uleb128 0x6
 275 01a4 5C020000 		.4byte	.LASF56
 276 01a8 4B       		.byte	0x4b
 277 01a9 06       		.uleb128 0x6
 278 01aa 16060000 		.4byte	.LASF57
 279 01ae 4C       		.byte	0x4c
 280 01af 06       		.uleb128 0x6
 281 01b0 98000000 		.4byte	.LASF58
 282 01b4 4D       		.byte	0x4d
 283 01b5 06       		.uleb128 0x6
 284 01b6 C0090000 		.4byte	.LASF59
 285 01ba 4E       		.byte	0x4e
 286 01bb 06       		.uleb128 0x6
 287 01bc AE050000 		.4byte	.LASF60
 288 01c0 4F       		.byte	0x4f
 289 01c1 06       		.uleb128 0x6
 290 01c2 AC0A0000 		.4byte	.LASF61
 291 01c6 50       		.byte	0x50
ARM GAS  C:\Users\dprdc\AppData\Local\Temp\cc0ZHS2Y.s 			page 8


 292 01c7 06       		.uleb128 0x6
 293 01c8 3C080000 		.4byte	.LASF62
 294 01cc 51       		.byte	0x51
 295 01cd 06       		.uleb128 0x6
 296 01ce 1C040000 		.4byte	.LASF63
 297 01d2 52       		.byte	0x52
 298 01d3 06       		.uleb128 0x6
 299 01d4 B4030000 		.4byte	.LASF64
 300 01d8 53       		.byte	0x53
 301 01d9 06       		.uleb128 0x6
 302 01da 7B020000 		.4byte	.LASF65
 303 01de 54       		.byte	0x54
 304 01df 06       		.uleb128 0x6
 305 01e0 F50A0000 		.4byte	.LASF66
 306 01e4 55       		.byte	0x55
 307 01e5 06       		.uleb128 0x6
 308 01e6 8A0A0000 		.4byte	.LASF67
 309 01ea 56       		.byte	0x56
 310 01eb 06       		.uleb128 0x6
 311 01ec 610A0000 		.4byte	.LASF68
 312 01f0 57       		.byte	0x57
 313 01f1 06       		.uleb128 0x6
 314 01f2 1A070000 		.4byte	.LASF69
 315 01f6 58       		.byte	0x58
 316 01f7 06       		.uleb128 0x6
 317 01f8 6B050000 		.4byte	.LASF70
 318 01fc 70       		.byte	0x70
 319 01fd 06       		.uleb128 0x6
 320 01fe 4F090000 		.4byte	.LASF71
 321 0202 71       		.byte	0x71
 322 0203 06       		.uleb128 0x6
 323 0204 CE070000 		.4byte	.LASF72
 324 0208 72       		.byte	0x72
 325 0209 06       		.uleb128 0x6
 326 020a B3020000 		.4byte	.LASF73
 327 020e 73       		.byte	0x73
 328 020f 06       		.uleb128 0x6
 329 0210 1D050000 		.4byte	.LASF74
 330 0214 74       		.byte	0x74
 331 0215 06       		.uleb128 0x6
 332 0216 C4060000 		.4byte	.LASF75
 333 021a 75       		.byte	0x75
 334 021b 06       		.uleb128 0x6
 335 021c D1020000 		.4byte	.LASF76
 336 0220 76       		.byte	0x76
 337 0221 06       		.uleb128 0x6
 338 0222 30090000 		.4byte	.LASF77
 339 0226 77       		.byte	0x77
 340 0227 06       		.uleb128 0x6
 341 0228 98080000 		.4byte	.LASF78
 342 022c 78       		.byte	0x78
 343 022d 06       		.uleb128 0x6
 344 022e C2080000 		.4byte	.LASF79
 345 0232 79       		.byte	0x79
 346 0233 06       		.uleb128 0x6
 347 0234 1D0A0000 		.4byte	.LASF80
 348 0238 7A       		.byte	0x7a
ARM GAS  C:\Users\dprdc\AppData\Local\Temp\cc0ZHS2Y.s 			page 9


 349 0239 06       		.uleb128 0x6
 350 023a 7A080000 		.4byte	.LASF81
 351 023e FA       		.byte	0xfa
 352 023f 06       		.uleb128 0x6
 353 0240 CD050000 		.4byte	.LASF82
 354 0244 FB       		.byte	0xfb
 355 0245 06       		.uleb128 0x6
 356 0246 190B0000 		.4byte	.LASF83
 357 024a FC       		.byte	0xfc
 358 024b 06       		.uleb128 0x6
 359 024c 61070000 		.4byte	.LASF84
 360 0250 FD       		.byte	0xfd
 361 0251 06       		.uleb128 0x6
 362 0252 530A0000 		.4byte	.LASF85
 363 0256 FF       		.byte	0xff
 364 0257 00       		.byte	0
 365 0258 04       		.uleb128 0x4
 366 0259 CB0A0000 		.4byte	.LASF87
 367 025d 03       		.byte	0x3
 368 025e 8901     		.2byte	0x189
 369 0260 6B000000 		.4byte	0x6b
 370 0264 07       		.uleb128 0x7
 371 0265 04       		.byte	0x4
 372 0266 04       		.byte	0x4
 373 0267 46       		.byte	0x46
 374 0268 85020000 		.4byte	0x285
 375 026c 08       		.uleb128 0x8
 376 026d E5080000 		.4byte	.LASF88
 377 0271 04       		.byte	0x4
 378 0272 49       		.byte	0x49
 379 0273 58020000 		.4byte	0x258
 380 0277 00       		.byte	0
 381 0278 08       		.uleb128 0x8
 382 0279 49020000 		.4byte	.LASF89
 383 027d 04       		.byte	0x4
 384 027e 4B       		.byte	0x4b
 385 027f 85020000 		.4byte	0x285
 386 0283 02       		.byte	0x2
 387 0284 00       		.byte	0
 388 0285 09       		.uleb128 0x9
 389 0286 58020000 		.4byte	0x258
 390 028a 95020000 		.4byte	0x295
 391 028e 0A       		.uleb128 0xa
 392 028f 93000000 		.4byte	0x93
 393 0293 00       		.byte	0
 394 0294 00       		.byte	0
 395 0295 0B       		.uleb128 0xb
 396 0296 75030000 		.4byte	.LASF90
 397 029a 04       		.byte	0x4
 398 029b 4D       		.byte	0x4d
 399 029c 64020000 		.4byte	0x264
 400 02a0 07       		.uleb128 0x7
 401 02a1 0A       		.byte	0xa
 402 02a2 04       		.byte	0x4
 403 02a3 50       		.byte	0x50
 404 02a4 C1020000 		.4byte	0x2c1
 405 02a8 08       		.uleb128 0x8
ARM GAS  C:\Users\dprdc\AppData\Local\Temp\cc0ZHS2Y.s 			page 10


 406 02a9 A5010000 		.4byte	.LASF91
 407 02ad 04       		.byte	0x4
 408 02ae 53       		.byte	0x53
 409 02af 58020000 		.4byte	0x258
 410 02b3 00       		.byte	0
 411 02b4 08       		.uleb128 0x8
 412 02b5 9F050000 		.4byte	.LASF92
 413 02b9 04       		.byte	0x4
 414 02ba 56       		.byte	0x56
 415 02bb C1020000 		.4byte	0x2c1
 416 02bf 02       		.byte	0x2
 417 02c0 00       		.byte	0
 418 02c1 09       		.uleb128 0x9
 419 02c2 95020000 		.4byte	0x295
 420 02c6 D1020000 		.4byte	0x2d1
 421 02ca 0A       		.uleb128 0xa
 422 02cb 93000000 		.4byte	0x93
 423 02cf 01       		.byte	0x1
 424 02d0 00       		.byte	0
 425 02d1 0B       		.uleb128 0xb
 426 02d2 0D050000 		.4byte	.LASF93
 427 02d6 04       		.byte	0x4
 428 02d7 58       		.byte	0x58
 429 02d8 A0020000 		.4byte	0x2a0
 430 02dc 0C       		.uleb128 0xc
 431 02dd CB010000 		.4byte	.LASF97
 432 02e1 01       		.byte	0x1
 433 02e2 4E       		.byte	0x4e
 434 02e3 00000000 		.4byte	.LFB2
 435 02e7 0A000000 		.4byte	.LFE2-.LFB2
 436 02eb 01       		.uleb128 0x1
 437 02ec 9C       		.byte	0x9c
 438 02ed 09       		.uleb128 0x9
 439 02ee FD020000 		.4byte	0x2fd
 440 02f2 FD020000 		.4byte	0x2fd
 441 02f6 0A       		.uleb128 0xa
 442 02f7 93000000 		.4byte	0x93
 443 02fb 00       		.byte	0
 444 02fc 00       		.byte	0
 445 02fd 0D       		.uleb128 0xd
 446 02fe D1020000 		.4byte	0x2d1
 447 0302 0E       		.uleb128 0xe
 448 0303 E70A0000 		.4byte	.LASF98
 449 0307 01       		.byte	0x1
 450 0308 1A       		.byte	0x1a
 451 0309 13030000 		.4byte	0x313
 452 030d 05       		.uleb128 0x5
 453 030e 03       		.byte	0x3
 454 030f 00000000 		.4byte	cyBle_customs
 455 0313 0D       		.uleb128 0xd
 456 0314 ED020000 		.4byte	0x2ed
 457 0318 00       		.byte	0
 458              		.section	.debug_abbrev,"",%progbits
 459              	.Ldebug_abbrev0:
 460 0000 01       		.uleb128 0x1
 461 0001 11       		.uleb128 0x11
 462 0002 01       		.byte	0x1
ARM GAS  C:\Users\dprdc\AppData\Local\Temp\cc0ZHS2Y.s 			page 11


 463 0003 25       		.uleb128 0x25
 464 0004 0E       		.uleb128 0xe
 465 0005 13       		.uleb128 0x13
 466 0006 0B       		.uleb128 0xb
 467 0007 03       		.uleb128 0x3
 468 0008 0E       		.uleb128 0xe
 469 0009 1B       		.uleb128 0x1b
 470 000a 0E       		.uleb128 0xe
 471 000b 55       		.uleb128 0x55
 472 000c 17       		.uleb128 0x17
 473 000d 11       		.uleb128 0x11
 474 000e 01       		.uleb128 0x1
 475 000f 10       		.uleb128 0x10
 476 0010 17       		.uleb128 0x17
 477 0011 00       		.byte	0
 478 0012 00       		.byte	0
 479 0013 02       		.uleb128 0x2
 480 0014 24       		.uleb128 0x24
 481 0015 00       		.byte	0
 482 0016 0B       		.uleb128 0xb
 483 0017 0B       		.uleb128 0xb
 484 0018 3E       		.uleb128 0x3e
 485 0019 0B       		.uleb128 0xb
 486 001a 03       		.uleb128 0x3
 487 001b 0E       		.uleb128 0xe
 488 001c 00       		.byte	0
 489 001d 00       		.byte	0
 490 001e 03       		.uleb128 0x3
 491 001f 24       		.uleb128 0x24
 492 0020 00       		.byte	0
 493 0021 0B       		.uleb128 0xb
 494 0022 0B       		.uleb128 0xb
 495 0023 3E       		.uleb128 0x3e
 496 0024 0B       		.uleb128 0xb
 497 0025 03       		.uleb128 0x3
 498 0026 08       		.uleb128 0x8
 499 0027 00       		.byte	0
 500 0028 00       		.byte	0
 501 0029 04       		.uleb128 0x4
 502 002a 16       		.uleb128 0x16
 503 002b 00       		.byte	0
 504 002c 03       		.uleb128 0x3
 505 002d 0E       		.uleb128 0xe
 506 002e 3A       		.uleb128 0x3a
 507 002f 0B       		.uleb128 0xb
 508 0030 3B       		.uleb128 0x3b
 509 0031 05       		.uleb128 0x5
 510 0032 49       		.uleb128 0x49
 511 0033 13       		.uleb128 0x13
 512 0034 00       		.byte	0
 513 0035 00       		.byte	0
 514 0036 05       		.uleb128 0x5
 515 0037 04       		.uleb128 0x4
 516 0038 01       		.byte	0x1
 517 0039 0B       		.uleb128 0xb
 518 003a 0B       		.uleb128 0xb
 519 003b 49       		.uleb128 0x49
ARM GAS  C:\Users\dprdc\AppData\Local\Temp\cc0ZHS2Y.s 			page 12


 520 003c 13       		.uleb128 0x13
 521 003d 3A       		.uleb128 0x3a
 522 003e 0B       		.uleb128 0xb
 523 003f 3B       		.uleb128 0x3b
 524 0040 05       		.uleb128 0x5
 525 0041 01       		.uleb128 0x1
 526 0042 13       		.uleb128 0x13
 527 0043 00       		.byte	0
 528 0044 00       		.byte	0
 529 0045 06       		.uleb128 0x6
 530 0046 28       		.uleb128 0x28
 531 0047 00       		.byte	0
 532 0048 03       		.uleb128 0x3
 533 0049 0E       		.uleb128 0xe
 534 004a 1C       		.uleb128 0x1c
 535 004b 0B       		.uleb128 0xb
 536 004c 00       		.byte	0
 537 004d 00       		.byte	0
 538 004e 07       		.uleb128 0x7
 539 004f 13       		.uleb128 0x13
 540 0050 01       		.byte	0x1
 541 0051 0B       		.uleb128 0xb
 542 0052 0B       		.uleb128 0xb
 543 0053 3A       		.uleb128 0x3a
 544 0054 0B       		.uleb128 0xb
 545 0055 3B       		.uleb128 0x3b
 546 0056 0B       		.uleb128 0xb
 547 0057 01       		.uleb128 0x1
 548 0058 13       		.uleb128 0x13
 549 0059 00       		.byte	0
 550 005a 00       		.byte	0
 551 005b 08       		.uleb128 0x8
 552 005c 0D       		.uleb128 0xd
 553 005d 00       		.byte	0
 554 005e 03       		.uleb128 0x3
 555 005f 0E       		.uleb128 0xe
 556 0060 3A       		.uleb128 0x3a
 557 0061 0B       		.uleb128 0xb
 558 0062 3B       		.uleb128 0x3b
 559 0063 0B       		.uleb128 0xb
 560 0064 49       		.uleb128 0x49
 561 0065 13       		.uleb128 0x13
 562 0066 38       		.uleb128 0x38
 563 0067 0B       		.uleb128 0xb
 564 0068 00       		.byte	0
 565 0069 00       		.byte	0
 566 006a 09       		.uleb128 0x9
 567 006b 01       		.uleb128 0x1
 568 006c 01       		.byte	0x1
 569 006d 49       		.uleb128 0x49
 570 006e 13       		.uleb128 0x13
 571 006f 01       		.uleb128 0x1
 572 0070 13       		.uleb128 0x13
 573 0071 00       		.byte	0
 574 0072 00       		.byte	0
 575 0073 0A       		.uleb128 0xa
 576 0074 21       		.uleb128 0x21
ARM GAS  C:\Users\dprdc\AppData\Local\Temp\cc0ZHS2Y.s 			page 13


 577 0075 00       		.byte	0
 578 0076 49       		.uleb128 0x49
 579 0077 13       		.uleb128 0x13
 580 0078 2F       		.uleb128 0x2f
 581 0079 0B       		.uleb128 0xb
 582 007a 00       		.byte	0
 583 007b 00       		.byte	0
 584 007c 0B       		.uleb128 0xb
 585 007d 16       		.uleb128 0x16
 586 007e 00       		.byte	0
 587 007f 03       		.uleb128 0x3
 588 0080 0E       		.uleb128 0xe
 589 0081 3A       		.uleb128 0x3a
 590 0082 0B       		.uleb128 0xb
 591 0083 3B       		.uleb128 0x3b
 592 0084 0B       		.uleb128 0xb
 593 0085 49       		.uleb128 0x49
 594 0086 13       		.uleb128 0x13
 595 0087 00       		.byte	0
 596 0088 00       		.byte	0
 597 0089 0C       		.uleb128 0xc
 598 008a 2E       		.uleb128 0x2e
 599 008b 00       		.byte	0
 600 008c 3F       		.uleb128 0x3f
 601 008d 19       		.uleb128 0x19
 602 008e 03       		.uleb128 0x3
 603 008f 0E       		.uleb128 0xe
 604 0090 3A       		.uleb128 0x3a
 605 0091 0B       		.uleb128 0xb
 606 0092 3B       		.uleb128 0x3b
 607 0093 0B       		.uleb128 0xb
 608 0094 27       		.uleb128 0x27
 609 0095 19       		.uleb128 0x19
 610 0096 11       		.uleb128 0x11
 611 0097 01       		.uleb128 0x1
 612 0098 12       		.uleb128 0x12
 613 0099 06       		.uleb128 0x6
 614 009a 40       		.uleb128 0x40
 615 009b 18       		.uleb128 0x18
 616 009c 9742     		.uleb128 0x2117
 617 009e 19       		.uleb128 0x19
 618 009f 00       		.byte	0
 619 00a0 00       		.byte	0
 620 00a1 0D       		.uleb128 0xd
 621 00a2 26       		.uleb128 0x26
 622 00a3 00       		.byte	0
 623 00a4 49       		.uleb128 0x49
 624 00a5 13       		.uleb128 0x13
 625 00a6 00       		.byte	0
 626 00a7 00       		.byte	0
 627 00a8 0E       		.uleb128 0xe
 628 00a9 34       		.uleb128 0x34
 629 00aa 00       		.byte	0
 630 00ab 03       		.uleb128 0x3
 631 00ac 0E       		.uleb128 0xe
 632 00ad 3A       		.uleb128 0x3a
 633 00ae 0B       		.uleb128 0xb
ARM GAS  C:\Users\dprdc\AppData\Local\Temp\cc0ZHS2Y.s 			page 14


 634 00af 3B       		.uleb128 0x3b
 635 00b0 0B       		.uleb128 0xb
 636 00b1 49       		.uleb128 0x49
 637 00b2 13       		.uleb128 0x13
 638 00b3 3F       		.uleb128 0x3f
 639 00b4 19       		.uleb128 0x19
 640 00b5 02       		.uleb128 0x2
 641 00b6 18       		.uleb128 0x18
 642 00b7 00       		.byte	0
 643 00b8 00       		.byte	0
 644 00b9 00       		.byte	0
 645              		.section	.debug_aranges,"",%progbits
 646 0000 1C000000 		.4byte	0x1c
 647 0004 0200     		.2byte	0x2
 648 0006 00000000 		.4byte	.Ldebug_info0
 649 000a 04       		.byte	0x4
 650 000b 00       		.byte	0
 651 000c 0000     		.2byte	0
 652 000e 0000     		.2byte	0
 653 0010 00000000 		.4byte	.LFB2
 654 0014 0A000000 		.4byte	.LFE2-.LFB2
 655 0018 00000000 		.4byte	0
 656 001c 00000000 		.4byte	0
 657              		.section	.debug_ranges,"",%progbits
 658              	.Ldebug_ranges0:
 659 0000 00000000 		.4byte	.LFB2
 660 0004 0A000000 		.4byte	.LFE2
 661 0008 00000000 		.4byte	0
 662 000c 00000000 		.4byte	0
 663              		.section	.debug_line,"",%progbits
 664              	.Ldebug_line0:
 665 0000 92000000 		.section	.debug_str,"MS",%progbits,1
 665      02007900 
 665      00000201 
 665      FB0E0D00 
 665      01010101 
 666              	.LASF96:
 667 0000 433A5C55 		.ascii	"C:\\Users\\dprdc\\OneDrive\\Documents\\Capstone\\ST"
 667      73657273 
 667      5C647072 
 667      64635C4F 
 667      6E654472 
 668 002d 454D426F 		.ascii	"EMBoT-2-UEXT-Modules\\Software\\EZ BLE\\PSoC Worksp"
 668      542D322D 
 668      55455854 
 668      2D4D6F64 
 668      756C6573 
 669 005d 6163655C 		.ascii	"ace\\UEXTFirmware.cydsn\000"
 669      55455854 
 669      4669726D 
 669      77617265 
 669      2E637964 
 670              	.LASF23:
 671 0074 4359424C 		.ascii	"CYBLE_EVT_GAP_PASSKEY_ENTRY_REQUEST\000"
 671      455F4556 
 671      545F4741 
 671      505F5041 
ARM GAS  C:\Users\dprdc\AppData\Local\Temp\cc0ZHS2Y.s 			page 15


 671      53534B45 
 672              	.LASF58:
 673 0098 4359424C 		.ascii	"CYBLE_EVT_GATTC_WRITE_RSP\000"
 673      455F4556 
 673      545F4741 
 673      5454435F 
 673      57524954 
 674              	.LASF20:
 675 00b2 4359424C 		.ascii	"CYBLE_EVT_MEMORY_REQUEST\000"
 675      455F4556 
 675      545F4D45 
 675      4D4F5259 
 675      5F524551 
 676              	.LASF45:
 677 00cb 4359424C 		.ascii	"CYBLE_EVT_GATTC_ERROR_RSP\000"
 677      455F4556 
 677      545F4741 
 677      5454435F 
 677      4552524F 
 678              	.LASF29:
 679 00e5 4359424C 		.ascii	"CYBLE_EVT_GAP_DEVICE_DISCONNECTED\000"
 679      455F4556 
 679      545F4741 
 679      505F4445 
 679      56494345 
 680              	.LASF35:
 681 0107 4359424C 		.ascii	"CYBLE_EVT_GAP_KEYPRESS_NOTIFICATION\000"
 681      455F4556 
 681      545F4741 
 681      505F4B45 
 681      59505245 
 682              	.LASF2:
 683 012b 73686F72 		.ascii	"short int\000"
 683      7420696E 
 683      7400
 684              	.LASF26:
 685 0135 4359424C 		.ascii	"CYBLE_EVT_GAP_AUTH_FAILED\000"
 685      455F4556 
 685      545F4741 
 685      505F4155 
 685      54485F46 
 686              	.LASF47:
 687 014f 4359424C 		.ascii	"CYBLE_EVT_GATT_DISCONNECT_IND\000"
 687      455F4556 
 687      545F4741 
 687      54545F44 
 687      4953434F 
 688              	.LASF13:
 689 016d 73697A65 		.ascii	"sizetype\000"
 689      74797065 
 689      00
 690              	.LASF37:
 691 0176 4359424C 		.ascii	"CYBLE_EVT_GAP_DATA_LENGTH_CHANGE\000"
 691      455F4556 
 691      545F4741 
 691      505F4441 
 691      54415F4C 
ARM GAS  C:\Users\dprdc\AppData\Local\Temp\cc0ZHS2Y.s 			page 16


 692              	.LASF6:
 693 0197 6C6F6E67 		.ascii	"long long int\000"
 693      206C6F6E 
 693      6720696E 
 693      7400
 694              	.LASF91:
 695 01a5 63757374 		.ascii	"customServHandle\000"
 695      6F6D5365 
 695      72764861 
 695      6E646C65 
 695      00
 696              	.LASF18:
 697 01b6 4359424C 		.ascii	"CYBLE_EVT_HCI_STATUS\000"
 697      455F4556 
 697      545F4843 
 697      495F5354 
 697      41545553 
 698              	.LASF97:
 699 01cb 4379426C 		.ascii	"CyBle_CustomInit\000"
 699      655F4375 
 699      73746F6D 
 699      496E6974 
 699      00
 700              	.LASF15:
 701 01dc 4359424C 		.ascii	"CYBLE_EVT_STACK_ON\000"
 701      455F4556 
 701      545F5354 
 701      41434B5F 
 701      4F4E00
 702              	.LASF44:
 703 01ef 4359424C 		.ascii	"CYBLE_EVT_GAP_SMP_LOC_P256_KEYS_GEN_AND_SET_COMPLET"
 703      455F4556 
 703      545F4741 
 703      505F534D 
 703      505F4C4F 
 704 0222 4500     		.ascii	"E\000"
 705              	.LASF48:
 706 0224 4359424C 		.ascii	"CYBLE_EVT_GATTS_XCNHG_MTU_REQ\000"
 706      455F4556 
 706      545F4741 
 706      5454535F 
 706      58434E48 
 707              	.LASF86:
 708 0242 75696E74 		.ascii	"uint16\000"
 708      313600
 709              	.LASF89:
 710 0249 63757374 		.ascii	"customServCharDesc\000"
 710      6F6D5365 
 710      72764368 
 710      61724465 
 710      736300
 711              	.LASF56:
 712 025c 4359424C 		.ascii	"CYBLE_EVT_GATTC_READ_MULTI_RSP\000"
 712      455F4556 
 712      545F4741 
 712      5454435F 
 712      52454144 
ARM GAS  C:\Users\dprdc\AppData\Local\Temp\cc0ZHS2Y.s 			page 17


 713              	.LASF65:
 714 027b 4359424C 		.ascii	"CYBLE_EVT_GATTS_HANDLE_VALUE_CNF\000"
 714      455F4556 
 714      545F4741 
 714      5454535F 
 714      48414E44 
 715              	.LASF14:
 716 029c 4359424C 		.ascii	"CYBLE_EVT_HOST_INVALID\000"
 716      455F4556 
 716      545F484F 
 716      53545F49 
 716      4E56414C 
 717              	.LASF73:
 718 02b3 4359424C 		.ascii	"CYBLE_EVT_L2CAP_CBFC_CONN_IND\000"
 718      455F4556 
 718      545F4C32 
 718      4341505F 
 718      43424643 
 719              	.LASF76:
 720 02d1 4359424C 		.ascii	"CYBLE_EVT_L2CAP_CBFC_DISCONN_CNF\000"
 720      455F4556 
 720      545F4C32 
 720      4341505F 
 720      43424643 
 721              	.LASF9:
 722 02f2 666C6F61 		.ascii	"float\000"
 722      7400
 723              	.LASF54:
 724 02f8 4359424C 		.ascii	"CYBLE_EVT_GATTC_READ_RSP\000"
 724      455F4556 
 724      545F4741 
 724      5454435F 
 724      52454144 
 725              	.LASF34:
 726 0311 4359424C 		.ascii	"CYBLE_EVT_GAP_NUMERIC_COMPARISON_REQUEST\000"
 726      455F4556 
 726      545F4741 
 726      505F4E55 
 726      4D455249 
 727              	.LASF95:
 728 033a 47656E65 		.ascii	"Generated_Source\\PSoC4\\BLE_custom.c\000"
 728      72617465 
 728      645F536F 
 728      75726365 
 728      5C50536F 
 729              	.LASF7:
 730 035e 6C6F6E67 		.ascii	"long long unsigned int\000"
 730      206C6F6E 
 730      6720756E 
 730      7369676E 
 730      65642069 
 731              	.LASF90:
 732 0375 4359424C 		.ascii	"CYBLE_CUSTOMS_INFO_T\000"
 732      455F4355 
 732      53544F4D 
 732      535F494E 
 732      464F5F54 
ARM GAS  C:\Users\dprdc\AppData\Local\Temp\cc0ZHS2Y.s 			page 18


 733              	.LASF43:
 734 038a 4359424C 		.ascii	"CYBLE_EVT_GAP_AUTH_REQ_REPLY_ERR\000"
 734      455F4556 
 734      545F4741 
 734      505F4155 
 734      54485F52 
 735              	.LASF4:
 736 03ab 6C6F6E67 		.ascii	"long int\000"
 736      20696E74 
 736      00
 737              	.LASF64:
 738 03b4 4359424C 		.ascii	"CYBLE_EVT_GATTC_HANDLE_VALUE_IND\000"
 738      455F4556 
 738      545F4741 
 738      5454435F 
 738      48414E44 
 739              	.LASF28:
 740 03d5 4359424C 		.ascii	"CYBLE_EVT_GAP_DEVICE_CONNECTED\000"
 740      455F4556 
 740      545F4741 
 740      505F4445 
 740      56494345 
 741              	.LASF27:
 742 03f4 4359424C 		.ascii	"CYBLE_EVT_GAPP_ADVERTISEMENT_START_STOP\000"
 742      455F4556 
 742      545F4741 
 742      50505F41 
 742      44564552 
 743              	.LASF63:
 744 041c 4359424C 		.ascii	"CYBLE_EVT_GATTC_HANDLE_VALUE_NTF\000"
 744      455F4556 
 744      545F4741 
 744      5454435F 
 744      48414E44 
 745              	.LASF19:
 746 043d 4359424C 		.ascii	"CYBLE_EVT_STACK_BUSY_STATUS\000"
 746      455F4556 
 746      545F5354 
 746      41434B5F 
 746      42555359 
 747              	.LASF24:
 748 0459 4359424C 		.ascii	"CYBLE_EVT_GAP_PASSKEY_DISPLAY_REQUEST\000"
 748      455F4556 
 748      545F4741 
 748      505F5041 
 748      53534B45 
 749              	.LASF94:
 750 047f 474E5520 		.ascii	"GNU C11 5.4.1 20160609 (release) [ARM/embedded-5-br"
 750      43313120 
 750      352E342E 
 750      31203230 
 750      31363036 
 751 04b2 616E6368 		.ascii	"anch revision 237715] -mcpu=cortex-m0 -mthumb -g -O"
 751      20726576 
 751      6973696F 
 751      6E203233 
 751      37373135 
ARM GAS  C:\Users\dprdc\AppData\Local\Temp\cc0ZHS2Y.s 			page 19


 752 04e5 30202D66 		.ascii	"0 -ffunction-sections -ffat-lto-objects\000"
 752      66756E63 
 752      74696F6E 
 752      2D736563 
 752      74696F6E 
 753              	.LASF93:
 754 050d 4359424C 		.ascii	"CYBLE_CUSTOMS_T\000"
 754      455F4355 
 754      53544F4D 
 754      535F5400 
 755              	.LASF74:
 756 051d 4359424C 		.ascii	"CYBLE_EVT_L2CAP_CBFC_CONN_CNF\000"
 756      455F4556 
 756      545F4C32 
 756      4341505F 
 756      43424643 
 757              	.LASF38:
 758 053b 4359424C 		.ascii	"CYBLE_EVT_GAP_ENHANCE_CONN_COMPLETE\000"
 758      455F4556 
 758      545F4741 
 758      505F454E 
 758      48414E43 
 759              	.LASF12:
 760 055f 6C6F6E67 		.ascii	"long double\000"
 760      20646F75 
 760      626C6500 
 761              	.LASF70:
 762 056b 4359424C 		.ascii	"CYBLE_EVT_L2CAP_CONN_PARAM_UPDATE_REQ\000"
 762      455F4556 
 762      545F4C32 
 762      4341505F 
 762      434F4E4E 
 763              	.LASF1:
 764 0591 756E7369 		.ascii	"unsigned char\000"
 764      676E6564 
 764      20636861 
 764      7200
 765              	.LASF92:
 766 059f 63757374 		.ascii	"customServInfo\000"
 766      6F6D5365 
 766      7276496E 
 766      666F00
 767              	.LASF60:
 768 05ae 4359424C 		.ascii	"CYBLE_EVT_GATTS_PREP_WRITE_REQ\000"
 768      455F4556 
 768      545F4741 
 768      5454535F 
 768      50524550 
 769              	.LASF82:
 770 05cd 4359424C 		.ascii	"CYBLE_EVT_LE_PING_AUTH_TIMEOUT\000"
 770      455F4556 
 770      545F4C45 
 770      5F50494E 
 770      475F4155 
 771              	.LASF52:
 772 05ec 4359424C 		.ascii	"CYBLE_EVT_GATTC_FIND_INFO_RSP\000"
 772      455F4556 
ARM GAS  C:\Users\dprdc\AppData\Local\Temp\cc0ZHS2Y.s 			page 20


 772      545F4741 
 772      5454435F 
 772      46494E44 
 773              	.LASF0:
 774 060a 7369676E 		.ascii	"signed char\000"
 774      65642063 
 774      68617200 
 775              	.LASF57:
 776 0616 4359424C 		.ascii	"CYBLE_EVT_GATTS_WRITE_REQ\000"
 776      455F4556 
 776      545F4741 
 776      5454535F 
 776      57524954 
 777              	.LASF53:
 778 0630 4359424C 		.ascii	"CYBLE_EVT_GATTC_FIND_BY_TYPE_VALUE_RSP\000"
 778      455F4556 
 778      545F4741 
 778      5454435F 
 778      46494E44 
 779              	.LASF25:
 780 0657 4359424C 		.ascii	"CYBLE_EVT_GAP_AUTH_COMPLETE\000"
 780      455F4556 
 780      545F4741 
 780      505F4155 
 780      54485F43 
 781              	.LASF8:
 782 0673 756E7369 		.ascii	"unsigned int\000"
 782      676E6564 
 782      20696E74 
 782      00
 783              	.LASF46:
 784 0680 4359424C 		.ascii	"CYBLE_EVT_GATT_CONNECT_IND\000"
 784      455F4556 
 784      545F4741 
 784      54545F43 
 784      4F4E4E45 
 785              	.LASF5:
 786 069b 6C6F6E67 		.ascii	"long unsigned int\000"
 786      20756E73 
 786      69676E65 
 786      6420696E 
 786      7400
 787              	.LASF22:
 788 06ad 4359424C 		.ascii	"CYBLE_EVT_GAP_AUTH_REQ\000"
 788      455F4556 
 788      545F4741 
 788      505F4155 
 788      54485F52 
 789              	.LASF75:
 790 06c4 4359424C 		.ascii	"CYBLE_EVT_L2CAP_CBFC_DISCONN_IND\000"
 790      455F4556 
 790      545F4C32 
 790      4341505F 
 790      43424643 
 791              	.LASF30:
 792 06e5 4359424C 		.ascii	"CYBLE_EVT_GAP_ENCRYPT_CHANGE\000"
 792      455F4556 
ARM GAS  C:\Users\dprdc\AppData\Local\Temp\cc0ZHS2Y.s 			page 21


 792      545F4741 
 792      505F454E 
 792      43525950 
 793              	.LASF41:
 794 0702 4359424C 		.ascii	"CYBLE_EVT_GAP_CONN_ESTB\000"
 794      455F4556 
 794      545F4741 
 794      505F434F 
 794      4E4E5F45 
 795              	.LASF69:
 796 071a 4359424C 		.ascii	"CYBLE_EVT_GATTC_LONG_PROCEDURE_END\000"
 796      455F4556 
 796      545F4741 
 796      5454435F 
 796      4C4F4E47 
 797              	.LASF33:
 798 073d 4359424C 		.ascii	"CYBLE_EVT_GAP_KEYINFO_EXCHNGE_CMPLT\000"
 798      455F4556 
 798      545F4741 
 798      505F4B45 
 798      59494E46 
 799              	.LASF84:
 800 0761 4359424C 		.ascii	"CYBLE_EVT_FLASH_CORRUPT\000"
 800      455F4556 
 800      545F464C 
 800      4153485F 
 800      434F5252 
 801              	.LASF31:
 802 0779 4359424C 		.ascii	"CYBLE_EVT_GAP_CONNECTION_UPDATE_COMPLETE\000"
 802      455F4556 
 802      545F4741 
 802      505F434F 
 802      4E4E4543 
 803              	.LASF40:
 804 07a2 4359424C 		.ascii	"CYBLE_EVT_GAP_SMP_NEGOTIATED_AUTH_INFO\000"
 804      455F4556 
 804      545F4741 
 804      505F534D 
 804      505F4E45 
 805              	.LASF11:
 806 07c9 63686172 		.ascii	"char\000"
 806      00
 807              	.LASF72:
 808 07ce 4359424C 		.ascii	"CYBLE_EVT_L2CAP_COMMAND_REJ\000"
 808      455F4556 
 808      545F4C32 
 808      4341505F 
 808      434F4D4D 
 809              	.LASF3:
 810 07ea 73686F72 		.ascii	"short unsigned int\000"
 810      7420756E 
 810      7369676E 
 810      65642069 
 810      6E7400
 811              	.LASF39:
 812 07fd 4359424C 		.ascii	"CYBLE_EVT_GAPC_DIRECT_ADV_REPORT\000"
 812      455F4556 
ARM GAS  C:\Users\dprdc\AppData\Local\Temp\cc0ZHS2Y.s 			page 22


 812      545F4741 
 812      50435F44 
 812      49524543 
 813              	.LASF55:
 814 081e 4359424C 		.ascii	"CYBLE_EVT_GATTC_READ_BLOB_RSP\000"
 814      455F4556 
 814      545F4741 
 814      5454435F 
 814      52454144 
 815              	.LASF62:
 816 083c 4359424C 		.ascii	"CYBLE_EVT_GATTC_EXEC_WRITE_RSP\000"
 816      455F4556 
 816      545F4741 
 816      5454435F 
 816      45584543 
 817              	.LASF32:
 818 085b 4359424C 		.ascii	"CYBLE_EVT_GAPC_SCAN_START_STOP\000"
 818      455F4556 
 818      545F4741 
 818      50435F53 
 818      43414E5F 
 819              	.LASF81:
 820 087a 4359424C 		.ascii	"CYBLE_EVT_PENDING_FLASH_WRITE\000"
 820      455F4556 
 820      545F5045 
 820      4E44494E 
 820      475F464C 
 821              	.LASF78:
 822 0898 4359424C 		.ascii	"CYBLE_EVT_L2CAP_CBFC_RX_CREDIT_IND\000"
 822      455F4556 
 822      545F4C32 
 822      4341505F 
 822      43424643 
 823              	.LASF10:
 824 08bb 646F7562 		.ascii	"double\000"
 824      6C6500
 825              	.LASF79:
 826 08c2 4359424C 		.ascii	"CYBLE_EVT_L2CAP_CBFC_TX_CREDIT_IND\000"
 826      455F4556 
 826      545F4C32 
 826      4341505F 
 826      43424643 
 827              	.LASF88:
 828 08e5 63757374 		.ascii	"customServCharHandle\000"
 828      6F6D5365 
 828      72764368 
 828      61724861 
 828      6E646C65 
 829              	.LASF42:
 830 08fa 4359424C 		.ascii	"CYBLE_EVT_GAP_SCAN_REQ_RECVD\000"
 830      455F4556 
 830      545F4741 
 830      505F5343 
 830      414E5F52 
 831              	.LASF17:
 832 0917 4359424C 		.ascii	"CYBLE_EVT_HARDWARE_ERROR\000"
 832      455F4556 
ARM GAS  C:\Users\dprdc\AppData\Local\Temp\cc0ZHS2Y.s 			page 23


 832      545F4841 
 832      52445741 
 832      52455F45 
 833              	.LASF77:
 834 0930 4359424C 		.ascii	"CYBLE_EVT_L2CAP_CBFC_DATA_READ\000"
 834      455F4556 
 834      545F4C32 
 834      4341505F 
 834      43424643 
 835              	.LASF71:
 836 094f 4359424C 		.ascii	"CYBLE_EVT_L2CAP_CONN_PARAM_UPDATE_RSP\000"
 836      455F4556 
 836      545F4C32 
 836      4341505F 
 836      434F4E4E 
 837              	.LASF21:
 838 0975 4359424C 		.ascii	"CYBLE_EVT_GAPC_SCAN_PROGRESS_RESULT\000"
 838      455F4556 
 838      545F4741 
 838      50435F53 
 838      43414E5F 
 839              	.LASF50:
 840 0999 4359424C 		.ascii	"CYBLE_EVT_GATTC_READ_BY_GROUP_TYPE_RSP\000"
 840      455F4556 
 840      545F4741 
 840      5454435F 
 840      52454144 
 841              	.LASF59:
 842 09c0 4359424C 		.ascii	"CYBLE_EVT_GATTS_WRITE_CMD_REQ\000"
 842      455F4556 
 842      545F4741 
 842      5454535F 
 842      57524954 
 843              	.LASF51:
 844 09de 4359424C 		.ascii	"CYBLE_EVT_GATTC_READ_BY_TYPE_RSP\000"
 844      455F4556 
 844      545F4741 
 844      5454435F 
 844      52454144 
 845              	.LASF49:
 846 09ff 4359424C 		.ascii	"CYBLE_EVT_GATTC_XCHNG_MTU_RSP\000"
 846      455F4556 
 846      545F4741 
 846      5454435F 
 846      5843484E 
 847              	.LASF80:
 848 0a1d 4359424C 		.ascii	"CYBLE_EVT_L2CAP_CBFC_DATA_WRITE_IND\000"
 848      455F4556 
 848      545F4C32 
 848      4341505F 
 848      43424643 
 849              	.LASF16:
 850 0a41 4359424C 		.ascii	"CYBLE_EVT_TIMEOUT\000"
 850      455F4556 
 850      545F5449 
 850      4D454F55 
 850      5400
ARM GAS  C:\Users\dprdc\AppData\Local\Temp\cc0ZHS2Y.s 			page 24


 851              	.LASF85:
 852 0a53 4359424C 		.ascii	"CYBLE_EVT_MAX\000"
 852      455F4556 
 852      545F4D41 
 852      5800
 853              	.LASF68:
 854 0a61 4359424C 		.ascii	"CYBLE_EVT_GATTS_READ_CHAR_VAL_ACCESS_REQ\000"
 854      455F4556 
 854      545F4741 
 854      5454535F 
 854      52454144 
 855              	.LASF67:
 856 0a8a 4359424C 		.ascii	"CYBLE_EVT_GATTC_STOP_CMD_COMPLETE\000"
 856      455F4556 
 856      545F4741 
 856      5454435F 
 856      53544F50 
 857              	.LASF61:
 858 0aac 4359424C 		.ascii	"CYBLE_EVT_GATTS_EXEC_WRITE_REQ\000"
 858      455F4556 
 858      545F4741 
 858      5454535F 
 858      45584543 
 859              	.LASF87:
 860 0acb 4359424C 		.ascii	"CYBLE_GATT_DB_ATTR_HANDLE_T\000"
 860      455F4741 
 860      54545F44 
 860      425F4154 
 860      54525F48 
 861              	.LASF98:
 862 0ae7 6379426C 		.ascii	"cyBle_customs\000"
 862      655F6375 
 862      73746F6D 
 862      7300
 863              	.LASF66:
 864 0af5 4359424C 		.ascii	"CYBLE_EVT_GATTS_DATA_SIGNED_CMD_REQ\000"
 864      455F4556 
 864      545F4741 
 864      5454535F 
 864      44415441 
 865              	.LASF83:
 866 0b19 4359424C 		.ascii	"CYBLE_EVT_HCI_PKT\000"
 866      455F4556 
 866      545F4843 
 866      495F504B 
 866      5400
 867              	.LASF36:
 868 0b2b 4359424C 		.ascii	"CYBLE_EVT_GAP_OOB_GENERATED_NOTIFICATION\000"
 868      455F4556 
 868      545F4741 
 868      505F4F4F 
 868      425F4745 
 869              		.ident	"GCC: (GNU Tools for ARM Embedded Processors) 5.4.1 20160609 (release) [ARM/embedded-5-bran
