ARM GAS  C:\Users\dprdc\AppData\Local\Temp\ccwo2Ckn.s 			page 1


   1              		.syntax unified
   2              		.cpu cortex-m0
   3              		.fpu softvfp
   4              		.eabi_attribute 20, 1
   5              		.eabi_attribute 21, 1
   6              		.eabi_attribute 23, 3
   7              		.eabi_attribute 24, 1
   8              		.eabi_attribute 25, 1
   9              		.eabi_attribute 26, 1
  10              		.eabi_attribute 30, 6
  11              		.eabi_attribute 34, 0
  12              		.eabi_attribute 18, 4
  13              		.thumb
  14              		.syntax unified
  15              		.file	"BLE_1_custom.c"
  16              		.text
  17              	.Ltext0:
  18              		.cfi_sections	.debug_frame
  19              		.global	cyBle_customs
  20              		.section	.rodata
  21              		.align	2
  22              		.type	cyBle_customs, %object
  23              		.size	cyBle_customs, 6
  24              	cyBle_customs:
  25 0000 1000     		.short	16
  26 0002 1200     		.short	18
  27 0004 1300     		.short	19
  28              		.section	.text.CyBle_CustomInit,"ax",%progbits
  29              		.align	2
  30              		.global	CyBle_CustomInit
  31              		.code	16
  32              		.thumb_func
  33              		.type	CyBle_CustomInit, %function
  34              	CyBle_CustomInit:
  35              	.LFB2:
  36              		.file 1 "Generated_Source\\PSoC4\\BLE_1_custom.c"
   1:Generated_Source\PSoC4/BLE_1_custom.c **** /***************************************************************************//**
   2:Generated_Source\PSoC4/BLE_1_custom.c **** * \file CYBLE_custom.c
   3:Generated_Source\PSoC4/BLE_1_custom.c **** * \version 3.63
   4:Generated_Source\PSoC4/BLE_1_custom.c **** * 
   5:Generated_Source\PSoC4/BLE_1_custom.c **** * \brief
   6:Generated_Source\PSoC4/BLE_1_custom.c **** *  Contains the source code for the Custom Service.
   7:Generated_Source\PSoC4/BLE_1_custom.c **** * 
   8:Generated_Source\PSoC4/BLE_1_custom.c **** ********************************************************************************
   9:Generated_Source\PSoC4/BLE_1_custom.c **** * \copyright
  10:Generated_Source\PSoC4/BLE_1_custom.c **** * Copyright 2014-2019, Cypress Semiconductor Corporation.  All rights reserved.
  11:Generated_Source\PSoC4/BLE_1_custom.c **** * You may use this file only in accordance with the license, terms, conditions,
  12:Generated_Source\PSoC4/BLE_1_custom.c **** * disclaimers, and limitations in the end user license agreement accompanying
  13:Generated_Source\PSoC4/BLE_1_custom.c **** * the software package with which this file was provided.
  14:Generated_Source\PSoC4/BLE_1_custom.c **** *******************************************************************************/
  15:Generated_Source\PSoC4/BLE_1_custom.c **** 
  16:Generated_Source\PSoC4/BLE_1_custom.c **** 
  17:Generated_Source\PSoC4/BLE_1_custom.c **** #include "BLE_1_eventHandler.h"
  18:Generated_Source\PSoC4/BLE_1_custom.c **** 
  19:Generated_Source\PSoC4/BLE_1_custom.c **** #ifdef CYBLE_CUSTOM_SERVER
  20:Generated_Source\PSoC4/BLE_1_custom.c **** 
  21:Generated_Source\PSoC4/BLE_1_custom.c **** /* If any custom service with custom characteristics is defined in the
ARM GAS  C:\Users\dprdc\AppData\Local\Temp\ccwo2Ckn.s 			page 2


  22:Generated_Source\PSoC4/BLE_1_custom.c **** * customizer's GUI their handles will be present in this array.
  23:Generated_Source\PSoC4/BLE_1_custom.c **** */
  24:Generated_Source\PSoC4/BLE_1_custom.c **** /* This array contains attribute handles for the defined Custom Services and their characteristics 
  25:Generated_Source\PSoC4/BLE_1_custom.c ****    The array index definitions are located in the CYBLE_custom.h file. */
  26:Generated_Source\PSoC4/BLE_1_custom.c **** const CYBLE_CUSTOMS_T cyBle_customs[0x01u] = {
  27:Generated_Source\PSoC4/BLE_1_custom.c **** 
  28:Generated_Source\PSoC4/BLE_1_custom.c ****     /* UEXT service */
  29:Generated_Source\PSoC4/BLE_1_custom.c ****     {
  30:Generated_Source\PSoC4/BLE_1_custom.c ****         0x0010u, /* Handle of the UEXT service */ 
  31:Generated_Source\PSoC4/BLE_1_custom.c ****         {
  32:Generated_Source\PSoC4/BLE_1_custom.c **** 
  33:Generated_Source\PSoC4/BLE_1_custom.c ****             /* Slider characteristic */
  34:Generated_Source\PSoC4/BLE_1_custom.c ****             {
  35:Generated_Source\PSoC4/BLE_1_custom.c ****                 0x0012u, /* Handle of the Slider characteristic */ 
  36:Generated_Source\PSoC4/BLE_1_custom.c ****                 
  37:Generated_Source\PSoC4/BLE_1_custom.c ****                 /* Array of Descriptors handles */
  38:Generated_Source\PSoC4/BLE_1_custom.c ****                 {
  39:Generated_Source\PSoC4/BLE_1_custom.c ****                     0x0013u, /* Handle of the SliderCCCD descriptor */ 
  40:Generated_Source\PSoC4/BLE_1_custom.c ****                 }, 
  41:Generated_Source\PSoC4/BLE_1_custom.c ****             },
  42:Generated_Source\PSoC4/BLE_1_custom.c ****         }, 
  43:Generated_Source\PSoC4/BLE_1_custom.c ****     },
  44:Generated_Source\PSoC4/BLE_1_custom.c **** };
  45:Generated_Source\PSoC4/BLE_1_custom.c **** 
  46:Generated_Source\PSoC4/BLE_1_custom.c **** 
  47:Generated_Source\PSoC4/BLE_1_custom.c **** #endif /* (CYBLE_CUSTOM_SERVER) */
  48:Generated_Source\PSoC4/BLE_1_custom.c **** 
  49:Generated_Source\PSoC4/BLE_1_custom.c **** #ifdef CYBLE_CUSTOM_CLIENT
  50:Generated_Source\PSoC4/BLE_1_custom.c ****     
  51:Generated_Source\PSoC4/BLE_1_custom.c **** 
  52:Generated_Source\PSoC4/BLE_1_custom.c **** static uint16 cyBle_customDisServIndex;
  53:Generated_Source\PSoC4/BLE_1_custom.c **** static uint16 cyBle_customDisCharIndex;
  54:Generated_Source\PSoC4/BLE_1_custom.c **** 
  55:Generated_Source\PSoC4/BLE_1_custom.c **** #endif /* (CYBLE_CUSTOM_CLIENT) */
  56:Generated_Source\PSoC4/BLE_1_custom.c **** 
  57:Generated_Source\PSoC4/BLE_1_custom.c **** 
  58:Generated_Source\PSoC4/BLE_1_custom.c **** /****************************************************************************** 
  59:Generated_Source\PSoC4/BLE_1_custom.c **** * Function Name: CyBle_CustomInit
  60:Generated_Source\PSoC4/BLE_1_custom.c **** ***************************************************************************//**
  61:Generated_Source\PSoC4/BLE_1_custom.c **** * 
  62:Generated_Source\PSoC4/BLE_1_custom.c **** *  This function initializes Custom Service.
  63:Generated_Source\PSoC4/BLE_1_custom.c **** * 
  64:Generated_Source\PSoC4/BLE_1_custom.c **** * \return
  65:Generated_Source\PSoC4/BLE_1_custom.c **** *  None
  66:Generated_Source\PSoC4/BLE_1_custom.c **** * 
  67:Generated_Source\PSoC4/BLE_1_custom.c **** ******************************************************************************/
  68:Generated_Source\PSoC4/BLE_1_custom.c **** void CyBle_CustomInit(void)
  69:Generated_Source\PSoC4/BLE_1_custom.c **** {
  37              		.loc 1 69 0
  38              		.cfi_startproc
  39              		@ args = 0, pretend = 0, frame = 0
  40              		@ frame_needed = 1, uses_anonymous_args = 0
  41 0000 80B5     		push	{r7, lr}
  42              		.cfi_def_cfa_offset 8
  43              		.cfi_offset 7, -8
  44              		.cfi_offset 14, -4
  45 0002 00AF     		add	r7, sp, #0
ARM GAS  C:\Users\dprdc\AppData\Local\Temp\ccwo2Ckn.s 			page 3


  46              		.cfi_def_cfa_register 7
  70:Generated_Source\PSoC4/BLE_1_custom.c ****     
  71:Generated_Source\PSoC4/BLE_1_custom.c **** #ifdef CYBLE_CUSTOM_CLIENT
  72:Generated_Source\PSoC4/BLE_1_custom.c **** 
  73:Generated_Source\PSoC4/BLE_1_custom.c ****     uint16 locServIndex;
  74:Generated_Source\PSoC4/BLE_1_custom.c ****     uint16 locCharIndex;
  75:Generated_Source\PSoC4/BLE_1_custom.c ****     uint16 locDescIndex;
  76:Generated_Source\PSoC4/BLE_1_custom.c ****     
  77:Generated_Source\PSoC4/BLE_1_custom.c ****     for(locServIndex = 0u; locServIndex < CYBLE_CUSTOMC_SERVICE_COUNT; locServIndex++)
  78:Generated_Source\PSoC4/BLE_1_custom.c ****     {
  79:Generated_Source\PSoC4/BLE_1_custom.c ****         if(cyBle_serverInfo[CYBLE_SRVI_CUSTOMS + locServIndex].range.startHandle == CYBLE_GATT_INVA
  80:Generated_Source\PSoC4/BLE_1_custom.c ****         {
  81:Generated_Source\PSoC4/BLE_1_custom.c ****             for(locCharIndex = 0u; locCharIndex < cyBle_customCServ[locServIndex].charCount; locCha
  82:Generated_Source\PSoC4/BLE_1_custom.c ****             {
  83:Generated_Source\PSoC4/BLE_1_custom.c ****                 cyBle_customCServ[locServIndex].customServChar[locCharIndex].
  84:Generated_Source\PSoC4/BLE_1_custom.c ****                     customServCharHandle = 0u;
  85:Generated_Source\PSoC4/BLE_1_custom.c ****                 
  86:Generated_Source\PSoC4/BLE_1_custom.c ****                 for(locDescIndex = 0u; locDescIndex < 
  87:Generated_Source\PSoC4/BLE_1_custom.c ****                     cyBle_customCServ[locServIndex].customServChar[locCharIndex].descCount; 
  88:Generated_Source\PSoC4/BLE_1_custom.c ****                         locDescIndex++)
  89:Generated_Source\PSoC4/BLE_1_custom.c ****                 {
  90:Generated_Source\PSoC4/BLE_1_custom.c ****                     cyBle_customCServ[locServIndex].customServChar[locCharIndex].
  91:Generated_Source\PSoC4/BLE_1_custom.c ****                         customServCharDesc[locDescIndex].descHandle = 0u;
  92:Generated_Source\PSoC4/BLE_1_custom.c ****                 }
  93:Generated_Source\PSoC4/BLE_1_custom.c ****             }
  94:Generated_Source\PSoC4/BLE_1_custom.c ****         }
  95:Generated_Source\PSoC4/BLE_1_custom.c ****     }
  96:Generated_Source\PSoC4/BLE_1_custom.c **** 
  97:Generated_Source\PSoC4/BLE_1_custom.c **** #endif /* (CYBLE_CUSTOM_CLIENT) */
  98:Generated_Source\PSoC4/BLE_1_custom.c **** }
  47              		.loc 1 98 0
  48 0004 C046     		nop
  49 0006 BD46     		mov	sp, r7
  50              		@ sp needed
  51 0008 80BD     		pop	{r7, pc}
  52              		.cfi_endproc
  53              	.LFE2:
  54              		.size	CyBle_CustomInit, .-CyBle_CustomInit
  55 000a C046     		.text
  56              	.Letext0:
  57              		.file 2 "Generated_Source\\PSoC4\\cytypes.h"
  58              		.file 3 "Generated_Source\\PSoC4\\BLE_1_StackGatt.h"
  59              		.file 4 "Generated_Source\\PSoC4\\BLE_1_custom.h"
  60              		.file 5 "Generated_Source\\PSoC4\\BLE_1_Stack.h"
  61              		.section	.debug_info,"",%progbits
  62              	.Ldebug_info0:
  63 0000 15030000 		.4byte	0x315
  64 0004 0400     		.2byte	0x4
  65 0006 00000000 		.4byte	.Ldebug_abbrev0
  66 000a 04       		.byte	0x4
  67 000b 01       		.uleb128 0x1
  68 000c 84040000 		.4byte	.LASF94
  69 0010 0C       		.byte	0xc
  70 0011 B3020000 		.4byte	.LASF95
  71 0015 00000000 		.4byte	.LASF96
  72 0019 00000000 		.4byte	.Ldebug_ranges0+0
  73 001d 00000000 		.4byte	0
ARM GAS  C:\Users\dprdc\AppData\Local\Temp\ccwo2Ckn.s 			page 4


  74 0021 00000000 		.4byte	.Ldebug_line0
  75 0025 02       		.uleb128 0x2
  76 0026 01       		.byte	0x1
  77 0027 06       		.byte	0x6
  78 0028 0F060000 		.4byte	.LASF0
  79 002c 02       		.uleb128 0x2
  80 002d 01       		.byte	0x1
  81 002e 08       		.byte	0x8
  82 002f 96050000 		.4byte	.LASF1
  83 0033 02       		.uleb128 0x2
  84 0034 02       		.byte	0x2
  85 0035 05       		.byte	0x5
  86 0036 2B010000 		.4byte	.LASF2
  87 003a 02       		.uleb128 0x2
  88 003b 02       		.byte	0x2
  89 003c 07       		.byte	0x7
  90 003d EF070000 		.4byte	.LASF3
  91 0041 02       		.uleb128 0x2
  92 0042 04       		.byte	0x4
  93 0043 05       		.byte	0x5
  94 0044 B0030000 		.4byte	.LASF4
  95 0048 02       		.uleb128 0x2
  96 0049 04       		.byte	0x4
  97 004a 07       		.byte	0x7
  98 004b A0060000 		.4byte	.LASF5
  99 004f 02       		.uleb128 0x2
 100 0050 08       		.byte	0x8
 101 0051 05       		.byte	0x5
 102 0052 97010000 		.4byte	.LASF6
 103 0056 02       		.uleb128 0x2
 104 0057 08       		.byte	0x8
 105 0058 07       		.byte	0x7
 106 0059 63030000 		.4byte	.LASF7
 107 005d 03       		.uleb128 0x3
 108 005e 04       		.byte	0x4
 109 005f 05       		.byte	0x5
 110 0060 696E7400 		.ascii	"int\000"
 111 0064 02       		.uleb128 0x2
 112 0065 04       		.byte	0x4
 113 0066 07       		.byte	0x7
 114 0067 78060000 		.4byte	.LASF8
 115 006b 04       		.uleb128 0x4
 116 006c 42020000 		.4byte	.LASF86
 117 0070 02       		.byte	0x2
 118 0071 F801     		.2byte	0x1f8
 119 0073 3A000000 		.4byte	0x3a
 120 0077 02       		.uleb128 0x2
 121 0078 04       		.byte	0x4
 122 0079 04       		.byte	0x4
 123 007a FA020000 		.4byte	.LASF9
 124 007e 02       		.uleb128 0x2
 125 007f 08       		.byte	0x8
 126 0080 04       		.byte	0x4
 127 0081 C3080000 		.4byte	.LASF10
 128 0085 02       		.uleb128 0x2
 129 0086 01       		.byte	0x1
 130 0087 08       		.byte	0x8
ARM GAS  C:\Users\dprdc\AppData\Local\Temp\ccwo2Ckn.s 			page 5


 131 0088 CE070000 		.4byte	.LASF11
 132 008c 02       		.uleb128 0x2
 133 008d 08       		.byte	0x8
 134 008e 04       		.byte	0x4
 135 008f 64050000 		.4byte	.LASF12
 136 0093 02       		.uleb128 0x2
 137 0094 04       		.byte	0x4
 138 0095 07       		.byte	0x7
 139 0096 6D010000 		.4byte	.LASF13
 140 009a 05       		.uleb128 0x5
 141 009b 01       		.byte	0x1
 142 009c 2C000000 		.4byte	0x2c
 143 00a0 05       		.byte	0x5
 144 00a1 3501     		.2byte	0x135
 145 00a3 58020000 		.4byte	0x258
 146 00a7 06       		.uleb128 0x6
 147 00a8 9C020000 		.4byte	.LASF14
 148 00ac 00       		.byte	0
 149 00ad 06       		.uleb128 0x6
 150 00ae DC010000 		.4byte	.LASF15
 151 00b2 01       		.byte	0x1
 152 00b3 06       		.uleb128 0x6
 153 00b4 430A0000 		.4byte	.LASF16
 154 00b8 02       		.byte	0x2
 155 00b9 06       		.uleb128 0x6
 156 00ba 1F090000 		.4byte	.LASF17
 157 00be 03       		.byte	0x3
 158 00bf 06       		.uleb128 0x6
 159 00c0 B6010000 		.4byte	.LASF18
 160 00c4 04       		.byte	0x4
 161 00c5 06       		.uleb128 0x6
 162 00c6 42040000 		.4byte	.LASF19
 163 00ca 05       		.byte	0x5
 164 00cb 06       		.uleb128 0x6
 165 00cc B2000000 		.4byte	.LASF20
 166 00d0 06       		.byte	0x6
 167 00d1 06       		.uleb128 0x6
 168 00d2 02080000 		.4byte	.LASF21
 169 00d6 20       		.byte	0x20
 170 00d7 06       		.uleb128 0x6
 171 00d8 B2060000 		.4byte	.LASF22
 172 00dc 21       		.byte	0x21
 173 00dd 06       		.uleb128 0x6
 174 00de 74000000 		.4byte	.LASF23
 175 00e2 22       		.byte	0x22
 176 00e3 06       		.uleb128 0x6
 177 00e4 5E040000 		.4byte	.LASF24
 178 00e8 23       		.byte	0x23
 179 00e9 06       		.uleb128 0x6
 180 00ea 5C060000 		.4byte	.LASF25
 181 00ee 24       		.byte	0x24
 182 00ef 06       		.uleb128 0x6
 183 00f0 35010000 		.4byte	.LASF26
 184 00f4 25       		.byte	0x25
 185 00f5 06       		.uleb128 0x6
 186 00f6 F9030000 		.4byte	.LASF27
 187 00fa 26       		.byte	0x26
ARM GAS  C:\Users\dprdc\AppData\Local\Temp\ccwo2Ckn.s 			page 6


 188 00fb 06       		.uleb128 0x6
 189 00fc DA030000 		.4byte	.LASF28
 190 0100 27       		.byte	0x27
 191 0101 06       		.uleb128 0x6
 192 0102 E5000000 		.4byte	.LASF29
 193 0106 28       		.byte	0x28
 194 0107 06       		.uleb128 0x6
 195 0108 EA060000 		.4byte	.LASF30
 196 010c 29       		.byte	0x29
 197 010d 06       		.uleb128 0x6
 198 010e 7E070000 		.4byte	.LASF31
 199 0112 2A       		.byte	0x2a
 200 0113 06       		.uleb128 0x6
 201 0114 63080000 		.4byte	.LASF32
 202 0118 2B       		.byte	0x2b
 203 0119 06       		.uleb128 0x6
 204 011a 42070000 		.4byte	.LASF33
 205 011e 2C       		.byte	0x2c
 206 011f 06       		.uleb128 0x6
 207 0120 19030000 		.4byte	.LASF34
 208 0124 2D       		.byte	0x2d
 209 0125 06       		.uleb128 0x6
 210 0126 07010000 		.4byte	.LASF35
 211 012a 2E       		.byte	0x2e
 212 012b 06       		.uleb128 0x6
 213 012c 2D0B0000 		.4byte	.LASF36
 214 0130 2F       		.byte	0x2f
 215 0131 06       		.uleb128 0x6
 216 0132 76010000 		.4byte	.LASF37
 217 0136 30       		.byte	0x30
 218 0137 06       		.uleb128 0x6
 219 0138 40050000 		.4byte	.LASF38
 220 013c 31       		.byte	0x31
 221 013d 06       		.uleb128 0x6
 222 013e 42030000 		.4byte	.LASF39
 223 0142 32       		.byte	0x32
 224 0143 06       		.uleb128 0x6
 225 0144 A7070000 		.4byte	.LASF40
 226 0148 33       		.byte	0x33
 227 0149 06       		.uleb128 0x6
 228 014a 07070000 		.4byte	.LASF41
 229 014e 34       		.byte	0x34
 230 014f 06       		.uleb128 0x6
 231 0150 02090000 		.4byte	.LASF42
 232 0154 35       		.byte	0x35
 233 0155 06       		.uleb128 0x6
 234 0156 8F030000 		.4byte	.LASF43
 235 015a 36       		.byte	0x36
 236 015b 06       		.uleb128 0x6
 237 015c EF010000 		.4byte	.LASF44
 238 0160 37       		.byte	0x37
 239 0161 06       		.uleb128 0x6
 240 0162 CB000000 		.4byte	.LASF45
 241 0166 40       		.byte	0x40
 242 0167 06       		.uleb128 0x6
 243 0168 85060000 		.4byte	.LASF46
 244 016c 41       		.byte	0x41
ARM GAS  C:\Users\dprdc\AppData\Local\Temp\ccwo2Ckn.s 			page 7


 245 016d 06       		.uleb128 0x6
 246 016e 4F010000 		.4byte	.LASF47
 247 0172 42       		.byte	0x42
 248 0173 06       		.uleb128 0x6
 249 0174 24020000 		.4byte	.LASF48
 250 0178 43       		.byte	0x43
 251 0179 06       		.uleb128 0x6
 252 017a 010A0000 		.4byte	.LASF49
 253 017e 44       		.byte	0x44
 254 017f 06       		.uleb128 0x6
 255 0180 9B090000 		.4byte	.LASF50
 256 0184 45       		.byte	0x45
 257 0185 06       		.uleb128 0x6
 258 0186 E0090000 		.4byte	.LASF51
 259 018a 46       		.byte	0x46
 260 018b 06       		.uleb128 0x6
 261 018c F1050000 		.4byte	.LASF52
 262 0190 47       		.byte	0x47
 263 0191 06       		.uleb128 0x6
 264 0192 35060000 		.4byte	.LASF53
 265 0196 48       		.byte	0x48
 266 0197 06       		.uleb128 0x6
 267 0198 00030000 		.4byte	.LASF54
 268 019c 49       		.byte	0x49
 269 019d 06       		.uleb128 0x6
 270 019e 26080000 		.4byte	.LASF55
 271 01a2 4A       		.byte	0x4a
 272 01a3 06       		.uleb128 0x6
 273 01a4 5C020000 		.4byte	.LASF56
 274 01a8 4B       		.byte	0x4b
 275 01a9 06       		.uleb128 0x6
 276 01aa 1B060000 		.4byte	.LASF57
 277 01ae 4C       		.byte	0x4c
 278 01af 06       		.uleb128 0x6
 279 01b0 98000000 		.4byte	.LASF58
 280 01b4 4D       		.byte	0x4d
 281 01b5 06       		.uleb128 0x6
 282 01b6 C2090000 		.4byte	.LASF59
 283 01ba 4E       		.byte	0x4e
 284 01bb 06       		.uleb128 0x6
 285 01bc B3050000 		.4byte	.LASF60
 286 01c0 4F       		.byte	0x4f
 287 01c1 06       		.uleb128 0x6
 288 01c2 AE0A0000 		.4byte	.LASF61
 289 01c6 50       		.byte	0x50
 290 01c7 06       		.uleb128 0x6
 291 01c8 44080000 		.4byte	.LASF62
 292 01cc 51       		.byte	0x51
 293 01cd 06       		.uleb128 0x6
 294 01ce 21040000 		.4byte	.LASF63
 295 01d2 52       		.byte	0x52
 296 01d3 06       		.uleb128 0x6
 297 01d4 B9030000 		.4byte	.LASF64
 298 01d8 53       		.byte	0x53
 299 01d9 06       		.uleb128 0x6
 300 01da 7B020000 		.4byte	.LASF65
 301 01de 54       		.byte	0x54
ARM GAS  C:\Users\dprdc\AppData\Local\Temp\ccwo2Ckn.s 			page 8


 302 01df 06       		.uleb128 0x6
 303 01e0 F70A0000 		.4byte	.LASF66
 304 01e4 55       		.byte	0x55
 305 01e5 06       		.uleb128 0x6
 306 01e6 8C0A0000 		.4byte	.LASF67
 307 01ea 56       		.byte	0x56
 308 01eb 06       		.uleb128 0x6
 309 01ec 630A0000 		.4byte	.LASF68
 310 01f0 57       		.byte	0x57
 311 01f1 06       		.uleb128 0x6
 312 01f2 1F070000 		.4byte	.LASF69
 313 01f6 58       		.byte	0x58
 314 01f7 06       		.uleb128 0x6
 315 01f8 70050000 		.4byte	.LASF70
 316 01fc 70       		.byte	0x70
 317 01fd 06       		.uleb128 0x6
 318 01fe 57090000 		.4byte	.LASF71
 319 0202 71       		.byte	0x71
 320 0203 06       		.uleb128 0x6
 321 0204 D3070000 		.4byte	.LASF72
 322 0208 72       		.byte	0x72
 323 0209 06       		.uleb128 0x6
 324 020a 7D090000 		.4byte	.LASF73
 325 020e 73       		.byte	0x73
 326 020f 06       		.uleb128 0x6
 327 0210 22050000 		.4byte	.LASF74
 328 0214 74       		.byte	0x74
 329 0215 06       		.uleb128 0x6
 330 0216 C9060000 		.4byte	.LASF75
 331 021a 75       		.byte	0x75
 332 021b 06       		.uleb128 0x6
 333 021c D9020000 		.4byte	.LASF76
 334 0220 76       		.byte	0x76
 335 0221 06       		.uleb128 0x6
 336 0222 38090000 		.4byte	.LASF77
 337 0226 77       		.byte	0x77
 338 0227 06       		.uleb128 0x6
 339 0228 A0080000 		.4byte	.LASF78
 340 022c 78       		.byte	0x78
 341 022d 06       		.uleb128 0x6
 342 022e CA080000 		.4byte	.LASF79
 343 0232 79       		.byte	0x79
 344 0233 06       		.uleb128 0x6
 345 0234 1F0A0000 		.4byte	.LASF80
 346 0238 7A       		.byte	0x7a
 347 0239 06       		.uleb128 0x6
 348 023a 82080000 		.4byte	.LASF81
 349 023e FA       		.byte	0xfa
 350 023f 06       		.uleb128 0x6
 351 0240 D2050000 		.4byte	.LASF82
 352 0244 FB       		.byte	0xfb
 353 0245 06       		.uleb128 0x6
 354 0246 1B0B0000 		.4byte	.LASF83
 355 024a FC       		.byte	0xfc
 356 024b 06       		.uleb128 0x6
 357 024c 66070000 		.4byte	.LASF84
 358 0250 FD       		.byte	0xfd
ARM GAS  C:\Users\dprdc\AppData\Local\Temp\ccwo2Ckn.s 			page 9


 359 0251 06       		.uleb128 0x6
 360 0252 550A0000 		.4byte	.LASF85
 361 0256 FF       		.byte	0xff
 362 0257 00       		.byte	0
 363 0258 04       		.uleb128 0x4
 364 0259 CD0A0000 		.4byte	.LASF87
 365 025d 03       		.byte	0x3
 366 025e 8901     		.2byte	0x189
 367 0260 6B000000 		.4byte	0x6b
 368 0264 07       		.uleb128 0x7
 369 0265 04       		.byte	0x4
 370 0266 04       		.byte	0x4
 371 0267 41       		.byte	0x41
 372 0268 85020000 		.4byte	0x285
 373 026c 08       		.uleb128 0x8
 374 026d ED080000 		.4byte	.LASF88
 375 0271 04       		.byte	0x4
 376 0272 44       		.byte	0x44
 377 0273 58020000 		.4byte	0x258
 378 0277 00       		.byte	0
 379 0278 08       		.uleb128 0x8
 380 0279 49020000 		.4byte	.LASF89
 381 027d 04       		.byte	0x4
 382 027e 46       		.byte	0x46
 383 027f 85020000 		.4byte	0x285
 384 0283 02       		.byte	0x2
 385 0284 00       		.byte	0
 386 0285 09       		.uleb128 0x9
 387 0286 58020000 		.4byte	0x258
 388 028a 95020000 		.4byte	0x295
 389 028e 0A       		.uleb128 0xa
 390 028f 93000000 		.4byte	0x93
 391 0293 00       		.byte	0
 392 0294 00       		.byte	0
 393 0295 0B       		.uleb128 0xb
 394 0296 7A030000 		.4byte	.LASF90
 395 029a 04       		.byte	0x4
 396 029b 48       		.byte	0x48
 397 029c 64020000 		.4byte	0x264
 398 02a0 07       		.uleb128 0x7
 399 02a1 06       		.byte	0x6
 400 02a2 04       		.byte	0x4
 401 02a3 4B       		.byte	0x4b
 402 02a4 C1020000 		.4byte	0x2c1
 403 02a8 08       		.uleb128 0x8
 404 02a9 A5010000 		.4byte	.LASF91
 405 02ad 04       		.byte	0x4
 406 02ae 4E       		.byte	0x4e
 407 02af 58020000 		.4byte	0x258
 408 02b3 00       		.byte	0
 409 02b4 08       		.uleb128 0x8
 410 02b5 A4050000 		.4byte	.LASF92
 411 02b9 04       		.byte	0x4
 412 02ba 51       		.byte	0x51
 413 02bb C1020000 		.4byte	0x2c1
 414 02bf 02       		.byte	0x2
 415 02c0 00       		.byte	0
ARM GAS  C:\Users\dprdc\AppData\Local\Temp\ccwo2Ckn.s 			page 10


 416 02c1 09       		.uleb128 0x9
 417 02c2 95020000 		.4byte	0x295
 418 02c6 D1020000 		.4byte	0x2d1
 419 02ca 0A       		.uleb128 0xa
 420 02cb 93000000 		.4byte	0x93
 421 02cf 00       		.byte	0
 422 02d0 00       		.byte	0
 423 02d1 0B       		.uleb128 0xb
 424 02d2 12050000 		.4byte	.LASF93
 425 02d6 04       		.byte	0x4
 426 02d7 53       		.byte	0x53
 427 02d8 A0020000 		.4byte	0x2a0
 428 02dc 0C       		.uleb128 0xc
 429 02dd CB010000 		.4byte	.LASF97
 430 02e1 01       		.byte	0x1
 431 02e2 44       		.byte	0x44
 432 02e3 00000000 		.4byte	.LFB2
 433 02e7 0A000000 		.4byte	.LFE2-.LFB2
 434 02eb 01       		.uleb128 0x1
 435 02ec 9C       		.byte	0x9c
 436 02ed 09       		.uleb128 0x9
 437 02ee FD020000 		.4byte	0x2fd
 438 02f2 FD020000 		.4byte	0x2fd
 439 02f6 0A       		.uleb128 0xa
 440 02f7 93000000 		.4byte	0x93
 441 02fb 00       		.byte	0
 442 02fc 00       		.byte	0
 443 02fd 0D       		.uleb128 0xd
 444 02fe D1020000 		.4byte	0x2d1
 445 0302 0E       		.uleb128 0xe
 446 0303 E90A0000 		.4byte	.LASF98
 447 0307 01       		.byte	0x1
 448 0308 1A       		.byte	0x1a
 449 0309 13030000 		.4byte	0x313
 450 030d 05       		.uleb128 0x5
 451 030e 03       		.byte	0x3
 452 030f 00000000 		.4byte	cyBle_customs
 453 0313 0D       		.uleb128 0xd
 454 0314 ED020000 		.4byte	0x2ed
 455 0318 00       		.byte	0
 456              		.section	.debug_abbrev,"",%progbits
 457              	.Ldebug_abbrev0:
 458 0000 01       		.uleb128 0x1
 459 0001 11       		.uleb128 0x11
 460 0002 01       		.byte	0x1
 461 0003 25       		.uleb128 0x25
 462 0004 0E       		.uleb128 0xe
 463 0005 13       		.uleb128 0x13
 464 0006 0B       		.uleb128 0xb
 465 0007 03       		.uleb128 0x3
 466 0008 0E       		.uleb128 0xe
 467 0009 1B       		.uleb128 0x1b
 468 000a 0E       		.uleb128 0xe
 469 000b 55       		.uleb128 0x55
 470 000c 17       		.uleb128 0x17
 471 000d 11       		.uleb128 0x11
 472 000e 01       		.uleb128 0x1
ARM GAS  C:\Users\dprdc\AppData\Local\Temp\ccwo2Ckn.s 			page 11


 473 000f 10       		.uleb128 0x10
 474 0010 17       		.uleb128 0x17
 475 0011 00       		.byte	0
 476 0012 00       		.byte	0
 477 0013 02       		.uleb128 0x2
 478 0014 24       		.uleb128 0x24
 479 0015 00       		.byte	0
 480 0016 0B       		.uleb128 0xb
 481 0017 0B       		.uleb128 0xb
 482 0018 3E       		.uleb128 0x3e
 483 0019 0B       		.uleb128 0xb
 484 001a 03       		.uleb128 0x3
 485 001b 0E       		.uleb128 0xe
 486 001c 00       		.byte	0
 487 001d 00       		.byte	0
 488 001e 03       		.uleb128 0x3
 489 001f 24       		.uleb128 0x24
 490 0020 00       		.byte	0
 491 0021 0B       		.uleb128 0xb
 492 0022 0B       		.uleb128 0xb
 493 0023 3E       		.uleb128 0x3e
 494 0024 0B       		.uleb128 0xb
 495 0025 03       		.uleb128 0x3
 496 0026 08       		.uleb128 0x8
 497 0027 00       		.byte	0
 498 0028 00       		.byte	0
 499 0029 04       		.uleb128 0x4
 500 002a 16       		.uleb128 0x16
 501 002b 00       		.byte	0
 502 002c 03       		.uleb128 0x3
 503 002d 0E       		.uleb128 0xe
 504 002e 3A       		.uleb128 0x3a
 505 002f 0B       		.uleb128 0xb
 506 0030 3B       		.uleb128 0x3b
 507 0031 05       		.uleb128 0x5
 508 0032 49       		.uleb128 0x49
 509 0033 13       		.uleb128 0x13
 510 0034 00       		.byte	0
 511 0035 00       		.byte	0
 512 0036 05       		.uleb128 0x5
 513 0037 04       		.uleb128 0x4
 514 0038 01       		.byte	0x1
 515 0039 0B       		.uleb128 0xb
 516 003a 0B       		.uleb128 0xb
 517 003b 49       		.uleb128 0x49
 518 003c 13       		.uleb128 0x13
 519 003d 3A       		.uleb128 0x3a
 520 003e 0B       		.uleb128 0xb
 521 003f 3B       		.uleb128 0x3b
 522 0040 05       		.uleb128 0x5
 523 0041 01       		.uleb128 0x1
 524 0042 13       		.uleb128 0x13
 525 0043 00       		.byte	0
 526 0044 00       		.byte	0
 527 0045 06       		.uleb128 0x6
 528 0046 28       		.uleb128 0x28
 529 0047 00       		.byte	0
ARM GAS  C:\Users\dprdc\AppData\Local\Temp\ccwo2Ckn.s 			page 12


 530 0048 03       		.uleb128 0x3
 531 0049 0E       		.uleb128 0xe
 532 004a 1C       		.uleb128 0x1c
 533 004b 0B       		.uleb128 0xb
 534 004c 00       		.byte	0
 535 004d 00       		.byte	0
 536 004e 07       		.uleb128 0x7
 537 004f 13       		.uleb128 0x13
 538 0050 01       		.byte	0x1
 539 0051 0B       		.uleb128 0xb
 540 0052 0B       		.uleb128 0xb
 541 0053 3A       		.uleb128 0x3a
 542 0054 0B       		.uleb128 0xb
 543 0055 3B       		.uleb128 0x3b
 544 0056 0B       		.uleb128 0xb
 545 0057 01       		.uleb128 0x1
 546 0058 13       		.uleb128 0x13
 547 0059 00       		.byte	0
 548 005a 00       		.byte	0
 549 005b 08       		.uleb128 0x8
 550 005c 0D       		.uleb128 0xd
 551 005d 00       		.byte	0
 552 005e 03       		.uleb128 0x3
 553 005f 0E       		.uleb128 0xe
 554 0060 3A       		.uleb128 0x3a
 555 0061 0B       		.uleb128 0xb
 556 0062 3B       		.uleb128 0x3b
 557 0063 0B       		.uleb128 0xb
 558 0064 49       		.uleb128 0x49
 559 0065 13       		.uleb128 0x13
 560 0066 38       		.uleb128 0x38
 561 0067 0B       		.uleb128 0xb
 562 0068 00       		.byte	0
 563 0069 00       		.byte	0
 564 006a 09       		.uleb128 0x9
 565 006b 01       		.uleb128 0x1
 566 006c 01       		.byte	0x1
 567 006d 49       		.uleb128 0x49
 568 006e 13       		.uleb128 0x13
 569 006f 01       		.uleb128 0x1
 570 0070 13       		.uleb128 0x13
 571 0071 00       		.byte	0
 572 0072 00       		.byte	0
 573 0073 0A       		.uleb128 0xa
 574 0074 21       		.uleb128 0x21
 575 0075 00       		.byte	0
 576 0076 49       		.uleb128 0x49
 577 0077 13       		.uleb128 0x13
 578 0078 2F       		.uleb128 0x2f
 579 0079 0B       		.uleb128 0xb
 580 007a 00       		.byte	0
 581 007b 00       		.byte	0
 582 007c 0B       		.uleb128 0xb
 583 007d 16       		.uleb128 0x16
 584 007e 00       		.byte	0
 585 007f 03       		.uleb128 0x3
 586 0080 0E       		.uleb128 0xe
ARM GAS  C:\Users\dprdc\AppData\Local\Temp\ccwo2Ckn.s 			page 13


 587 0081 3A       		.uleb128 0x3a
 588 0082 0B       		.uleb128 0xb
 589 0083 3B       		.uleb128 0x3b
 590 0084 0B       		.uleb128 0xb
 591 0085 49       		.uleb128 0x49
 592 0086 13       		.uleb128 0x13
 593 0087 00       		.byte	0
 594 0088 00       		.byte	0
 595 0089 0C       		.uleb128 0xc
 596 008a 2E       		.uleb128 0x2e
 597 008b 00       		.byte	0
 598 008c 3F       		.uleb128 0x3f
 599 008d 19       		.uleb128 0x19
 600 008e 03       		.uleb128 0x3
 601 008f 0E       		.uleb128 0xe
 602 0090 3A       		.uleb128 0x3a
 603 0091 0B       		.uleb128 0xb
 604 0092 3B       		.uleb128 0x3b
 605 0093 0B       		.uleb128 0xb
 606 0094 27       		.uleb128 0x27
 607 0095 19       		.uleb128 0x19
 608 0096 11       		.uleb128 0x11
 609 0097 01       		.uleb128 0x1
 610 0098 12       		.uleb128 0x12
 611 0099 06       		.uleb128 0x6
 612 009a 40       		.uleb128 0x40
 613 009b 18       		.uleb128 0x18
 614 009c 9742     		.uleb128 0x2117
 615 009e 19       		.uleb128 0x19
 616 009f 00       		.byte	0
 617 00a0 00       		.byte	0
 618 00a1 0D       		.uleb128 0xd
 619 00a2 26       		.uleb128 0x26
 620 00a3 00       		.byte	0
 621 00a4 49       		.uleb128 0x49
 622 00a5 13       		.uleb128 0x13
 623 00a6 00       		.byte	0
 624 00a7 00       		.byte	0
 625 00a8 0E       		.uleb128 0xe
 626 00a9 34       		.uleb128 0x34
 627 00aa 00       		.byte	0
 628 00ab 03       		.uleb128 0x3
 629 00ac 0E       		.uleb128 0xe
 630 00ad 3A       		.uleb128 0x3a
 631 00ae 0B       		.uleb128 0xb
 632 00af 3B       		.uleb128 0x3b
 633 00b0 0B       		.uleb128 0xb
 634 00b1 49       		.uleb128 0x49
 635 00b2 13       		.uleb128 0x13
 636 00b3 3F       		.uleb128 0x3f
 637 00b4 19       		.uleb128 0x19
 638 00b5 02       		.uleb128 0x2
 639 00b6 18       		.uleb128 0x18
 640 00b7 00       		.byte	0
 641 00b8 00       		.byte	0
 642 00b9 00       		.byte	0
 643              		.section	.debug_aranges,"",%progbits
ARM GAS  C:\Users\dprdc\AppData\Local\Temp\ccwo2Ckn.s 			page 14


 644 0000 1C000000 		.4byte	0x1c
 645 0004 0200     		.2byte	0x2
 646 0006 00000000 		.4byte	.Ldebug_info0
 647 000a 04       		.byte	0x4
 648 000b 00       		.byte	0
 649 000c 0000     		.2byte	0
 650 000e 0000     		.2byte	0
 651 0010 00000000 		.4byte	.LFB2
 652 0014 0A000000 		.4byte	.LFE2-.LFB2
 653 0018 00000000 		.4byte	0
 654 001c 00000000 		.4byte	0
 655              		.section	.debug_ranges,"",%progbits
 656              	.Ldebug_ranges0:
 657 0000 00000000 		.4byte	.LFB2
 658 0004 0A000000 		.4byte	.LFE2
 659 0008 00000000 		.4byte	0
 660 000c 00000000 		.4byte	0
 661              		.section	.debug_line,"",%progbits
 662              	.Ldebug_line0:
 663 0000 9A000000 		.section	.debug_str,"MS",%progbits,1
 663      02008100 
 663      00000201 
 663      FB0E0D00 
 663      01010101 
 664              	.LASF96:
 665 0000 433A5C55 		.ascii	"C:\\Users\\dprdc\\OneDrive\\Documents\\Capstone\\ST"
 665      73657273 
 665      5C647072 
 665      64635C4F 
 665      6E654472 
 666 002d 454D426F 		.ascii	"EMBoT-2-UEXT-Modules\\Software\\EZ BLE\\PSoC Worksp"
 666      542D322D 
 666      55455854 
 666      2D4D6F64 
 666      756C6573 
 667 005d 6163655C 		.ascii	"ace\\UEXTFirmware.cydsn\000"
 667      55455854 
 667      4669726D 
 667      77617265 
 667      2E637964 
 668              	.LASF23:
 669 0074 4359424C 		.ascii	"CYBLE_EVT_GAP_PASSKEY_ENTRY_REQUEST\000"
 669      455F4556 
 669      545F4741 
 669      505F5041 
 669      53534B45 
 670              	.LASF58:
 671 0098 4359424C 		.ascii	"CYBLE_EVT_GATTC_WRITE_RSP\000"
 671      455F4556 
 671      545F4741 
 671      5454435F 
 671      57524954 
 672              	.LASF20:
 673 00b2 4359424C 		.ascii	"CYBLE_EVT_MEMORY_REQUEST\000"
 673      455F4556 
 673      545F4D45 
 673      4D4F5259 
ARM GAS  C:\Users\dprdc\AppData\Local\Temp\ccwo2Ckn.s 			page 15


 673      5F524551 
 674              	.LASF45:
 675 00cb 4359424C 		.ascii	"CYBLE_EVT_GATTC_ERROR_RSP\000"
 675      455F4556 
 675      545F4741 
 675      5454435F 
 675      4552524F 
 676              	.LASF29:
 677 00e5 4359424C 		.ascii	"CYBLE_EVT_GAP_DEVICE_DISCONNECTED\000"
 677      455F4556 
 677      545F4741 
 677      505F4445 
 677      56494345 
 678              	.LASF35:
 679 0107 4359424C 		.ascii	"CYBLE_EVT_GAP_KEYPRESS_NOTIFICATION\000"
 679      455F4556 
 679      545F4741 
 679      505F4B45 
 679      59505245 
 680              	.LASF2:
 681 012b 73686F72 		.ascii	"short int\000"
 681      7420696E 
 681      7400
 682              	.LASF26:
 683 0135 4359424C 		.ascii	"CYBLE_EVT_GAP_AUTH_FAILED\000"
 683      455F4556 
 683      545F4741 
 683      505F4155 
 683      54485F46 
 684              	.LASF47:
 685 014f 4359424C 		.ascii	"CYBLE_EVT_GATT_DISCONNECT_IND\000"
 685      455F4556 
 685      545F4741 
 685      54545F44 
 685      4953434F 
 686              	.LASF13:
 687 016d 73697A65 		.ascii	"sizetype\000"
 687      74797065 
 687      00
 688              	.LASF37:
 689 0176 4359424C 		.ascii	"CYBLE_EVT_GAP_DATA_LENGTH_CHANGE\000"
 689      455F4556 
 689      545F4741 
 689      505F4441 
 689      54415F4C 
 690              	.LASF6:
 691 0197 6C6F6E67 		.ascii	"long long int\000"
 691      206C6F6E 
 691      6720696E 
 691      7400
 692              	.LASF91:
 693 01a5 63757374 		.ascii	"customServHandle\000"
 693      6F6D5365 
 693      72764861 
 693      6E646C65 
 693      00
 694              	.LASF18:
ARM GAS  C:\Users\dprdc\AppData\Local\Temp\ccwo2Ckn.s 			page 16


 695 01b6 4359424C 		.ascii	"CYBLE_EVT_HCI_STATUS\000"
 695      455F4556 
 695      545F4843 
 695      495F5354 
 695      41545553 
 696              	.LASF97:
 697 01cb 4379426C 		.ascii	"CyBle_CustomInit\000"
 697      655F4375 
 697      73746F6D 
 697      496E6974 
 697      00
 698              	.LASF15:
 699 01dc 4359424C 		.ascii	"CYBLE_EVT_STACK_ON\000"
 699      455F4556 
 699      545F5354 
 699      41434B5F 
 699      4F4E00
 700              	.LASF44:
 701 01ef 4359424C 		.ascii	"CYBLE_EVT_GAP_SMP_LOC_P256_KEYS_GEN_AND_SET_COMPLET"
 701      455F4556 
 701      545F4741 
 701      505F534D 
 701      505F4C4F 
 702 0222 4500     		.ascii	"E\000"
 703              	.LASF48:
 704 0224 4359424C 		.ascii	"CYBLE_EVT_GATTS_XCNHG_MTU_REQ\000"
 704      455F4556 
 704      545F4741 
 704      5454535F 
 704      58434E48 
 705              	.LASF86:
 706 0242 75696E74 		.ascii	"uint16\000"
 706      313600
 707              	.LASF89:
 708 0249 63757374 		.ascii	"customServCharDesc\000"
 708      6F6D5365 
 708      72764368 
 708      61724465 
 708      736300
 709              	.LASF56:
 710 025c 4359424C 		.ascii	"CYBLE_EVT_GATTC_READ_MULTI_RSP\000"
 710      455F4556 
 710      545F4741 
 710      5454435F 
 710      52454144 
 711              	.LASF65:
 712 027b 4359424C 		.ascii	"CYBLE_EVT_GATTS_HANDLE_VALUE_CNF\000"
 712      455F4556 
 712      545F4741 
 712      5454535F 
 712      48414E44 
 713              	.LASF14:
 714 029c 4359424C 		.ascii	"CYBLE_EVT_HOST_INVALID\000"
 714      455F4556 
 714      545F484F 
 714      53545F49 
 714      4E56414C 
ARM GAS  C:\Users\dprdc\AppData\Local\Temp\ccwo2Ckn.s 			page 17


 715              	.LASF95:
 716 02b3 47656E65 		.ascii	"Generated_Source\\PSoC4\\BLE_1_custom.c\000"
 716      72617465 
 716      645F536F 
 716      75726365 
 716      5C50536F 
 717              	.LASF76:
 718 02d9 4359424C 		.ascii	"CYBLE_EVT_L2CAP_CBFC_DISCONN_CNF\000"
 718      455F4556 
 718      545F4C32 
 718      4341505F 
 718      43424643 
 719              	.LASF9:
 720 02fa 666C6F61 		.ascii	"float\000"
 720      7400
 721              	.LASF54:
 722 0300 4359424C 		.ascii	"CYBLE_EVT_GATTC_READ_RSP\000"
 722      455F4556 
 722      545F4741 
 722      5454435F 
 722      52454144 
 723              	.LASF34:
 724 0319 4359424C 		.ascii	"CYBLE_EVT_GAP_NUMERIC_COMPARISON_REQUEST\000"
 724      455F4556 
 724      545F4741 
 724      505F4E55 
 724      4D455249 
 725              	.LASF39:
 726 0342 4359424C 		.ascii	"CYBLE_EVT_GAPC_DIRECT_ADV_REPORT\000"
 726      455F4556 
 726      545F4741 
 726      50435F44 
 726      49524543 
 727              	.LASF7:
 728 0363 6C6F6E67 		.ascii	"long long unsigned int\000"
 728      206C6F6E 
 728      6720756E 
 728      7369676E 
 728      65642069 
 729              	.LASF90:
 730 037a 4359424C 		.ascii	"CYBLE_CUSTOMS_INFO_T\000"
 730      455F4355 
 730      53544F4D 
 730      535F494E 
 730      464F5F54 
 731              	.LASF43:
 732 038f 4359424C 		.ascii	"CYBLE_EVT_GAP_AUTH_REQ_REPLY_ERR\000"
 732      455F4556 
 732      545F4741 
 732      505F4155 
 732      54485F52 
 733              	.LASF4:
 734 03b0 6C6F6E67 		.ascii	"long int\000"
 734      20696E74 
 734      00
 735              	.LASF64:
 736 03b9 4359424C 		.ascii	"CYBLE_EVT_GATTC_HANDLE_VALUE_IND\000"
ARM GAS  C:\Users\dprdc\AppData\Local\Temp\ccwo2Ckn.s 			page 18


 736      455F4556 
 736      545F4741 
 736      5454435F 
 736      48414E44 
 737              	.LASF28:
 738 03da 4359424C 		.ascii	"CYBLE_EVT_GAP_DEVICE_CONNECTED\000"
 738      455F4556 
 738      545F4741 
 738      505F4445 
 738      56494345 
 739              	.LASF27:
 740 03f9 4359424C 		.ascii	"CYBLE_EVT_GAPP_ADVERTISEMENT_START_STOP\000"
 740      455F4556 
 740      545F4741 
 740      50505F41 
 740      44564552 
 741              	.LASF63:
 742 0421 4359424C 		.ascii	"CYBLE_EVT_GATTC_HANDLE_VALUE_NTF\000"
 742      455F4556 
 742      545F4741 
 742      5454435F 
 742      48414E44 
 743              	.LASF19:
 744 0442 4359424C 		.ascii	"CYBLE_EVT_STACK_BUSY_STATUS\000"
 744      455F4556 
 744      545F5354 
 744      41434B5F 
 744      42555359 
 745              	.LASF24:
 746 045e 4359424C 		.ascii	"CYBLE_EVT_GAP_PASSKEY_DISPLAY_REQUEST\000"
 746      455F4556 
 746      545F4741 
 746      505F5041 
 746      53534B45 
 747              	.LASF94:
 748 0484 474E5520 		.ascii	"GNU C11 5.4.1 20160609 (release) [ARM/embedded-5-br"
 748      43313120 
 748      352E342E 
 748      31203230 
 748      31363036 
 749 04b7 616E6368 		.ascii	"anch revision 237715] -mcpu=cortex-m0 -mthumb -g -O"
 749      20726576 
 749      6973696F 
 749      6E203233 
 749      37373135 
 750 04ea 30202D66 		.ascii	"0 -ffunction-sections -ffat-lto-objects\000"
 750      66756E63 
 750      74696F6E 
 750      2D736563 
 750      74696F6E 
 751              	.LASF93:
 752 0512 4359424C 		.ascii	"CYBLE_CUSTOMS_T\000"
 752      455F4355 
 752      53544F4D 
 752      535F5400 
 753              	.LASF74:
 754 0522 4359424C 		.ascii	"CYBLE_EVT_L2CAP_CBFC_CONN_CNF\000"
ARM GAS  C:\Users\dprdc\AppData\Local\Temp\ccwo2Ckn.s 			page 19


 754      455F4556 
 754      545F4C32 
 754      4341505F 
 754      43424643 
 755              	.LASF38:
 756 0540 4359424C 		.ascii	"CYBLE_EVT_GAP_ENHANCE_CONN_COMPLETE\000"
 756      455F4556 
 756      545F4741 
 756      505F454E 
 756      48414E43 
 757              	.LASF12:
 758 0564 6C6F6E67 		.ascii	"long double\000"
 758      20646F75 
 758      626C6500 
 759              	.LASF70:
 760 0570 4359424C 		.ascii	"CYBLE_EVT_L2CAP_CONN_PARAM_UPDATE_REQ\000"
 760      455F4556 
 760      545F4C32 
 760      4341505F 
 760      434F4E4E 
 761              	.LASF1:
 762 0596 756E7369 		.ascii	"unsigned char\000"
 762      676E6564 
 762      20636861 
 762      7200
 763              	.LASF92:
 764 05a4 63757374 		.ascii	"customServInfo\000"
 764      6F6D5365 
 764      7276496E 
 764      666F00
 765              	.LASF60:
 766 05b3 4359424C 		.ascii	"CYBLE_EVT_GATTS_PREP_WRITE_REQ\000"
 766      455F4556 
 766      545F4741 
 766      5454535F 
 766      50524550 
 767              	.LASF82:
 768 05d2 4359424C 		.ascii	"CYBLE_EVT_LE_PING_AUTH_TIMEOUT\000"
 768      455F4556 
 768      545F4C45 
 768      5F50494E 
 768      475F4155 
 769              	.LASF52:
 770 05f1 4359424C 		.ascii	"CYBLE_EVT_GATTC_FIND_INFO_RSP\000"
 770      455F4556 
 770      545F4741 
 770      5454435F 
 770      46494E44 
 771              	.LASF0:
 772 060f 7369676E 		.ascii	"signed char\000"
 772      65642063 
 772      68617200 
 773              	.LASF57:
 774 061b 4359424C 		.ascii	"CYBLE_EVT_GATTS_WRITE_REQ\000"
 774      455F4556 
 774      545F4741 
 774      5454535F 
ARM GAS  C:\Users\dprdc\AppData\Local\Temp\ccwo2Ckn.s 			page 20


 774      57524954 
 775              	.LASF53:
 776 0635 4359424C 		.ascii	"CYBLE_EVT_GATTC_FIND_BY_TYPE_VALUE_RSP\000"
 776      455F4556 
 776      545F4741 
 776      5454435F 
 776      46494E44 
 777              	.LASF25:
 778 065c 4359424C 		.ascii	"CYBLE_EVT_GAP_AUTH_COMPLETE\000"
 778      455F4556 
 778      545F4741 
 778      505F4155 
 778      54485F43 
 779              	.LASF8:
 780 0678 756E7369 		.ascii	"unsigned int\000"
 780      676E6564 
 780      20696E74 
 780      00
 781              	.LASF46:
 782 0685 4359424C 		.ascii	"CYBLE_EVT_GATT_CONNECT_IND\000"
 782      455F4556 
 782      545F4741 
 782      54545F43 
 782      4F4E4E45 
 783              	.LASF5:
 784 06a0 6C6F6E67 		.ascii	"long unsigned int\000"
 784      20756E73 
 784      69676E65 
 784      6420696E 
 784      7400
 785              	.LASF22:
 786 06b2 4359424C 		.ascii	"CYBLE_EVT_GAP_AUTH_REQ\000"
 786      455F4556 
 786      545F4741 
 786      505F4155 
 786      54485F52 
 787              	.LASF75:
 788 06c9 4359424C 		.ascii	"CYBLE_EVT_L2CAP_CBFC_DISCONN_IND\000"
 788      455F4556 
 788      545F4C32 
 788      4341505F 
 788      43424643 
 789              	.LASF30:
 790 06ea 4359424C 		.ascii	"CYBLE_EVT_GAP_ENCRYPT_CHANGE\000"
 790      455F4556 
 790      545F4741 
 790      505F454E 
 790      43525950 
 791              	.LASF41:
 792 0707 4359424C 		.ascii	"CYBLE_EVT_GAP_CONN_ESTB\000"
 792      455F4556 
 792      545F4741 
 792      505F434F 
 792      4E4E5F45 
 793              	.LASF69:
 794 071f 4359424C 		.ascii	"CYBLE_EVT_GATTC_LONG_PROCEDURE_END\000"
 794      455F4556 
ARM GAS  C:\Users\dprdc\AppData\Local\Temp\ccwo2Ckn.s 			page 21


 794      545F4741 
 794      5454435F 
 794      4C4F4E47 
 795              	.LASF33:
 796 0742 4359424C 		.ascii	"CYBLE_EVT_GAP_KEYINFO_EXCHNGE_CMPLT\000"
 796      455F4556 
 796      545F4741 
 796      505F4B45 
 796      59494E46 
 797              	.LASF84:
 798 0766 4359424C 		.ascii	"CYBLE_EVT_FLASH_CORRUPT\000"
 798      455F4556 
 798      545F464C 
 798      4153485F 
 798      434F5252 
 799              	.LASF31:
 800 077e 4359424C 		.ascii	"CYBLE_EVT_GAP_CONNECTION_UPDATE_COMPLETE\000"
 800      455F4556 
 800      545F4741 
 800      505F434F 
 800      4E4E4543 
 801              	.LASF40:
 802 07a7 4359424C 		.ascii	"CYBLE_EVT_GAP_SMP_NEGOTIATED_AUTH_INFO\000"
 802      455F4556 
 802      545F4741 
 802      505F534D 
 802      505F4E45 
 803              	.LASF11:
 804 07ce 63686172 		.ascii	"char\000"
 804      00
 805              	.LASF72:
 806 07d3 4359424C 		.ascii	"CYBLE_EVT_L2CAP_COMMAND_REJ\000"
 806      455F4556 
 806      545F4C32 
 806      4341505F 
 806      434F4D4D 
 807              	.LASF3:
 808 07ef 73686F72 		.ascii	"short unsigned int\000"
 808      7420756E 
 808      7369676E 
 808      65642069 
 808      6E7400
 809              	.LASF21:
 810 0802 4359424C 		.ascii	"CYBLE_EVT_GAPC_SCAN_PROGRESS_RESULT\000"
 810      455F4556 
 810      545F4741 
 810      50435F53 
 810      43414E5F 
 811              	.LASF55:
 812 0826 4359424C 		.ascii	"CYBLE_EVT_GATTC_READ_BLOB_RSP\000"
 812      455F4556 
 812      545F4741 
 812      5454435F 
 812      52454144 
 813              	.LASF62:
 814 0844 4359424C 		.ascii	"CYBLE_EVT_GATTC_EXEC_WRITE_RSP\000"
 814      455F4556 
ARM GAS  C:\Users\dprdc\AppData\Local\Temp\ccwo2Ckn.s 			page 22


 814      545F4741 
 814      5454435F 
 814      45584543 
 815              	.LASF32:
 816 0863 4359424C 		.ascii	"CYBLE_EVT_GAPC_SCAN_START_STOP\000"
 816      455F4556 
 816      545F4741 
 816      50435F53 
 816      43414E5F 
 817              	.LASF81:
 818 0882 4359424C 		.ascii	"CYBLE_EVT_PENDING_FLASH_WRITE\000"
 818      455F4556 
 818      545F5045 
 818      4E44494E 
 818      475F464C 
 819              	.LASF78:
 820 08a0 4359424C 		.ascii	"CYBLE_EVT_L2CAP_CBFC_RX_CREDIT_IND\000"
 820      455F4556 
 820      545F4C32 
 820      4341505F 
 820      43424643 
 821              	.LASF10:
 822 08c3 646F7562 		.ascii	"double\000"
 822      6C6500
 823              	.LASF79:
 824 08ca 4359424C 		.ascii	"CYBLE_EVT_L2CAP_CBFC_TX_CREDIT_IND\000"
 824      455F4556 
 824      545F4C32 
 824      4341505F 
 824      43424643 
 825              	.LASF88:
 826 08ed 63757374 		.ascii	"customServCharHandle\000"
 826      6F6D5365 
 826      72764368 
 826      61724861 
 826      6E646C65 
 827              	.LASF42:
 828 0902 4359424C 		.ascii	"CYBLE_EVT_GAP_SCAN_REQ_RECVD\000"
 828      455F4556 
 828      545F4741 
 828      505F5343 
 828      414E5F52 
 829              	.LASF17:
 830 091f 4359424C 		.ascii	"CYBLE_EVT_HARDWARE_ERROR\000"
 830      455F4556 
 830      545F4841 
 830      52445741 
 830      52455F45 
 831              	.LASF77:
 832 0938 4359424C 		.ascii	"CYBLE_EVT_L2CAP_CBFC_DATA_READ\000"
 832      455F4556 
 832      545F4C32 
 832      4341505F 
 832      43424643 
 833              	.LASF71:
 834 0957 4359424C 		.ascii	"CYBLE_EVT_L2CAP_CONN_PARAM_UPDATE_RSP\000"
 834      455F4556 
ARM GAS  C:\Users\dprdc\AppData\Local\Temp\ccwo2Ckn.s 			page 23


 834      545F4C32 
 834      4341505F 
 834      434F4E4E 
 835              	.LASF73:
 836 097d 4359424C 		.ascii	"CYBLE_EVT_L2CAP_CBFC_CONN_IND\000"
 836      455F4556 
 836      545F4C32 
 836      4341505F 
 836      43424643 
 837              	.LASF50:
 838 099b 4359424C 		.ascii	"CYBLE_EVT_GATTC_READ_BY_GROUP_TYPE_RSP\000"
 838      455F4556 
 838      545F4741 
 838      5454435F 
 838      52454144 
 839              	.LASF59:
 840 09c2 4359424C 		.ascii	"CYBLE_EVT_GATTS_WRITE_CMD_REQ\000"
 840      455F4556 
 840      545F4741 
 840      5454535F 
 840      57524954 
 841              	.LASF51:
 842 09e0 4359424C 		.ascii	"CYBLE_EVT_GATTC_READ_BY_TYPE_RSP\000"
 842      455F4556 
 842      545F4741 
 842      5454435F 
 842      52454144 
 843              	.LASF49:
 844 0a01 4359424C 		.ascii	"CYBLE_EVT_GATTC_XCHNG_MTU_RSP\000"
 844      455F4556 
 844      545F4741 
 844      5454435F 
 844      5843484E 
 845              	.LASF80:
 846 0a1f 4359424C 		.ascii	"CYBLE_EVT_L2CAP_CBFC_DATA_WRITE_IND\000"
 846      455F4556 
 846      545F4C32 
 846      4341505F 
 846      43424643 
 847              	.LASF16:
 848 0a43 4359424C 		.ascii	"CYBLE_EVT_TIMEOUT\000"
 848      455F4556 
 848      545F5449 
 848      4D454F55 
 848      5400
 849              	.LASF85:
 850 0a55 4359424C 		.ascii	"CYBLE_EVT_MAX\000"
 850      455F4556 
 850      545F4D41 
 850      5800
 851              	.LASF68:
 852 0a63 4359424C 		.ascii	"CYBLE_EVT_GATTS_READ_CHAR_VAL_ACCESS_REQ\000"
 852      455F4556 
 852      545F4741 
 852      5454535F 
 852      52454144 
 853              	.LASF67:
ARM GAS  C:\Users\dprdc\AppData\Local\Temp\ccwo2Ckn.s 			page 24


 854 0a8c 4359424C 		.ascii	"CYBLE_EVT_GATTC_STOP_CMD_COMPLETE\000"
 854      455F4556 
 854      545F4741 
 854      5454435F 
 854      53544F50 
 855              	.LASF61:
 856 0aae 4359424C 		.ascii	"CYBLE_EVT_GATTS_EXEC_WRITE_REQ\000"
 856      455F4556 
 856      545F4741 
 856      5454535F 
 856      45584543 
 857              	.LASF87:
 858 0acd 4359424C 		.ascii	"CYBLE_GATT_DB_ATTR_HANDLE_T\000"
 858      455F4741 
 858      54545F44 
 858      425F4154 
 858      54525F48 
 859              	.LASF98:
 860 0ae9 6379426C 		.ascii	"cyBle_customs\000"
 860      655F6375 
 860      73746F6D 
 860      7300
 861              	.LASF66:
 862 0af7 4359424C 		.ascii	"CYBLE_EVT_GATTS_DATA_SIGNED_CMD_REQ\000"
 862      455F4556 
 862      545F4741 
 862      5454535F 
 862      44415441 
 863              	.LASF83:
 864 0b1b 4359424C 		.ascii	"CYBLE_EVT_HCI_PKT\000"
 864      455F4556 
 864      545F4843 
 864      495F504B 
 864      5400
 865              	.LASF36:
 866 0b2d 4359424C 		.ascii	"CYBLE_EVT_GAP_OOB_GENERATED_NOTIFICATION\000"
 866      455F4556 
 866      545F4741 
 866      505F4F4F 
 866      425F4745 
 867              		.ident	"GCC: (GNU Tools for ARM Embedded Processors) 5.4.1 20160609 (release) [ARM/embedded-5-bran
