ARM GAS  C:\Users\dprdc\AppData\Local\Temp\ccWapuub.s 			page 1


   1              		.syntax unified
   2              		.cpu cortex-m0
   3              		.fpu softvfp
   4              		.eabi_attribute 20, 1
   5              		.eabi_attribute 21, 1
   6              		.eabi_attribute 23, 3
   7              		.eabi_attribute 24, 1
   8              		.eabi_attribute 25, 1
   9              		.eabi_attribute 26, 1
  10              		.eabi_attribute 30, 6
  11              		.eabi_attribute 34, 0
  12              		.eabi_attribute 18, 4
  13              		.thumb
  14              		.syntax unified
  15              		.file	"cyfitter_cfg.c"
  16              		.text
  17              	.Ltext0:
  18              		.cfi_sections	.debug_frame
  19              		.section	.text.CYMEMZERO,"ax",%progbits
  20              		.align	2
  21              		.code	16
  22              		.thumb_func
  23              		.type	CYMEMZERO, %function
  24              	CYMEMZERO:
  25              	.LFB2:
  26              		.file 1 "Generated_Source\\PSoC4\\cyfitter_cfg.c"
   1:Generated_Source\PSoC4/cyfitter_cfg.c **** 
   2:Generated_Source\PSoC4/cyfitter_cfg.c **** /*******************************************************************************
   3:Generated_Source\PSoC4/cyfitter_cfg.c **** * File Name: cyfitter_cfg.c
   4:Generated_Source\PSoC4/cyfitter_cfg.c **** * 
   5:Generated_Source\PSoC4/cyfitter_cfg.c **** * PSoC Creator  4.3
   6:Generated_Source\PSoC4/cyfitter_cfg.c **** *
   7:Generated_Source\PSoC4/cyfitter_cfg.c **** * Description:
   8:Generated_Source\PSoC4/cyfitter_cfg.c **** * This file contains device initialization code.
   9:Generated_Source\PSoC4/cyfitter_cfg.c **** * Except for the user defined sections in CyClockStartupError(), this file should not be modified.
  10:Generated_Source\PSoC4/cyfitter_cfg.c **** * This file is automatically generated by PSoC Creator.
  11:Generated_Source\PSoC4/cyfitter_cfg.c **** *
  12:Generated_Source\PSoC4/cyfitter_cfg.c **** ********************************************************************************
  13:Generated_Source\PSoC4/cyfitter_cfg.c **** * Copyright (c) 2007-2019 Cypress Semiconductor.  All rights reserved.
  14:Generated_Source\PSoC4/cyfitter_cfg.c **** * You may use this file only in accordance with the license, terms, conditions, 
  15:Generated_Source\PSoC4/cyfitter_cfg.c **** * disclaimers, and limitations in the end user license agreement accompanying 
  16:Generated_Source\PSoC4/cyfitter_cfg.c **** * the software package with which this file was provided.
  17:Generated_Source\PSoC4/cyfitter_cfg.c **** ********************************************************************************/
  18:Generated_Source\PSoC4/cyfitter_cfg.c **** 
  19:Generated_Source\PSoC4/cyfitter_cfg.c **** #include <string.h>
  20:Generated_Source\PSoC4/cyfitter_cfg.c **** #include "cytypes.h"
  21:Generated_Source\PSoC4/cyfitter_cfg.c **** #include "cydevice_trm.h"
  22:Generated_Source\PSoC4/cyfitter_cfg.c **** #include "cyfitter.h"
  23:Generated_Source\PSoC4/cyfitter_cfg.c **** #include "CyLib.h"
  24:Generated_Source\PSoC4/cyfitter_cfg.c **** #include "CyLFClk.h"
  25:Generated_Source\PSoC4/cyfitter_cfg.c **** #include "cyfitter_cfg.h"
  26:Generated_Source\PSoC4/cyfitter_cfg.c **** #include "cyapicallbacks.h"
  27:Generated_Source\PSoC4/cyfitter_cfg.c **** 
  28:Generated_Source\PSoC4/cyfitter_cfg.c **** 
  29:Generated_Source\PSoC4/cyfitter_cfg.c **** #if defined(__GNUC__) || defined(__ARMCC_VERSION)
  30:Generated_Source\PSoC4/cyfitter_cfg.c ****     #define CYPACKED 
  31:Generated_Source\PSoC4/cyfitter_cfg.c ****     #define CYPACKED_ATTR __attribute__ ((packed))
ARM GAS  C:\Users\dprdc\AppData\Local\Temp\ccWapuub.s 			page 2


  32:Generated_Source\PSoC4/cyfitter_cfg.c ****     #define CYALIGNED __attribute__ ((aligned))
  33:Generated_Source\PSoC4/cyfitter_cfg.c ****     #define CY_CFG_UNUSED __attribute__ ((unused))
  34:Generated_Source\PSoC4/cyfitter_cfg.c ****     #ifndef CY_CFG_SECTION
  35:Generated_Source\PSoC4/cyfitter_cfg.c ****         #define CY_CFG_SECTION __attribute__ ((section(".psocinit")))
  36:Generated_Source\PSoC4/cyfitter_cfg.c ****     #endif
  37:Generated_Source\PSoC4/cyfitter_cfg.c ****     
  38:Generated_Source\PSoC4/cyfitter_cfg.c ****     #if defined(__ARMCC_VERSION)
  39:Generated_Source\PSoC4/cyfitter_cfg.c ****         #define CY_CFG_MEMORY_BARRIER() __memory_changed()
  40:Generated_Source\PSoC4/cyfitter_cfg.c ****     #else
  41:Generated_Source\PSoC4/cyfitter_cfg.c ****         #define CY_CFG_MEMORY_BARRIER() __sync_synchronize()
  42:Generated_Source\PSoC4/cyfitter_cfg.c ****     #endif
  43:Generated_Source\PSoC4/cyfitter_cfg.c ****     
  44:Generated_Source\PSoC4/cyfitter_cfg.c **** #elif defined(__ICCARM__)
  45:Generated_Source\PSoC4/cyfitter_cfg.c ****     #include <intrinsics.h>
  46:Generated_Source\PSoC4/cyfitter_cfg.c **** 
  47:Generated_Source\PSoC4/cyfitter_cfg.c ****     #define CYPACKED __packed
  48:Generated_Source\PSoC4/cyfitter_cfg.c ****     #define CYPACKED_ATTR 
  49:Generated_Source\PSoC4/cyfitter_cfg.c ****     #define CYALIGNED _Pragma("data_alignment=4")
  50:Generated_Source\PSoC4/cyfitter_cfg.c ****     #define CY_CFG_UNUSED _Pragma("diag_suppress=Pe177")
  51:Generated_Source\PSoC4/cyfitter_cfg.c ****     #define CY_CFG_SECTION _Pragma("location=\".psocinit\"")
  52:Generated_Source\PSoC4/cyfitter_cfg.c ****     
  53:Generated_Source\PSoC4/cyfitter_cfg.c ****     #define CY_CFG_MEMORY_BARRIER() __DMB()
  54:Generated_Source\PSoC4/cyfitter_cfg.c ****     
  55:Generated_Source\PSoC4/cyfitter_cfg.c **** #else
  56:Generated_Source\PSoC4/cyfitter_cfg.c ****     #error Unsupported toolchain
  57:Generated_Source\PSoC4/cyfitter_cfg.c **** #endif
  58:Generated_Source\PSoC4/cyfitter_cfg.c **** 
  59:Generated_Source\PSoC4/cyfitter_cfg.c **** #ifndef CYCODE
  60:Generated_Source\PSoC4/cyfitter_cfg.c ****     #define CYCODE
  61:Generated_Source\PSoC4/cyfitter_cfg.c **** #endif
  62:Generated_Source\PSoC4/cyfitter_cfg.c **** #ifndef CYDATA
  63:Generated_Source\PSoC4/cyfitter_cfg.c ****     #define CYDATA
  64:Generated_Source\PSoC4/cyfitter_cfg.c **** #endif
  65:Generated_Source\PSoC4/cyfitter_cfg.c **** #ifndef CYFAR
  66:Generated_Source\PSoC4/cyfitter_cfg.c ****     #define CYFAR
  67:Generated_Source\PSoC4/cyfitter_cfg.c **** #endif
  68:Generated_Source\PSoC4/cyfitter_cfg.c **** #ifndef CYXDATA
  69:Generated_Source\PSoC4/cyfitter_cfg.c ****     #define CYXDATA
  70:Generated_Source\PSoC4/cyfitter_cfg.c **** #endif
  71:Generated_Source\PSoC4/cyfitter_cfg.c **** 
  72:Generated_Source\PSoC4/cyfitter_cfg.c **** 
  73:Generated_Source\PSoC4/cyfitter_cfg.c **** CY_CFG_UNUSED
  74:Generated_Source\PSoC4/cyfitter_cfg.c **** static void CYMEMZERO(void *s, size_t n);
  75:Generated_Source\PSoC4/cyfitter_cfg.c **** CY_CFG_UNUSED
  76:Generated_Source\PSoC4/cyfitter_cfg.c **** static void CYMEMZERO(void *s, size_t n)
  77:Generated_Source\PSoC4/cyfitter_cfg.c **** {
  27              		.loc 1 77 0
  28              		.cfi_startproc
  29              		@ args = 0, pretend = 0, frame = 8
  30              		@ frame_needed = 1, uses_anonymous_args = 0
  31 0000 80B5     		push	{r7, lr}
  32              		.cfi_def_cfa_offset 8
  33              		.cfi_offset 7, -8
  34              		.cfi_offset 14, -4
  35 0002 82B0     		sub	sp, sp, #8
  36              		.cfi_def_cfa_offset 16
  37 0004 00AF     		add	r7, sp, #0
ARM GAS  C:\Users\dprdc\AppData\Local\Temp\ccWapuub.s 			page 3


  38              		.cfi_def_cfa_register 7
  39 0006 7860     		str	r0, [r7, #4]
  40 0008 3960     		str	r1, [r7]
  78:Generated_Source\PSoC4/cyfitter_cfg.c **** 	(void)memset(s, 0, n);
  41              		.loc 1 78 0
  42 000a 3A68     		ldr	r2, [r7]
  43 000c 7B68     		ldr	r3, [r7, #4]
  44 000e 0021     		movs	r1, #0
  45 0010 1800     		movs	r0, r3
  46 0012 FFF7FEFF 		bl	memset
  79:Generated_Source\PSoC4/cyfitter_cfg.c **** }
  47              		.loc 1 79 0
  48 0016 C046     		nop
  49 0018 BD46     		mov	sp, r7
  50 001a 02B0     		add	sp, sp, #8
  51              		@ sp needed
  52 001c 80BD     		pop	{r7, pc}
  53              		.cfi_endproc
  54              	.LFE2:
  55              		.size	CYMEMZERO, .-CYMEMZERO
  56 001e C046     		.section	.text.CYCONFIGCPY,"ax",%progbits
  57              		.align	2
  58              		.code	16
  59              		.thumb_func
  60              		.type	CYCONFIGCPY, %function
  61              	CYCONFIGCPY:
  62              	.LFB3:
  80:Generated_Source\PSoC4/cyfitter_cfg.c **** CY_CFG_UNUSED
  81:Generated_Source\PSoC4/cyfitter_cfg.c **** static void CYCONFIGCPY(void *dest, const void *src, size_t n);
  82:Generated_Source\PSoC4/cyfitter_cfg.c **** CY_CFG_UNUSED
  83:Generated_Source\PSoC4/cyfitter_cfg.c **** static void CYCONFIGCPY(void *dest, const void *src, size_t n)
  84:Generated_Source\PSoC4/cyfitter_cfg.c **** {
  63              		.loc 1 84 0
  64              		.cfi_startproc
  65              		@ args = 0, pretend = 0, frame = 16
  66              		@ frame_needed = 1, uses_anonymous_args = 0
  67 0000 80B5     		push	{r7, lr}
  68              		.cfi_def_cfa_offset 8
  69              		.cfi_offset 7, -8
  70              		.cfi_offset 14, -4
  71 0002 84B0     		sub	sp, sp, #16
  72              		.cfi_def_cfa_offset 24
  73 0004 00AF     		add	r7, sp, #0
  74              		.cfi_def_cfa_register 7
  75 0006 F860     		str	r0, [r7, #12]
  76 0008 B960     		str	r1, [r7, #8]
  77 000a 7A60     		str	r2, [r7, #4]
  85:Generated_Source\PSoC4/cyfitter_cfg.c **** 	(void)memcpy(dest, src, n);
  78              		.loc 1 85 0
  79 000c 7A68     		ldr	r2, [r7, #4]
  80 000e B968     		ldr	r1, [r7, #8]
  81 0010 FB68     		ldr	r3, [r7, #12]
  82 0012 1800     		movs	r0, r3
  83 0014 FFF7FEFF 		bl	memcpy
  86:Generated_Source\PSoC4/cyfitter_cfg.c **** }
  84              		.loc 1 86 0
  85 0018 C046     		nop
ARM GAS  C:\Users\dprdc\AppData\Local\Temp\ccWapuub.s 			page 4


  86 001a BD46     		mov	sp, r7
  87 001c 04B0     		add	sp, sp, #16
  88              		@ sp needed
  89 001e 80BD     		pop	{r7, pc}
  90              		.cfi_endproc
  91              	.LFE3:
  92              		.size	CYCONFIGCPY, .-CYCONFIGCPY
  93              		.section	.text.CYCONFIGCPYCODE,"ax",%progbits
  94              		.align	2
  95              		.code	16
  96              		.thumb_func
  97              		.type	CYCONFIGCPYCODE, %function
  98              	CYCONFIGCPYCODE:
  99              	.LFB4:
  87:Generated_Source\PSoC4/cyfitter_cfg.c **** CY_CFG_UNUSED
  88:Generated_Source\PSoC4/cyfitter_cfg.c **** static void CYCONFIGCPYCODE(void *dest, const void *src, size_t n);
  89:Generated_Source\PSoC4/cyfitter_cfg.c **** CY_CFG_UNUSED
  90:Generated_Source\PSoC4/cyfitter_cfg.c **** static void CYCONFIGCPYCODE(void *dest, const void *src, size_t n)
  91:Generated_Source\PSoC4/cyfitter_cfg.c **** {
 100              		.loc 1 91 0
 101              		.cfi_startproc
 102              		@ args = 0, pretend = 0, frame = 16
 103              		@ frame_needed = 1, uses_anonymous_args = 0
 104 0000 80B5     		push	{r7, lr}
 105              		.cfi_def_cfa_offset 8
 106              		.cfi_offset 7, -8
 107              		.cfi_offset 14, -4
 108 0002 84B0     		sub	sp, sp, #16
 109              		.cfi_def_cfa_offset 24
 110 0004 00AF     		add	r7, sp, #0
 111              		.cfi_def_cfa_register 7
 112 0006 F860     		str	r0, [r7, #12]
 113 0008 B960     		str	r1, [r7, #8]
 114 000a 7A60     		str	r2, [r7, #4]
  92:Generated_Source\PSoC4/cyfitter_cfg.c **** 	(void)memcpy(dest, src, n);
 115              		.loc 1 92 0
 116 000c 7A68     		ldr	r2, [r7, #4]
 117 000e B968     		ldr	r1, [r7, #8]
 118 0010 FB68     		ldr	r3, [r7, #12]
 119 0012 1800     		movs	r0, r3
 120 0014 FFF7FEFF 		bl	memcpy
  93:Generated_Source\PSoC4/cyfitter_cfg.c **** }
 121              		.loc 1 93 0
 122 0018 C046     		nop
 123 001a BD46     		mov	sp, r7
 124 001c 04B0     		add	sp, sp, #16
 125              		@ sp needed
 126 001e 80BD     		pop	{r7, pc}
 127              		.cfi_endproc
 128              	.LFE4:
 129              		.size	CYCONFIGCPYCODE, .-CYCONFIGCPYCODE
 130              		.section	.psocinit,"ax",%progbits
 131              		.align	2
 132              		.code	16
 133              		.thumb_func
 134              		.type	ClockSetup, %function
 135              	ClockSetup:
ARM GAS  C:\Users\dprdc\AppData\Local\Temp\ccWapuub.s 			page 5


 136              	.LFB5:
  94:Generated_Source\PSoC4/cyfitter_cfg.c **** 
  95:Generated_Source\PSoC4/cyfitter_cfg.c **** 
  96:Generated_Source\PSoC4/cyfitter_cfg.c **** 
  97:Generated_Source\PSoC4/cyfitter_cfg.c **** 
  98:Generated_Source\PSoC4/cyfitter_cfg.c **** /* Clock startup error codes                                                   */
  99:Generated_Source\PSoC4/cyfitter_cfg.c **** #define CYCLOCKSTART_NO_ERROR    0u
 100:Generated_Source\PSoC4/cyfitter_cfg.c **** #define CYCLOCKSTART_XTAL_ERROR  1u
 101:Generated_Source\PSoC4/cyfitter_cfg.c **** #define CYCLOCKSTART_32KHZ_ERROR 2u
 102:Generated_Source\PSoC4/cyfitter_cfg.c **** #define CYCLOCKSTART_PLL_ERROR   3u
 103:Generated_Source\PSoC4/cyfitter_cfg.c **** #define CYCLOCKSTART_FLL_ERROR   4u
 104:Generated_Source\PSoC4/cyfitter_cfg.c **** #define CYCLOCKSTART_WCO_ERROR   5u
 105:Generated_Source\PSoC4/cyfitter_cfg.c **** 
 106:Generated_Source\PSoC4/cyfitter_cfg.c **** 
 107:Generated_Source\PSoC4/cyfitter_cfg.c **** #ifdef CY_NEED_CYCLOCKSTARTUPERROR
 108:Generated_Source\PSoC4/cyfitter_cfg.c **** /*******************************************************************************
 109:Generated_Source\PSoC4/cyfitter_cfg.c **** * Function Name: CyClockStartupError
 110:Generated_Source\PSoC4/cyfitter_cfg.c **** ********************************************************************************
 111:Generated_Source\PSoC4/cyfitter_cfg.c **** * Summary:
 112:Generated_Source\PSoC4/cyfitter_cfg.c **** *  If an error is encountered during clock configuration (crystal startup error,
 113:Generated_Source\PSoC4/cyfitter_cfg.c **** *  PLL lock error, etc.), the system will end up here.  Unless reimplemented by
 114:Generated_Source\PSoC4/cyfitter_cfg.c **** *  the customer, this function will stop in an infinite loop.
 115:Generated_Source\PSoC4/cyfitter_cfg.c **** *
 116:Generated_Source\PSoC4/cyfitter_cfg.c **** * Parameters:
 117:Generated_Source\PSoC4/cyfitter_cfg.c **** *   void
 118:Generated_Source\PSoC4/cyfitter_cfg.c **** *
 119:Generated_Source\PSoC4/cyfitter_cfg.c **** * Return:
 120:Generated_Source\PSoC4/cyfitter_cfg.c **** *   void
 121:Generated_Source\PSoC4/cyfitter_cfg.c **** *
 122:Generated_Source\PSoC4/cyfitter_cfg.c **** *******************************************************************************/
 123:Generated_Source\PSoC4/cyfitter_cfg.c **** CY_CFG_UNUSED
 124:Generated_Source\PSoC4/cyfitter_cfg.c **** static void CyClockStartupError(uint8 errorCode);
 125:Generated_Source\PSoC4/cyfitter_cfg.c **** CY_CFG_UNUSED
 126:Generated_Source\PSoC4/cyfitter_cfg.c **** static void CyClockStartupError(uint8 errorCode)
 127:Generated_Source\PSoC4/cyfitter_cfg.c **** {
 128:Generated_Source\PSoC4/cyfitter_cfg.c ****     /* To remove the compiler warning if errorCode not used.                */
 129:Generated_Source\PSoC4/cyfitter_cfg.c ****     errorCode = errorCode;
 130:Generated_Source\PSoC4/cyfitter_cfg.c **** 
 131:Generated_Source\PSoC4/cyfitter_cfg.c ****     /* If we have a clock startup error (bad MHz crystal, PLL lock, etc.),  */
 132:Generated_Source\PSoC4/cyfitter_cfg.c ****     /* we will end up here to allow the customer to implement something to  */
 133:Generated_Source\PSoC4/cyfitter_cfg.c ****     /* deal with the clock condition.                                       */
 134:Generated_Source\PSoC4/cyfitter_cfg.c **** 
 135:Generated_Source\PSoC4/cyfitter_cfg.c **** #ifdef CY_CFG_CLOCK_STARTUP_ERROR_CALLBACK
 136:Generated_Source\PSoC4/cyfitter_cfg.c ****     CY_CFG_Clock_Startup_ErrorCallback();
 137:Generated_Source\PSoC4/cyfitter_cfg.c **** #else
 138:Generated_Source\PSoC4/cyfitter_cfg.c ****     /*  If not using CY_CFG_CLOCK_STARTUP_ERROR_CALLBACK, place your clock startup code here. */
 139:Generated_Source\PSoC4/cyfitter_cfg.c ****     /* `#START CyClockStartupError` */
 140:Generated_Source\PSoC4/cyfitter_cfg.c **** 
 141:Generated_Source\PSoC4/cyfitter_cfg.c **** 
 142:Generated_Source\PSoC4/cyfitter_cfg.c **** 
 143:Generated_Source\PSoC4/cyfitter_cfg.c ****     /* `#END` */
 144:Generated_Source\PSoC4/cyfitter_cfg.c **** 
 145:Generated_Source\PSoC4/cyfitter_cfg.c ****     while(1) {}
 146:Generated_Source\PSoC4/cyfitter_cfg.c **** #endif /* CY_CFG_CLOCK_STARTUP_ERROR_CALLBACK */
 147:Generated_Source\PSoC4/cyfitter_cfg.c **** }
 148:Generated_Source\PSoC4/cyfitter_cfg.c **** #endif
 149:Generated_Source\PSoC4/cyfitter_cfg.c **** 
ARM GAS  C:\Users\dprdc\AppData\Local\Temp\ccWapuub.s 			page 6


 150:Generated_Source\PSoC4/cyfitter_cfg.c **** 
 151:Generated_Source\PSoC4/cyfitter_cfg.c **** 
 152:Generated_Source\PSoC4/cyfitter_cfg.c **** /*******************************************************************************
 153:Generated_Source\PSoC4/cyfitter_cfg.c **** * Function Name: ClockSetup
 154:Generated_Source\PSoC4/cyfitter_cfg.c **** ********************************************************************************
 155:Generated_Source\PSoC4/cyfitter_cfg.c **** *
 156:Generated_Source\PSoC4/cyfitter_cfg.c **** * Summary:
 157:Generated_Source\PSoC4/cyfitter_cfg.c **** *   Performs the initialization of all of the clocks in the device based on the
 158:Generated_Source\PSoC4/cyfitter_cfg.c **** *   settings in the Clock tab of the DWR.  This includes enabling the requested
 159:Generated_Source\PSoC4/cyfitter_cfg.c **** *   clocks and setting the necessary dividers to produce the desired frequency. 
 160:Generated_Source\PSoC4/cyfitter_cfg.c **** *
 161:Generated_Source\PSoC4/cyfitter_cfg.c **** * Parameters:
 162:Generated_Source\PSoC4/cyfitter_cfg.c **** *   void
 163:Generated_Source\PSoC4/cyfitter_cfg.c **** *
 164:Generated_Source\PSoC4/cyfitter_cfg.c **** * Return:
 165:Generated_Source\PSoC4/cyfitter_cfg.c **** *   void
 166:Generated_Source\PSoC4/cyfitter_cfg.c **** *
 167:Generated_Source\PSoC4/cyfitter_cfg.c **** *******************************************************************************/
 168:Generated_Source\PSoC4/cyfitter_cfg.c **** static void ClockSetup(void);
 169:Generated_Source\PSoC4/cyfitter_cfg.c **** CY_CFG_SECTION
 170:Generated_Source\PSoC4/cyfitter_cfg.c **** static void ClockSetup(void)
 171:Generated_Source\PSoC4/cyfitter_cfg.c **** {
 137              		.loc 1 171 0
 138              		.cfi_startproc
 139              		@ args = 0, pretend = 0, frame = 0
 140              		@ frame_needed = 1, uses_anonymous_args = 0
 141 0000 80B5     		push	{r7, lr}
 142              		.cfi_def_cfa_offset 8
 143              		.cfi_offset 7, -8
 144              		.cfi_offset 14, -4
 145 0002 00AF     		add	r7, sp, #0
 146              		.cfi_def_cfa_register 7
 172:Generated_Source\PSoC4/cyfitter_cfg.c **** 
 173:Generated_Source\PSoC4/cyfitter_cfg.c **** 	/* Set Flash Cycles based on max possible frequency in case a glitch occurs during ClockSetup(). *
 174:Generated_Source\PSoC4/cyfitter_cfg.c **** 	CY_SET_REG32((void CYXDATA *)(CYREG_CPUSS_FLASH_CTL), (0x0012u));
 147              		.loc 1 174 0
 148 0004 284B     		ldr	r3, .L5
 149 0006 1222     		movs	r2, #18
 150 0008 1A60     		str	r2, [r3]
 175:Generated_Source\PSoC4/cyfitter_cfg.c **** 
 176:Generated_Source\PSoC4/cyfitter_cfg.c **** 	/* Start the WCO */
 177:Generated_Source\PSoC4/cyfitter_cfg.c **** 	CySysClkWcoStart();
 151              		.loc 1 177 0
 152 000a FFF7FEFF 		bl	CySysClkWcoStart
 178:Generated_Source\PSoC4/cyfitter_cfg.c **** 	CyDelayCycles(12000000u); /* WCO may take up to 500ms to start */
 153              		.loc 1 178 0
 154 000e 274B     		ldr	r3, .L5+4
 155 0010 1800     		movs	r0, r3
 156 0012 FFF7FEFF 		bl	CyDelayCycles
 179:Generated_Source\PSoC4/cyfitter_cfg.c **** 	(void)CySysClkWcoSetPowerMode(CY_SYS_CLK_WCO_LPM);    /* Switch to the low power mode */
 157              		.loc 1 179 0
 158 0016 0120     		movs	r0, #1
 159 0018 FFF7FEFF 		bl	CySysClkWcoSetPowerMode
 180:Generated_Source\PSoC4/cyfitter_cfg.c **** 
 181:Generated_Source\PSoC4/cyfitter_cfg.c **** 	/* Setup and trim IMO based on desired frequency. */
 182:Generated_Source\PSoC4/cyfitter_cfg.c **** 	CySysClkWriteImoFreq(48u);
 160              		.loc 1 182 0
ARM GAS  C:\Users\dprdc\AppData\Local\Temp\ccWapuub.s 			page 7


 161 001c 3020     		movs	r0, #48
 162 001e FFF7FEFF 		bl	CySysClkWriteImoFreq
 183:Generated_Source\PSoC4/cyfitter_cfg.c **** 	/* CYDEV_CLK_ILO_CONFIG Starting address: CYDEV_CLK_ILO_CONFIG */
 184:Generated_Source\PSoC4/cyfitter_cfg.c **** 	CY_SET_REG32((void *)(CYREG_CLK_ILO_CONFIG), 0x80000006u);
 163              		.loc 1 184 0
 164 0022 234B     		ldr	r3, .L5+8
 165 0024 234A     		ldr	r2, .L5+12
 166 0026 1A60     		str	r2, [r3]
 185:Generated_Source\PSoC4/cyfitter_cfg.c **** 
 186:Generated_Source\PSoC4/cyfitter_cfg.c **** 	/* CYDEV_WDT_CONFIG Starting address: CYDEV_WDT_CONFIG */
 187:Generated_Source\PSoC4/cyfitter_cfg.c **** 	CY_SET_REG32((void *)(CYREG_WDT_CONFIG), 0x40000000u);
 167              		.loc 1 187 0
 168 0028 234B     		ldr	r3, .L5+16
 169 002a 8022     		movs	r2, #128
 170 002c D205     		lsls	r2, r2, #23
 171 002e 1A60     		str	r2, [r3]
 188:Generated_Source\PSoC4/cyfitter_cfg.c **** 
 189:Generated_Source\PSoC4/cyfitter_cfg.c **** 
 190:Generated_Source\PSoC4/cyfitter_cfg.c **** 	/* Enable fast start mode for XO */
 191:Generated_Source\PSoC4/cyfitter_cfg.c **** 	CY_SET_REG32((void*)CYREG_BLE_BLERD_BB_XO, CY_GET_REG32((void*)CYREG_BLE_BLERD_BB_XO) | (uint32)0x
 172              		.loc 1 191 0
 173 0030 224B     		ldr	r3, .L5+20
 174 0032 224A     		ldr	r2, .L5+20
 175 0034 1268     		ldr	r2, [r2]
 176 0036 0221     		movs	r1, #2
 177 0038 0A43     		orrs	r2, r1
 178 003a 1A60     		str	r2, [r3]
 192:Generated_Source\PSoC4/cyfitter_cfg.c **** 	CY_SET_REG32((void *)(CYREG_BLE_BLERD_BB_XO_CAPTRIM), 0x0000BCBCu);
 179              		.loc 1 192 0
 180 003c 204B     		ldr	r3, .L5+24
 181 003e 214A     		ldr	r2, .L5+28
 182 0040 1A60     		str	r2, [r3]
 193:Generated_Source\PSoC4/cyfitter_cfg.c **** 	/*Set XTAL(ECO) divider*/
 194:Generated_Source\PSoC4/cyfitter_cfg.c **** 	CY_SET_REG32((void *)(CYREG_BLE_BLESS_XTAL_CLK_DIV_CONFIG), 0x00000000u);
 183              		.loc 1 194 0
 184 0042 214B     		ldr	r3, .L5+32
 185 0044 0022     		movs	r2, #0
 186 0046 1A60     		str	r2, [r3]
 195:Generated_Source\PSoC4/cyfitter_cfg.c **** 	/* Disable Crystal Stable Interrupt before enabling ECO */
 196:Generated_Source\PSoC4/cyfitter_cfg.c **** 	CY_SET_REG32((void*)CYREG_BLE_BLESS_LL_DSM_CTRL, CY_GET_REG32((void*)CYREG_BLE_BLESS_LL_DSM_CTRL) 
 187              		.loc 1 196 0
 188 0048 204B     		ldr	r3, .L5+36
 189 004a 204A     		ldr	r2, .L5+36
 190 004c 1268     		ldr	r2, [r2]
 191 004e 0821     		movs	r1, #8
 192 0050 8A43     		bics	r2, r1
 193 0052 1A60     		str	r2, [r3]
 197:Generated_Source\PSoC4/cyfitter_cfg.c **** 	/* Start the ECO and do not check status since it is not needed for HFCLK */
 198:Generated_Source\PSoC4/cyfitter_cfg.c **** 	(void)CySysClkEcoStart(2000u);
 194              		.loc 1 198 0
 195 0054 FA23     		movs	r3, #250
 196 0056 DB00     		lsls	r3, r3, #3
 197 0058 1800     		movs	r0, r3
 198 005a FFF7FEFF 		bl	CySysClkEcoStart
 199:Generated_Source\PSoC4/cyfitter_cfg.c **** 	CyDelayUs(1500u); /* Wait to stabilize */
 199              		.loc 1 199 0
 200 005e 1C4B     		ldr	r3, .L5+40
ARM GAS  C:\Users\dprdc\AppData\Local\Temp\ccWapuub.s 			page 8


 201 0060 1800     		movs	r0, r3
 202 0062 FFF7FEFF 		bl	CyDelayUs
 200:Generated_Source\PSoC4/cyfitter_cfg.c **** 
 201:Generated_Source\PSoC4/cyfitter_cfg.c **** 	/* Setup phase aligned clocks */
 202:Generated_Source\PSoC4/cyfitter_cfg.c **** 	CY_SET_REG32((void *)CYREG_PERI_DIV_16_CTL0, 0x00001D00u);
 203              		.loc 1 202 0
 204 0066 1B4B     		ldr	r3, .L5+44
 205 0068 E822     		movs	r2, #232
 206 006a 5201     		lsls	r2, r2, #5
 207 006c 1A60     		str	r2, [r3]
 203:Generated_Source\PSoC4/cyfitter_cfg.c **** 	CY_SET_REG32((void *)CYREG_PERI_DIV_CMD, 0x8000FF40u);
 208              		.loc 1 203 0
 209 006e 1A4B     		ldr	r3, .L5+48
 210 0070 1A4A     		ldr	r2, .L5+52
 211 0072 1A60     		str	r2, [r3]
 204:Generated_Source\PSoC4/cyfitter_cfg.c **** 
 205:Generated_Source\PSoC4/cyfitter_cfg.c **** 	/* CYDEV_CLK_IMO_CONFIG Starting address: CYDEV_CLK_IMO_CONFIG */
 206:Generated_Source\PSoC4/cyfitter_cfg.c **** 	CY_SET_REG32((void *)(CYREG_CLK_IMO_CONFIG), 0x80000000u);
 212              		.loc 1 206 0
 213 0074 1A4B     		ldr	r3, .L5+56
 214 0076 8022     		movs	r2, #128
 215 0078 1206     		lsls	r2, r2, #24
 216 007a 1A60     		str	r2, [r3]
 207:Generated_Source\PSoC4/cyfitter_cfg.c **** 
 208:Generated_Source\PSoC4/cyfitter_cfg.c **** 	/* CYDEV_CLK_SELECT Starting address: CYDEV_CLK_SELECT */
 209:Generated_Source\PSoC4/cyfitter_cfg.c **** 	CY_SET_REG32((void *)(CYREG_CLK_SELECT), 0x00040000u);
 217              		.loc 1 209 0
 218 007c 194B     		ldr	r3, .L5+60
 219 007e 8022     		movs	r2, #128
 220 0080 D202     		lsls	r2, r2, #11
 221 0082 1A60     		str	r2, [r3]
 210:Generated_Source\PSoC4/cyfitter_cfg.c **** 
 211:Generated_Source\PSoC4/cyfitter_cfg.c **** 	/* CYDEV_PERI_PCLK_CTL2 Starting address: CYDEV_PERI_PCLK_CTL2 */
 212:Generated_Source\PSoC4/cyfitter_cfg.c **** 	CY_SET_REG32((void *)(CYREG_PERI_PCLK_CTL2), 0x00000040u);
 222              		.loc 1 212 0
 223 0084 184B     		ldr	r3, .L5+64
 224 0086 4022     		movs	r2, #64
 225 0088 1A60     		str	r2, [r3]
 213:Generated_Source\PSoC4/cyfitter_cfg.c **** 
 214:Generated_Source\PSoC4/cyfitter_cfg.c **** 	(void)CyIntSetVector(8u, &CySysWdtIsr);
 226              		.loc 1 214 0
 227 008a 184B     		ldr	r3, .L5+68
 228 008c 1900     		movs	r1, r3
 229 008e 0820     		movs	r0, #8
 230 0090 FFF7FEFF 		bl	CyIntSetVector
 215:Generated_Source\PSoC4/cyfitter_cfg.c **** 	CyIntEnable(8u);
 231              		.loc 1 215 0
 232 0094 0820     		movs	r0, #8
 233 0096 FFF7FEFF 		bl	CyIntEnable
 216:Generated_Source\PSoC4/cyfitter_cfg.c **** 	CY_SET_REG32((void *)(CYREG_WDT_CONFIG), 0x40000000u);
 234              		.loc 1 216 0
 235 009a 074B     		ldr	r3, .L5+16
 236 009c 8022     		movs	r2, #128
 237 009e D205     		lsls	r2, r2, #23
 238 00a0 1A60     		str	r2, [r3]
 217:Generated_Source\PSoC4/cyfitter_cfg.c **** }
 239              		.loc 1 217 0
ARM GAS  C:\Users\dprdc\AppData\Local\Temp\ccWapuub.s 			page 9


 240 00a2 C046     		nop
 241 00a4 BD46     		mov	sp, r7
 242              		@ sp needed
 243 00a6 80BD     		pop	{r7, pc}
 244              	.L6:
 245              		.align	2
 246              	.L5:
 247 00a8 30001040 		.word	1074790448
 248 00ac 001BB700 		.word	12000000
 249 00b0 04010B40 		.word	1074462980
 250 00b4 06000080 		.word	-2147483642
 251 00b8 0C020B40 		.word	1074463244
 252 00bc 78002E40 		.word	1076756600
 253 00c0 7C002E40 		.word	1076756604
 254 00c4 BCBC0000 		.word	48316
 255 00c8 64F02E40 		.word	1076818020
 256 00cc 6CF02E40 		.word	1076818028
 257 00d0 DC050000 		.word	1500
 258 00d4 00030140 		.word	1073808128
 259 00d8 00000140 		.word	1073807360
 260 00dc 40FF0080 		.word	-2147418304
 261 00e0 08010B40 		.word	1074462984
 262 00e4 00010B40 		.word	1074462976
 263 00e8 08010140 		.word	1073807624
 264 00ec 00000000 		.word	CySysWdtIsr
 265              		.cfi_endproc
 266              	.LFE5:
 267              		.size	ClockSetup, .-ClockSetup
 268              		.section	.text.AnalogSetDefault,"ax",%progbits
 269              		.align	2
 270              		.code	16
 271              		.thumb_func
 272              		.type	AnalogSetDefault, %function
 273              	AnalogSetDefault:
 274              	.LFB6:
 218:Generated_Source\PSoC4/cyfitter_cfg.c **** 
 219:Generated_Source\PSoC4/cyfitter_cfg.c **** 
 220:Generated_Source\PSoC4/cyfitter_cfg.c **** /* Analog API Functions */
 221:Generated_Source\PSoC4/cyfitter_cfg.c **** 
 222:Generated_Source\PSoC4/cyfitter_cfg.c **** 
 223:Generated_Source\PSoC4/cyfitter_cfg.c **** /*******************************************************************************
 224:Generated_Source\PSoC4/cyfitter_cfg.c **** * Function Name: AnalogSetDefault
 225:Generated_Source\PSoC4/cyfitter_cfg.c **** ********************************************************************************
 226:Generated_Source\PSoC4/cyfitter_cfg.c **** *
 227:Generated_Source\PSoC4/cyfitter_cfg.c **** * Summary:
 228:Generated_Source\PSoC4/cyfitter_cfg.c **** *  Sets up the analog portions of the chip to default values based on chip
 229:Generated_Source\PSoC4/cyfitter_cfg.c **** *  configuration options from the project.
 230:Generated_Source\PSoC4/cyfitter_cfg.c **** *
 231:Generated_Source\PSoC4/cyfitter_cfg.c **** * Parameters:
 232:Generated_Source\PSoC4/cyfitter_cfg.c **** *  void
 233:Generated_Source\PSoC4/cyfitter_cfg.c **** *
 234:Generated_Source\PSoC4/cyfitter_cfg.c **** * Return:
 235:Generated_Source\PSoC4/cyfitter_cfg.c **** *  void
 236:Generated_Source\PSoC4/cyfitter_cfg.c **** *
 237:Generated_Source\PSoC4/cyfitter_cfg.c **** *******************************************************************************/
 238:Generated_Source\PSoC4/cyfitter_cfg.c **** static void AnalogSetDefault(void);
 239:Generated_Source\PSoC4/cyfitter_cfg.c **** static void AnalogSetDefault(void)
ARM GAS  C:\Users\dprdc\AppData\Local\Temp\ccWapuub.s 			page 10


 240:Generated_Source\PSoC4/cyfitter_cfg.c **** {
 275              		.loc 1 240 0
 276              		.cfi_startproc
 277              		@ args = 0, pretend = 0, frame = 0
 278              		@ frame_needed = 1, uses_anonymous_args = 0
 279 0000 80B5     		push	{r7, lr}
 280              		.cfi_def_cfa_offset 8
 281              		.cfi_offset 7, -8
 282              		.cfi_offset 14, -4
 283 0002 00AF     		add	r7, sp, #0
 284              		.cfi_def_cfa_register 7
 241:Generated_Source\PSoC4/cyfitter_cfg.c **** 	CY_SET_XTND_REG32((void CYFAR *)CYREG_CTBM0_DFT_CTRL, 0x00000003u);
 285              		.loc 1 241 0
 286 0004 054B     		ldr	r3, .L8
 287 0006 0322     		movs	r2, #3
 288 0008 1A60     		str	r2, [r3]
 242:Generated_Source\PSoC4/cyfitter_cfg.c **** 	CY_SET_XTND_REG32((void CYFAR *)CYREG_CTBM1_DFT_CTRL, 0x00000003u);
 289              		.loc 1 242 0
 290 000a 054B     		ldr	r3, .L8+4
 291 000c 0322     		movs	r2, #3
 292 000e 1A60     		str	r2, [r3]
 243:Generated_Source\PSoC4/cyfitter_cfg.c **** 	CY_SET_XTND_REG32((void CYFAR *)CYREG_PASS_DSAB_DSAB_CTRL, 0x00000000u);
 293              		.loc 1 243 0
 294 0010 044B     		ldr	r3, .L8+8
 295 0012 0022     		movs	r2, #0
 296 0014 1A60     		str	r2, [r3]
 244:Generated_Source\PSoC4/cyfitter_cfg.c **** }
 297              		.loc 1 244 0
 298 0016 C046     		nop
 299 0018 BD46     		mov	sp, r7
 300              		@ sp needed
 301 001a 80BD     		pop	{r7, pc}
 302              	.L9:
 303              		.align	2
 304              	.L8:
 305 001c 30003040 		.word	1076887600
 306 0020 30003140 		.word	1076953136
 307 0024 000E3F40 		.word	1077874176
 308              		.cfi_endproc
 309              	.LFE6:
 310              		.size	AnalogSetDefault, .-AnalogSetDefault
 311              		.section	.psocinit
 312              		.align	2
 313              		.global	cyfitter_cfg
 314              		.code	16
 315              		.thumb_func
 316              		.type	cyfitter_cfg, %function
 317              	cyfitter_cfg:
 318              	.LFB7:
 245:Generated_Source\PSoC4/cyfitter_cfg.c **** 
 246:Generated_Source\PSoC4/cyfitter_cfg.c **** 
 247:Generated_Source\PSoC4/cyfitter_cfg.c **** 
 248:Generated_Source\PSoC4/cyfitter_cfg.c **** 
 249:Generated_Source\PSoC4/cyfitter_cfg.c **** /*******************************************************************************
 250:Generated_Source\PSoC4/cyfitter_cfg.c **** * Function Name: cyfitter_cfg
 251:Generated_Source\PSoC4/cyfitter_cfg.c **** ********************************************************************************
 252:Generated_Source\PSoC4/cyfitter_cfg.c **** * Summary:
ARM GAS  C:\Users\dprdc\AppData\Local\Temp\ccWapuub.s 			page 11


 253:Generated_Source\PSoC4/cyfitter_cfg.c **** *  This function is called by the start-up code for the selected device. It
 254:Generated_Source\PSoC4/cyfitter_cfg.c **** *  performs all of the necessary device configuration based on the design
 255:Generated_Source\PSoC4/cyfitter_cfg.c **** *  settings.  This includes settings from the Design Wide Resources (DWR) such
 256:Generated_Source\PSoC4/cyfitter_cfg.c **** *  as Clocks and Pins as well as any component configuration that is necessary.
 257:Generated_Source\PSoC4/cyfitter_cfg.c **** *
 258:Generated_Source\PSoC4/cyfitter_cfg.c **** * Parameters:
 259:Generated_Source\PSoC4/cyfitter_cfg.c **** *   void
 260:Generated_Source\PSoC4/cyfitter_cfg.c **** *
 261:Generated_Source\PSoC4/cyfitter_cfg.c **** * Return:
 262:Generated_Source\PSoC4/cyfitter_cfg.c **** *   void
 263:Generated_Source\PSoC4/cyfitter_cfg.c **** *
 264:Generated_Source\PSoC4/cyfitter_cfg.c **** *******************************************************************************/
 265:Generated_Source\PSoC4/cyfitter_cfg.c **** CY_CFG_SECTION
 266:Generated_Source\PSoC4/cyfitter_cfg.c **** void cyfitter_cfg(void)
 267:Generated_Source\PSoC4/cyfitter_cfg.c **** {
 319              		.loc 1 267 0
 320              		.cfi_startproc
 321              		@ args = 0, pretend = 0, frame = 8
 322              		@ frame_needed = 1, uses_anonymous_args = 0
 323 00f0 80B5     		push	{r7, lr}
 324              		.cfi_def_cfa_offset 8
 325              		.cfi_offset 7, -8
 326              		.cfi_offset 14, -4
 327 00f2 82B0     		sub	sp, sp, #8
 328              		.cfi_def_cfa_offset 16
 329 00f4 00AF     		add	r7, sp, #0
 330              		.cfi_def_cfa_register 7
 268:Generated_Source\PSoC4/cyfitter_cfg.c **** 	/* Disable interrupts by default. Let user enable if/when they want. */
 269:Generated_Source\PSoC4/cyfitter_cfg.c **** 	CyGlobalIntDisable;
 331              		.loc 1 269 0
 332              		.syntax divided
 333              	@ 269 "Generated_Source\PSoC4\cyfitter_cfg.c" 1
 334 00f6 72B6     		CPSID   i
 335              	@ 0 "" 2
 270:Generated_Source\PSoC4/cyfitter_cfg.c **** 
 271:Generated_Source\PSoC4/cyfitter_cfg.c **** 	CY_SET_REG32((void *)(CYREG_BLE_BLESS_LL_DSM_CTRL), 0x00000000u);
 336              		.loc 1 271 0
 337              		.thumb
 338              		.syntax unified
 339 00f8 314B     		ldr	r3, .L13
 340 00fa 0022     		movs	r2, #0
 341 00fc 1A60     		str	r2, [r3]
 342              	.LBB2:
 272:Generated_Source\PSoC4/cyfitter_cfg.c **** 
 273:Generated_Source\PSoC4/cyfitter_cfg.c **** 	{
 274:Generated_Source\PSoC4/cyfitter_cfg.c **** 
 275:Generated_Source\PSoC4/cyfitter_cfg.c **** 		CYPACKED typedef struct {
 276:Generated_Source\PSoC4/cyfitter_cfg.c **** 			void CYFAR *address;
 277:Generated_Source\PSoC4/cyfitter_cfg.c **** 			uint16 size;
 278:Generated_Source\PSoC4/cyfitter_cfg.c **** 		} CYPACKED_ATTR cfg_memset_t;
 279:Generated_Source\PSoC4/cyfitter_cfg.c **** 
 280:Generated_Source\PSoC4/cyfitter_cfg.c **** 		static const cfg_memset_t CYCODE cfg_memset_list[] = {
 281:Generated_Source\PSoC4/cyfitter_cfg.c **** 			/* address, size */
 282:Generated_Source\PSoC4/cyfitter_cfg.c **** 			{(void CYFAR *)(CYDEV_UDB_P0_U0_BASE), 1024u},
 283:Generated_Source\PSoC4/cyfitter_cfg.c **** 			{(void CYFAR *)(CYDEV_UDB_DSI0_BASE), 1024u},
 284:Generated_Source\PSoC4/cyfitter_cfg.c **** 		};
 285:Generated_Source\PSoC4/cyfitter_cfg.c **** 
ARM GAS  C:\Users\dprdc\AppData\Local\Temp\ccWapuub.s 			page 12


 286:Generated_Source\PSoC4/cyfitter_cfg.c **** 		uint8 CYDATA i;
 287:Generated_Source\PSoC4/cyfitter_cfg.c **** 
 288:Generated_Source\PSoC4/cyfitter_cfg.c **** 		/* Zero out critical memory blocks before beginning configuration */
 289:Generated_Source\PSoC4/cyfitter_cfg.c **** 		for (i = 0u; i < (sizeof(cfg_memset_list)/sizeof(cfg_memset_list[0])); i++)
 343              		.loc 1 289 0
 344 00fe FB1D     		adds	r3, r7, #7
 345 0100 0022     		movs	r2, #0
 346 0102 1A70     		strb	r2, [r3]
 347 0104 22E0     		b	.L11
 348              	.L12:
 349              	.LBB3:
 290:Generated_Source\PSoC4/cyfitter_cfg.c **** 		{
 291:Generated_Source\PSoC4/cyfitter_cfg.c **** 			const cfg_memset_t CYCODE * CYDATA ms = &cfg_memset_list[i];
 350              		.loc 1 291 0 discriminator 3
 351 0106 FB1D     		adds	r3, r7, #7
 352 0108 1A78     		ldrb	r2, [r3]
 353 010a 1300     		movs	r3, r2
 354 010c 5B00     		lsls	r3, r3, #1
 355 010e 9B18     		adds	r3, r3, r2
 356 0110 5B00     		lsls	r3, r3, #1
 357 0112 2C4A     		ldr	r2, .L13+4
 358 0114 9B18     		adds	r3, r3, r2
 359 0116 3B60     		str	r3, [r7]
 292:Generated_Source\PSoC4/cyfitter_cfg.c **** 			CYMEMZERO(ms->address, (size_t)(uint32)(ms->size));
 360              		.loc 1 292 0 discriminator 3
 361 0118 3B68     		ldr	r3, [r7]
 362 011a 1A78     		ldrb	r2, [r3]
 363 011c 5978     		ldrb	r1, [r3, #1]
 364 011e 0902     		lsls	r1, r1, #8
 365 0120 0A43     		orrs	r2, r1
 366 0122 9978     		ldrb	r1, [r3, #2]
 367 0124 0904     		lsls	r1, r1, #16
 368 0126 0A43     		orrs	r2, r1
 369 0128 DB78     		ldrb	r3, [r3, #3]
 370 012a 1B06     		lsls	r3, r3, #24
 371 012c 1343     		orrs	r3, r2
 372 012e 1800     		movs	r0, r3
 373 0130 3B68     		ldr	r3, [r7]
 374 0132 1A79     		ldrb	r2, [r3, #4]
 375 0134 5B79     		ldrb	r3, [r3, #5]
 376 0136 1B02     		lsls	r3, r3, #8
 377 0138 1343     		orrs	r3, r2
 378 013a 9BB2     		uxth	r3, r3
 379 013c 1900     		movs	r1, r3
 380 013e FFF7FEFF 		bl	CYMEMZERO
 381              	.LBE3:
 289:Generated_Source\PSoC4/cyfitter_cfg.c **** 		{
 382              		.loc 1 289 0 discriminator 3
 383 0142 FB1D     		adds	r3, r7, #7
 384 0144 1A78     		ldrb	r2, [r3]
 385 0146 FB1D     		adds	r3, r7, #7
 386 0148 0132     		adds	r2, r2, #1
 387 014a 1A70     		strb	r2, [r3]
 388              	.L11:
 289:Generated_Source\PSoC4/cyfitter_cfg.c **** 		{
 389              		.loc 1 289 0 is_stmt 0 discriminator 1
 390 014c FB1D     		adds	r3, r7, #7
ARM GAS  C:\Users\dprdc\AppData\Local\Temp\ccWapuub.s 			page 13


 391 014e 1B78     		ldrb	r3, [r3]
 392 0150 012B     		cmp	r3, #1
 393 0152 D8D9     		bls	.L12
 293:Generated_Source\PSoC4/cyfitter_cfg.c **** 		}
 294:Generated_Source\PSoC4/cyfitter_cfg.c **** 
 295:Generated_Source\PSoC4/cyfitter_cfg.c **** 		/* HSIOM Starting address: CYDEV_HSIOM_BASE */
 296:Generated_Source\PSoC4/cyfitter_cfg.c **** 		CY_SET_REG32((void *)(CYDEV_HSIOM_BASE), 0xEE000000u);
 394              		.loc 1 296 0 is_stmt 1
 395 0154 1C4B     		ldr	r3, .L13+8
 396 0156 EE22     		movs	r2, #238
 397 0158 1206     		lsls	r2, r2, #24
 398 015a 1A60     		str	r2, [r3]
 297:Generated_Source\PSoC4/cyfitter_cfg.c **** 		CY_SET_REG32((void *)(CYREG_HSIOM_PORT_SEL5), 0x000000EEu);
 399              		.loc 1 297 0
 400 015c 1B4B     		ldr	r3, .L13+12
 401 015e EE22     		movs	r2, #238
 402 0160 1A60     		str	r2, [r3]
 298:Generated_Source\PSoC4/cyfitter_cfg.c **** 
 299:Generated_Source\PSoC4/cyfitter_cfg.c **** 		/* UDB_PA_0 Starting address: CYDEV_UDB_PA0_BASE */
 300:Generated_Source\PSoC4/cyfitter_cfg.c **** 		CY_SET_REG32((void *)(CYDEV_UDB_PA0_BASE), 0x00990000u);
 403              		.loc 1 300 0
 404 0162 1B4B     		ldr	r3, .L13+16
 405 0164 9922     		movs	r2, #153
 406 0166 1204     		lsls	r2, r2, #16
 407 0168 1A60     		str	r2, [r3]
 301:Generated_Source\PSoC4/cyfitter_cfg.c **** 
 302:Generated_Source\PSoC4/cyfitter_cfg.c **** 		/* UDB_PA_2 Starting address: CYDEV_UDB_PA2_BASE */
 303:Generated_Source\PSoC4/cyfitter_cfg.c **** 		CY_SET_REG32((void *)(CYDEV_UDB_PA2_BASE), 0x00990000u);
 408              		.loc 1 303 0
 409 016a 1A4B     		ldr	r3, .L13+20
 410 016c 9922     		movs	r2, #153
 411 016e 1204     		lsls	r2, r2, #16
 412 0170 1A60     		str	r2, [r3]
 304:Generated_Source\PSoC4/cyfitter_cfg.c **** 
 305:Generated_Source\PSoC4/cyfitter_cfg.c **** 		/* UDB_PA_3 Starting address: CYDEV_UDB_PA3_BASE */
 306:Generated_Source\PSoC4/cyfitter_cfg.c **** 		CY_SET_REG32((void *)(CYDEV_UDB_PA3_BASE), 0x00990000u);
 413              		.loc 1 306 0
 414 0172 194B     		ldr	r3, .L13+24
 415 0174 9922     		movs	r2, #153
 416 0176 1204     		lsls	r2, r2, #16
 417 0178 1A60     		str	r2, [r3]
 307:Generated_Source\PSoC4/cyfitter_cfg.c **** 
 308:Generated_Source\PSoC4/cyfitter_cfg.c **** 		/* Enable digital routing */
 309:Generated_Source\PSoC4/cyfitter_cfg.c **** 		CY_SET_XTND_REG8((void *)CYREG_UDB_UDBIF_BANK_CTL, (uint8)(CY_GET_XTND_REG8((void *)CYREG_UDB_UDB
 418              		.loc 1 309 0
 419 017a 184A     		ldr	r2, .L13+28
 420 017c 174B     		ldr	r3, .L13+28
 421 017e 1B78     		ldrb	r3, [r3]
 422 0180 DBB2     		uxtb	r3, r3
 423 0182 0621     		movs	r1, #6
 424 0184 0B43     		orrs	r3, r1
 425 0186 DBB2     		uxtb	r3, r3
 426 0188 1370     		strb	r3, [r2]
 427              	.LBE2:
 310:Generated_Source\PSoC4/cyfitter_cfg.c **** 	}
 311:Generated_Source\PSoC4/cyfitter_cfg.c **** 
 312:Generated_Source\PSoC4/cyfitter_cfg.c **** 	/* Perform second pass device configuration. These items must be configured in specific order afte
ARM GAS  C:\Users\dprdc\AppData\Local\Temp\ccWapuub.s 			page 14


 313:Generated_Source\PSoC4/cyfitter_cfg.c **** 	/* IOPINS0_0 Starting address: CYDEV_GPIO_PRT0_BASE */
 314:Generated_Source\PSoC4/cyfitter_cfg.c **** 	CY_SET_REG32((void *)(CYREG_GPIO_PRT0_PC), 0x00D80000u);
 428              		.loc 1 314 0
 429 018a 154B     		ldr	r3, .L13+32
 430 018c D822     		movs	r2, #216
 431 018e 1204     		lsls	r2, r2, #16
 432 0190 1A60     		str	r2, [r3]
 315:Generated_Source\PSoC4/cyfitter_cfg.c **** 
 316:Generated_Source\PSoC4/cyfitter_cfg.c **** 	/* IOPINS0_2 Starting address: CYDEV_GPIO_PRT2_BASE */
 317:Generated_Source\PSoC4/cyfitter_cfg.c **** 	CY_SET_REG32((void *)(CYREG_GPIO_PRT2_PC), 0x00180000u);
 433              		.loc 1 317 0
 434 0192 144B     		ldr	r3, .L13+36
 435 0194 C022     		movs	r2, #192
 436 0196 5203     		lsls	r2, r2, #13
 437 0198 1A60     		str	r2, [r3]
 318:Generated_Source\PSoC4/cyfitter_cfg.c **** 
 319:Generated_Source\PSoC4/cyfitter_cfg.c **** 	/* IOPINS0_3 Starting address: CYDEV_GPIO_PRT3_BASE */
 320:Generated_Source\PSoC4/cyfitter_cfg.c **** 	CY_SET_REG32((void *)(CYREG_GPIO_PRT3_PC), 0x00D80000u);
 438              		.loc 1 320 0
 439 019a 134B     		ldr	r3, .L13+40
 440 019c D822     		movs	r2, #216
 441 019e 1204     		lsls	r2, r2, #16
 442 01a0 1A60     		str	r2, [r3]
 321:Generated_Source\PSoC4/cyfitter_cfg.c **** 
 322:Generated_Source\PSoC4/cyfitter_cfg.c **** 	/* IOPINS0_5 Starting address: CYDEV_GPIO_PRT5_BASE */
 323:Generated_Source\PSoC4/cyfitter_cfg.c **** 	CY_SET_REG32((void *)(CYDEV_GPIO_PRT5_BASE), 0x00000003u);
 443              		.loc 1 323 0
 444 01a2 124B     		ldr	r3, .L13+44
 445 01a4 0322     		movs	r2, #3
 446 01a6 1A60     		str	r2, [r3]
 324:Generated_Source\PSoC4/cyfitter_cfg.c **** 	CY_SET_REG32((void *)(CYREG_GPIO_PRT5_PC), 0x00000024u);
 447              		.loc 1 324 0
 448 01a8 114B     		ldr	r3, .L13+48
 449 01aa 2422     		movs	r2, #36
 450 01ac 1A60     		str	r2, [r3]
 325:Generated_Source\PSoC4/cyfitter_cfg.c **** 
 326:Generated_Source\PSoC4/cyfitter_cfg.c **** 
 327:Generated_Source\PSoC4/cyfitter_cfg.c **** 	/* Setup clocks based on selections from Clock DWR */
 328:Generated_Source\PSoC4/cyfitter_cfg.c **** 	ClockSetup();
 451              		.loc 1 328 0
 452 01ae FFF727FF 		bl	ClockSetup
 329:Generated_Source\PSoC4/cyfitter_cfg.c **** 
 330:Generated_Source\PSoC4/cyfitter_cfg.c **** 	/* Perform basic analog initialization to defaults */
 331:Generated_Source\PSoC4/cyfitter_cfg.c **** 	AnalogSetDefault();
 453              		.loc 1 331 0
 454 01b2 FFF7FEFF 		bl	AnalogSetDefault
 332:Generated_Source\PSoC4/cyfitter_cfg.c **** 
 333:Generated_Source\PSoC4/cyfitter_cfg.c **** }
 455              		.loc 1 333 0
 456 01b6 C046     		nop
 457 01b8 BD46     		mov	sp, r7
 458 01ba 02B0     		add	sp, sp, #8
 459              		@ sp needed
 460 01bc 80BD     		pop	{r7, pc}
 461              	.L14:
 462 01be C046     		.align	2
 463              	.L13:
ARM GAS  C:\Users\dprdc\AppData\Local\Temp\ccWapuub.s 			page 15


 464 01c0 6CF02E40 		.word	1076818028
 465 01c4 00000000 		.word	cfg_memset_list.4884
 466 01c8 00000240 		.word	1073872896
 467 01cc 00050240 		.word	1073874176
 468 01d0 00500F40 		.word	1074745344
 469 01d4 20500F40 		.word	1074745376
 470 01d8 30500F40 		.word	1074745392
 471 01dc 00700F40 		.word	1074753536
 472 01e0 08000440 		.word	1074003976
 473 01e4 08020440 		.word	1074004488
 474 01e8 08030440 		.word	1074004744
 475 01ec 00050440 		.word	1074005248
 476 01f0 08050440 		.word	1074005256
 477              		.cfi_endproc
 478              	.LFE7:
 479              		.size	cyfitter_cfg, .-cyfitter_cfg
 480              		.section	.rodata
 481              		.align	2
 482              		.type	cfg_memset_list.4884, %object
 483              		.size	cfg_memset_list.4884, 12
 484              	cfg_memset_list.4884:
 485 0000 00300F40 		.word	1074737152
 486 0004 0004     		.short	1024
 487 0006 00400F40 		.4byte	1074741248
 488 000a 0004     		.short	1024
 489              		.text
 490              	.Letext0:
 491              		.file 2 "c:\\program files (x86)\\cypress\\psoc creator\\4.3\\psoc creator\\import\\gnu\\arm\\5.4.
 492              		.file 3 "Generated_Source\\PSoC4\\cytypes.h"
 493              		.section	.debug_info,"",%progbits
 494              	.Ldebug_info0:
 495 0000 55020000 		.4byte	0x255
 496 0004 0400     		.2byte	0x4
 497 0006 00000000 		.4byte	.Ldebug_abbrev0
 498 000a 04       		.byte	0x4
 499 000b 01       		.uleb128 0x1
 500 000c 3C010000 		.4byte	.LASF30
 501 0010 0C       		.byte	0xc
 502 0011 35020000 		.4byte	.LASF31
 503 0015 8B000000 		.4byte	.LASF32
 504 0019 00000000 		.4byte	.Ldebug_ranges0+0
 505 001d 00000000 		.4byte	0
 506 0021 00000000 		.4byte	.Ldebug_line0
 507 0025 02       		.uleb128 0x2
 508 0026 04       		.byte	0x4
 509 0027 05       		.byte	0x5
 510 0028 696E7400 		.ascii	"int\000"
 511 002c 03       		.uleb128 0x3
 512 002d 06000000 		.4byte	.LASF12
 513 0031 02       		.byte	0x2
 514 0032 D8       		.byte	0xd8
 515 0033 37000000 		.4byte	0x37
 516 0037 04       		.uleb128 0x4
 517 0038 04       		.byte	0x4
 518 0039 07       		.byte	0x7
 519 003a 2F010000 		.4byte	.LASF0
 520 003e 04       		.uleb128 0x4
ARM GAS  C:\Users\dprdc\AppData\Local\Temp\ccWapuub.s 			page 16


 521 003f 08       		.byte	0x8
 522 0040 05       		.byte	0x5
 523 0041 F7010000 		.4byte	.LASF1
 524 0045 04       		.uleb128 0x4
 525 0046 08       		.byte	0x8
 526 0047 04       		.byte	0x4
 527 0048 1D020000 		.4byte	.LASF2
 528 004c 04       		.uleb128 0x4
 529 004d 01       		.byte	0x1
 530 004e 06       		.byte	0x6
 531 004f 29020000 		.4byte	.LASF3
 532 0053 04       		.uleb128 0x4
 533 0054 01       		.byte	0x1
 534 0055 08       		.byte	0x8
 535 0056 FF000000 		.4byte	.LASF4
 536 005a 04       		.uleb128 0x4
 537 005b 02       		.byte	0x2
 538 005c 05       		.byte	0x5
 539 005d 0A020000 		.4byte	.LASF5
 540 0061 04       		.uleb128 0x4
 541 0062 02       		.byte	0x2
 542 0063 07       		.byte	0x7
 543 0064 39000000 		.4byte	.LASF6
 544 0068 04       		.uleb128 0x4
 545 0069 04       		.byte	0x4
 546 006a 05       		.byte	0x5
 547 006b 14020000 		.4byte	.LASF7
 548 006f 04       		.uleb128 0x4
 549 0070 04       		.byte	0x4
 550 0071 07       		.byte	0x7
 551 0072 69000000 		.4byte	.LASF8
 552 0076 04       		.uleb128 0x4
 553 0077 08       		.byte	0x8
 554 0078 07       		.byte	0x7
 555 0079 CA010000 		.4byte	.LASF9
 556 007d 04       		.uleb128 0x4
 557 007e 04       		.byte	0x4
 558 007f 07       		.byte	0x7
 559 0080 EE010000 		.4byte	.LASF10
 560 0084 05       		.uleb128 0x5
 561 0085 04       		.byte	0x4
 562 0086 04       		.uleb128 0x4
 563 0087 01       		.byte	0x1
 564 0088 08       		.byte	0x8
 565 0089 05020000 		.4byte	.LASF11
 566 008d 06       		.uleb128 0x6
 567 008e 7B000000 		.4byte	.LASF13
 568 0092 03       		.byte	0x3
 569 0093 F701     		.2byte	0x1f7
 570 0095 53000000 		.4byte	0x53
 571 0099 06       		.uleb128 0x6
 572 009a 21010000 		.4byte	.LASF14
 573 009e 03       		.byte	0x3
 574 009f F801     		.2byte	0x1f8
 575 00a1 61000000 		.4byte	0x61
 576 00a5 06       		.uleb128 0x6
 577 00a6 28010000 		.4byte	.LASF15
ARM GAS  C:\Users\dprdc\AppData\Local\Temp\ccWapuub.s 			page 17


 578 00aa 03       		.byte	0x3
 579 00ab F901     		.2byte	0x1f9
 580 00ad 6F000000 		.4byte	0x6f
 581 00b1 04       		.uleb128 0x4
 582 00b2 04       		.byte	0x4
 583 00b3 04       		.byte	0x4
 584 00b4 4C000000 		.4byte	.LASF16
 585 00b8 04       		.uleb128 0x4
 586 00b9 08       		.byte	0x8
 587 00ba 04       		.byte	0x4
 588 00bb 0D010000 		.4byte	.LASF17
 589 00bf 06       		.uleb128 0x6
 590 00c0 5C000000 		.4byte	.LASF18
 591 00c4 03       		.byte	0x3
 592 00c5 A102     		.2byte	0x2a1
 593 00c7 CB000000 		.4byte	0xcb
 594 00cb 07       		.uleb128 0x7
 595 00cc 8D000000 		.4byte	0x8d
 596 00d0 06       		.uleb128 0x6
 597 00d1 00000000 		.4byte	.LASF19
 598 00d5 03       		.byte	0x3
 599 00d6 A302     		.2byte	0x2a3
 600 00d8 DC000000 		.4byte	0xdc
 601 00dc 07       		.uleb128 0x7
 602 00dd A5000000 		.4byte	0xa5
 603 00e1 08       		.uleb128 0x8
 604 00e2 81000000 		.4byte	.LASF20
 605 00e6 01       		.byte	0x1
 606 00e7 4C       		.byte	0x4c
 607 00e8 00000000 		.4byte	.LFB2
 608 00ec 1E000000 		.4byte	.LFE2-.LFB2
 609 00f0 01       		.uleb128 0x1
 610 00f1 9C       		.byte	0x9c
 611 00f2 0F010000 		.4byte	0x10f
 612 00f6 09       		.uleb128 0x9
 613 00f7 7300     		.ascii	"s\000"
 614 00f9 01       		.byte	0x1
 615 00fa 4C       		.byte	0x4c
 616 00fb 84000000 		.4byte	0x84
 617 00ff 02       		.uleb128 0x2
 618 0100 91       		.byte	0x91
 619 0101 74       		.sleb128 -12
 620 0102 09       		.uleb128 0x9
 621 0103 6E00     		.ascii	"n\000"
 622 0105 01       		.byte	0x1
 623 0106 4C       		.byte	0x4c
 624 0107 2C000000 		.4byte	0x2c
 625 010b 02       		.uleb128 0x2
 626 010c 91       		.byte	0x91
 627 010d 70       		.sleb128 -16
 628 010e 00       		.byte	0
 629 010f 08       		.uleb128 0x8
 630 0110 6B020000 		.4byte	.LASF21
 631 0114 01       		.byte	0x1
 632 0115 53       		.byte	0x53
 633 0116 00000000 		.4byte	.LFB3
 634 011a 20000000 		.4byte	.LFE3-.LFB3
ARM GAS  C:\Users\dprdc\AppData\Local\Temp\ccWapuub.s 			page 18


 635 011e 01       		.uleb128 0x1
 636 011f 9C       		.byte	0x9c
 637 0120 4D010000 		.4byte	0x14d
 638 0124 0A       		.uleb128 0xa
 639 0125 52000000 		.4byte	.LASF22
 640 0129 01       		.byte	0x1
 641 012a 53       		.byte	0x53
 642 012b 84000000 		.4byte	0x84
 643 012f 02       		.uleb128 0x2
 644 0130 91       		.byte	0x91
 645 0131 74       		.sleb128 -12
 646 0132 09       		.uleb128 0x9
 647 0133 73726300 		.ascii	"src\000"
 648 0137 01       		.byte	0x1
 649 0138 53       		.byte	0x53
 650 0139 4D010000 		.4byte	0x14d
 651 013d 02       		.uleb128 0x2
 652 013e 91       		.byte	0x91
 653 013f 70       		.sleb128 -16
 654 0140 09       		.uleb128 0x9
 655 0141 6E00     		.ascii	"n\000"
 656 0143 01       		.byte	0x1
 657 0144 53       		.byte	0x53
 658 0145 2C000000 		.4byte	0x2c
 659 0149 02       		.uleb128 0x2
 660 014a 91       		.byte	0x91
 661 014b 6C       		.sleb128 -20
 662 014c 00       		.byte	0
 663 014d 0B       		.uleb128 0xb
 664 014e 04       		.byte	0x4
 665 014f 53010000 		.4byte	0x153
 666 0153 0C       		.uleb128 0xc
 667 0154 08       		.uleb128 0x8
 668 0155 5B020000 		.4byte	.LASF23
 669 0159 01       		.byte	0x1
 670 015a 5A       		.byte	0x5a
 671 015b 00000000 		.4byte	.LFB4
 672 015f 20000000 		.4byte	.LFE4-.LFB4
 673 0163 01       		.uleb128 0x1
 674 0164 9C       		.byte	0x9c
 675 0165 92010000 		.4byte	0x192
 676 0169 0A       		.uleb128 0xa
 677 016a 52000000 		.4byte	.LASF22
 678 016e 01       		.byte	0x1
 679 016f 5A       		.byte	0x5a
 680 0170 84000000 		.4byte	0x84
 681 0174 02       		.uleb128 0x2
 682 0175 91       		.byte	0x91
 683 0176 74       		.sleb128 -12
 684 0177 09       		.uleb128 0x9
 685 0178 73726300 		.ascii	"src\000"
 686 017c 01       		.byte	0x1
 687 017d 5A       		.byte	0x5a
 688 017e 4D010000 		.4byte	0x14d
 689 0182 02       		.uleb128 0x2
 690 0183 91       		.byte	0x91
 691 0184 70       		.sleb128 -16
ARM GAS  C:\Users\dprdc\AppData\Local\Temp\ccWapuub.s 			page 19


 692 0185 09       		.uleb128 0x9
 693 0186 6E00     		.ascii	"n\000"
 694 0188 01       		.byte	0x1
 695 0189 5A       		.byte	0x5a
 696 018a 2C000000 		.4byte	0x2c
 697 018e 02       		.uleb128 0x2
 698 018f 91       		.byte	0x91
 699 0190 6C       		.sleb128 -20
 700 0191 00       		.byte	0
 701 0192 0D       		.uleb128 0xd
 702 0193 2E000000 		.4byte	.LASF24
 703 0197 01       		.byte	0x1
 704 0198 AA       		.byte	0xaa
 705 0199 00000000 		.4byte	.LFB5
 706 019d F0000000 		.4byte	.LFE5-.LFB5
 707 01a1 01       		.uleb128 0x1
 708 01a2 9C       		.byte	0x9c
 709 01a3 0E       		.uleb128 0xe
 710 01a4 0D000000 		.4byte	.LASF25
 711 01a8 01       		.byte	0x1
 712 01a9 EF       		.byte	0xef
 713 01aa 00000000 		.4byte	.LFB6
 714 01ae 28000000 		.4byte	.LFE6-.LFB6
 715 01b2 01       		.uleb128 0x1
 716 01b3 9C       		.byte	0x9c
 717 01b4 0F       		.uleb128 0xf
 718 01b5 14010000 		.4byte	.LASF33
 719 01b9 01       		.byte	0x1
 720 01ba 0A01     		.2byte	0x10a
 721 01bc F0000000 		.4byte	.LFB7
 722 01c0 04010000 		.4byte	.LFE7-.LFB7
 723 01c4 01       		.uleb128 0x1
 724 01c5 9C       		.byte	0x9c
 725 01c6 10       		.uleb128 0x10
 726 01c7 FE000000 		.4byte	.LBB2
 727 01cb 8C000000 		.4byte	.LBE2-.LBB2
 728 01cf 11       		.uleb128 0x11
 729 01d0 06       		.byte	0x6
 730 01d1 01       		.byte	0x1
 731 01d2 1301     		.2byte	0x113
 732 01d4 F3010000 		.4byte	0x1f3
 733 01d8 12       		.uleb128 0x12
 734 01d9 61000000 		.4byte	.LASF26
 735 01dd 01       		.byte	0x1
 736 01de 1401     		.2byte	0x114
 737 01e0 84000000 		.4byte	0x84
 738 01e4 00       		.byte	0
 739 01e5 12       		.uleb128 0x12
 740 01e6 57000000 		.4byte	.LASF27
 741 01ea 01       		.byte	0x1
 742 01eb 1501     		.2byte	0x115
 743 01ed 99000000 		.4byte	0x99
 744 01f1 04       		.byte	0x4
 745 01f2 00       		.byte	0
 746 01f3 06       		.uleb128 0x6
 747 01f4 E1010000 		.4byte	.LASF28
 748 01f8 01       		.byte	0x1
ARM GAS  C:\Users\dprdc\AppData\Local\Temp\ccWapuub.s 			page 20


 749 01f9 1601     		.2byte	0x116
 750 01fb CF010000 		.4byte	0x1cf
 751 01ff 13       		.uleb128 0x13
 752 0200 0F020000 		.4byte	0x20f
 753 0204 0F020000 		.4byte	0x20f
 754 0208 14       		.uleb128 0x14
 755 0209 7D000000 		.4byte	0x7d
 756 020d 01       		.byte	0x1
 757 020e 00       		.byte	0
 758 020f 15       		.uleb128 0x15
 759 0210 F3010000 		.4byte	0x1f3
 760 0214 16       		.uleb128 0x16
 761 0215 1E000000 		.4byte	.LASF29
 762 0219 01       		.byte	0x1
 763 021a 1801     		.2byte	0x118
 764 021c 26020000 		.4byte	0x226
 765 0220 05       		.uleb128 0x5
 766 0221 03       		.byte	0x3
 767 0222 00000000 		.4byte	cfg_memset_list.4884
 768 0226 15       		.uleb128 0x15
 769 0227 FF010000 		.4byte	0x1ff
 770 022b 17       		.uleb128 0x17
 771 022c 6900     		.ascii	"i\000"
 772 022e 01       		.byte	0x1
 773 022f 1E01     		.2byte	0x11e
 774 0231 8D000000 		.4byte	0x8d
 775 0235 02       		.uleb128 0x2
 776 0236 91       		.byte	0x91
 777 0237 77       		.sleb128 -9
 778 0238 10       		.uleb128 0x10
 779 0239 06010000 		.4byte	.LBB3
 780 023d 3C000000 		.4byte	.LBE3-.LBB3
 781 0241 17       		.uleb128 0x17
 782 0242 6D7300   		.ascii	"ms\000"
 783 0245 01       		.byte	0x1
 784 0246 2301     		.2byte	0x123
 785 0248 4F020000 		.4byte	0x24f
 786 024c 02       		.uleb128 0x2
 787 024d 91       		.byte	0x91
 788 024e 70       		.sleb128 -16
 789 024f 0B       		.uleb128 0xb
 790 0250 04       		.byte	0x4
 791 0251 0F020000 		.4byte	0x20f
 792 0255 00       		.byte	0
 793 0256 00       		.byte	0
 794 0257 00       		.byte	0
 795 0258 00       		.byte	0
 796              		.section	.debug_abbrev,"",%progbits
 797              	.Ldebug_abbrev0:
 798 0000 01       		.uleb128 0x1
 799 0001 11       		.uleb128 0x11
 800 0002 01       		.byte	0x1
 801 0003 25       		.uleb128 0x25
 802 0004 0E       		.uleb128 0xe
 803 0005 13       		.uleb128 0x13
 804 0006 0B       		.uleb128 0xb
 805 0007 03       		.uleb128 0x3
ARM GAS  C:\Users\dprdc\AppData\Local\Temp\ccWapuub.s 			page 21


 806 0008 0E       		.uleb128 0xe
 807 0009 1B       		.uleb128 0x1b
 808 000a 0E       		.uleb128 0xe
 809 000b 55       		.uleb128 0x55
 810 000c 17       		.uleb128 0x17
 811 000d 11       		.uleb128 0x11
 812 000e 01       		.uleb128 0x1
 813 000f 10       		.uleb128 0x10
 814 0010 17       		.uleb128 0x17
 815 0011 00       		.byte	0
 816 0012 00       		.byte	0
 817 0013 02       		.uleb128 0x2
 818 0014 24       		.uleb128 0x24
 819 0015 00       		.byte	0
 820 0016 0B       		.uleb128 0xb
 821 0017 0B       		.uleb128 0xb
 822 0018 3E       		.uleb128 0x3e
 823 0019 0B       		.uleb128 0xb
 824 001a 03       		.uleb128 0x3
 825 001b 08       		.uleb128 0x8
 826 001c 00       		.byte	0
 827 001d 00       		.byte	0
 828 001e 03       		.uleb128 0x3
 829 001f 16       		.uleb128 0x16
 830 0020 00       		.byte	0
 831 0021 03       		.uleb128 0x3
 832 0022 0E       		.uleb128 0xe
 833 0023 3A       		.uleb128 0x3a
 834 0024 0B       		.uleb128 0xb
 835 0025 3B       		.uleb128 0x3b
 836 0026 0B       		.uleb128 0xb
 837 0027 49       		.uleb128 0x49
 838 0028 13       		.uleb128 0x13
 839 0029 00       		.byte	0
 840 002a 00       		.byte	0
 841 002b 04       		.uleb128 0x4
 842 002c 24       		.uleb128 0x24
 843 002d 00       		.byte	0
 844 002e 0B       		.uleb128 0xb
 845 002f 0B       		.uleb128 0xb
 846 0030 3E       		.uleb128 0x3e
 847 0031 0B       		.uleb128 0xb
 848 0032 03       		.uleb128 0x3
 849 0033 0E       		.uleb128 0xe
 850 0034 00       		.byte	0
 851 0035 00       		.byte	0
 852 0036 05       		.uleb128 0x5
 853 0037 0F       		.uleb128 0xf
 854 0038 00       		.byte	0
 855 0039 0B       		.uleb128 0xb
 856 003a 0B       		.uleb128 0xb
 857 003b 00       		.byte	0
 858 003c 00       		.byte	0
 859 003d 06       		.uleb128 0x6
 860 003e 16       		.uleb128 0x16
 861 003f 00       		.byte	0
 862 0040 03       		.uleb128 0x3
ARM GAS  C:\Users\dprdc\AppData\Local\Temp\ccWapuub.s 			page 22


 863 0041 0E       		.uleb128 0xe
 864 0042 3A       		.uleb128 0x3a
 865 0043 0B       		.uleb128 0xb
 866 0044 3B       		.uleb128 0x3b
 867 0045 05       		.uleb128 0x5
 868 0046 49       		.uleb128 0x49
 869 0047 13       		.uleb128 0x13
 870 0048 00       		.byte	0
 871 0049 00       		.byte	0
 872 004a 07       		.uleb128 0x7
 873 004b 35       		.uleb128 0x35
 874 004c 00       		.byte	0
 875 004d 49       		.uleb128 0x49
 876 004e 13       		.uleb128 0x13
 877 004f 00       		.byte	0
 878 0050 00       		.byte	0
 879 0051 08       		.uleb128 0x8
 880 0052 2E       		.uleb128 0x2e
 881 0053 01       		.byte	0x1
 882 0054 03       		.uleb128 0x3
 883 0055 0E       		.uleb128 0xe
 884 0056 3A       		.uleb128 0x3a
 885 0057 0B       		.uleb128 0xb
 886 0058 3B       		.uleb128 0x3b
 887 0059 0B       		.uleb128 0xb
 888 005a 27       		.uleb128 0x27
 889 005b 19       		.uleb128 0x19
 890 005c 11       		.uleb128 0x11
 891 005d 01       		.uleb128 0x1
 892 005e 12       		.uleb128 0x12
 893 005f 06       		.uleb128 0x6
 894 0060 40       		.uleb128 0x40
 895 0061 18       		.uleb128 0x18
 896 0062 9642     		.uleb128 0x2116
 897 0064 19       		.uleb128 0x19
 898 0065 01       		.uleb128 0x1
 899 0066 13       		.uleb128 0x13
 900 0067 00       		.byte	0
 901 0068 00       		.byte	0
 902 0069 09       		.uleb128 0x9
 903 006a 05       		.uleb128 0x5
 904 006b 00       		.byte	0
 905 006c 03       		.uleb128 0x3
 906 006d 08       		.uleb128 0x8
 907 006e 3A       		.uleb128 0x3a
 908 006f 0B       		.uleb128 0xb
 909 0070 3B       		.uleb128 0x3b
 910 0071 0B       		.uleb128 0xb
 911 0072 49       		.uleb128 0x49
 912 0073 13       		.uleb128 0x13
 913 0074 02       		.uleb128 0x2
 914 0075 18       		.uleb128 0x18
 915 0076 00       		.byte	0
 916 0077 00       		.byte	0
 917 0078 0A       		.uleb128 0xa
 918 0079 05       		.uleb128 0x5
 919 007a 00       		.byte	0
ARM GAS  C:\Users\dprdc\AppData\Local\Temp\ccWapuub.s 			page 23


 920 007b 03       		.uleb128 0x3
 921 007c 0E       		.uleb128 0xe
 922 007d 3A       		.uleb128 0x3a
 923 007e 0B       		.uleb128 0xb
 924 007f 3B       		.uleb128 0x3b
 925 0080 0B       		.uleb128 0xb
 926 0081 49       		.uleb128 0x49
 927 0082 13       		.uleb128 0x13
 928 0083 02       		.uleb128 0x2
 929 0084 18       		.uleb128 0x18
 930 0085 00       		.byte	0
 931 0086 00       		.byte	0
 932 0087 0B       		.uleb128 0xb
 933 0088 0F       		.uleb128 0xf
 934 0089 00       		.byte	0
 935 008a 0B       		.uleb128 0xb
 936 008b 0B       		.uleb128 0xb
 937 008c 49       		.uleb128 0x49
 938 008d 13       		.uleb128 0x13
 939 008e 00       		.byte	0
 940 008f 00       		.byte	0
 941 0090 0C       		.uleb128 0xc
 942 0091 26       		.uleb128 0x26
 943 0092 00       		.byte	0
 944 0093 00       		.byte	0
 945 0094 00       		.byte	0
 946 0095 0D       		.uleb128 0xd
 947 0096 2E       		.uleb128 0x2e
 948 0097 00       		.byte	0
 949 0098 03       		.uleb128 0x3
 950 0099 0E       		.uleb128 0xe
 951 009a 3A       		.uleb128 0x3a
 952 009b 0B       		.uleb128 0xb
 953 009c 3B       		.uleb128 0x3b
 954 009d 0B       		.uleb128 0xb
 955 009e 27       		.uleb128 0x27
 956 009f 19       		.uleb128 0x19
 957 00a0 11       		.uleb128 0x11
 958 00a1 01       		.uleb128 0x1
 959 00a2 12       		.uleb128 0x12
 960 00a3 06       		.uleb128 0x6
 961 00a4 40       		.uleb128 0x40
 962 00a5 18       		.uleb128 0x18
 963 00a6 9642     		.uleb128 0x2116
 964 00a8 19       		.uleb128 0x19
 965 00a9 00       		.byte	0
 966 00aa 00       		.byte	0
 967 00ab 0E       		.uleb128 0xe
 968 00ac 2E       		.uleb128 0x2e
 969 00ad 00       		.byte	0
 970 00ae 03       		.uleb128 0x3
 971 00af 0E       		.uleb128 0xe
 972 00b0 3A       		.uleb128 0x3a
 973 00b1 0B       		.uleb128 0xb
 974 00b2 3B       		.uleb128 0x3b
 975 00b3 0B       		.uleb128 0xb
 976 00b4 27       		.uleb128 0x27
ARM GAS  C:\Users\dprdc\AppData\Local\Temp\ccWapuub.s 			page 24


 977 00b5 19       		.uleb128 0x19
 978 00b6 11       		.uleb128 0x11
 979 00b7 01       		.uleb128 0x1
 980 00b8 12       		.uleb128 0x12
 981 00b9 06       		.uleb128 0x6
 982 00ba 40       		.uleb128 0x40
 983 00bb 18       		.uleb128 0x18
 984 00bc 9742     		.uleb128 0x2117
 985 00be 19       		.uleb128 0x19
 986 00bf 00       		.byte	0
 987 00c0 00       		.byte	0
 988 00c1 0F       		.uleb128 0xf
 989 00c2 2E       		.uleb128 0x2e
 990 00c3 01       		.byte	0x1
 991 00c4 3F       		.uleb128 0x3f
 992 00c5 19       		.uleb128 0x19
 993 00c6 03       		.uleb128 0x3
 994 00c7 0E       		.uleb128 0xe
 995 00c8 3A       		.uleb128 0x3a
 996 00c9 0B       		.uleb128 0xb
 997 00ca 3B       		.uleb128 0x3b
 998 00cb 05       		.uleb128 0x5
 999 00cc 27       		.uleb128 0x27
 1000 00cd 19       		.uleb128 0x19
 1001 00ce 11       		.uleb128 0x11
 1002 00cf 01       		.uleb128 0x1
 1003 00d0 12       		.uleb128 0x12
 1004 00d1 06       		.uleb128 0x6
 1005 00d2 40       		.uleb128 0x40
 1006 00d3 18       		.uleb128 0x18
 1007 00d4 9642     		.uleb128 0x2116
 1008 00d6 19       		.uleb128 0x19
 1009 00d7 00       		.byte	0
 1010 00d8 00       		.byte	0
 1011 00d9 10       		.uleb128 0x10
 1012 00da 0B       		.uleb128 0xb
 1013 00db 01       		.byte	0x1
 1014 00dc 11       		.uleb128 0x11
 1015 00dd 01       		.uleb128 0x1
 1016 00de 12       		.uleb128 0x12
 1017 00df 06       		.uleb128 0x6
 1018 00e0 00       		.byte	0
 1019 00e1 00       		.byte	0
 1020 00e2 11       		.uleb128 0x11
 1021 00e3 13       		.uleb128 0x13
 1022 00e4 01       		.byte	0x1
 1023 00e5 0B       		.uleb128 0xb
 1024 00e6 0B       		.uleb128 0xb
 1025 00e7 3A       		.uleb128 0x3a
 1026 00e8 0B       		.uleb128 0xb
 1027 00e9 3B       		.uleb128 0x3b
 1028 00ea 05       		.uleb128 0x5
 1029 00eb 01       		.uleb128 0x1
 1030 00ec 13       		.uleb128 0x13
 1031 00ed 00       		.byte	0
 1032 00ee 00       		.byte	0
 1033 00ef 12       		.uleb128 0x12
ARM GAS  C:\Users\dprdc\AppData\Local\Temp\ccWapuub.s 			page 25


 1034 00f0 0D       		.uleb128 0xd
 1035 00f1 00       		.byte	0
 1036 00f2 03       		.uleb128 0x3
 1037 00f3 0E       		.uleb128 0xe
 1038 00f4 3A       		.uleb128 0x3a
 1039 00f5 0B       		.uleb128 0xb
 1040 00f6 3B       		.uleb128 0x3b
 1041 00f7 05       		.uleb128 0x5
 1042 00f8 49       		.uleb128 0x49
 1043 00f9 13       		.uleb128 0x13
 1044 00fa 38       		.uleb128 0x38
 1045 00fb 0B       		.uleb128 0xb
 1046 00fc 00       		.byte	0
 1047 00fd 00       		.byte	0
 1048 00fe 13       		.uleb128 0x13
 1049 00ff 01       		.uleb128 0x1
 1050 0100 01       		.byte	0x1
 1051 0101 49       		.uleb128 0x49
 1052 0102 13       		.uleb128 0x13
 1053 0103 01       		.uleb128 0x1
 1054 0104 13       		.uleb128 0x13
 1055 0105 00       		.byte	0
 1056 0106 00       		.byte	0
 1057 0107 14       		.uleb128 0x14
 1058 0108 21       		.uleb128 0x21
 1059 0109 00       		.byte	0
 1060 010a 49       		.uleb128 0x49
 1061 010b 13       		.uleb128 0x13
 1062 010c 2F       		.uleb128 0x2f
 1063 010d 0B       		.uleb128 0xb
 1064 010e 00       		.byte	0
 1065 010f 00       		.byte	0
 1066 0110 15       		.uleb128 0x15
 1067 0111 26       		.uleb128 0x26
 1068 0112 00       		.byte	0
 1069 0113 49       		.uleb128 0x49
 1070 0114 13       		.uleb128 0x13
 1071 0115 00       		.byte	0
 1072 0116 00       		.byte	0
 1073 0117 16       		.uleb128 0x16
 1074 0118 34       		.uleb128 0x34
 1075 0119 00       		.byte	0
 1076 011a 03       		.uleb128 0x3
 1077 011b 0E       		.uleb128 0xe
 1078 011c 3A       		.uleb128 0x3a
 1079 011d 0B       		.uleb128 0xb
 1080 011e 3B       		.uleb128 0x3b
 1081 011f 05       		.uleb128 0x5
 1082 0120 49       		.uleb128 0x49
 1083 0121 13       		.uleb128 0x13
 1084 0122 02       		.uleb128 0x2
 1085 0123 18       		.uleb128 0x18
 1086 0124 00       		.byte	0
 1087 0125 00       		.byte	0
 1088 0126 17       		.uleb128 0x17
 1089 0127 34       		.uleb128 0x34
 1090 0128 00       		.byte	0
ARM GAS  C:\Users\dprdc\AppData\Local\Temp\ccWapuub.s 			page 26


 1091 0129 03       		.uleb128 0x3
 1092 012a 08       		.uleb128 0x8
 1093 012b 3A       		.uleb128 0x3a
 1094 012c 0B       		.uleb128 0xb
 1095 012d 3B       		.uleb128 0x3b
 1096 012e 05       		.uleb128 0x5
 1097 012f 49       		.uleb128 0x49
 1098 0130 13       		.uleb128 0x13
 1099 0131 02       		.uleb128 0x2
 1100 0132 18       		.uleb128 0x18
 1101 0133 00       		.byte	0
 1102 0134 00       		.byte	0
 1103 0135 00       		.byte	0
 1104              		.section	.debug_aranges,"",%progbits
 1105 0000 44000000 		.4byte	0x44
 1106 0004 0200     		.2byte	0x2
 1107 0006 00000000 		.4byte	.Ldebug_info0
 1108 000a 04       		.byte	0x4
 1109 000b 00       		.byte	0
 1110 000c 0000     		.2byte	0
 1111 000e 0000     		.2byte	0
 1112 0010 00000000 		.4byte	.LFB2
 1113 0014 1E000000 		.4byte	.LFE2-.LFB2
 1114 0018 00000000 		.4byte	.LFB3
 1115 001c 20000000 		.4byte	.LFE3-.LFB3
 1116 0020 00000000 		.4byte	.LFB4
 1117 0024 20000000 		.4byte	.LFE4-.LFB4
 1118 0028 00000000 		.4byte	.LFB5
 1119 002c F0000000 		.4byte	.LFE5-.LFB5
 1120 0030 00000000 		.4byte	.LFB6
 1121 0034 28000000 		.4byte	.LFE6-.LFB6
 1122 0038 F0000000 		.4byte	.LFB7
 1123 003c 04010000 		.4byte	.LFE7-.LFB7
 1124 0040 00000000 		.4byte	0
 1125 0044 00000000 		.4byte	0
 1126              		.section	.debug_ranges,"",%progbits
 1127              	.Ldebug_ranges0:
 1128 0000 00000000 		.4byte	.LFB2
 1129 0004 1E000000 		.4byte	.LFE2
 1130 0008 00000000 		.4byte	.LFB3
 1131 000c 20000000 		.4byte	.LFE3
 1132 0010 00000000 		.4byte	.LFB4
 1133 0014 20000000 		.4byte	.LFE4
 1134 0018 00000000 		.4byte	.LFB5
 1135 001c F0000000 		.4byte	.LFE5
 1136 0020 00000000 		.4byte	.LFB6
 1137 0024 28000000 		.4byte	.LFE6
 1138 0028 F0000000 		.4byte	.LFB7
 1139 002c F4010000 		.4byte	.LFE7
 1140 0030 00000000 		.4byte	0
 1141 0034 00000000 		.4byte	0
 1142              		.section	.debug_line,"",%progbits
 1143              	.Ldebug_line0:
 1144 0000 70010000 		.section	.debug_str,"MS",%progbits,1
 1144      0200CB00 
 1144      00000201 
 1144      FB0E0D00 
ARM GAS  C:\Users\dprdc\AppData\Local\Temp\ccWapuub.s 			page 27


 1144      01010101 
 1145              	.LASF19:
 1146 0000 72656733 		.ascii	"reg32\000"
 1146      3200
 1147              	.LASF12:
 1148 0006 73697A65 		.ascii	"size_t\000"
 1148      5F7400
 1149              	.LASF25:
 1150 000d 416E616C 		.ascii	"AnalogSetDefault\000"
 1150      6F675365 
 1150      74446566 
 1150      61756C74 
 1150      00
 1151              	.LASF29:
 1152 001e 6366675F 		.ascii	"cfg_memset_list\000"
 1152      6D656D73 
 1152      65745F6C 
 1152      69737400 
 1153              	.LASF24:
 1154 002e 436C6F63 		.ascii	"ClockSetup\000"
 1154      6B536574 
 1154      757000
 1155              	.LASF6:
 1156 0039 73686F72 		.ascii	"short unsigned int\000"
 1156      7420756E 
 1156      7369676E 
 1156      65642069 
 1156      6E7400
 1157              	.LASF16:
 1158 004c 666C6F61 		.ascii	"float\000"
 1158      7400
 1159              	.LASF22:
 1160 0052 64657374 		.ascii	"dest\000"
 1160      00
 1161              	.LASF27:
 1162 0057 73697A65 		.ascii	"size\000"
 1162      00
 1163              	.LASF18:
 1164 005c 72656738 		.ascii	"reg8\000"
 1164      00
 1165              	.LASF26:
 1166 0061 61646472 		.ascii	"address\000"
 1166      65737300 
 1167              	.LASF8:
 1168 0069 6C6F6E67 		.ascii	"long unsigned int\000"
 1168      20756E73 
 1168      69676E65 
 1168      6420696E 
 1168      7400
 1169              	.LASF13:
 1170 007b 75696E74 		.ascii	"uint8\000"
 1170      3800
 1171              	.LASF20:
 1172 0081 43594D45 		.ascii	"CYMEMZERO\000"
 1172      4D5A4552 
 1172      4F00
 1173              	.LASF32:
ARM GAS  C:\Users\dprdc\AppData\Local\Temp\ccWapuub.s 			page 28


 1174 008b 433A5C55 		.ascii	"C:\\Users\\dprdc\\OneDrive\\Documents\\Capstone\\ST"
 1174      73657273 
 1174      5C647072 
 1174      64635C4F 
 1174      6E654472 
 1175 00b8 454D426F 		.ascii	"EMBoT-2-UEXT-Modules\\Software\\EZ BLE\\PSoC Worksp"
 1175      542D322D 
 1175      55455854 
 1175      2D4D6F64 
 1175      756C6573 
 1176 00e8 6163655C 		.ascii	"ace\\UEXTFirmware.cydsn\000"
 1176      55455854 
 1176      4669726D 
 1176      77617265 
 1176      2E637964 
 1177              	.LASF4:
 1178 00ff 756E7369 		.ascii	"unsigned char\000"
 1178      676E6564 
 1178      20636861 
 1178      7200
 1179              	.LASF17:
 1180 010d 646F7562 		.ascii	"double\000"
 1180      6C6500
 1181              	.LASF33:
 1182 0114 63796669 		.ascii	"cyfitter_cfg\000"
 1182      74746572 
 1182      5F636667 
 1182      00
 1183              	.LASF14:
 1184 0121 75696E74 		.ascii	"uint16\000"
 1184      313600
 1185              	.LASF15:
 1186 0128 75696E74 		.ascii	"uint32\000"
 1186      333200
 1187              	.LASF0:
 1188 012f 756E7369 		.ascii	"unsigned int\000"
 1188      676E6564 
 1188      20696E74 
 1188      00
 1189              	.LASF30:
 1190 013c 474E5520 		.ascii	"GNU C11 5.4.1 20160609 (release) [ARM/embedded-5-br"
 1190      43313120 
 1190      352E342E 
 1190      31203230 
 1190      31363036 
 1191 016f 616E6368 		.ascii	"anch revision 237715] -mcpu=cortex-m0 -mthumb -g -O"
 1191      20726576 
 1191      6973696F 
 1191      6E203233 
 1191      37373135 
 1192 01a2 30202D66 		.ascii	"0 -ffunction-sections -ffat-lto-objects\000"
 1192      66756E63 
 1192      74696F6E 
 1192      2D736563 
 1192      74696F6E 
 1193              	.LASF9:
 1194 01ca 6C6F6E67 		.ascii	"long long unsigned int\000"
ARM GAS  C:\Users\dprdc\AppData\Local\Temp\ccWapuub.s 			page 29


 1194      206C6F6E 
 1194      6720756E 
 1194      7369676E 
 1194      65642069 
 1195              	.LASF28:
 1196 01e1 6366675F 		.ascii	"cfg_memset_t\000"
 1196      6D656D73 
 1196      65745F74 
 1196      00
 1197              	.LASF10:
 1198 01ee 73697A65 		.ascii	"sizetype\000"
 1198      74797065 
 1198      00
 1199              	.LASF1:
 1200 01f7 6C6F6E67 		.ascii	"long long int\000"
 1200      206C6F6E 
 1200      6720696E 
 1200      7400
 1201              	.LASF11:
 1202 0205 63686172 		.ascii	"char\000"
 1202      00
 1203              	.LASF5:
 1204 020a 73686F72 		.ascii	"short int\000"
 1204      7420696E 
 1204      7400
 1205              	.LASF7:
 1206 0214 6C6F6E67 		.ascii	"long int\000"
 1206      20696E74 
 1206      00
 1207              	.LASF2:
 1208 021d 6C6F6E67 		.ascii	"long double\000"
 1208      20646F75 
 1208      626C6500 
 1209              	.LASF3:
 1210 0229 7369676E 		.ascii	"signed char\000"
 1210      65642063 
 1210      68617200 
 1211              	.LASF31:
 1212 0235 47656E65 		.ascii	"Generated_Source\\PSoC4\\cyfitter_cfg.c\000"
 1212      72617465 
 1212      645F536F 
 1212      75726365 
 1212      5C50536F 
 1213              	.LASF23:
 1214 025b 4359434F 		.ascii	"CYCONFIGCPYCODE\000"
 1214      4E464947 
 1214      43505943 
 1214      4F444500 
 1215              	.LASF21:
 1216 026b 4359434F 		.ascii	"CYCONFIGCPY\000"
 1216      4E464947 
 1216      43505900 
 1217              		.ident	"GCC: (GNU Tools for ARM Embedded Processors) 5.4.1 20160609 (release) [ARM/embedded-5-bran
