ARM GAS  C:\Users\dprdc\AppData\Local\Temp\ccyPb23h.s 			page 1


   1              		.syntax unified
   2              		.cpu cortex-m0
   3              		.fpu softvfp
   4              		.eabi_attribute 20, 1
   5              		.eabi_attribute 21, 1
   6              		.eabi_attribute 23, 3
   7              		.eabi_attribute 24, 1
   8              		.eabi_attribute 25, 1
   9              		.eabi_attribute 26, 1
  10              		.eabi_attribute 30, 6
  11              		.eabi_attribute 34, 0
  12              		.eabi_attribute 18, 4
  13              		.thumb
  14              		.syntax unified
  15              		.file	"main.c"
  16              		.text
  17              	.Ltext0:
  18              		.cfi_sections	.debug_frame
  19              		.comm	i2cBuf,16,4
  20              		.section	.text.Stack_Handler,"ax",%progbits
  21              		.align	2
  22              		.global	Stack_Handler
  23              		.code	16
  24              		.thumb_func
  25              		.type	Stack_Handler, %function
  26              	Stack_Handler:
  27              	.LFB35:
  28              		.file 1 "main.c"
   1:main.c        **** /* ========================================
   2:main.c        ****  *
   3:main.c        ****  * Copyright YOUR COMPANY, THE YEAR
   4:main.c        ****  * All Rights Reserved
   5:main.c        ****  * UNPUBLISHED, LICENSED SOFTWARE.
   6:main.c        ****  *
   7:main.c        ****  * CONFIDENTIAL AND PROPRIETARY INFORMATION
   8:main.c        ****  * WHICH IS THE PROPERTY OF your company.
   9:main.c        ****  *
  10:main.c        ****  * ========================================
  11:main.c        **** */
  12:main.c        **** #include <project.h>
  13:main.c        **** 
  14:main.c        **** uint8 i2cBuf[16];
  15:main.c        **** 
  16:main.c        **** void Stack_Handler(uint32 eventCode, void *event)
  17:main.c        **** {
  29              		.loc 1 17 0
  30              		.cfi_startproc
  31              		@ args = 0, pretend = 0, frame = 8
  32              		@ frame_needed = 1, uses_anonymous_args = 0
  33 0000 80B5     		push	{r7, lr}
  34              		.cfi_def_cfa_offset 8
  35              		.cfi_offset 7, -8
  36              		.cfi_offset 14, -4
  37 0002 82B0     		sub	sp, sp, #8
  38              		.cfi_def_cfa_offset 16
  39 0004 00AF     		add	r7, sp, #0
  40              		.cfi_def_cfa_register 7
ARM GAS  C:\Users\dprdc\AppData\Local\Temp\ccyPb23h.s 			page 2


  41 0006 7860     		str	r0, [r7, #4]
  42 0008 3960     		str	r1, [r7]
  18:main.c        ****     
  19:main.c        ****     switch(eventCode){
  43              		.loc 1 19 0
  44 000a 7B68     		ldr	r3, [r7, #4]
  45 000c 252B     		cmp	r3, #37
  46 000e 07D0     		beq	.L3
  47 0010 03D8     		bhi	.L4
  48 0012 013B     		subs	r3, r3, #1
  49 0014 012B     		cmp	r3, #1
  50 0016 07D8     		bhi	.L5
  51 0018 02E0     		b	.L3
  52              	.L4:
  53 001a 282B     		cmp	r3, #40
  54 001c 00D0     		beq	.L3
  20:main.c        ****         case CYBLE_EVT_STACK_ON:
  21:main.c        ****         case CYBLE_EVT_TIMEOUT:
  22:main.c        ****         case CYBLE_EVT_GAP_AUTH_FAILED:
  23:main.c        ****         case CYBLE_EVT_GAP_DEVICE_DISCONNECTED:
  24:main.c        ****             CyBle_GappStartAdvertisement(CYBLE_ADVERTISING_FAST);
  25:main.c        ****             break;
  26:main.c        ****     }
  27:main.c        **** }
  55              		.loc 1 27 0
  56 001e 03E0     		b	.L5
  57              	.L3:
  24:main.c        ****             break;
  58              		.loc 1 24 0
  59 0020 0020     		movs	r0, #0
  60 0022 FFF7FEFF 		bl	CyBle_GappStartAdvertisement
  25:main.c        ****     }
  61              		.loc 1 25 0
  62 0026 C046     		nop
  63              	.L5:
  64              		.loc 1 27 0
  65 0028 C046     		nop
  66 002a BD46     		mov	sp, r7
  67 002c 02B0     		add	sp, sp, #8
  68              		@ sp needed
  69 002e 80BD     		pop	{r7, pc}
  70              		.cfi_endproc
  71              	.LFE35:
  72              		.size	Stack_Handler, .-Stack_Handler
  73              		.section	.text.main,"ax",%progbits
  74              		.align	2
  75              		.global	main
  76              		.code	16
  77              		.thumb_func
  78              		.type	main, %function
  79              	main:
  80              	.LFB36:
  28:main.c        **** 
  29:main.c        **** int main (void)
  30:main.c        **** {
  81              		.loc 1 30 0
  82              		.cfi_startproc
ARM GAS  C:\Users\dprdc\AppData\Local\Temp\ccyPb23h.s 			page 3


  83              		@ args = 0, pretend = 0, frame = 8
  84              		@ frame_needed = 1, uses_anonymous_args = 0
  85 0000 80B5     		push	{r7, lr}
  86              		.cfi_def_cfa_offset 8
  87              		.cfi_offset 7, -8
  88              		.cfi_offset 14, -4
  89 0002 82B0     		sub	sp, sp, #8
  90              		.cfi_def_cfa_offset 16
  91 0004 00AF     		add	r7, sp, #0
  92              		.cfi_def_cfa_register 7
  31:main.c        ****     //enable global interrupts
  32:main.c        ****     CyGlobalIntEnable;
  93              		.loc 1 32 0
  94              		.syntax divided
  95              	@ 32 "main.c" 1
  96 0006 62B6     		CPSIE   i
  97              	@ 0 "" 2
  33:main.c        ****     CyBle_Start(Stack_Handler);
  98              		.loc 1 33 0
  99              		.thumb
 100              		.syntax unified
 101 0008 184B     		ldr	r3, .L11
 102 000a 1800     		movs	r0, r3
 103 000c FFF7FEFF 		bl	CyBle_Start
  34:main.c        ****     
  35:main.c        ****     //initialize leds off
  36:main.c        ****     blueLED_Write(1);
 104              		.loc 1 36 0
 105 0010 0120     		movs	r0, #1
 106 0012 FFF7FEFF 		bl	blueLED_Write
  37:main.c        ****     redLED_Write(1);
 107              		.loc 1 37 0
 108 0016 0120     		movs	r0, #1
 109 0018 FFF7FEFF 		bl	redLED_Write
  38:main.c        ****     greenLED_Write(0);
 110              		.loc 1 38 0
 111 001c 0020     		movs	r0, #0
 112 001e FFF7FEFF 		bl	greenLED_Write
  39:main.c        ****     
  40:main.c        ****     // Start I2C Slave operation
  41:main.c        **** 	i2c_Start();
 113              		.loc 1 41 0
 114 0022 FFF7FEFF 		bl	i2c_Start
  42:main.c        **** 	// Initialize I2C write and read buffer
  43:main.c        ****     i2c_EzI2CSetBuffer1(16,8,i2cBuf);
 115              		.loc 1 43 0
 116 0026 124B     		ldr	r3, .L11+4
 117 0028 1A00     		movs	r2, r3
 118 002a 0821     		movs	r1, #8
 119 002c 1020     		movs	r0, #16
 120 002e FFF7FEFF 		bl	i2c_EzI2CSetBuffer1
 121              	.LBB2:
  44:main.c        ****     
  45:main.c        ****     for(int i=0;i<8;i++){
 122              		.loc 1 45 0
 123 0032 0023     		movs	r3, #0
 124 0034 7B60     		str	r3, [r7, #4]
ARM GAS  C:\Users\dprdc\AppData\Local\Temp\ccyPb23h.s 			page 4


 125 0036 09E0     		b	.L7
 126              	.L8:
  46:main.c        ****      i2cBuf[i] =  i ;
 127              		.loc 1 46 0 discriminator 3
 128 0038 7B68     		ldr	r3, [r7, #4]
 129 003a D9B2     		uxtb	r1, r3
 130 003c 0C4A     		ldr	r2, .L11+4
 131 003e 7B68     		ldr	r3, [r7, #4]
 132 0040 D318     		adds	r3, r2, r3
 133 0042 0A1C     		adds	r2, r1, #0
 134 0044 1A70     		strb	r2, [r3]
  45:main.c        ****      i2cBuf[i] =  i ;
 135              		.loc 1 45 0 discriminator 3
 136 0046 7B68     		ldr	r3, [r7, #4]
 137 0048 0133     		adds	r3, r3, #1
 138 004a 7B60     		str	r3, [r7, #4]
 139              	.L7:
  45:main.c        ****      i2cBuf[i] =  i ;
 140              		.loc 1 45 0 is_stmt 0 discriminator 1
 141 004c 7B68     		ldr	r3, [r7, #4]
 142 004e 072B     		cmp	r3, #7
 143 0050 F2DD     		ble	.L8
 144              	.L10:
 145              	.LBE2:
  47:main.c        ****     }
  48:main.c        **** 
  49:main.c        ****     /* CyGlobalIntEnable; */ /* Uncomment this line to enable global interrupts. */
  50:main.c        ****     for(;;)
  51:main.c        ****     {
  52:main.c        ****         CyBle_ProcessEvents();
 146              		.loc 1 52 0 is_stmt 1
 147 0052 FFF7FEFF 		bl	CyBle_ProcessEvents
  53:main.c        ****         if(i2cBuf[8] == 0xff){
 148              		.loc 1 53 0
 149 0056 064B     		ldr	r3, .L11+4
 150 0058 1B7A     		ldrb	r3, [r3, #8]
 151 005a FF2B     		cmp	r3, #255
 152 005c F9D1     		bne	.L10
  54:main.c        ****          blueLED_Write(0);
 153              		.loc 1 54 0
 154 005e 0020     		movs	r0, #0
 155 0060 FFF7FEFF 		bl	blueLED_Write
  55:main.c        ****          redLED_Write(0);
 156              		.loc 1 55 0
 157 0064 0020     		movs	r0, #0
 158 0066 FFF7FEFF 		bl	redLED_Write
  56:main.c        ****         }
  57:main.c        ****     }
 159              		.loc 1 57 0
 160 006a F2E7     		b	.L10
 161              	.L12:
 162              		.align	2
 163              	.L11:
 164 006c 00000000 		.word	Stack_Handler
 165 0070 00000000 		.word	i2cBuf
 166              		.cfi_endproc
 167              	.LFE36:
ARM GAS  C:\Users\dprdc\AppData\Local\Temp\ccyPb23h.s 			page 5


 168              		.size	main, .-main
 169              		.text
 170              	.Letext0:
 171              		.file 2 "Generated_Source\\PSoC4/cytypes.h"
 172              		.file 3 "Generated_Source\\PSoC4/BLE_1_Stack.h"
 173              		.section	.debug_info,"",%progbits
 174              	.Ldebug_info0:
 175 0000 E6020000 		.4byte	0x2e6
 176 0004 0400     		.2byte	0x4
 177 0006 00000000 		.4byte	.Ldebug_abbrev0
 178 000a 04       		.byte	0x4
 179 000b 01       		.uleb128 0x1
 180 000c 7A040000 		.4byte	.LASF90
 181 0010 0C       		.byte	0xc
 182 0011 FF070000 		.4byte	.LASF91
 183 0015 00000000 		.4byte	.LASF92
 184 0019 00000000 		.4byte	.Ldebug_ranges0+0
 185 001d 00000000 		.4byte	0
 186 0021 00000000 		.4byte	.Ldebug_line0
 187 0025 02       		.uleb128 0x2
 188 0026 01       		.byte	0x1
 189 0027 06       		.byte	0x6
 190 0028 E6050000 		.4byte	.LASF0
 191 002c 02       		.uleb128 0x2
 192 002d 01       		.byte	0x1
 193 002e 08       		.byte	0x8
 194 002f 7C050000 		.4byte	.LASF1
 195 0033 02       		.uleb128 0x2
 196 0034 02       		.byte	0x2
 197 0035 05       		.byte	0x5
 198 0036 09010000 		.4byte	.LASF2
 199 003a 02       		.uleb128 0x2
 200 003b 02       		.byte	0x2
 201 003c 07       		.byte	0x7
 202 003d 19070000 		.4byte	.LASF3
 203 0041 02       		.uleb128 0x2
 204 0042 04       		.byte	0x4
 205 0043 05       		.byte	0x5
 206 0044 A6030000 		.4byte	.LASF4
 207 0048 02       		.uleb128 0x2
 208 0049 04       		.byte	0x4
 209 004a 07       		.byte	0x7
 210 004b 77060000 		.4byte	.LASF5
 211 004f 02       		.uleb128 0x2
 212 0050 08       		.byte	0x8
 213 0051 05       		.byte	0x5
 214 0052 70080000 		.4byte	.LASF6
 215 0056 02       		.uleb128 0x2
 216 0057 08       		.byte	0x8
 217 0058 07       		.byte	0x7
 218 0059 6E030000 		.4byte	.LASF7
 219 005d 03       		.uleb128 0x3
 220 005e 04       		.byte	0x4
 221 005f 05       		.byte	0x5
 222 0060 696E7400 		.ascii	"int\000"
 223 0064 02       		.uleb128 0x2
 224 0065 04       		.byte	0x4
ARM GAS  C:\Users\dprdc\AppData\Local\Temp\ccyPb23h.s 			page 6


 225 0066 07       		.byte	0x7
 226 0067 4F060000 		.4byte	.LASF8
 227 006b 04       		.uleb128 0x4
 228 006c B5070000 		.4byte	.LASF9
 229 0070 02       		.byte	0x2
 230 0071 F701     		.2byte	0x1f7
 231 0073 2C000000 		.4byte	0x2c
 232 0077 04       		.uleb128 0x4
 233 0078 F8070000 		.4byte	.LASF10
 234 007c 02       		.byte	0x2
 235 007d F901     		.2byte	0x1f9
 236 007f 48000000 		.4byte	0x48
 237 0083 02       		.uleb128 0x2
 238 0084 04       		.byte	0x4
 239 0085 04       		.byte	0x4
 240 0086 05030000 		.4byte	.LASF11
 241 008a 02       		.uleb128 0x2
 242 008b 08       		.byte	0x8
 243 008c 04       		.byte	0x4
 244 008d 29080000 		.4byte	.LASF12
 245 0091 02       		.uleb128 0x2
 246 0092 01       		.byte	0x1
 247 0093 08       		.byte	0x8
 248 0094 94070000 		.4byte	.LASF13
 249 0098 02       		.uleb128 0x2
 250 0099 08       		.byte	0x8
 251 009a 04       		.byte	0x4
 252 009b 4A050000 		.4byte	.LASF14
 253 009f 02       		.uleb128 0x2
 254 00a0 04       		.byte	0x4
 255 00a1 07       		.byte	0x7
 256 00a2 4B010000 		.4byte	.LASF15
 257 00a6 05       		.uleb128 0x5
 258 00a7 04       		.byte	0x4
 259 00a8 06       		.uleb128 0x6
 260 00a9 01       		.byte	0x1
 261 00aa 2C000000 		.4byte	0x2c
 262 00ae 03       		.byte	0x3
 263 00af 3501     		.2byte	0x135
 264 00b1 66020000 		.4byte	0x266
 265 00b5 07       		.uleb128 0x7
 266 00b6 A8020000 		.4byte	.LASF16
 267 00ba 00       		.byte	0
 268 00bb 07       		.uleb128 0x7
 269 00bc DE010000 		.4byte	.LASF17
 270 00c0 01       		.byte	0x1
 271 00c1 07       		.uleb128 0x7
 272 00c2 63090000 		.4byte	.LASF18
 273 00c6 02       		.byte	0x2
 274 00c7 07       		.uleb128 0x7
 275 00c8 7E080000 		.4byte	.LASF19
 276 00cc 03       		.byte	0x3
 277 00cd 07       		.uleb128 0x7
 278 00ce 8A010000 		.4byte	.LASF20
 279 00d2 04       		.byte	0x4
 280 00d3 07       		.uleb128 0x7
 281 00d4 38040000 		.4byte	.LASF21
ARM GAS  C:\Users\dprdc\AppData\Local\Temp\ccyPb23h.s 			page 7


 282 00d8 05       		.byte	0x5
 283 00d9 07       		.uleb128 0x7
 284 00da B2000000 		.4byte	.LASF22
 285 00de 06       		.byte	0x6
 286 00df 07       		.uleb128 0x7
 287 00e0 DC080000 		.4byte	.LASF23
 288 00e4 20       		.byte	0x20
 289 00e5 07       		.uleb128 0x7
 290 00e6 89060000 		.4byte	.LASF24
 291 00ea 21       		.byte	0x21
 292 00eb 07       		.uleb128 0x7
 293 00ec 74000000 		.4byte	.LASF25
 294 00f0 22       		.byte	0x22
 295 00f1 07       		.uleb128 0x7
 296 00f2 54040000 		.4byte	.LASF26
 297 00f6 23       		.byte	0x23
 298 00f7 07       		.uleb128 0x7
 299 00f8 33060000 		.4byte	.LASF27
 300 00fc 24       		.byte	0x24
 301 00fd 07       		.uleb128 0x7
 302 00fe 13010000 		.4byte	.LASF28
 303 0102 25       		.byte	0x25
 304 0103 07       		.uleb128 0x7
 305 0104 EF030000 		.4byte	.LASF29
 306 0108 26       		.byte	0x26
 307 0109 07       		.uleb128 0x7
 308 010a D0030000 		.4byte	.LASF30
 309 010e 27       		.byte	0x27
 310 010f 07       		.uleb128 0x7
 311 0110 3E0A0000 		.4byte	.LASF31
 312 0114 28       		.byte	0x28
 313 0115 07       		.uleb128 0x7
 314 0116 C1060000 		.4byte	.LASF32
 315 011a 29       		.byte	0x29
 316 011b 07       		.uleb128 0x7
 317 011c 44070000 		.4byte	.LASF33
 318 0120 2A       		.byte	0x2a
 319 0121 07       		.uleb128 0x7
 320 0122 99090000 		.4byte	.LASF34
 321 0126 2B       		.byte	0x2b
 322 0127 07       		.uleb128 0x7
 323 0128 44020000 		.4byte	.LASF35
 324 012c 2C       		.byte	0x2c
 325 012d 07       		.uleb128 0x7
 326 012e 24030000 		.4byte	.LASF36
 327 0132 2D       		.byte	0x2d
 328 0133 07       		.uleb128 0x7
 329 0134 E5000000 		.4byte	.LASF37
 330 0138 2E       		.byte	0x2e
 331 0139 07       		.uleb128 0x7
 332 013a 960A0000 		.4byte	.LASF38
 333 013e 2F       		.byte	0x2f
 334 013f 07       		.uleb128 0x7
 335 0140 54010000 		.4byte	.LASF39
 336 0144 30       		.byte	0x30
 337 0145 07       		.uleb128 0x7
 338 0146 26050000 		.4byte	.LASF40
ARM GAS  C:\Users\dprdc\AppData\Local\Temp\ccyPb23h.s 			page 8


 339 014a 31       		.byte	0x31
 340 014b 07       		.uleb128 0x7
 341 014c 4D030000 		.4byte	.LASF41
 342 0150 32       		.byte	0x32
 343 0151 07       		.uleb128 0x7
 344 0152 6D070000 		.4byte	.LASF42
 345 0156 33       		.byte	0x33
 346 0157 07       		.uleb128 0x7
 347 0158 DE060000 		.4byte	.LASF43
 348 015c 34       		.byte	0x34
 349 015d 07       		.uleb128 0x7
 350 015e 53080000 		.4byte	.LASF44
 351 0162 35       		.byte	0x35
 352 0163 07       		.uleb128 0x7
 353 0164 85030000 		.4byte	.LASF45
 354 0168 36       		.byte	0x36
 355 0169 07       		.uleb128 0x7
 356 016a F1010000 		.4byte	.LASF46
 357 016e 37       		.byte	0x37
 358 016f 07       		.uleb128 0x7
 359 0170 CB000000 		.4byte	.LASF47
 360 0174 40       		.byte	0x40
 361 0175 07       		.uleb128 0x7
 362 0176 5C060000 		.4byte	.LASF48
 363 017a 41       		.byte	0x41
 364 017b 07       		.uleb128 0x7
 365 017c 2D010000 		.4byte	.LASF49
 366 0180 42       		.byte	0x42
 367 0181 07       		.uleb128 0x7
 368 0182 26020000 		.4byte	.LASF50
 369 0186 43       		.byte	0x43
 370 0187 07       		.uleb128 0x7
 371 0188 45090000 		.4byte	.LASF51
 372 018c 44       		.byte	0x44
 373 018d 07       		.uleb128 0x7
 374 018e 00090000 		.4byte	.LASF52
 375 0192 45       		.byte	0x45
 376 0193 07       		.uleb128 0x7
 377 0194 9F010000 		.4byte	.LASF53
 378 0198 46       		.byte	0x46
 379 0199 07       		.uleb128 0x7
 380 019a C8050000 		.4byte	.LASF54
 381 019e 47       		.byte	0x47
 382 019f 07       		.uleb128 0x7
 383 01a0 0C060000 		.4byte	.LASF55
 384 01a4 48       		.byte	0x48
 385 01a5 07       		.uleb128 0x7
 386 01a6 0B030000 		.4byte	.LASF56
 387 01aa 49       		.byte	0x49
 388 01ab 07       		.uleb128 0x7
 389 01ac BB070000 		.4byte	.LASF57
 390 01b0 4A       		.byte	0x4a
 391 01b1 07       		.uleb128 0x7
 392 01b2 68020000 		.4byte	.LASF58
 393 01b6 4B       		.byte	0x4b
 394 01b7 07       		.uleb128 0x7
 395 01b8 F2050000 		.4byte	.LASF59
ARM GAS  C:\Users\dprdc\AppData\Local\Temp\ccyPb23h.s 			page 9


 396 01bc 4C       		.byte	0x4c
 397 01bd 07       		.uleb128 0x7
 398 01be 98000000 		.4byte	.LASF60
 399 01c2 4D       		.byte	0x4d
 400 01c3 07       		.uleb128 0x7
 401 01c4 27090000 		.4byte	.LASF61
 402 01c8 4E       		.byte	0x4e
 403 01c9 07       		.uleb128 0x7
 404 01ca 8A050000 		.4byte	.LASF62
 405 01ce 4F       		.byte	0x4f
 406 01cf 07       		.uleb128 0x7
 407 01d0 110A0000 		.4byte	.LASF63
 408 01d4 50       		.byte	0x50
 409 01d5 07       		.uleb128 0x7
 410 01d6 D9070000 		.4byte	.LASF64
 411 01da 51       		.byte	0x51
 412 01db 07       		.uleb128 0x7
 413 01dc 17040000 		.4byte	.LASF65
 414 01e0 52       		.byte	0x52
 415 01e1 07       		.uleb128 0x7
 416 01e2 AF030000 		.4byte	.LASF66
 417 01e6 53       		.byte	0x53
 418 01e7 07       		.uleb128 0x7
 419 01e8 87020000 		.4byte	.LASF67
 420 01ec 54       		.byte	0x54
 421 01ed 07       		.uleb128 0x7
 422 01ee 600A0000 		.4byte	.LASF68
 423 01f2 55       		.byte	0x55
 424 01f3 07       		.uleb128 0x7
 425 01f4 EF090000 		.4byte	.LASF69
 426 01f8 56       		.byte	0x56
 427 01f9 07       		.uleb128 0x7
 428 01fa C6090000 		.4byte	.LASF70
 429 01fe 57       		.byte	0x57
 430 01ff 07       		.uleb128 0x7
 431 0200 F6060000 		.4byte	.LASF71
 432 0204 58       		.byte	0x58
 433 0205 07       		.uleb128 0x7
 434 0206 56050000 		.4byte	.LASF72
 435 020a 70       		.byte	0x70
 436 020b 07       		.uleb128 0x7
 437 020c B6080000 		.4byte	.LASF73
 438 0210 71       		.byte	0x71
 439 0211 07       		.uleb128 0x7
 440 0212 99070000 		.4byte	.LASF74
 441 0216 72       		.byte	0x72
 442 0217 07       		.uleb128 0x7
 443 0218 BF020000 		.4byte	.LASF75
 444 021c 73       		.byte	0x73
 445 021d 07       		.uleb128 0x7
 446 021e 08050000 		.4byte	.LASF76
 447 0222 74       		.byte	0x74
 448 0223 07       		.uleb128 0x7
 449 0224 A0060000 		.4byte	.LASF77
 450 0228 75       		.byte	0x75
 451 0229 07       		.uleb128 0x7
 452 022a DD020000 		.4byte	.LASF78
ARM GAS  C:\Users\dprdc\AppData\Local\Temp\ccyPb23h.s 			page 10


 453 022e 76       		.byte	0x76
 454 022f 07       		.uleb128 0x7
 455 0230 97080000 		.4byte	.LASF79
 456 0234 77       		.byte	0x77
 457 0235 07       		.uleb128 0x7
 458 0236 06080000 		.4byte	.LASF80
 459 023a 78       		.byte	0x78
 460 023b 07       		.uleb128 0x7
 461 023c 30080000 		.4byte	.LASF81
 462 0240 79       		.byte	0x79
 463 0241 07       		.uleb128 0x7
 464 0242 75090000 		.4byte	.LASF82
 465 0246 7A       		.byte	0x7a
 466 0247 07       		.uleb128 0x7
 467 0248 C0010000 		.4byte	.LASF83
 468 024c FA       		.byte	0xfa
 469 024d 07       		.uleb128 0x7
 470 024e A9050000 		.4byte	.LASF84
 471 0252 FB       		.byte	0xfb
 472 0253 07       		.uleb128 0x7
 473 0254 840A0000 		.4byte	.LASF85
 474 0258 FC       		.byte	0xfc
 475 0259 07       		.uleb128 0x7
 476 025a 2C070000 		.4byte	.LASF86
 477 025e FD       		.byte	0xfd
 478 025f 07       		.uleb128 0x7
 479 0260 B8090000 		.4byte	.LASF87
 480 0264 FF       		.byte	0xff
 481 0265 00       		.byte	0
 482 0266 08       		.uleb128 0x8
 483 0267 6B000000 		.4byte	0x6b
 484 026b 76020000 		.4byte	0x276
 485 026f 09       		.uleb128 0x9
 486 0270 9F000000 		.4byte	0x9f
 487 0274 0F       		.byte	0xf
 488 0275 00       		.byte	0
 489 0276 0A       		.uleb128 0xa
 490 0277 300A0000 		.4byte	.LASF93
 491 027b 01       		.byte	0x1
 492 027c 10       		.byte	0x10
 493 027d 00000000 		.4byte	.LFB35
 494 0281 30000000 		.4byte	.LFE35-.LFB35
 495 0285 01       		.uleb128 0x1
 496 0286 9C       		.byte	0x9c
 497 0287 A8020000 		.4byte	0x2a8
 498 028b 0B       		.uleb128 0xb
 499 028c 75010000 		.4byte	.LASF88
 500 0290 01       		.byte	0x1
 501 0291 10       		.byte	0x10
 502 0292 77000000 		.4byte	0x77
 503 0296 02       		.uleb128 0x2
 504 0297 91       		.byte	0x91
 505 0298 74       		.sleb128 -12
 506 0299 0B       		.uleb128 0xb
 507 029a 84010000 		.4byte	.LASF89
 508 029e 01       		.byte	0x1
 509 029f 10       		.byte	0x10
ARM GAS  C:\Users\dprdc\AppData\Local\Temp\ccyPb23h.s 			page 11


 510 02a0 A6000000 		.4byte	0xa6
 511 02a4 02       		.uleb128 0x2
 512 02a5 91       		.byte	0x91
 513 02a6 70       		.sleb128 -16
 514 02a7 00       		.byte	0
 515 02a8 0C       		.uleb128 0xc
 516 02a9 7F010000 		.4byte	.LASF94
 517 02ad 01       		.byte	0x1
 518 02ae 1D       		.byte	0x1d
 519 02af 5D000000 		.4byte	0x5d
 520 02b3 00000000 		.4byte	.LFB36
 521 02b7 74000000 		.4byte	.LFE36-.LFB36
 522 02bb 01       		.uleb128 0x1
 523 02bc 9C       		.byte	0x9c
 524 02bd D8020000 		.4byte	0x2d8
 525 02c1 0D       		.uleb128 0xd
 526 02c2 32000000 		.4byte	.LBB2
 527 02c6 20000000 		.4byte	.LBE2-.LBB2
 528 02ca 0E       		.uleb128 0xe
 529 02cb 6900     		.ascii	"i\000"
 530 02cd 01       		.byte	0x1
 531 02ce 2D       		.byte	0x2d
 532 02cf 5D000000 		.4byte	0x5d
 533 02d3 02       		.uleb128 0x2
 534 02d4 91       		.byte	0x91
 535 02d5 74       		.sleb128 -12
 536 02d6 00       		.byte	0
 537 02d7 00       		.byte	0
 538 02d8 0F       		.uleb128 0xf
 539 02d9 FE020000 		.4byte	.LASF95
 540 02dd 01       		.byte	0x1
 541 02de 0E       		.byte	0xe
 542 02df 66020000 		.4byte	0x266
 543 02e3 05       		.uleb128 0x5
 544 02e4 03       		.byte	0x3
 545 02e5 00000000 		.4byte	i2cBuf
 546 02e9 00       		.byte	0
 547              		.section	.debug_abbrev,"",%progbits
 548              	.Ldebug_abbrev0:
 549 0000 01       		.uleb128 0x1
 550 0001 11       		.uleb128 0x11
 551 0002 01       		.byte	0x1
 552 0003 25       		.uleb128 0x25
 553 0004 0E       		.uleb128 0xe
 554 0005 13       		.uleb128 0x13
 555 0006 0B       		.uleb128 0xb
 556 0007 03       		.uleb128 0x3
 557 0008 0E       		.uleb128 0xe
 558 0009 1B       		.uleb128 0x1b
 559 000a 0E       		.uleb128 0xe
 560 000b 55       		.uleb128 0x55
 561 000c 17       		.uleb128 0x17
 562 000d 11       		.uleb128 0x11
 563 000e 01       		.uleb128 0x1
 564 000f 10       		.uleb128 0x10
 565 0010 17       		.uleb128 0x17
 566 0011 00       		.byte	0
ARM GAS  C:\Users\dprdc\AppData\Local\Temp\ccyPb23h.s 			page 12


 567 0012 00       		.byte	0
 568 0013 02       		.uleb128 0x2
 569 0014 24       		.uleb128 0x24
 570 0015 00       		.byte	0
 571 0016 0B       		.uleb128 0xb
 572 0017 0B       		.uleb128 0xb
 573 0018 3E       		.uleb128 0x3e
 574 0019 0B       		.uleb128 0xb
 575 001a 03       		.uleb128 0x3
 576 001b 0E       		.uleb128 0xe
 577 001c 00       		.byte	0
 578 001d 00       		.byte	0
 579 001e 03       		.uleb128 0x3
 580 001f 24       		.uleb128 0x24
 581 0020 00       		.byte	0
 582 0021 0B       		.uleb128 0xb
 583 0022 0B       		.uleb128 0xb
 584 0023 3E       		.uleb128 0x3e
 585 0024 0B       		.uleb128 0xb
 586 0025 03       		.uleb128 0x3
 587 0026 08       		.uleb128 0x8
 588 0027 00       		.byte	0
 589 0028 00       		.byte	0
 590 0029 04       		.uleb128 0x4
 591 002a 16       		.uleb128 0x16
 592 002b 00       		.byte	0
 593 002c 03       		.uleb128 0x3
 594 002d 0E       		.uleb128 0xe
 595 002e 3A       		.uleb128 0x3a
 596 002f 0B       		.uleb128 0xb
 597 0030 3B       		.uleb128 0x3b
 598 0031 05       		.uleb128 0x5
 599 0032 49       		.uleb128 0x49
 600 0033 13       		.uleb128 0x13
 601 0034 00       		.byte	0
 602 0035 00       		.byte	0
 603 0036 05       		.uleb128 0x5
 604 0037 0F       		.uleb128 0xf
 605 0038 00       		.byte	0
 606 0039 0B       		.uleb128 0xb
 607 003a 0B       		.uleb128 0xb
 608 003b 00       		.byte	0
 609 003c 00       		.byte	0
 610 003d 06       		.uleb128 0x6
 611 003e 04       		.uleb128 0x4
 612 003f 01       		.byte	0x1
 613 0040 0B       		.uleb128 0xb
 614 0041 0B       		.uleb128 0xb
 615 0042 49       		.uleb128 0x49
 616 0043 13       		.uleb128 0x13
 617 0044 3A       		.uleb128 0x3a
 618 0045 0B       		.uleb128 0xb
 619 0046 3B       		.uleb128 0x3b
 620 0047 05       		.uleb128 0x5
 621 0048 01       		.uleb128 0x1
 622 0049 13       		.uleb128 0x13
 623 004a 00       		.byte	0
ARM GAS  C:\Users\dprdc\AppData\Local\Temp\ccyPb23h.s 			page 13


 624 004b 00       		.byte	0
 625 004c 07       		.uleb128 0x7
 626 004d 28       		.uleb128 0x28
 627 004e 00       		.byte	0
 628 004f 03       		.uleb128 0x3
 629 0050 0E       		.uleb128 0xe
 630 0051 1C       		.uleb128 0x1c
 631 0052 0B       		.uleb128 0xb
 632 0053 00       		.byte	0
 633 0054 00       		.byte	0
 634 0055 08       		.uleb128 0x8
 635 0056 01       		.uleb128 0x1
 636 0057 01       		.byte	0x1
 637 0058 49       		.uleb128 0x49
 638 0059 13       		.uleb128 0x13
 639 005a 01       		.uleb128 0x1
 640 005b 13       		.uleb128 0x13
 641 005c 00       		.byte	0
 642 005d 00       		.byte	0
 643 005e 09       		.uleb128 0x9
 644 005f 21       		.uleb128 0x21
 645 0060 00       		.byte	0
 646 0061 49       		.uleb128 0x49
 647 0062 13       		.uleb128 0x13
 648 0063 2F       		.uleb128 0x2f
 649 0064 0B       		.uleb128 0xb
 650 0065 00       		.byte	0
 651 0066 00       		.byte	0
 652 0067 0A       		.uleb128 0xa
 653 0068 2E       		.uleb128 0x2e
 654 0069 01       		.byte	0x1
 655 006a 3F       		.uleb128 0x3f
 656 006b 19       		.uleb128 0x19
 657 006c 03       		.uleb128 0x3
 658 006d 0E       		.uleb128 0xe
 659 006e 3A       		.uleb128 0x3a
 660 006f 0B       		.uleb128 0xb
 661 0070 3B       		.uleb128 0x3b
 662 0071 0B       		.uleb128 0xb
 663 0072 27       		.uleb128 0x27
 664 0073 19       		.uleb128 0x19
 665 0074 11       		.uleb128 0x11
 666 0075 01       		.uleb128 0x1
 667 0076 12       		.uleb128 0x12
 668 0077 06       		.uleb128 0x6
 669 0078 40       		.uleb128 0x40
 670 0079 18       		.uleb128 0x18
 671 007a 9642     		.uleb128 0x2116
 672 007c 19       		.uleb128 0x19
 673 007d 01       		.uleb128 0x1
 674 007e 13       		.uleb128 0x13
 675 007f 00       		.byte	0
 676 0080 00       		.byte	0
 677 0081 0B       		.uleb128 0xb
 678 0082 05       		.uleb128 0x5
 679 0083 00       		.byte	0
 680 0084 03       		.uleb128 0x3
ARM GAS  C:\Users\dprdc\AppData\Local\Temp\ccyPb23h.s 			page 14


 681 0085 0E       		.uleb128 0xe
 682 0086 3A       		.uleb128 0x3a
 683 0087 0B       		.uleb128 0xb
 684 0088 3B       		.uleb128 0x3b
 685 0089 0B       		.uleb128 0xb
 686 008a 49       		.uleb128 0x49
 687 008b 13       		.uleb128 0x13
 688 008c 02       		.uleb128 0x2
 689 008d 18       		.uleb128 0x18
 690 008e 00       		.byte	0
 691 008f 00       		.byte	0
 692 0090 0C       		.uleb128 0xc
 693 0091 2E       		.uleb128 0x2e
 694 0092 01       		.byte	0x1
 695 0093 3F       		.uleb128 0x3f
 696 0094 19       		.uleb128 0x19
 697 0095 03       		.uleb128 0x3
 698 0096 0E       		.uleb128 0xe
 699 0097 3A       		.uleb128 0x3a
 700 0098 0B       		.uleb128 0xb
 701 0099 3B       		.uleb128 0x3b
 702 009a 0B       		.uleb128 0xb
 703 009b 27       		.uleb128 0x27
 704 009c 19       		.uleb128 0x19
 705 009d 49       		.uleb128 0x49
 706 009e 13       		.uleb128 0x13
 707 009f 11       		.uleb128 0x11
 708 00a0 01       		.uleb128 0x1
 709 00a1 12       		.uleb128 0x12
 710 00a2 06       		.uleb128 0x6
 711 00a3 40       		.uleb128 0x40
 712 00a4 18       		.uleb128 0x18
 713 00a5 9642     		.uleb128 0x2116
 714 00a7 19       		.uleb128 0x19
 715 00a8 01       		.uleb128 0x1
 716 00a9 13       		.uleb128 0x13
 717 00aa 00       		.byte	0
 718 00ab 00       		.byte	0
 719 00ac 0D       		.uleb128 0xd
 720 00ad 0B       		.uleb128 0xb
 721 00ae 01       		.byte	0x1
 722 00af 11       		.uleb128 0x11
 723 00b0 01       		.uleb128 0x1
 724 00b1 12       		.uleb128 0x12
 725 00b2 06       		.uleb128 0x6
 726 00b3 00       		.byte	0
 727 00b4 00       		.byte	0
 728 00b5 0E       		.uleb128 0xe
 729 00b6 34       		.uleb128 0x34
 730 00b7 00       		.byte	0
 731 00b8 03       		.uleb128 0x3
 732 00b9 08       		.uleb128 0x8
 733 00ba 3A       		.uleb128 0x3a
 734 00bb 0B       		.uleb128 0xb
 735 00bc 3B       		.uleb128 0x3b
 736 00bd 0B       		.uleb128 0xb
 737 00be 49       		.uleb128 0x49
ARM GAS  C:\Users\dprdc\AppData\Local\Temp\ccyPb23h.s 			page 15


 738 00bf 13       		.uleb128 0x13
 739 00c0 02       		.uleb128 0x2
 740 00c1 18       		.uleb128 0x18
 741 00c2 00       		.byte	0
 742 00c3 00       		.byte	0
 743 00c4 0F       		.uleb128 0xf
 744 00c5 34       		.uleb128 0x34
 745 00c6 00       		.byte	0
 746 00c7 03       		.uleb128 0x3
 747 00c8 0E       		.uleb128 0xe
 748 00c9 3A       		.uleb128 0x3a
 749 00ca 0B       		.uleb128 0xb
 750 00cb 3B       		.uleb128 0x3b
 751 00cc 0B       		.uleb128 0xb
 752 00cd 49       		.uleb128 0x49
 753 00ce 13       		.uleb128 0x13
 754 00cf 3F       		.uleb128 0x3f
 755 00d0 19       		.uleb128 0x19
 756 00d1 02       		.uleb128 0x2
 757 00d2 18       		.uleb128 0x18
 758 00d3 00       		.byte	0
 759 00d4 00       		.byte	0
 760 00d5 00       		.byte	0
 761              		.section	.debug_aranges,"",%progbits
 762 0000 24000000 		.4byte	0x24
 763 0004 0200     		.2byte	0x2
 764 0006 00000000 		.4byte	.Ldebug_info0
 765 000a 04       		.byte	0x4
 766 000b 00       		.byte	0
 767 000c 0000     		.2byte	0
 768 000e 0000     		.2byte	0
 769 0010 00000000 		.4byte	.LFB35
 770 0014 30000000 		.4byte	.LFE35-.LFB35
 771 0018 00000000 		.4byte	.LFB36
 772 001c 74000000 		.4byte	.LFE36-.LFB36
 773 0020 00000000 		.4byte	0
 774 0024 00000000 		.4byte	0
 775              		.section	.debug_ranges,"",%progbits
 776              	.Ldebug_ranges0:
 777 0000 00000000 		.4byte	.LFB35
 778 0004 30000000 		.4byte	.LFE35
 779 0008 00000000 		.4byte	.LFB36
 780 000c 74000000 		.4byte	.LFE36
 781 0010 00000000 		.4byte	0
 782 0014 00000000 		.4byte	0
 783              		.section	.debug_line,"",%progbits
 784              	.Ldebug_line0:
 785 0000 99000000 		.section	.debug_str,"MS",%progbits,1
 785      02005200 
 785      00000201 
 785      FB0E0D00 
 785      01010101 
 786              	.LASF92:
 787 0000 433A5C55 		.ascii	"C:\\Users\\dprdc\\OneDrive\\Documents\\Capstone\\ST"
 787      73657273 
 787      5C647072 
 787      64635C4F 
ARM GAS  C:\Users\dprdc\AppData\Local\Temp\ccyPb23h.s 			page 16


 787      6E654472 
 788 002d 454D426F 		.ascii	"EMBoT-2-UEXT-Modules\\Software\\EZ BLE\\PSoC Worksp"
 788      542D322D 
 788      55455854 
 788      2D4D6F64 
 788      756C6573 
 789 005d 6163655C 		.ascii	"ace\\UEXTFirmware.cydsn\000"
 789      55455854 
 789      4669726D 
 789      77617265 
 789      2E637964 
 790              	.LASF25:
 791 0074 4359424C 		.ascii	"CYBLE_EVT_GAP_PASSKEY_ENTRY_REQUEST\000"
 791      455F4556 
 791      545F4741 
 791      505F5041 
 791      53534B45 
 792              	.LASF60:
 793 0098 4359424C 		.ascii	"CYBLE_EVT_GATTC_WRITE_RSP\000"
 793      455F4556 
 793      545F4741 
 793      5454435F 
 793      57524954 
 794              	.LASF22:
 795 00b2 4359424C 		.ascii	"CYBLE_EVT_MEMORY_REQUEST\000"
 795      455F4556 
 795      545F4D45 
 795      4D4F5259 
 795      5F524551 
 796              	.LASF47:
 797 00cb 4359424C 		.ascii	"CYBLE_EVT_GATTC_ERROR_RSP\000"
 797      455F4556 
 797      545F4741 
 797      5454435F 
 797      4552524F 
 798              	.LASF37:
 799 00e5 4359424C 		.ascii	"CYBLE_EVT_GAP_KEYPRESS_NOTIFICATION\000"
 799      455F4556 
 799      545F4741 
 799      505F4B45 
 799      59505245 
 800              	.LASF2:
 801 0109 73686F72 		.ascii	"short int\000"
 801      7420696E 
 801      7400
 802              	.LASF28:
 803 0113 4359424C 		.ascii	"CYBLE_EVT_GAP_AUTH_FAILED\000"
 803      455F4556 
 803      545F4741 
 803      505F4155 
 803      54485F46 
 804              	.LASF49:
 805 012d 4359424C 		.ascii	"CYBLE_EVT_GATT_DISCONNECT_IND\000"
 805      455F4556 
 805      545F4741 
 805      54545F44 
 805      4953434F 
ARM GAS  C:\Users\dprdc\AppData\Local\Temp\ccyPb23h.s 			page 17


 806              	.LASF15:
 807 014b 73697A65 		.ascii	"sizetype\000"
 807      74797065 
 807      00
 808              	.LASF39:
 809 0154 4359424C 		.ascii	"CYBLE_EVT_GAP_DATA_LENGTH_CHANGE\000"
 809      455F4556 
 809      545F4741 
 809      505F4441 
 809      54415F4C 
 810              	.LASF88:
 811 0175 6576656E 		.ascii	"eventCode\000"
 811      74436F64 
 811      6500
 812              	.LASF94:
 813 017f 6D61696E 		.ascii	"main\000"
 813      00
 814              	.LASF89:
 815 0184 6576656E 		.ascii	"event\000"
 815      7400
 816              	.LASF20:
 817 018a 4359424C 		.ascii	"CYBLE_EVT_HCI_STATUS\000"
 817      455F4556 
 817      545F4843 
 817      495F5354 
 817      41545553 
 818              	.LASF53:
 819 019f 4359424C 		.ascii	"CYBLE_EVT_GATTC_READ_BY_TYPE_RSP\000"
 819      455F4556 
 819      545F4741 
 819      5454435F 
 819      52454144 
 820              	.LASF83:
 821 01c0 4359424C 		.ascii	"CYBLE_EVT_PENDING_FLASH_WRITE\000"
 821      455F4556 
 821      545F5045 
 821      4E44494E 
 821      475F464C 
 822              	.LASF17:
 823 01de 4359424C 		.ascii	"CYBLE_EVT_STACK_ON\000"
 823      455F4556 
 823      545F5354 
 823      41434B5F 
 823      4F4E00
 824              	.LASF46:
 825 01f1 4359424C 		.ascii	"CYBLE_EVT_GAP_SMP_LOC_P256_KEYS_GEN_AND_SET_COMPLET"
 825      455F4556 
 825      545F4741 
 825      505F534D 
 825      505F4C4F 
 826 0224 4500     		.ascii	"E\000"
 827              	.LASF50:
 828 0226 4359424C 		.ascii	"CYBLE_EVT_GATTS_XCNHG_MTU_REQ\000"
 828      455F4556 
 828      545F4741 
 828      5454535F 
 828      58434E48 
ARM GAS  C:\Users\dprdc\AppData\Local\Temp\ccyPb23h.s 			page 18


 829              	.LASF35:
 830 0244 4359424C 		.ascii	"CYBLE_EVT_GAP_KEYINFO_EXCHNGE_CMPLT\000"
 830      455F4556 
 830      545F4741 
 830      505F4B45 
 830      59494E46 
 831              	.LASF58:
 832 0268 4359424C 		.ascii	"CYBLE_EVT_GATTC_READ_MULTI_RSP\000"
 832      455F4556 
 832      545F4741 
 832      5454435F 
 832      52454144 
 833              	.LASF67:
 834 0287 4359424C 		.ascii	"CYBLE_EVT_GATTS_HANDLE_VALUE_CNF\000"
 834      455F4556 
 834      545F4741 
 834      5454535F 
 834      48414E44 
 835              	.LASF16:
 836 02a8 4359424C 		.ascii	"CYBLE_EVT_HOST_INVALID\000"
 836      455F4556 
 836      545F484F 
 836      53545F49 
 836      4E56414C 
 837              	.LASF75:
 838 02bf 4359424C 		.ascii	"CYBLE_EVT_L2CAP_CBFC_CONN_IND\000"
 838      455F4556 
 838      545F4C32 
 838      4341505F 
 838      43424643 
 839              	.LASF78:
 840 02dd 4359424C 		.ascii	"CYBLE_EVT_L2CAP_CBFC_DISCONN_CNF\000"
 840      455F4556 
 840      545F4C32 
 840      4341505F 
 840      43424643 
 841              	.LASF95:
 842 02fe 69326342 		.ascii	"i2cBuf\000"
 842      756600
 843              	.LASF11:
 844 0305 666C6F61 		.ascii	"float\000"
 844      7400
 845              	.LASF56:
 846 030b 4359424C 		.ascii	"CYBLE_EVT_GATTC_READ_RSP\000"
 846      455F4556 
 846      545F4741 
 846      5454435F 
 846      52454144 
 847              	.LASF36:
 848 0324 4359424C 		.ascii	"CYBLE_EVT_GAP_NUMERIC_COMPARISON_REQUEST\000"
 848      455F4556 
 848      545F4741 
 848      505F4E55 
 848      4D455249 
 849              	.LASF41:
 850 034d 4359424C 		.ascii	"CYBLE_EVT_GAPC_DIRECT_ADV_REPORT\000"
 850      455F4556 
ARM GAS  C:\Users\dprdc\AppData\Local\Temp\ccyPb23h.s 			page 19


 850      545F4741 
 850      50435F44 
 850      49524543 
 851              	.LASF7:
 852 036e 6C6F6E67 		.ascii	"long long unsigned int\000"
 852      206C6F6E 
 852      6720756E 
 852      7369676E 
 852      65642069 
 853              	.LASF45:
 854 0385 4359424C 		.ascii	"CYBLE_EVT_GAP_AUTH_REQ_REPLY_ERR\000"
 854      455F4556 
 854      545F4741 
 854      505F4155 
 854      54485F52 
 855              	.LASF4:
 856 03a6 6C6F6E67 		.ascii	"long int\000"
 856      20696E74 
 856      00
 857              	.LASF66:
 858 03af 4359424C 		.ascii	"CYBLE_EVT_GATTC_HANDLE_VALUE_IND\000"
 858      455F4556 
 858      545F4741 
 858      5454435F 
 858      48414E44 
 859              	.LASF30:
 860 03d0 4359424C 		.ascii	"CYBLE_EVT_GAP_DEVICE_CONNECTED\000"
 860      455F4556 
 860      545F4741 
 860      505F4445 
 860      56494345 
 861              	.LASF29:
 862 03ef 4359424C 		.ascii	"CYBLE_EVT_GAPP_ADVERTISEMENT_START_STOP\000"
 862      455F4556 
 862      545F4741 
 862      50505F41 
 862      44564552 
 863              	.LASF65:
 864 0417 4359424C 		.ascii	"CYBLE_EVT_GATTC_HANDLE_VALUE_NTF\000"
 864      455F4556 
 864      545F4741 
 864      5454435F 
 864      48414E44 
 865              	.LASF21:
 866 0438 4359424C 		.ascii	"CYBLE_EVT_STACK_BUSY_STATUS\000"
 866      455F4556 
 866      545F5354 
 866      41434B5F 
 866      42555359 
 867              	.LASF26:
 868 0454 4359424C 		.ascii	"CYBLE_EVT_GAP_PASSKEY_DISPLAY_REQUEST\000"
 868      455F4556 
 868      545F4741 
 868      505F5041 
 868      53534B45 
 869              	.LASF90:
 870 047a 474E5520 		.ascii	"GNU C11 5.4.1 20160609 (release) [ARM/embedded-5-br"
ARM GAS  C:\Users\dprdc\AppData\Local\Temp\ccyPb23h.s 			page 20


 870      43313120 
 870      352E342E 
 870      31203230 
 870      31363036 
 871 04ad 616E6368 		.ascii	"anch revision 237715] -mcpu=cortex-m0 -mthumb -g -O"
 871      20726576 
 871      6973696F 
 871      6E203233 
 871      37373135 
 872 04e0 30202D66 		.ascii	"0 -ffunction-sections -ffat-lto-objects\000"
 872      66756E63 
 872      74696F6E 
 872      2D736563 
 872      74696F6E 
 873              	.LASF76:
 874 0508 4359424C 		.ascii	"CYBLE_EVT_L2CAP_CBFC_CONN_CNF\000"
 874      455F4556 
 874      545F4C32 
 874      4341505F 
 874      43424643 
 875              	.LASF40:
 876 0526 4359424C 		.ascii	"CYBLE_EVT_GAP_ENHANCE_CONN_COMPLETE\000"
 876      455F4556 
 876      545F4741 
 876      505F454E 
 876      48414E43 
 877              	.LASF14:
 878 054a 6C6F6E67 		.ascii	"long double\000"
 878      20646F75 
 878      626C6500 
 879              	.LASF72:
 880 0556 4359424C 		.ascii	"CYBLE_EVT_L2CAP_CONN_PARAM_UPDATE_REQ\000"
 880      455F4556 
 880      545F4C32 
 880      4341505F 
 880      434F4E4E 
 881              	.LASF1:
 882 057c 756E7369 		.ascii	"unsigned char\000"
 882      676E6564 
 882      20636861 
 882      7200
 883              	.LASF62:
 884 058a 4359424C 		.ascii	"CYBLE_EVT_GATTS_PREP_WRITE_REQ\000"
 884      455F4556 
 884      545F4741 
 884      5454535F 
 884      50524550 
 885              	.LASF84:
 886 05a9 4359424C 		.ascii	"CYBLE_EVT_LE_PING_AUTH_TIMEOUT\000"
 886      455F4556 
 886      545F4C45 
 886      5F50494E 
 886      475F4155 
 887              	.LASF54:
 888 05c8 4359424C 		.ascii	"CYBLE_EVT_GATTC_FIND_INFO_RSP\000"
 888      455F4556 
 888      545F4741 
ARM GAS  C:\Users\dprdc\AppData\Local\Temp\ccyPb23h.s 			page 21


 888      5454435F 
 888      46494E44 
 889              	.LASF0:
 890 05e6 7369676E 		.ascii	"signed char\000"
 890      65642063 
 890      68617200 
 891              	.LASF59:
 892 05f2 4359424C 		.ascii	"CYBLE_EVT_GATTS_WRITE_REQ\000"
 892      455F4556 
 892      545F4741 
 892      5454535F 
 892      57524954 
 893              	.LASF55:
 894 060c 4359424C 		.ascii	"CYBLE_EVT_GATTC_FIND_BY_TYPE_VALUE_RSP\000"
 894      455F4556 
 894      545F4741 
 894      5454435F 
 894      46494E44 
 895              	.LASF27:
 896 0633 4359424C 		.ascii	"CYBLE_EVT_GAP_AUTH_COMPLETE\000"
 896      455F4556 
 896      545F4741 
 896      505F4155 
 896      54485F43 
 897              	.LASF8:
 898 064f 756E7369 		.ascii	"unsigned int\000"
 898      676E6564 
 898      20696E74 
 898      00
 899              	.LASF48:
 900 065c 4359424C 		.ascii	"CYBLE_EVT_GATT_CONNECT_IND\000"
 900      455F4556 
 900      545F4741 
 900      54545F43 
 900      4F4E4E45 
 901              	.LASF5:
 902 0677 6C6F6E67 		.ascii	"long unsigned int\000"
 902      20756E73 
 902      69676E65 
 902      6420696E 
 902      7400
 903              	.LASF24:
 904 0689 4359424C 		.ascii	"CYBLE_EVT_GAP_AUTH_REQ\000"
 904      455F4556 
 904      545F4741 
 904      505F4155 
 904      54485F52 
 905              	.LASF77:
 906 06a0 4359424C 		.ascii	"CYBLE_EVT_L2CAP_CBFC_DISCONN_IND\000"
 906      455F4556 
 906      545F4C32 
 906      4341505F 
 906      43424643 
 907              	.LASF32:
 908 06c1 4359424C 		.ascii	"CYBLE_EVT_GAP_ENCRYPT_CHANGE\000"
 908      455F4556 
 908      545F4741 
ARM GAS  C:\Users\dprdc\AppData\Local\Temp\ccyPb23h.s 			page 22


 908      505F454E 
 908      43525950 
 909              	.LASF43:
 910 06de 4359424C 		.ascii	"CYBLE_EVT_GAP_CONN_ESTB\000"
 910      455F4556 
 910      545F4741 
 910      505F434F 
 910      4E4E5F45 
 911              	.LASF71:
 912 06f6 4359424C 		.ascii	"CYBLE_EVT_GATTC_LONG_PROCEDURE_END\000"
 912      455F4556 
 912      545F4741 
 912      5454435F 
 912      4C4F4E47 
 913              	.LASF3:
 914 0719 73686F72 		.ascii	"short unsigned int\000"
 914      7420756E 
 914      7369676E 
 914      65642069 
 914      6E7400
 915              	.LASF86:
 916 072c 4359424C 		.ascii	"CYBLE_EVT_FLASH_CORRUPT\000"
 916      455F4556 
 916      545F464C 
 916      4153485F 
 916      434F5252 
 917              	.LASF33:
 918 0744 4359424C 		.ascii	"CYBLE_EVT_GAP_CONNECTION_UPDATE_COMPLETE\000"
 918      455F4556 
 918      545F4741 
 918      505F434F 
 918      4E4E4543 
 919              	.LASF42:
 920 076d 4359424C 		.ascii	"CYBLE_EVT_GAP_SMP_NEGOTIATED_AUTH_INFO\000"
 920      455F4556 
 920      545F4741 
 920      505F534D 
 920      505F4E45 
 921              	.LASF13:
 922 0794 63686172 		.ascii	"char\000"
 922      00
 923              	.LASF74:
 924 0799 4359424C 		.ascii	"CYBLE_EVT_L2CAP_COMMAND_REJ\000"
 924      455F4556 
 924      545F4C32 
 924      4341505F 
 924      434F4D4D 
 925              	.LASF9:
 926 07b5 75696E74 		.ascii	"uint8\000"
 926      3800
 927              	.LASF57:
 928 07bb 4359424C 		.ascii	"CYBLE_EVT_GATTC_READ_BLOB_RSP\000"
 928      455F4556 
 928      545F4741 
 928      5454435F 
 928      52454144 
 929              	.LASF64:
ARM GAS  C:\Users\dprdc\AppData\Local\Temp\ccyPb23h.s 			page 23


 930 07d9 4359424C 		.ascii	"CYBLE_EVT_GATTC_EXEC_WRITE_RSP\000"
 930      455F4556 
 930      545F4741 
 930      5454435F 
 930      45584543 
 931              	.LASF10:
 932 07f8 75696E74 		.ascii	"uint32\000"
 932      333200
 933              	.LASF91:
 934 07ff 6D61696E 		.ascii	"main.c\000"
 934      2E6300
 935              	.LASF80:
 936 0806 4359424C 		.ascii	"CYBLE_EVT_L2CAP_CBFC_RX_CREDIT_IND\000"
 936      455F4556 
 936      545F4C32 
 936      4341505F 
 936      43424643 
 937              	.LASF12:
 938 0829 646F7562 		.ascii	"double\000"
 938      6C6500
 939              	.LASF81:
 940 0830 4359424C 		.ascii	"CYBLE_EVT_L2CAP_CBFC_TX_CREDIT_IND\000"
 940      455F4556 
 940      545F4C32 
 940      4341505F 
 940      43424643 
 941              	.LASF44:
 942 0853 4359424C 		.ascii	"CYBLE_EVT_GAP_SCAN_REQ_RECVD\000"
 942      455F4556 
 942      545F4741 
 942      505F5343 
 942      414E5F52 
 943              	.LASF6:
 944 0870 6C6F6E67 		.ascii	"long long int\000"
 944      206C6F6E 
 944      6720696E 
 944      7400
 945              	.LASF19:
 946 087e 4359424C 		.ascii	"CYBLE_EVT_HARDWARE_ERROR\000"
 946      455F4556 
 946      545F4841 
 946      52445741 
 946      52455F45 
 947              	.LASF79:
 948 0897 4359424C 		.ascii	"CYBLE_EVT_L2CAP_CBFC_DATA_READ\000"
 948      455F4556 
 948      545F4C32 
 948      4341505F 
 948      43424643 
 949              	.LASF73:
 950 08b6 4359424C 		.ascii	"CYBLE_EVT_L2CAP_CONN_PARAM_UPDATE_RSP\000"
 950      455F4556 
 950      545F4C32 
 950      4341505F 
 950      434F4E4E 
 951              	.LASF23:
 952 08dc 4359424C 		.ascii	"CYBLE_EVT_GAPC_SCAN_PROGRESS_RESULT\000"
ARM GAS  C:\Users\dprdc\AppData\Local\Temp\ccyPb23h.s 			page 24


 952      455F4556 
 952      545F4741 
 952      50435F53 
 952      43414E5F 
 953              	.LASF52:
 954 0900 4359424C 		.ascii	"CYBLE_EVT_GATTC_READ_BY_GROUP_TYPE_RSP\000"
 954      455F4556 
 954      545F4741 
 954      5454435F 
 954      52454144 
 955              	.LASF61:
 956 0927 4359424C 		.ascii	"CYBLE_EVT_GATTS_WRITE_CMD_REQ\000"
 956      455F4556 
 956      545F4741 
 956      5454535F 
 956      57524954 
 957              	.LASF51:
 958 0945 4359424C 		.ascii	"CYBLE_EVT_GATTC_XCHNG_MTU_RSP\000"
 958      455F4556 
 958      545F4741 
 958      5454435F 
 958      5843484E 
 959              	.LASF18:
 960 0963 4359424C 		.ascii	"CYBLE_EVT_TIMEOUT\000"
 960      455F4556 
 960      545F5449 
 960      4D454F55 
 960      5400
 961              	.LASF82:
 962 0975 4359424C 		.ascii	"CYBLE_EVT_L2CAP_CBFC_DATA_WRITE_IND\000"
 962      455F4556 
 962      545F4C32 
 962      4341505F 
 962      43424643 
 963              	.LASF34:
 964 0999 4359424C 		.ascii	"CYBLE_EVT_GAPC_SCAN_START_STOP\000"
 964      455F4556 
 964      545F4741 
 964      50435F53 
 964      43414E5F 
 965              	.LASF87:
 966 09b8 4359424C 		.ascii	"CYBLE_EVT_MAX\000"
 966      455F4556 
 966      545F4D41 
 966      5800
 967              	.LASF70:
 968 09c6 4359424C 		.ascii	"CYBLE_EVT_GATTS_READ_CHAR_VAL_ACCESS_REQ\000"
 968      455F4556 
 968      545F4741 
 968      5454535F 
 968      52454144 
 969              	.LASF69:
 970 09ef 4359424C 		.ascii	"CYBLE_EVT_GATTC_STOP_CMD_COMPLETE\000"
 970      455F4556 
 970      545F4741 
 970      5454435F 
 970      53544F50 
ARM GAS  C:\Users\dprdc\AppData\Local\Temp\ccyPb23h.s 			page 25


 971              	.LASF63:
 972 0a11 4359424C 		.ascii	"CYBLE_EVT_GATTS_EXEC_WRITE_REQ\000"
 972      455F4556 
 972      545F4741 
 972      5454535F 
 972      45584543 
 973              	.LASF93:
 974 0a30 53746163 		.ascii	"Stack_Handler\000"
 974      6B5F4861 
 974      6E646C65 
 974      7200
 975              	.LASF31:
 976 0a3e 4359424C 		.ascii	"CYBLE_EVT_GAP_DEVICE_DISCONNECTED\000"
 976      455F4556 
 976      545F4741 
 976      505F4445 
 976      56494345 
 977              	.LASF68:
 978 0a60 4359424C 		.ascii	"CYBLE_EVT_GATTS_DATA_SIGNED_CMD_REQ\000"
 978      455F4556 
 978      545F4741 
 978      5454535F 
 978      44415441 
 979              	.LASF85:
 980 0a84 4359424C 		.ascii	"CYBLE_EVT_HCI_PKT\000"
 980      455F4556 
 980      545F4843 
 980      495F504B 
 980      5400
 981              	.LASF38:
 982 0a96 4359424C 		.ascii	"CYBLE_EVT_GAP_OOB_GENERATED_NOTIFICATION\000"
 982      455F4556 
 982      545F4741 
 982      505F4F4F 
 982      425F4745 
 983              		.ident	"GCC: (GNU Tools for ARM Embedded Processors) 5.4.1 20160609 (release) [ARM/embedded-5-bran
