--------------- Build Started: 04/03/2020 16:31:26 Project: UEXTFirmware, Configuration: ARM GCC 5.4-2016-q2-update Debug ---------------
The code generation step is up to date.
arm-none-eabi-gcc.exe -mcpu=cortex-m0 -mthumb -I. -IGenerated_Source\PSoC4 -Wa,-alh=.\CortexM0\ARM_GCC_541\Debug/main.lst -g -D DEBUG -Wall -ffunction-sections -ffat-lto-objects -O0 -c main.c -o .\CortexM0\ARM_GCC_541\Debug\main.o
arm-none-eabi-gcc.exe -mcpu=cortex-m0 -mthumb -I. -IGenerated_Source\PSoC4 -Wa,-alh=.\CortexM0\ARM_GCC_541\Debug/cyfitter_cfg.lst -g -D DEBUG -Wall -ffunction-sections -ffat-lto-objects -O0 -c Generated_Source\PSoC4\cyfitter_cfg.c -o .\CortexM0\ARM_GCC_541\Debug\cyfitter_cfg.o
arm-none-eabi-gcc.exe -mcpu=cortex-m0 -mthumb -I. -IGenerated_Source\PSoC4 -Wa,-alh=.\CortexM0\ARM_GCC_541\Debug/cymetadata.lst -g -D DEBUG -Wall -ffunction-sections -ffat-lto-objects -O0 -c Generated_Source\PSoC4\cymetadata.c -o .\CortexM0\ARM_GCC_541\Debug\cymetadata.o
arm-none-eabi-gcc.exe -mcpu=cortex-m0 -mthumb -I. -IGenerated_Source\PSoC4 -Wa,-alh=.\CortexM0\ARM_GCC_541\Debug/BLE_1.lst -g -D DEBUG -Wall -ffunction-sections -ffat-lto-objects -O0 -c Generated_Source\PSoC4\BLE_1.c -o .\CortexM0\ARM_GCC_541\Debug\BLE_1.o
arm-none-eabi-gcc.exe -mcpu=cortex-m0 -mthumb -I. -IGenerated_Source\PSoC4 -Wa,-alh=.\CortexM0\ARM_GCC_541\Debug/BLE_1_gatt.lst -g -D DEBUG -Wall -ffunction-sections -ffat-lto-objects -O0 -c Generated_Source\PSoC4\BLE_1_gatt.c -o .\CortexM0\ARM_GCC_541\Debug\BLE_1_gatt.o
arm-none-eabi-gcc.exe -mcpu=cortex-m0 -mthumb -I. -IGenerated_Source\PSoC4 -Wa,-alh=.\CortexM0\ARM_GCC_541\Debug/BLE_1_eventHandler.lst -g -D DEBUG -Wall -ffunction-sections -ffat-lto-objects -O0 -c Generated_Source\PSoC4\BLE_1_eventHandler.c -o .\CortexM0\ARM_GCC_541\Debug\BLE_1_eventHandler.o
arm-none-eabi-gcc.exe -mcpu=cortex-m0 -mthumb -I. -IGenerated_Source\PSoC4 -Wa,-alh=.\CortexM0\ARM_GCC_541\Debug/BLE_1_HAL_INT.lst -g -D DEBUG -Wall -ffunction-sections -ffat-lto-objects -O0 -c Generated_Source\PSoC4\BLE_1_HAL_INT.c -o .\CortexM0\ARM_GCC_541\Debug\BLE_1_HAL_INT.o
arm-none-eabi-gcc.exe -mcpu=cortex-m0 -mthumb -I. -IGenerated_Source\PSoC4 -Wa,-alh=.\CortexM0\ARM_GCC_541\Debug/BLE_1_HAL_PVT.lst -g -D DEBUG -Wall -ffunction-sections -ffat-lto-objects -O0 -c Generated_Source\PSoC4\BLE_1_HAL_PVT.c -o .\CortexM0\ARM_GCC_541\Debug\BLE_1_HAL_PVT.o
arm-none-eabi-gcc.exe -mcpu=cortex-m0 -mthumb -I. -IGenerated_Source\PSoC4 -Wa,-alh=.\CortexM0\ARM_GCC_541\Debug/BLE_1_custom.lst -g -D DEBUG -Wall -ffunction-sections -ffat-lto-objects -O0 -c Generated_Source\PSoC4\BLE_1_custom.c -o .\CortexM0\ARM_GCC_541\Debug\BLE_1_custom.o
arm-none-eabi-gcc.exe -mcpu=cortex-m0 -mthumb -I. -IGenerated_Source\PSoC4 -Wa,-alh=.\CortexM0\ARM_GCC_541\Debug/BLE_1_bless_isr.lst -g -D DEBUG -Wall -ffunction-sections -ffat-lto-objects -O0 -c Generated_Source\PSoC4\BLE_1_bless_isr.c -o .\CortexM0\ARM_GCC_541\Debug\BLE_1_bless_isr.o
arm-none-eabi-gcc.exe -mcpu=cortex-m0 -mthumb -I. -IGenerated_Source\PSoC4 -Wa,-alh=.\CortexM0\ARM_GCC_541\Debug/Cm0Start.lst -g -D DEBUG -Wall -ffunction-sections -ffat-lto-objects -O0 -c Generated_Source\PSoC4\Cm0Start.c -o .\CortexM0\ARM_GCC_541\Debug\Cm0Start.o
arm-none-eabi-gcc.exe -mcpu=cortex-m0 -mthumb -I. -IGenerated_Source\PSoC4 -Wa,-alh=.\CortexM0\ARM_GCC_541\Debug/CyFlash.lst -g -D DEBUG -Wall -ffunction-sections -ffat-lto-objects -O0 -c Generated_Source\PSoC4\CyFlash.c -o .\CortexM0\ARM_GCC_541\Debug\CyFlash.o
arm-none-eabi-gcc.exe -mcpu=cortex-m0 -mthumb -I. -IGenerated_Source\PSoC4 -Wa,-alh=.\CortexM0\ARM_GCC_541\Debug/CyLib.lst -g -D DEBUG -Wall -ffunction-sections -ffat-lto-objects -O0 -c Generated_Source\PSoC4\CyLib.c -o .\CortexM0\ARM_GCC_541\Debug\CyLib.o
arm-none-eabi-gcc.exe -mcpu=cortex-m0 -mthumb -I. -IGenerated_Source\PSoC4 -Wa,-alh=.\CortexM0\ARM_GCC_541\Debug/cyPm.lst -g -D DEBUG -Wall -ffunction-sections -ffat-lto-objects -O0 -c Generated_Source\PSoC4\cyPm.c -o .\CortexM0\ARM_GCC_541\Debug\cyPm.o
arm-none-eabi-gcc.exe -mcpu=cortex-m0 -mthumb -I. -IGenerated_Source\PSoC4 -Wa,-alh=.\CortexM0\ARM_GCC_541\Debug/cyutils.lst -g -D DEBUG -Wall -ffunction-sections -ffat-lto-objects -O0 -c Generated_Source\PSoC4\cyutils.c -o .\CortexM0\ARM_GCC_541\Debug\cyutils.o
arm-none-eabi-gcc.exe -mcpu=cortex-m0 -mthumb -I. -IGenerated_Source\PSoC4 -Wa,-alh=.\CortexM0\ARM_GCC_541\Debug/CyLFClk.lst -g -D DEBUG -Wall -ffunction-sections -ffat-lto-objects -O0 -c Generated_Source\PSoC4\CyLFClk.c -o .\CortexM0\ARM_GCC_541\Debug\CyLFClk.o
arm-none-eabi-gcc.exe -mcpu=cortex-m0 -mthumb -I. -IGenerated_Source\PSoC4 -Wa,-alh=.\CortexM0\ARM_GCC_541\Debug/cy_em_eeprom.lst -g -D DEBUG -Wall -ffunction-sections -ffat-lto-objects -O0 -c Generated_Source\PSoC4\cy_em_eeprom.c -o .\CortexM0\ARM_GCC_541\Debug\cy_em_eeprom.o
arm-none-eabi-gcc.exe -mcpu=cortex-m0 -mthumb -I. -IGenerated_Source\PSoC4 -Wa,-alh=.\CortexM0\ARM_GCC_541\Debug/blueLED.lst -g -D DEBUG -Wall -ffunction-sections -ffat-lto-objects -O0 -c Generated_Source\PSoC4\blueLED.c -o .\CortexM0\ARM_GCC_541\Debug\blueLED.o
arm-none-eabi-gcc.exe -mcpu=cortex-m0 -mthumb -I. -IGenerated_Source\PSoC4 -Wa,-alh=.\CortexM0\ARM_GCC_541\Debug/blueLED_PM.lst -g -D DEBUG -Wall -ffunction-sections -ffat-lto-objects -O0 -c Generated_Source\PSoC4\blueLED_PM.c -o .\CortexM0\ARM_GCC_541\Debug\blueLED_PM.o
arm-none-eabi-gcc.exe -mcpu=cortex-m0 -mthumb -I. -IGenerated_Source\PSoC4 -Wa,-alh=.\CortexM0\ARM_GCC_541\Debug/redLED.lst -g -D DEBUG -Wall -ffunction-sections -ffat-lto-objects -O0 -c Generated_Source\PSoC4\redLED.c -o .\CortexM0\ARM_GCC_541\Debug\redLED.o
arm-none-eabi-gcc.exe -mcpu=cortex-m0 -mthumb -I. -IGenerated_Source\PSoC4 -Wa,-alh=.\CortexM0\ARM_GCC_541\Debug/redLED_PM.lst -g -D DEBUG -Wall -ffunction-sections -ffat-lto-objects -O0 -c Generated_Source\PSoC4\redLED_PM.c -o .\CortexM0\ARM_GCC_541\Debug\redLED_PM.o
arm-none-eabi-gcc.exe -mcpu=cortex-m0 -mthumb -I. -IGenerated_Source\PSoC4 -Wa,-alh=.\CortexM0\ARM_GCC_541\Debug/greenLED.lst -g -D DEBUG -Wall -ffunction-sections -ffat-lto-objects -O0 -c Generated_Source\PSoC4\greenLED.c -o .\CortexM0\ARM_GCC_541\Debug\greenLED.o
arm-none-eabi-gcc.exe -mcpu=cortex-m0 -mthumb -I. -IGenerated_Source\PSoC4 -Wa,-alh=.\CortexM0\ARM_GCC_541\Debug/greenLED_PM.lst -g -D DEBUG -Wall -ffunction-sections -ffat-lto-objects -O0 -c Generated_Source\PSoC4\greenLED_PM.c -o .\CortexM0\ARM_GCC_541\Debug\greenLED_PM.o
arm-none-eabi-gcc.exe -mcpu=cortex-m0 -mthumb -I. -IGenerated_Source\PSoC4 -Wa,-alh=.\CortexM0\ARM_GCC_541\Debug/i2c.lst -g -D DEBUG -Wall -ffunction-sections -ffat-lto-objects -O0 -c Generated_Source\PSoC4\i2c.c -o .\CortexM0\ARM_GCC_541\Debug\i2c.o
arm-none-eabi-gcc.exe -mcpu=cortex-m0 -mthumb -I. -IGenerated_Source\PSoC4 -Wa,-alh=.\CortexM0\ARM_GCC_541\Debug/i2c_PM.lst -g -D DEBUG -Wall -ffunction-sections -ffat-lto-objects -O0 -c Generated_Source\PSoC4\i2c_PM.c -o .\CortexM0\ARM_GCC_541\Debug\i2c_PM.o
arm-none-eabi-gcc.exe -mcpu=cortex-m0 -mthumb -I. -IGenerated_Source\PSoC4 -Wa,-alh=.\CortexM0\ARM_GCC_541\Debug/i2c_BOOT.lst -g -D DEBUG -Wall -ffunction-sections -ffat-lto-objects -O0 -c Generated_Source\PSoC4\i2c_BOOT.c -o .\CortexM0\ARM_GCC_541\Debug\i2c_BOOT.o
arm-none-eabi-gcc.exe -mcpu=cortex-m0 -mthumb -I. -IGenerated_Source\PSoC4 -Wa,-alh=.\CortexM0\ARM_GCC_541\Debug/i2c_EZI2C.lst -g -D DEBUG -Wall -ffunction-sections -ffat-lto-objects -O0 -c Generated_Source\PSoC4\i2c_EZI2C.c -o .\CortexM0\ARM_GCC_541\Debug\i2c_EZI2C.o
arm-none-eabi-gcc.exe -mcpu=cortex-m0 -mthumb -I. -IGenerated_Source\PSoC4 -Wa,-alh=.\CortexM0\ARM_GCC_541\Debug/i2c_EZI2C_INT.lst -g -D DEBUG -Wall -ffunction-sections -ffat-lto-objects -O0 -c Generated_Source\PSoC4\i2c_EZI2C_INT.c -o .\CortexM0\ARM_GCC_541\Debug\i2c_EZI2C_INT.o
arm-none-eabi-gcc.exe -mcpu=cortex-m0 -mthumb -I. -IGenerated_Source\PSoC4 -Wa,-alh=.\CortexM0\ARM_GCC_541\Debug/i2c_EZI2C_BOOT.lst -g -D DEBUG -Wall -ffunction-sections -ffat-lto-objects -O0 -c Generated_Source\PSoC4\i2c_EZI2C_BOOT.c -o .\CortexM0\ARM_GCC_541\Debug\i2c_EZI2C_BOOT.o
arm-none-eabi-gcc.exe -mcpu=cortex-m0 -mthumb -I. -IGenerated_Source\PSoC4 -Wa,-alh=.\CortexM0\ARM_GCC_541\Debug/i2c_SCBCLK.lst -g -D DEBUG -Wall -ffunction-sections -ffat-lto-objects -O0 -c Generated_Source\PSoC4\i2c_SCBCLK.c -o .\CortexM0\ARM_GCC_541\Debug\i2c_SCBCLK.o
arm-none-eabi-gcc.exe -mcpu=cortex-m0 -mthumb -I. -IGenerated_Source\PSoC4 -Wa,-alh=.\CortexM0\ARM_GCC_541\Debug/i2c_sda.lst -g -D DEBUG -Wall -ffunction-sections -ffat-lto-objects -O0 -c Generated_Source\PSoC4\i2c_sda.c -o .\CortexM0\ARM_GCC_541\Debug\i2c_sda.o
arm-none-eabi-gcc.exe -mcpu=cortex-m0 -mthumb -I. -IGenerated_Source\PSoC4 -Wa,-alh=.\CortexM0\ARM_GCC_541\Debug/i2c_sda_PM.lst -g -D DEBUG -Wall -ffunction-sections -ffat-lto-objects -O0 -c Generated_Source\PSoC4\i2c_sda_PM.c -o .\CortexM0\ARM_GCC_541\Debug\i2c_sda_PM.o
arm-none-eabi-gcc.exe -mcpu=cortex-m0 -mthumb -I. -IGenerated_Source\PSoC4 -Wa,-alh=.\CortexM0\ARM_GCC_541\Debug/i2c_scl.lst -g -D DEBUG -Wall -ffunction-sections -ffat-lto-objects -O0 -c Generated_Source\PSoC4\i2c_scl.c -o .\CortexM0\ARM_GCC_541\Debug\i2c_scl.o
arm-none-eabi-gcc.exe -mcpu=cortex-m0 -mthumb -I. -IGenerated_Source\PSoC4 -Wa,-alh=.\CortexM0\ARM_GCC_541\Debug/i2c_scl_PM.lst -g -D DEBUG -Wall -ffunction-sections -ffat-lto-objects -O0 -c Generated_Source\PSoC4\i2c_scl_PM.c -o .\CortexM0\ARM_GCC_541\Debug\i2c_scl_PM.o
arm-none-eabi-gcc.exe -mcpu=cortex-m0 -mthumb -I. -IGenerated_Source\PSoC4 -Wa,-alh=.\CortexM0\ARM_GCC_541\Debug/i2c_SCB_IRQ.lst -g -D DEBUG -Wall -ffunction-sections -ffat-lto-objects -O0 -c Generated_Source\PSoC4\i2c_SCB_IRQ.c -o .\CortexM0\ARM_GCC_541\Debug\i2c_SCB_IRQ.o
arm-none-eabi-as.exe -mcpu=cortex-m0 -mthumb -I. -IGenerated_Source\PSoC4 -alh=.\CortexM0\ARM_GCC_541\Debug/CyBootAsmGnu.lst -g -W -o .\CortexM0\ARM_GCC_541\Debug\CyBootAsmGnu.o Generated_Source\PSoC4\CyBootAsmGnu.s
arm-none-eabi-ar.exe -rs .\CortexM0\ARM_GCC_541\Debug\UEXTFirmware.a .\CortexM0\ARM_GCC_541\Debug\BLE_1.o .\CortexM0\ARM_GCC_541\Debug\BLE_1_gatt.o .\CortexM0\ARM_GCC_541\Debug\BLE_1_eventHandler.o .\CortexM0\ARM_GCC_541\Debug\BLE_1_HAL_INT.o .\CortexM0\ARM_GCC_541\Debug\BLE_1_HAL_PVT.o .\CortexM0\ARM_GCC_541\Debug\BLE_1_custom.o .\CortexM0\ARM_GCC_541\Debug\BLE_1_bless_isr.o .\CortexM0\ARM_GCC_541\Debug\CyFlash.o .\CortexM0\ARM_GCC_541\Debug\CyLib.o .\CortexM0\ARM_GCC_541\Debug\cyPm.o .\CortexM0\ARM_GCC_541\Debug\cyutils.o .\CortexM0\ARM_GCC_541\Debug\CyLFClk.o .\CortexM0\ARM_GCC_541\Debug\cy_em_eeprom.o .\CortexM0\ARM_GCC_541\Debug\blueLED.o .\CortexM0\ARM_GCC_541\Debug\blueLED_PM.o .\CortexM0\ARM_GCC_541\Debug\redLED.o .\CortexM0\ARM_GCC_541\Debug\redLED_PM.o .\CortexM0\ARM_GCC_541\Debug\greenLED.o .\CortexM0\ARM_GCC_541\Debug\greenLED_PM.o .\CortexM0\ARM_GCC_541\Debug\i2c.o .\CortexM0\ARM_GCC_541\Debug\i2c_PM.o .\CortexM0\ARM_GCC_541\Debug\i2c_BOOT.o .\CortexM0\ARM_GCC_541\Debug\i2c_EZI2C.o .\CortexM0\ARM_GCC_541\Debug\i2c_EZI2C_INT.o .\CortexM0\ARM_GCC_541\Debug\i2c_EZI2C_BOOT.o .\CortexM0\ARM_GCC_541\Debug\i2c_SCBCLK.o .\CortexM0\ARM_GCC_541\Debug\i2c_sda.o .\CortexM0\ARM_GCC_541\Debug\i2c_sda_PM.o .\CortexM0\ARM_GCC_541\Debug\i2c_scl.o .\CortexM0\ARM_GCC_541\Debug\i2c_scl_PM.o .\CortexM0\ARM_GCC_541\Debug\i2c_SCB_IRQ.o .\CortexM0\ARM_GCC_541\Debug\CyBootAsmGnu.o
arm-none-eabi-ar.exe: creating .\CortexM0\ARM_GCC_541\Debug\UEXTFirmware.a
arm-none-eabi-gcc.exe -Wl,--start-group -o "C:\Users\dprdc\OneDrive\Documents\Capstone\STEMBoT-2-UEXT-Modules\Software\EZ BLE\PSoC Workspace\UEXTFirmware.cydsn\CortexM0\ARM_GCC_541\Debug\UEXTFirmware.elf" .\CortexM0\ARM_GCC_541\Debug\main.o .\CortexM0\ARM_GCC_541\Debug\cyfitter_cfg.o .\CortexM0\ARM_GCC_541\Debug\cymetadata.o .\CortexM0\ARM_GCC_541\Debug\Cm0Start.o .\CortexM0\ARM_GCC_541\Debug\UEXTFirmware.a "C:\Program Files (x86)\Cypress\PSoC Creator\4.3\PSoC Creator\psoc\content\CyComponentLibrary\CyComponentLibrary.cylib\BLE_v3_63\Library\gccCyBLEStack_BLE_SOC_PERIPHERAL.a" -mcpu=cortex-m0 -mthumb -L Generated_Source\PSoC4 -Wl,-Map,.\CortexM0\ARM_GCC_541\Debug/UEXTFirmware.map -T Generated_Source\PSoC4\cm0gcc.ld -specs=nano.specs -Wl,--gc-sections -g -ffunction-sections -O0 -ffat-lto-objects -Wl,--end-group
cyelftool.exe -C "C:\Users\dprdc\OneDrive\Documents\Capstone\STEMBoT-2-UEXT-Modules\Software\EZ BLE\PSoC Workspace\UEXTFirmware.cydsn\CortexM0\ARM_GCC_541\Debug\UEXTFirmware.elf" --flash_row_size 128 --flash_size 131072 --flash_offset 0x00000000
No ELF section .cychecksum found, creating one
Application checksum calculated and stored in ELF section .cychecksum
Checksum calculated and stored in ELF section .cymeta
cyelftool.exe -S "C:\Users\dprdc\OneDrive\Documents\Capstone\STEMBoT-2-UEXT-Modules\Software\EZ BLE\PSoC Workspace\UEXTFirmware.cydsn\CortexM0\ARM_GCC_541\Debug\UEXTFirmware.elf"
Flash used: 83850 of 131072 bytes (64.0%).
SRAM used: 11024 of 16384 bytes (67.3%). Stack: 2048 bytes. Heap: 128 bytes.
--------------- Build Succeeded: 04/03/2020 16:31:39 ---------------
