ARM GAS  C:\Users\dprdc\AppData\Local\Temp\ccdA2Bf1.s 			page 1


   1              		.syntax unified
   2              		.cpu cortex-m0
   3              		.fpu softvfp
   4              		.eabi_attribute 20, 1
   5              		.eabi_attribute 21, 1
   6              		.eabi_attribute 23, 3
   7              		.eabi_attribute 24, 1
   8              		.eabi_attribute 25, 1
   9              		.eabi_attribute 26, 1
  10              		.eabi_attribute 30, 6
  11              		.eabi_attribute 34, 0
  12              		.eabi_attribute 18, 4
  13              		.thumb
  14              		.syntax unified
  15              		.file	"main.c"
  16              		.text
  17              	.Ltext0:
  18              		.cfi_sections	.debug_frame
  19              		.section	.text.Stack_Handler,"ax",%progbits
  20              		.align	2
  21              		.global	Stack_Handler
  22              		.code	16
  23              		.thumb_func
  24              		.type	Stack_Handler, %function
  25              	Stack_Handler:
  26              	.LFB35:
  27              		.file 1 "main.c"
   1:main.c        **** /* ========================================
   2:main.c        ****  *
   3:main.c        ****  * Copyright YOUR COMPANY, THE YEAR
   4:main.c        ****  * All Rights Reserved
   5:main.c        ****  * UNPUBLISHED, LICENSED SOFTWARE.
   6:main.c        ****  *
   7:main.c        ****  * CONFIDENTIAL AND PROPRIETARY INFORMATION
   8:main.c        ****  * WHICH IS THE PROPERTY OF your company.
   9:main.c        ****  *
  10:main.c        ****  * ========================================
  11:main.c        **** */
  12:main.c        **** #include <project.h>
  13:main.c        **** 
  14:main.c        **** void Stack_Handler(uint32 eventCode, void *event)
  15:main.c        **** {
  28              		.loc 1 15 0
  29              		.cfi_startproc
  30              		@ args = 0, pretend = 0, frame = 16
  31              		@ frame_needed = 1, uses_anonymous_args = 0
  32 0000 80B5     		push	{r7, lr}
  33              		.cfi_def_cfa_offset 8
  34              		.cfi_offset 7, -8
  35              		.cfi_offset 14, -4
  36 0002 84B0     		sub	sp, sp, #16
  37              		.cfi_def_cfa_offset 24
  38 0004 00AF     		add	r7, sp, #0
  39              		.cfi_def_cfa_register 7
  40 0006 7860     		str	r0, [r7, #4]
  41 0008 3960     		str	r1, [r7]
  16:main.c        ****     //authetification info
ARM GAS  C:\Users\dprdc\AppData\Local\Temp\ccdA2Bf1.s 			page 2


  17:main.c        ****     CYBLE_GAP_AUTH_INFO_T authInfo;
  18:main.c        ****     authInfo.security = (CYBLE_GAP_SEC_MODE_1 | CYBLE_GAP_SEC_LEVEL_1);
  42              		.loc 1 18 0
  43 000a 0823     		movs	r3, #8
  44 000c FB18     		adds	r3, r7, r3
  45 000e 1022     		movs	r2, #16
  46 0010 1A70     		strb	r2, [r3]
  19:main.c        ****     authInfo.bonding = CYBLE_GAP_BONDING;
  47              		.loc 1 19 0
  48 0012 0823     		movs	r3, #8
  49 0014 FB18     		adds	r3, r7, r3
  50 0016 0122     		movs	r2, #1
  51 0018 5A70     		strb	r2, [r3, #1]
  20:main.c        ****     authInfo.ekeySize = 16;
  52              		.loc 1 20 0
  53 001a 0823     		movs	r3, #8
  54 001c FB18     		adds	r3, r7, r3
  55 001e 1022     		movs	r2, #16
  56 0020 9A70     		strb	r2, [r3, #2]
  21:main.c        ****     authInfo.authErr = CYBLE_GAP_AUTH_ERROR_NONE;
  57              		.loc 1 21 0
  58 0022 0823     		movs	r3, #8
  59 0024 FB18     		adds	r3, r7, r3
  60 0026 0022     		movs	r2, #0
  61 0028 DA70     		strb	r2, [r3, #3]
  22:main.c        ****     authInfo.pairingProperties = 0x0;
  62              		.loc 1 22 0
  63 002a 0823     		movs	r3, #8
  64 002c FB18     		adds	r3, r7, r3
  65 002e 0022     		movs	r2, #0
  66 0030 1A71     		strb	r2, [r3, #4]
  23:main.c        ****     
  24:main.c        ****     switch(eventCode){
  67              		.loc 1 24 0
  68 0032 7B68     		ldr	r3, [r7, #4]
  69 0034 282B     		cmp	r3, #40
  70 0036 12D8     		bhi	.L6
  71 0038 7B68     		ldr	r3, [r7, #4]
  72 003a 9A00     		lsls	r2, r3, #2
  73 003c 0A4B     		ldr	r3, .L7
  74 003e D318     		adds	r3, r2, r3
  75 0040 1B68     		ldr	r3, [r3]
  76 0042 9F46     		mov	pc, r3
  77              		.section	.rodata
  78              		.align	2
  79              	.L4:
  80 0000 5E000000 		.word	.L6
  81 0004 44000000 		.word	.L3
  82 0008 44000000 		.word	.L3
  83 000c 5E000000 		.word	.L6
  84 0010 5E000000 		.word	.L6
  85 0014 5E000000 		.word	.L6
  86 0018 5E000000 		.word	.L6
  87 001c 5E000000 		.word	.L6
  88 0020 5E000000 		.word	.L6
  89 0024 5E000000 		.word	.L6
  90 0028 5E000000 		.word	.L6
ARM GAS  C:\Users\dprdc\AppData\Local\Temp\ccdA2Bf1.s 			page 3


  91 002c 5E000000 		.word	.L6
  92 0030 5E000000 		.word	.L6
  93 0034 5E000000 		.word	.L6
  94 0038 5E000000 		.word	.L6
  95 003c 5E000000 		.word	.L6
  96 0040 5E000000 		.word	.L6
  97 0044 5E000000 		.word	.L6
  98 0048 5E000000 		.word	.L6
  99 004c 5E000000 		.word	.L6
 100 0050 5E000000 		.word	.L6
 101 0054 5E000000 		.word	.L6
 102 0058 5E000000 		.word	.L6
 103 005c 5E000000 		.word	.L6
 104 0060 5E000000 		.word	.L6
 105 0064 5E000000 		.word	.L6
 106 0068 5E000000 		.word	.L6
 107 006c 5E000000 		.word	.L6
 108 0070 5E000000 		.word	.L6
 109 0074 5E000000 		.word	.L6
 110 0078 5E000000 		.word	.L6
 111 007c 5E000000 		.word	.L6
 112 0080 5E000000 		.word	.L6
 113 0084 4C000000 		.word	.L5
 114 0088 5E000000 		.word	.L6
 115 008c 5E000000 		.word	.L6
 116 0090 5E000000 		.word	.L6
 117 0094 44000000 		.word	.L3
 118 0098 5E000000 		.word	.L6
 119 009c 5E000000 		.word	.L6
 120 00a0 44000000 		.word	.L3
 121              		.section	.text.Stack_Handler
 122              	.L3:
  25:main.c        ****         case CYBLE_EVT_STACK_ON:
  26:main.c        ****         case CYBLE_EVT_TIMEOUT:
  27:main.c        ****         case CYBLE_EVT_GAP_AUTH_FAILED:
  28:main.c        ****         case CYBLE_EVT_GAP_DEVICE_DISCONNECTED:
  29:main.c        ****             CyBle_GappStartAdvertisement(CYBLE_ADVERTISING_FAST);
 123              		.loc 1 29 0
 124 0044 0020     		movs	r0, #0
 125 0046 FFF7FEFF 		bl	CyBle_GappStartAdvertisement
  30:main.c        ****             break;
 126              		.loc 1 30 0
 127 004a 08E0     		b	.L2
 128              	.L5:
  31:main.c        ****         case CYBLE_EVT_GAP_AUTH_REQ:
  32:main.c        ****             CyBle_GappAuthReqReply(cyBle_pendingFlashWrite,&authInfo);
 129              		.loc 1 32 0
 130 004c 074B     		ldr	r3, .L7+4
 131 004e 1B78     		ldrb	r3, [r3]
 132 0050 0822     		movs	r2, #8
 133 0052 BA18     		adds	r2, r7, r2
 134 0054 1100     		movs	r1, r2
 135 0056 1800     		movs	r0, r3
 136 0058 FFF7FEFF 		bl	CyBle_GappAuthReqReply
  33:main.c        ****             break;
 137              		.loc 1 33 0
 138 005c C046     		nop
ARM GAS  C:\Users\dprdc\AppData\Local\Temp\ccdA2Bf1.s 			page 4


 139              	.L2:
 140              	.L6:
  34:main.c        ****        //case CYBLE_EVT_GAP_AUTH_COMPLETE:
  35:main.c        ****             //CyBle_StoreBondingData();
  36:main.c        ****     }
  37:main.c        **** }
 141              		.loc 1 37 0
 142 005e C046     		nop
 143 0060 BD46     		mov	sp, r7
 144 0062 04B0     		add	sp, sp, #16
 145              		@ sp needed
 146 0064 80BD     		pop	{r7, pc}
 147              	.L8:
 148 0066 C046     		.align	2
 149              	.L7:
 150 0068 00000000 		.word	.L4
 151 006c 00000000 		.word	cyBle_pendingFlashWrite
 152              		.cfi_endproc
 153              	.LFE35:
 154              		.size	Stack_Handler, .-Stack_Handler
 155              		.section	.text.Ias_Handler,"ax",%progbits
 156              		.align	2
 157              		.global	Ias_Handler
 158              		.code	16
 159              		.thumb_func
 160              		.type	Ias_Handler, %function
 161              	Ias_Handler:
 162              	.LFB36:
  38:main.c        **** 
  39:main.c        **** void Ias_Handler(uint32 eventCode, void *eventParam){
 163              		.loc 1 39 0
 164              		.cfi_startproc
 165              		@ args = 0, pretend = 0, frame = 16
 166              		@ frame_needed = 1, uses_anonymous_args = 0
 167 0000 80B5     		push	{r7, lr}
 168              		.cfi_def_cfa_offset 8
 169              		.cfi_offset 7, -8
 170              		.cfi_offset 14, -4
 171 0002 84B0     		sub	sp, sp, #16
 172              		.cfi_def_cfa_offset 24
 173 0004 00AF     		add	r7, sp, #0
 174              		.cfi_def_cfa_register 7
 175 0006 7860     		str	r0, [r7, #4]
 176 0008 3960     		str	r1, [r7]
  40:main.c        ****     
  41:main.c        ****     CYBLE_IAS_CHAR_VALUE_T *param = (CYBLE_IAS_CHAR_VALUE_T *) eventParam;
 177              		.loc 1 41 0
 178 000a 3B68     		ldr	r3, [r7]
 179 000c FB60     		str	r3, [r7, #12]
  42:main.c        ****     
  43:main.c        ****     if(*param->value->val == 0)
 180              		.loc 1 43 0
 181 000e FB68     		ldr	r3, [r7, #12]
 182 0010 5B68     		ldr	r3, [r3, #4]
 183 0012 1B68     		ldr	r3, [r3]
 184 0014 1B78     		ldrb	r3, [r3]
 185 0016 002B     		cmp	r3, #0
ARM GAS  C:\Users\dprdc\AppData\Local\Temp\ccdA2Bf1.s 			page 5


 186 0018 03D1     		bne	.L10
  44:main.c        ****         PWM_WriteCompare(0);
 187              		.loc 1 44 0
 188 001a 0020     		movs	r0, #0
 189 001c FFF7FEFF 		bl	PWM_WriteCompare
  45:main.c        ****     else if(*param->value->val == 1)
  46:main.c        ****         PWM_WriteCompare(500);
  47:main.c        ****     else
  48:main.c        ****         PWM_WriteCompare(1000);
  49:main.c        **** }
 190              		.loc 1 49 0
 191 0020 10E0     		b	.L13
 192              	.L10:
  45:main.c        ****     else if(*param->value->val == 1)
 193              		.loc 1 45 0
 194 0022 FB68     		ldr	r3, [r7, #12]
 195 0024 5B68     		ldr	r3, [r3, #4]
 196 0026 1B68     		ldr	r3, [r3]
 197 0028 1B78     		ldrb	r3, [r3]
 198 002a 012B     		cmp	r3, #1
 199 002c 05D1     		bne	.L12
  46:main.c        ****     else
 200              		.loc 1 46 0
 201 002e FA23     		movs	r3, #250
 202 0030 5B00     		lsls	r3, r3, #1
 203 0032 1800     		movs	r0, r3
 204 0034 FFF7FEFF 		bl	PWM_WriteCompare
 205              		.loc 1 49 0
 206 0038 04E0     		b	.L13
 207              	.L12:
  48:main.c        **** }
 208              		.loc 1 48 0
 209 003a FA23     		movs	r3, #250
 210 003c 9B00     		lsls	r3, r3, #2
 211 003e 1800     		movs	r0, r3
 212 0040 FFF7FEFF 		bl	PWM_WriteCompare
 213              	.L13:
 214              		.loc 1 49 0
 215 0044 C046     		nop
 216 0046 BD46     		mov	sp, r7
 217 0048 04B0     		add	sp, sp, #16
 218              		@ sp needed
 219 004a 80BD     		pop	{r7, pc}
 220              		.cfi_endproc
 221              	.LFE36:
 222              		.size	Ias_Handler, .-Ias_Handler
 223              		.section	.text.Timer_ISR_Handler,"ax",%progbits
 224              		.align	2
 225              		.global	Timer_ISR_Handler
 226              		.code	16
 227              		.thumb_func
 228              		.type	Timer_ISR_Handler, %function
 229              	Timer_ISR_Handler:
 230              	.LFB37:
  50:main.c        **** 
  51:main.c        **** CY_ISR(Timer_ISR_Handler){
 231              		.loc 1 51 0
ARM GAS  C:\Users\dprdc\AppData\Local\Temp\ccdA2Bf1.s 			page 6


 232              		.cfi_startproc
 233              		@ args = 0, pretend = 0, frame = 16
 234              		@ frame_needed = 1, uses_anonymous_args = 0
 235 0000 80B5     		push	{r7, lr}
 236              		.cfi_def_cfa_offset 8
 237              		.cfi_offset 7, -8
 238              		.cfi_offset 14, -4
 239 0002 84B0     		sub	sp, sp, #16
 240              		.cfi_def_cfa_offset 24
 241 0004 00AF     		add	r7, sp, #0
 242              		.cfi_def_cfa_register 7
  52:main.c        ****     CYBLE_GATT_HANDLE_VALUE_PAIR_T point;
  53:main.c        ****     uint8 bval;
  54:main.c        ****     
  55:main.c        ****     point.attrHandle = cyBle_bass[0].batteryLevelHandle;
 243              		.loc 1 55 0
 244 0006 164B     		ldr	r3, .L17
 245 0008 5A88     		ldrh	r2, [r3, #2]
 246 000a 3B1D     		adds	r3, r7, #4
 247 000c 1A81     		strh	r2, [r3, #8]
  56:main.c        ****     point.value.len = 1;
 248              		.loc 1 56 0
 249 000e 3B1D     		adds	r3, r7, #4
 250 0010 0122     		movs	r2, #1
 251 0012 9A80     		strh	r2, [r3, #4]
  57:main.c        ****     point.value.val = &bval;
 252              		.loc 1 57 0
 253 0014 3B1D     		adds	r3, r7, #4
 254 0016 FA1C     		adds	r2, r7, #3
 255 0018 1A60     		str	r2, [r3]
  58:main.c        ****     
  59:main.c        ****     if(CYBLE_GATT_ERR_NONE == CyBle_GattsReadAttributeValue(&point,NULL,CYBLE_GATT_DB_LOCALLY_INITI
 256              		.loc 1 59 0
 257 001a 3B1D     		adds	r3, r7, #4
 258 001c 0022     		movs	r2, #0
 259 001e 0021     		movs	r1, #0
 260 0020 1800     		movs	r0, r3
 261 0022 FFF7FEFF 		bl	CyBle_GattsReadAttributeValue
 262 0026 031E     		subs	r3, r0, #0
 263 0028 12D1     		bne	.L15
  60:main.c        ****         if(--bval == 0)
 264              		.loc 1 60 0
 265 002a FB1C     		adds	r3, r7, #3
 266 002c 1B78     		ldrb	r3, [r3]
 267 002e 013B     		subs	r3, r3, #1
 268 0030 DAB2     		uxtb	r2, r3
 269 0032 FB1C     		adds	r3, r7, #3
 270 0034 1A70     		strb	r2, [r3]
 271 0036 FB1C     		adds	r3, r7, #3
 272 0038 1B78     		ldrb	r3, [r3]
 273 003a 002B     		cmp	r3, #0
 274 003c 02D1     		bne	.L16
  61:main.c        ****             bval = 100;
 275              		.loc 1 61 0
 276 003e FB1C     		adds	r3, r7, #3
 277 0040 6422     		movs	r2, #100
 278 0042 1A70     		strb	r2, [r3]
ARM GAS  C:\Users\dprdc\AppData\Local\Temp\ccdA2Bf1.s 			page 7


 279              	.L16:
  62:main.c        ****         
  63:main.c        ****         
  64:main.c        ****         CyBle_GattsWriteAttributeValue(&point,0,NULL,CYBLE_GATT_DB_LOCALLY_INITIATED);
 280              		.loc 1 64 0
 281 0044 381D     		adds	r0, r7, #4
 282 0046 0023     		movs	r3, #0
 283 0048 0022     		movs	r2, #0
 284 004a 0021     		movs	r1, #0
 285 004c FFF7FEFF 		bl	CyBle_GattsWriteAttributeValue
 286              	.L15:
  65:main.c        ****     }
  66:main.c        ****     Timer_ClearInterrupt(Timer_INTR_MASK_TC);
 287              		.loc 1 66 0
 288 0050 0120     		movs	r0, #1
 289 0052 FFF7FEFF 		bl	Timer_ClearInterrupt
  67:main.c        ****     
  68:main.c        **** }
 290              		.loc 1 68 0
 291 0056 C046     		nop
 292 0058 BD46     		mov	sp, r7
 293 005a 04B0     		add	sp, sp, #16
 294              		@ sp needed
 295 005c 80BD     		pop	{r7, pc}
 296              	.L18:
 297 005e C046     		.align	2
 298              	.L17:
 299 0060 00000000 		.word	cyBle_bass
 300              		.cfi_endproc
 301              	.LFE37:
 302              		.size	Timer_ISR_Handler, .-Timer_ISR_Handler
 303              		.section	.text.main,"ax",%progbits
 304              		.align	2
 305              		.global	main
 306              		.code	16
 307              		.thumb_func
 308              		.type	main, %function
 309              	main:
 310              	.LFB38:
  69:main.c        **** 
  70:main.c        **** int main (void)
  71:main.c        **** {
 311              		.loc 1 71 0
 312              		.cfi_startproc
 313              		@ args = 0, pretend = 0, frame = 0
 314              		@ frame_needed = 1, uses_anonymous_args = 0
 315 0000 80B5     		push	{r7, lr}
 316              		.cfi_def_cfa_offset 8
 317              		.cfi_offset 7, -8
 318              		.cfi_offset 14, -4
 319 0002 00AF     		add	r7, sp, #0
 320              		.cfi_def_cfa_register 7
  72:main.c        ****     CyGlobalIntEnable;
 321              		.loc 1 72 0
 322              		.syntax divided
 323              	@ 72 "main.c" 1
 324 0004 62B6     		CPSIE   i
ARM GAS  C:\Users\dprdc\AppData\Local\Temp\ccdA2Bf1.s 			page 8


 325              	@ 0 "" 2
  73:main.c        ****     
  74:main.c        ****     CyBle_Start(Stack_Handler);
 326              		.loc 1 74 0
 327              		.thumb
 328              		.syntax unified
 329 0006 094B     		ldr	r3, .L21
 330 0008 1800     		movs	r0, r3
 331 000a FFF7FEFF 		bl	CyBle_Start
  75:main.c        ****     CyBle_IasRegisterAttrCallback(Ias_Handler);
 332              		.loc 1 75 0
 333 000e 084B     		ldr	r3, .L21+4
 334 0010 1800     		movs	r0, r3
 335 0012 FFF7FEFF 		bl	CyBle_IasRegisterAttrCallback
  76:main.c        ****     
  77:main.c        ****     //start pulse width modulation
  78:main.c        ****     PWM_Start();
 336              		.loc 1 78 0
 337 0016 FFF7FEFF 		bl	PWM_Start
  79:main.c        ****     
  80:main.c        ****     //start timer
  81:main.c        ****     Timer_Start();
 338              		.loc 1 81 0
 339 001a FFF7FEFF 		bl	Timer_Start
  82:main.c        ****     Timer_ISR_StartEx(Timer_ISR_Handler);
 340              		.loc 1 82 0
 341 001e 054B     		ldr	r3, .L21+8
 342 0020 1800     		movs	r0, r3
 343 0022 FFF7FEFF 		bl	Timer_ISR_StartEx
 344              	.L20:
  83:main.c        **** 
  84:main.c        ****     /* CyGlobalIntEnable; */ /* Uncomment this line to enable global interrupts. */
  85:main.c        ****     for(;;)
  86:main.c        ****     {
  87:main.c        ****         CyBle_ProcessEvents();
 345              		.loc 1 87 0 discriminator 1
 346 0026 FFF7FEFF 		bl	CyBle_ProcessEvents
  88:main.c        ****     }
 347              		.loc 1 88 0 discriminator 1
 348 002a FCE7     		b	.L20
 349              	.L22:
 350              		.align	2
 351              	.L21:
 352 002c 00000000 		.word	Stack_Handler
 353 0030 00000000 		.word	Ias_Handler
 354 0034 00000000 		.word	Timer_ISR_Handler
 355              		.cfi_endproc
 356              	.LFE38:
 357              		.size	main, .-main
 358              		.text
 359              	.Letext0:
 360              		.file 2 "Generated_Source\\PSoC4/cytypes.h"
 361              		.file 3 "Generated_Source\\PSoC4/BLE_Stack.h"
 362              		.file 4 "Generated_Source\\PSoC4/BLE_StackGap.h"
 363              		.file 5 "Generated_Source\\PSoC4/BLE_StackGatt.h"
 364              		.file 6 "Generated_Source\\PSoC4/BLE_bas.h"
 365              		.file 7 "Generated_Source\\PSoC4/BLE_ias.h"
ARM GAS  C:\Users\dprdc\AppData\Local\Temp\ccdA2Bf1.s 			page 9


 366              		.file 8 "Generated_Source\\PSoC4/BLE.h"
 367              		.section	.debug_info,"",%progbits
 368              	.Ldebug_info0:
 369 0000 C2060000 		.4byte	0x6c2
 370 0004 0400     		.2byte	0x4
 371 0006 00000000 		.4byte	.Ldebug_abbrev0
 372 000a 04       		.byte	0x4
 373 000b 01       		.uleb128 0x1
 374 000c A00A0000 		.4byte	.LASF190
 375 0010 0C       		.byte	0xc
 376 0011 580A0000 		.4byte	.LASF191
 377 0015 50040000 		.4byte	.LASF192
 378 0019 00000000 		.4byte	.Ldebug_ranges0+0
 379 001d 00000000 		.4byte	0
 380 0021 00000000 		.4byte	.Ldebug_line0
 381 0025 02       		.uleb128 0x2
 382 0026 01       		.byte	0x1
 383 0027 06       		.byte	0x6
 384 0028 31040000 		.4byte	.LASF0
 385 002c 02       		.uleb128 0x2
 386 002d 01       		.byte	0x1
 387 002e 08       		.byte	0x8
 388 002f 9C0E0000 		.4byte	.LASF1
 389 0033 02       		.uleb128 0x2
 390 0034 02       		.byte	0x2
 391 0035 05       		.byte	0x5
 392 0036 460F0000 		.4byte	.LASF2
 393 003a 02       		.uleb128 0x2
 394 003b 02       		.byte	0x2
 395 003c 07       		.byte	0x7
 396 003d EA120000 		.4byte	.LASF3
 397 0041 02       		.uleb128 0x2
 398 0042 04       		.byte	0x4
 399 0043 05       		.byte	0x5
 400 0044 57020000 		.4byte	.LASF4
 401 0048 02       		.uleb128 0x2
 402 0049 04       		.byte	0x4
 403 004a 07       		.byte	0x7
 404 004b 55080000 		.4byte	.LASF5
 405 004f 02       		.uleb128 0x2
 406 0050 08       		.byte	0x8
 407 0051 05       		.byte	0x5
 408 0052 23040000 		.4byte	.LASF6
 409 0056 02       		.uleb128 0x2
 410 0057 08       		.byte	0x8
 411 0058 07       		.byte	0x7
 412 0059 7A020000 		.4byte	.LASF7
 413 005d 03       		.uleb128 0x3
 414 005e 04       		.byte	0x4
 415 005f 05       		.byte	0x5
 416 0060 696E7400 		.ascii	"int\000"
 417 0064 02       		.uleb128 0x2
 418 0065 04       		.byte	0x4
 419 0066 07       		.byte	0x7
 420 0067 C8070000 		.4byte	.LASF8
 421 006b 04       		.uleb128 0x4
 422 006c F1050000 		.4byte	.LASF9
ARM GAS  C:\Users\dprdc\AppData\Local\Temp\ccdA2Bf1.s 			page 10


 423 0070 02       		.byte	0x2
 424 0071 F701     		.2byte	0x1f7
 425 0073 2C000000 		.4byte	0x2c
 426 0077 04       		.uleb128 0x4
 427 0078 47000000 		.4byte	.LASF10
 428 007c 02       		.byte	0x2
 429 007d F801     		.2byte	0x1f8
 430 007f 3A000000 		.4byte	0x3a
 431 0083 04       		.uleb128 0x4
 432 0084 B3060000 		.4byte	.LASF11
 433 0088 02       		.byte	0x2
 434 0089 F901     		.2byte	0x1f9
 435 008b 48000000 		.4byte	0x48
 436 008f 02       		.uleb128 0x2
 437 0090 04       		.byte	0x4
 438 0091 04       		.byte	0x4
 439 0092 3A0E0000 		.4byte	.LASF12
 440 0096 02       		.uleb128 0x2
 441 0097 08       		.byte	0x8
 442 0098 04       		.byte	0x4
 443 0099 4E060000 		.4byte	.LASF13
 444 009d 02       		.uleb128 0x2
 445 009e 01       		.byte	0x1
 446 009f 08       		.byte	0x8
 447 00a0 42110000 		.4byte	.LASF14
 448 00a4 02       		.uleb128 0x2
 449 00a5 08       		.byte	0x8
 450 00a6 04       		.byte	0x4
 451 00a7 1E110000 		.4byte	.LASF15
 452 00ab 02       		.uleb128 0x2
 453 00ac 04       		.byte	0x4
 454 00ad 07       		.byte	0x7
 455 00ae 480C0000 		.4byte	.LASF16
 456 00b2 05       		.uleb128 0x5
 457 00b3 04       		.byte	0x4
 458 00b4 06       		.uleb128 0x6
 459 00b5 01       		.byte	0x1
 460 00b6 2C000000 		.4byte	0x2c
 461 00ba 03       		.byte	0x3
 462 00bb 3501     		.2byte	0x135
 463 00bd 72020000 		.4byte	0x272
 464 00c1 07       		.uleb128 0x7
 465 00c2 49090000 		.4byte	.LASF17
 466 00c6 00       		.byte	0
 467 00c7 07       		.uleb128 0x7
 468 00c8 3D040000 		.4byte	.LASF18
 469 00cc 01       		.byte	0x1
 470 00cd 07       		.uleb128 0x7
 471 00ce 45020000 		.4byte	.LASF19
 472 00d2 02       		.byte	0x2
 473 00d3 07       		.uleb128 0x7
 474 00d4 D1120000 		.4byte	.LASF20
 475 00d8 03       		.byte	0x3
 476 00d9 07       		.uleb128 0x7
 477 00da AF020000 		.4byte	.LASF21
 478 00de 04       		.byte	0x4
 479 00df 07       		.uleb128 0x7
ARM GAS  C:\Users\dprdc\AppData\Local\Temp\ccdA2Bf1.s 			page 11


 480 00e0 23000000 		.4byte	.LASF22
 481 00e4 05       		.byte	0x5
 482 00e5 07       		.uleb128 0x7
 483 00e6 8B090000 		.4byte	.LASF23
 484 00ea 06       		.byte	0x6
 485 00eb 07       		.uleb128 0x7
 486 00ec AA0B0000 		.4byte	.LASF24
 487 00f0 20       		.byte	0x20
 488 00f1 07       		.uleb128 0x7
 489 00f2 EF040000 		.4byte	.LASF25
 490 00f6 21       		.byte	0x21
 491 00f7 07       		.uleb128 0x7
 492 00f8 F4090000 		.4byte	.LASF26
 493 00fc 22       		.byte	0x22
 494 00fd 07       		.uleb128 0x7
 495 00fe 7E120000 		.4byte	.LASF27
 496 0102 23       		.byte	0x23
 497 0103 07       		.uleb128 0x7
 498 0104 5D0D0000 		.4byte	.LASF28
 499 0108 24       		.byte	0x24
 500 0109 07       		.uleb128 0x7
 501 010a 880C0000 		.4byte	.LASF29
 502 010e 25       		.byte	0x25
 503 010f 07       		.uleb128 0x7
 504 0110 C1050000 		.4byte	.LASF30
 505 0114 26       		.byte	0x26
 506 0115 07       		.uleb128 0x7
 507 0116 180A0000 		.4byte	.LASF31
 508 011a 27       		.byte	0x27
 509 011b 07       		.uleb128 0x7
 510 011c 39030000 		.4byte	.LASF32
 511 0120 28       		.byte	0x28
 512 0121 07       		.uleb128 0x7
 513 0122 5B030000 		.4byte	.LASF33
 514 0126 29       		.byte	0x29
 515 0127 07       		.uleb128 0x7
 516 0128 41010000 		.4byte	.LASF34
 517 012c 2A       		.byte	0x2a
 518 012d 07       		.uleb128 0x7
 519 012e C6040000 		.4byte	.LASF35
 520 0132 2B       		.byte	0x2b
 521 0133 07       		.uleb128 0x7
 522 0134 0D150000 		.4byte	.LASF36
 523 0138 2C       		.byte	0x2c
 524 0139 07       		.uleb128 0x7
 525 013a 9F030000 		.4byte	.LASF37
 526 013e 2D       		.byte	0x2d
 527 013f 07       		.uleb128 0x7
 528 0140 AA0E0000 		.4byte	.LASF38
 529 0144 2E       		.byte	0x2e
 530 0145 07       		.uleb128 0x7
 531 0146 FD120000 		.4byte	.LASF39
 532 014a 2F       		.byte	0x2f
 533 014b 07       		.uleb128 0x7
 534 014c E6100000 		.4byte	.LASF40
 535 0150 30       		.byte	0x30
 536 0151 07       		.uleb128 0x7
ARM GAS  C:\Users\dprdc\AppData\Local\Temp\ccdA2Bf1.s 			page 12


 537 0152 83150000 		.4byte	.LASF41
 538 0156 31       		.byte	0x31
 539 0157 07       		.uleb128 0x7
 540 0158 C4020000 		.4byte	.LASF42
 541 015c 32       		.byte	0x32
 542 015d 07       		.uleb128 0x7
 543 015e 89100000 		.4byte	.LASF43
 544 0162 33       		.byte	0x33
 545 0163 07       		.uleb128 0x7
 546 0164 67080000 		.4byte	.LASF44
 547 0168 34       		.byte	0x34
 548 0169 07       		.uleb128 0x7
 549 016a E1150000 		.4byte	.LASF45
 550 016e 35       		.byte	0x35
 551 016f 07       		.uleb128 0x7
 552 0170 5F0A0000 		.4byte	.LASF46
 553 0174 36       		.byte	0x36
 554 0175 07       		.uleb128 0x7
 555 0176 D40B0000 		.4byte	.LASF47
 556 017a 37       		.byte	0x37
 557 017b 07       		.uleb128 0x7
 558 017c 26130000 		.4byte	.LASF48
 559 0180 40       		.byte	0x40
 560 0181 07       		.uleb128 0x7
 561 0182 3C0B0000 		.4byte	.LASF49
 562 0186 41       		.byte	0x41
 563 0187 07       		.uleb128 0x7
 564 0188 C3150000 		.4byte	.LASF50
 565 018c 42       		.byte	0x42
 566 018d 07       		.uleb128 0x7
 567 018e E7130000 		.4byte	.LASF51
 568 0192 43       		.byte	0x43
 569 0193 07       		.uleb128 0x7
 570 0194 BC080000 		.4byte	.LASF52
 571 0198 44       		.byte	0x44
 572 0199 07       		.uleb128 0x7
 573 019a 130E0000 		.4byte	.LASF53
 574 019e 45       		.byte	0x45
 575 019f 07       		.uleb128 0x7
 576 01a0 270C0000 		.4byte	.LASF54
 577 01a4 46       		.byte	0x46
 578 01a5 07       		.uleb128 0x7
 579 01a6 27020000 		.4byte	.LASF55
 580 01aa 47       		.byte	0x47
 581 01ab 07       		.uleb128 0x7
 582 01ac E6140000 		.4byte	.LASF56
 583 01b0 48       		.byte	0x48
 584 01b1 07       		.uleb128 0x7
 585 01b2 06050000 		.4byte	.LASF57
 586 01b6 49       		.byte	0x49
 587 01b7 07       		.uleb128 0x7
 588 01b8 2D140000 		.4byte	.LASF58
 589 01bc 4A       		.byte	0x4a
 590 01bd 07       		.uleb128 0x7
 591 01be E9010000 		.4byte	.LASF59
 592 01c2 4B       		.byte	0x4b
 593 01c3 07       		.uleb128 0x7
ARM GAS  C:\Users\dprdc\AppData\Local\Temp\ccdA2Bf1.s 			page 13


 594 01c4 A2080000 		.4byte	.LASF60
 595 01c8 4C       		.byte	0x4c
 596 01c9 07       		.uleb128 0x7
 597 01ca A20C0000 		.4byte	.LASF61
 598 01ce 4D       		.byte	0x4d
 599 01cf 07       		.uleb128 0x7
 600 01d0 9A050000 		.4byte	.LASF62
 601 01d4 4E       		.byte	0x4e
 602 01d5 07       		.uleb128 0x7
 603 01d6 1F100000 		.4byte	.LASF63
 604 01da 4F       		.byte	0x4f
 605 01db 07       		.uleb128 0x7
 606 01dc 08020000 		.4byte	.LASF64
 607 01e0 50       		.byte	0x50
 608 01e1 07       		.uleb128 0x7
 609 01e2 2F060000 		.4byte	.LASF65
 610 01e6 51       		.byte	0x51
 611 01e7 07       		.uleb128 0x7
 612 01e8 8F0D0000 		.4byte	.LASF66
 613 01ec 52       		.byte	0x52
 614 01ed 07       		.uleb128 0x7
 615 01ee 8D0F0000 		.4byte	.LASF67
 616 01f2 53       		.byte	0x53
 617 01f3 07       		.uleb128 0x7
 618 01f4 3E100000 		.4byte	.LASF68
 619 01f8 54       		.byte	0x54
 620 01f9 07       		.uleb128 0x7
 621 01fa DA080000 		.4byte	.LASF69
 622 01fe 55       		.byte	0x55
 623 01ff 07       		.uleb128 0x7
 624 0200 A6070000 		.4byte	.LASF70
 625 0204 56       		.byte	0x56
 626 0205 07       		.uleb128 0x7
 627 0206 CC110000 		.4byte	.LASF71
 628 020a 57       		.byte	0x57
 629 020b 07       		.uleb128 0x7
 630 020c FE080000 		.4byte	.LASF72
 631 0210 58       		.byte	0x58
 632 0211 07       		.uleb128 0x7
 633 0212 13030000 		.4byte	.LASF73
 634 0216 70       		.byte	0x70
 635 0217 07       		.uleb128 0x7
 636 0218 58150000 		.4byte	.LASF74
 637 021c 71       		.byte	0x71
 638 021d 07       		.uleb128 0x7
 639 021e 570B0000 		.4byte	.LASF75
 640 0222 72       		.byte	0x72
 641 0223 07       		.uleb128 0x7
 642 0224 090C0000 		.4byte	.LASF76
 643 0228 73       		.byte	0x73
 644 0229 07       		.uleb128 0x7
 645 022a CF0D0000 		.4byte	.LASF77
 646 022e 74       		.byte	0x74
 647 022f 07       		.uleb128 0x7
 648 0230 55060000 		.4byte	.LASF78
 649 0234 75       		.byte	0x75
 650 0235 07       		.uleb128 0x7
ARM GAS  C:\Users\dprdc\AppData\Local\Temp\ccdA2Bf1.s 			page 14


 651 0236 6A010000 		.4byte	.LASF79
 652 023a 76       		.byte	0x76
 653 023b 07       		.uleb128 0x7
 654 023c 72000000 		.4byte	.LASF80
 655 0240 77       		.byte	0x77
 656 0241 07       		.uleb128 0x7
 657 0242 00000000 		.4byte	.LASF81
 658 0246 78       		.byte	0x78
 659 0247 07       		.uleb128 0x7
 660 0248 10120000 		.4byte	.LASF82
 661 024c 79       		.byte	0x79
 662 024d 07       		.uleb128 0x7
 663 024e 48070000 		.4byte	.LASF83
 664 0252 7A       		.byte	0x7a
 665 0253 07       		.uleb128 0x7
 666 0254 3A150000 		.4byte	.LASF84
 667 0258 FA       		.byte	0xfa
 668 0259 07       		.uleb128 0x7
 669 025a DA070000 		.4byte	.LASF85
 670 025e FB       		.byte	0xfb
 671 025f 07       		.uleb128 0x7
 672 0260 F80F0000 		.4byte	.LASF86
 673 0264 FC       		.byte	0xfc
 674 0265 07       		.uleb128 0x7
 675 0266 2A110000 		.4byte	.LASF87
 676 026a FD       		.byte	0xfd
 677 026b 07       		.uleb128 0x7
 678 026c 04070000 		.4byte	.LASF88
 679 0270 FF       		.byte	0xff
 680 0271 00       		.byte	0
 681 0272 08       		.uleb128 0x8
 682 0273 04       		.byte	0x4
 683 0274 6B000000 		.4byte	0x6b
 684 0278 06       		.uleb128 0x6
 685 0279 01       		.byte	0x1
 686 027a 2C000000 		.4byte	0x2c
 687 027e 04       		.byte	0x4
 688 027f 0801     		.2byte	0x108
 689 0281 A4020000 		.4byte	0x2a4
 690 0285 07       		.uleb128 0x7
 691 0286 BC0C0000 		.4byte	.LASF89
 692 028a 00       		.byte	0
 693 028b 07       		.uleb128 0x7
 694 028c D20C0000 		.4byte	.LASF90
 695 0290 01       		.byte	0x1
 696 0291 07       		.uleb128 0x7
 697 0292 E80C0000 		.4byte	.LASF91
 698 0296 02       		.byte	0x2
 699 0297 07       		.uleb128 0x7
 700 0298 FE0C0000 		.4byte	.LASF92
 701 029c 03       		.byte	0x3
 702 029d 07       		.uleb128 0x7
 703 029e 1A0D0000 		.4byte	.LASF93
 704 02a2 0F       		.byte	0xf
 705 02a3 00       		.byte	0
 706 02a4 06       		.uleb128 0x6
 707 02a5 01       		.byte	0x1
ARM GAS  C:\Users\dprdc\AppData\Local\Temp\ccdA2Bf1.s 			page 15


 708 02a6 2C000000 		.4byte	0x2c
 709 02aa 04       		.byte	0x4
 710 02ab 3D01     		.2byte	0x13d
 711 02ad 1E030000 		.4byte	0x31e
 712 02b1 07       		.uleb128 0x7
 713 02b2 60020000 		.4byte	.LASF94
 714 02b6 00       		.byte	0
 715 02b7 07       		.uleb128 0x7
 716 02b8 BC140000 		.4byte	.LASF95
 717 02bc 01       		.byte	0x1
 718 02bd 07       		.uleb128 0x7
 719 02be A4090000 		.4byte	.LASF96
 720 02c2 02       		.byte	0x2
 721 02c3 07       		.uleb128 0x7
 722 02c4 B7130000 		.4byte	.LASF97
 723 02c8 03       		.byte	0x3
 724 02c9 07       		.uleb128 0x7
 725 02ca 4B140000 		.4byte	.LASF98
 726 02ce 04       		.byte	0x4
 727 02cf 07       		.uleb128 0x7
 728 02d0 3A050000 		.4byte	.LASF99
 729 02d4 05       		.byte	0x5
 730 02d5 07       		.uleb128 0x7
 731 02d6 B3010000 		.4byte	.LASF100
 732 02da 06       		.byte	0x6
 733 02db 07       		.uleb128 0x7
 734 02dc 60090000 		.4byte	.LASF101
 735 02e0 07       		.byte	0x7
 736 02e1 07       		.uleb128 0x7
 737 02e2 8B010000 		.4byte	.LASF102
 738 02e6 08       		.byte	0x8
 739 02e7 07       		.uleb128 0x7
 740 02e8 BA060000 		.4byte	.LASF103
 741 02ec 09       		.byte	0x9
 742 02ed 07       		.uleb128 0x7
 743 02ee 1E0F0000 		.4byte	.LASF104
 744 02f2 0A       		.byte	0xa
 745 02f3 07       		.uleb128 0x7
 746 02f4 7B110000 		.4byte	.LASF105
 747 02f8 0B       		.byte	0xb
 748 02f9 07       		.uleb128 0x7
 749 02fa C90F0000 		.4byte	.LASF106
 750 02fe 0C       		.byte	0xc
 751 02ff 07       		.uleb128 0x7
 752 0300 CE000000 		.4byte	.LASF107
 753 0304 0D       		.byte	0xd
 754 0305 07       		.uleb128 0x7
 755 0306 500F0000 		.4byte	.LASF108
 756 030a 0E       		.byte	0xe
 757 030b 07       		.uleb128 0x7
 758 030c A3110000 		.4byte	.LASF109
 759 0310 0F       		.byte	0xf
 760 0311 07       		.uleb128 0x7
 761 0312 F7050000 		.4byte	.LASF110
 762 0316 15       		.byte	0x15
 763 0317 07       		.uleb128 0x7
 764 0318 78030000 		.4byte	.LASF111
ARM GAS  C:\Users\dprdc\AppData\Local\Temp\ccdA2Bf1.s 			page 16


 765 031c 18       		.byte	0x18
 766 031d 00       		.byte	0
 767 031e 04       		.uleb128 0x4
 768 031f 7B050000 		.4byte	.LASF112
 769 0323 04       		.byte	0x4
 770 0324 7D01     		.2byte	0x17d
 771 0326 A4020000 		.4byte	0x2a4
 772 032a 09       		.uleb128 0x9
 773 032b 05       		.byte	0x5
 774 032c 04       		.byte	0x4
 775 032d C601     		.2byte	0x1c6
 776 032f 75030000 		.4byte	0x375
 777 0333 0A       		.uleb128 0xa
 778 0334 AA060000 		.4byte	.LASF113
 779 0338 04       		.byte	0x4
 780 0339 D001     		.2byte	0x1d0
 781 033b 6B000000 		.4byte	0x6b
 782 033f 00       		.byte	0
 783 0340 0A       		.uleb128 0xa
 784 0341 3F000000 		.4byte	.LASF114
 785 0345 04       		.byte	0x4
 786 0346 D601     		.2byte	0x1d6
 787 0348 6B000000 		.4byte	0x6b
 788 034c 01       		.byte	0x1
 789 034d 0A       		.uleb128 0xa
 790 034e B8050000 		.4byte	.LASF115
 791 0352 04       		.byte	0x4
 792 0353 DD01     		.2byte	0x1dd
 793 0355 6B000000 		.4byte	0x6b
 794 0359 02       		.byte	0x2
 795 035a 0A       		.uleb128 0xa
 796 035b E9050000 		.4byte	.LASF116
 797 035f 04       		.byte	0x4
 798 0360 E101     		.2byte	0x1e1
 799 0362 1E030000 		.4byte	0x31e
 800 0366 03       		.byte	0x3
 801 0367 0A       		.uleb128 0xa
 802 0368 760C0000 		.4byte	.LASF117
 803 036c 04       		.byte	0x4
 804 036d EB01     		.2byte	0x1eb
 805 036f 6B000000 		.4byte	0x6b
 806 0373 04       		.byte	0x4
 807 0374 00       		.byte	0
 808 0375 04       		.uleb128 0x4
 809 0376 790D0000 		.4byte	.LASF118
 810 037a 04       		.byte	0x4
 811 037b ED01     		.2byte	0x1ed
 812 037d 2A030000 		.4byte	0x32a
 813 0381 0B       		.uleb128 0xb
 814 0382 01       		.byte	0x1
 815 0383 2C000000 		.4byte	0x2c
 816 0387 05       		.byte	0x5
 817 0388 A5       		.byte	0xa5
 818 0389 78040000 		.4byte	0x478
 819 038d 07       		.uleb128 0x7
 820 038e 12070000 		.4byte	.LASF119
 821 0392 00       		.byte	0
ARM GAS  C:\Users\dprdc\AppData\Local\Temp\ccdA2Bf1.s 			page 17


 822 0393 07       		.uleb128 0x7
 823 0394 23010000 		.4byte	.LASF120
 824 0398 01       		.byte	0x1
 825 0399 07       		.uleb128 0x7
 826 039a 26070000 		.4byte	.LASF121
 827 039e 02       		.byte	0x2
 828 039f 07       		.uleb128 0x7
 829 03a0 E1060000 		.4byte	.LASF122
 830 03a4 03       		.byte	0x3
 831 03a5 07       		.uleb128 0x7
 832 03a6 1F050000 		.4byte	.LASF123
 833 03aa 04       		.byte	0x4
 834 03ab 07       		.uleb128 0x7
 835 03ac ED030000 		.4byte	.LASF124
 836 03b0 05       		.byte	0x5
 837 03b1 07       		.uleb128 0x7
 838 03b2 FE000000 		.4byte	.LASF125
 839 03b6 06       		.byte	0x6
 840 03b7 07       		.uleb128 0x7
 841 03b8 78140000 		.4byte	.LASF126
 842 03bc 07       		.byte	0x7
 843 03bd 07       		.uleb128 0x7
 844 03be 330D0000 		.4byte	.LASF127
 845 03c2 08       		.byte	0x8
 846 03c3 07       		.uleb128 0x7
 847 03c4 580E0000 		.4byte	.LASF128
 848 03c8 09       		.byte	0x9
 849 03c9 07       		.uleb128 0x7
 850 03ca 7F080000 		.4byte	.LASF129
 851 03ce 0A       		.byte	0xa
 852 03cf 07       		.uleb128 0x7
 853 03d0 27090000 		.4byte	.LASF130
 854 03d4 0B       		.byte	0xb
 855 03d5 07       		.uleb128 0x7
 856 03d6 A5000000 		.4byte	.LASF131
 857 03da 0C       		.byte	0xc
 858 03db 07       		.uleb128 0x7
 859 03dc CE0E0000 		.4byte	.LASF132
 860 03e0 0D       		.byte	0xd
 861 03e1 07       		.uleb128 0x7
 862 03e2 33120000 		.4byte	.LASF133
 863 03e6 0E       		.byte	0xe
 864 03e7 07       		.uleb128 0x7
 865 03e8 90130000 		.4byte	.LASF134
 866 03ec 0F       		.byte	0xf
 867 03ed 07       		.uleb128 0x7
 868 03ee 76060000 		.4byte	.LASF135
 869 03f2 10       		.byte	0x10
 870 03f3 07       		.uleb128 0x7
 871 03f4 510C0000 		.4byte	.LASF136
 872 03f8 11       		.byte	0x11
 873 03f9 07       		.uleb128 0x7
 874 03fa 47110000 		.4byte	.LASF137
 875 03fe 80       		.byte	0x80
 876 03ff 07       		.uleb128 0x7
 877 0400 B0100000 		.4byte	.LASF138
 878 0404 80       		.byte	0x80
ARM GAS  C:\Users\dprdc\AppData\Local\Temp\ccdA2Bf1.s 			page 18


 879 0405 07       		.uleb128 0x7
 880 0406 62130000 		.4byte	.LASF139
 881 040a 80       		.byte	0x80
 882 040b 07       		.uleb128 0x7
 883 040c 730B0000 		.4byte	.LASF140
 884 0410 80       		.byte	0x80
 885 0411 07       		.uleb128 0x7
 886 0412 800A0000 		.4byte	.LASF141
 887 0416 80       		.byte	0x80
 888 0417 07       		.uleb128 0x7
 889 0418 21080000 		.4byte	.LASF142
 890 041c 80       		.byte	0x80
 891 041d 07       		.uleb128 0x7
 892 041e C8030000 		.4byte	.LASF143
 893 0422 80       		.byte	0x80
 894 0423 07       		.uleb128 0x7
 895 0424 AE0F0000 		.4byte	.LASF144
 896 0428 80       		.byte	0x80
 897 0429 07       		.uleb128 0x7
 898 042a F30E0000 		.4byte	.LASF145
 899 042e 81       		.byte	0x81
 900 042f 07       		.uleb128 0x7
 901 0430 370A0000 		.4byte	.LASF146
 902 0434 81       		.byte	0x81
 903 0435 07       		.uleb128 0x7
 904 0436 06080000 		.4byte	.LASF147
 905 043a 81       		.byte	0x81
 906 043b 07       		.uleb128 0x7
 907 043c 4E000000 		.4byte	.LASF148
 908 0440 81       		.byte	0x81
 909 0441 07       		.uleb128 0x7
 910 0442 96140000 		.4byte	.LASF149
 911 0446 82       		.byte	0x82
 912 0447 07       		.uleb128 0x7
 913 0448 77070000 		.4byte	.LASF150
 914 044c A0       		.byte	0xa0
 915 044d 07       		.uleb128 0x7
 916 044e D0090000 		.4byte	.LASF151
 917 0452 A0       		.byte	0xa0
 918 0453 07       		.uleb128 0x7
 919 0454 E5020000 		.4byte	.LASF152
 920 0458 A1       		.byte	0xa1
 921 0459 07       		.uleb128 0x7
 922 045a ED0D0000 		.4byte	.LASF153
 923 045e A2       		.byte	0xa2
 924 045f 07       		.uleb128 0x7
 925 0460 51120000 		.4byte	.LASF154
 926 0464 A3       		.byte	0xa3
 927 0465 07       		.uleb128 0x7
 928 0466 5F100000 		.4byte	.LASF155
 929 046a FD       		.byte	0xfd
 930 046b 07       		.uleb128 0x7
 931 046c A4120000 		.4byte	.LASF156
 932 0470 FE       		.byte	0xfe
 933 0471 07       		.uleb128 0x7
 934 0472 800E0000 		.4byte	.LASF157
 935 0476 FF       		.byte	0xff
ARM GAS  C:\Users\dprdc\AppData\Local\Temp\ccdA2Bf1.s 			page 19


 936 0477 00       		.byte	0
 937 0478 04       		.uleb128 0x4
 938 0479 A7150000 		.4byte	.LASF158
 939 047d 05       		.byte	0x5
 940 047e 8901     		.2byte	0x189
 941 0480 77000000 		.4byte	0x77
 942 0484 09       		.uleb128 0x9
 943 0485 02       		.byte	0x2
 944 0486 05       		.byte	0x5
 945 0487 9301     		.2byte	0x193
 946 0489 A8040000 		.4byte	0x4a8
 947 048d 0A       		.uleb128 0xa
 948 048e 31150000 		.4byte	.LASF159
 949 0492 05       		.byte	0x5
 950 0493 9A01     		.2byte	0x19a
 951 0495 6B000000 		.4byte	0x6b
 952 0499 00       		.byte	0
 953 049a 0A       		.uleb128 0xa
 954 049b CE0B0000 		.4byte	.LASF160
 955 049f 05       		.byte	0x5
 956 04a0 A001     		.2byte	0x1a0
 957 04a2 6B000000 		.4byte	0x6b
 958 04a6 01       		.byte	0x1
 959 04a7 00       		.byte	0
 960 04a8 04       		.uleb128 0x4
 961 04a9 91000000 		.4byte	.LASF161
 962 04ad 05       		.byte	0x5
 963 04ae A201     		.2byte	0x1a2
 964 04b0 84040000 		.4byte	0x484
 965 04b4 09       		.uleb128 0x9
 966 04b5 08       		.byte	0x8
 967 04b6 05       		.byte	0x5
 968 04b7 BE01     		.2byte	0x1be
 969 04b9 E5040000 		.4byte	0x4e5
 970 04bd 0C       		.uleb128 0xc
 971 04be 76616C00 		.ascii	"val\000"
 972 04c2 05       		.byte	0x5
 973 04c3 C101     		.2byte	0x1c1
 974 04c5 72020000 		.4byte	0x272
 975 04c9 00       		.byte	0
 976 04ca 0C       		.uleb128 0xc
 977 04cb 6C656E00 		.ascii	"len\000"
 978 04cf 05       		.byte	0x5
 979 04d0 C401     		.2byte	0x1c4
 980 04d2 77000000 		.4byte	0x77
 981 04d6 04       		.byte	0x4
 982 04d7 0A       		.uleb128 0xa
 983 04d8 E5040000 		.4byte	.LASF162
 984 04dc 05       		.byte	0x5
 985 04dd CB01     		.2byte	0x1cb
 986 04df 77000000 		.4byte	0x77
 987 04e3 06       		.byte	0x6
 988 04e4 00       		.byte	0
 989 04e5 04       		.uleb128 0x4
 990 04e6 91020000 		.4byte	.LASF163
 991 04ea 05       		.byte	0x5
 992 04eb CD01     		.2byte	0x1cd
ARM GAS  C:\Users\dprdc\AppData\Local\Temp\ccdA2Bf1.s 			page 20


 993 04ed B4040000 		.4byte	0x4b4
 994 04f1 09       		.uleb128 0x9
 995 04f2 0C       		.byte	0xc
 996 04f3 05       		.byte	0x5
 997 04f4 D001     		.2byte	0x1d0
 998 04f6 15050000 		.4byte	0x515
 999 04fa 0A       		.uleb128 0xa
 1000 04fb A0070000 		.4byte	.LASF164
 1001 04ff 05       		.byte	0x5
 1002 0500 D301     		.2byte	0x1d3
 1003 0502 E5040000 		.4byte	0x4e5
 1004 0506 00       		.byte	0
 1005 0507 0A       		.uleb128 0xa
 1006 0508 6C070000 		.4byte	.LASF165
 1007 050c 05       		.byte	0x5
 1008 050d D601     		.2byte	0x1d6
 1009 050f 78040000 		.4byte	0x478
 1010 0513 08       		.byte	0x8
 1011 0514 00       		.byte	0
 1012 0515 04       		.uleb128 0x4
 1013 0516 B00D0000 		.4byte	.LASF166
 1014 051a 05       		.byte	0x5
 1015 051b D801     		.2byte	0x1d8
 1016 051d F1040000 		.4byte	0x4f1
 1017 0521 0D       		.uleb128 0xd
 1018 0522 08       		.byte	0x8
 1019 0523 06       		.byte	0x6
 1020 0524 4A       		.byte	0x4a
 1021 0525 5A050000 		.4byte	0x55a
 1022 0529 0E       		.uleb128 0xe
 1023 052a 2E0B0000 		.4byte	.LASF167
 1024 052e 06       		.byte	0x6
 1025 052f 4C       		.byte	0x4c
 1026 0530 78040000 		.4byte	0x478
 1027 0534 00       		.byte	0
 1028 0535 0E       		.uleb128 0xe
 1029 0536 05140000 		.4byte	.LASF168
 1030 053a 06       		.byte	0x6
 1031 053b 4D       		.byte	0x4d
 1032 053c 78040000 		.4byte	0x478
 1033 0540 02       		.byte	0x2
 1034 0541 0E       		.uleb128 0xe
 1035 0542 18040000 		.4byte	.LASF169
 1036 0546 06       		.byte	0x6
 1037 0547 4E       		.byte	0x4e
 1038 0548 78040000 		.4byte	0x478
 1039 054c 04       		.byte	0x4
 1040 054d 0E       		.uleb128 0xe
 1041 054e 73120000 		.4byte	.LASF170
 1042 0552 06       		.byte	0x6
 1043 0553 4F       		.byte	0x4f
 1044 0554 78040000 		.4byte	0x478
 1045 0558 06       		.byte	0x6
 1046 0559 00       		.byte	0
 1047 055a 0F       		.uleb128 0xf
 1048 055b F9070000 		.4byte	.LASF171
 1049 055f 06       		.byte	0x6
ARM GAS  C:\Users\dprdc\AppData\Local\Temp\ccdA2Bf1.s 			page 21


 1050 0560 50       		.byte	0x50
 1051 0561 21050000 		.4byte	0x521
 1052 0565 08       		.uleb128 0x8
 1053 0566 04       		.byte	0x4
 1054 0567 E5040000 		.4byte	0x4e5
 1055 056b 0B       		.uleb128 0xb
 1056 056c 01       		.byte	0x1
 1057 056d 2C000000 		.4byte	0x2c
 1058 0571 07       		.byte	0x7
 1059 0572 22       		.byte	0x22
 1060 0573 84050000 		.4byte	0x584
 1061 0577 07       		.uleb128 0x7
 1062 0578 65050000 		.4byte	.LASF172
 1063 057c 00       		.byte	0
 1064 057d 07       		.uleb128 0x7
 1065 057e 0A100000 		.4byte	.LASF173
 1066 0582 01       		.byte	0x1
 1067 0583 00       		.byte	0
 1068 0584 0F       		.uleb128 0xf
 1069 0585 4B130000 		.4byte	.LASF174
 1070 0589 07       		.byte	0x7
 1071 058a 25       		.byte	0x25
 1072 058b 6B050000 		.4byte	0x56b
 1073 058f 0D       		.uleb128 0xd
 1074 0590 08       		.byte	0x8
 1075 0591 07       		.byte	0x7
 1076 0592 31       		.byte	0x31
 1077 0593 BC050000 		.4byte	0x5bc
 1078 0597 0E       		.uleb128 0xe
 1079 0598 40130000 		.4byte	.LASF175
 1080 059c 07       		.byte	0x7
 1081 059d 33       		.byte	0x33
 1082 059e A8040000 		.4byte	0x4a8
 1083 05a2 00       		.byte	0
 1084 05a3 0E       		.uleb128 0xe
 1085 05a4 23140000 		.4byte	.LASF176
 1086 05a8 07       		.byte	0x7
 1087 05a9 34       		.byte	0x34
 1088 05aa 84050000 		.4byte	0x584
 1089 05ae 02       		.byte	0x2
 1090 05af 0E       		.uleb128 0xe
 1091 05b0 A0070000 		.4byte	.LASF164
 1092 05b4 07       		.byte	0x7
 1093 05b5 35       		.byte	0x35
 1094 05b6 65050000 		.4byte	0x565
 1095 05ba 04       		.byte	0x4
 1096 05bb 00       		.byte	0
 1097 05bc 0F       		.uleb128 0xf
 1098 05bd 07110000 		.4byte	.LASF177
 1099 05c1 07       		.byte	0x7
 1100 05c2 36       		.byte	0x36
 1101 05c3 8F050000 		.4byte	0x58f
 1102 05c7 10       		.uleb128 0x10
 1103 05c8 9C060000 		.4byte	.LASF180
 1104 05cc 01       		.byte	0x1
 1105 05cd 0E       		.byte	0xe
 1106 05ce 00000000 		.4byte	.LFB35
ARM GAS  C:\Users\dprdc\AppData\Local\Temp\ccdA2Bf1.s 			page 22


 1107 05d2 70000000 		.4byte	.LFE35-.LFB35
 1108 05d6 01       		.uleb128 0x1
 1109 05d7 9C       		.byte	0x9c
 1110 05d8 07060000 		.4byte	0x607
 1111 05dc 11       		.uleb128 0x11
 1112 05dd 09030000 		.4byte	.LASF178
 1113 05e1 01       		.byte	0x1
 1114 05e2 0E       		.byte	0xe
 1115 05e3 83000000 		.4byte	0x83
 1116 05e7 02       		.uleb128 0x2
 1117 05e8 91       		.byte	0x91
 1118 05e9 6C       		.sleb128 -20
 1119 05ea 11       		.uleb128 0x11
 1120 05eb 21090000 		.4byte	.LASF179
 1121 05ef 01       		.byte	0x1
 1122 05f0 0E       		.byte	0xe
 1123 05f1 B2000000 		.4byte	0xb2
 1124 05f5 02       		.uleb128 0x2
 1125 05f6 91       		.byte	0x91
 1126 05f7 68       		.sleb128 -24
 1127 05f8 12       		.uleb128 0x12
 1128 05f9 07120000 		.4byte	.LASF183
 1129 05fd 01       		.byte	0x1
 1130 05fe 11       		.byte	0x11
 1131 05ff 75030000 		.4byte	0x375
 1132 0603 02       		.uleb128 0x2
 1133 0604 91       		.byte	0x91
 1134 0605 70       		.sleb128 -16
 1135 0606 00       		.byte	0
 1136 0607 10       		.uleb128 0x10
 1137 0608 23060000 		.4byte	.LASF181
 1138 060c 01       		.byte	0x1
 1139 060d 27       		.byte	0x27
 1140 060e 00000000 		.4byte	.LFB36
 1141 0612 4C000000 		.4byte	.LFE36-.LFB36
 1142 0616 01       		.uleb128 0x1
 1143 0617 9C       		.byte	0x9c
 1144 0618 47060000 		.4byte	0x647
 1145 061c 11       		.uleb128 0x11
 1146 061d 09030000 		.4byte	.LASF178
 1147 0621 01       		.byte	0x1
 1148 0622 27       		.byte	0x27
 1149 0623 83000000 		.4byte	0x83
 1150 0627 02       		.uleb128 0x2
 1151 0628 91       		.byte	0x91
 1152 0629 6C       		.sleb128 -20
 1153 062a 11       		.uleb128 0x11
 1154 062b 18140000 		.4byte	.LASF182
 1155 062f 01       		.byte	0x1
 1156 0630 27       		.byte	0x27
 1157 0631 B2000000 		.4byte	0xb2
 1158 0635 02       		.uleb128 0x2
 1159 0636 91       		.byte	0x91
 1160 0637 68       		.sleb128 -24
 1161 0638 12       		.uleb128 0x12
 1162 0639 140D0000 		.4byte	.LASF184
 1163 063d 01       		.byte	0x1
ARM GAS  C:\Users\dprdc\AppData\Local\Temp\ccdA2Bf1.s 			page 23


 1164 063e 29       		.byte	0x29
 1165 063f 47060000 		.4byte	0x647
 1166 0643 02       		.uleb128 0x2
 1167 0644 91       		.byte	0x91
 1168 0645 74       		.sleb128 -12
 1169 0646 00       		.byte	0
 1170 0647 08       		.uleb128 0x8
 1171 0648 04       		.byte	0x4
 1172 0649 BC050000 		.4byte	0x5bc
 1173 064d 10       		.uleb128 0x10
 1174 064e F5110000 		.4byte	.LASF185
 1175 0652 01       		.byte	0x1
 1176 0653 33       		.byte	0x33
 1177 0654 00000000 		.4byte	.LFB37
 1178 0658 64000000 		.4byte	.LFE37-.LFB37
 1179 065c 01       		.uleb128 0x1
 1180 065d 9C       		.byte	0x9c
 1181 065e 7F060000 		.4byte	0x67f
 1182 0662 12       		.uleb128 0x12
 1183 0663 4F080000 		.4byte	.LASF186
 1184 0667 01       		.byte	0x1
 1185 0668 34       		.byte	0x34
 1186 0669 15050000 		.4byte	0x515
 1187 066d 02       		.uleb128 0x2
 1188 066e 91       		.byte	0x91
 1189 066f 6C       		.sleb128 -20
 1190 0670 12       		.uleb128 0x12
 1191 0671 D5070000 		.4byte	.LASF187
 1192 0675 01       		.byte	0x1
 1193 0676 35       		.byte	0x35
 1194 0677 6B000000 		.4byte	0x6b
 1195 067b 02       		.uleb128 0x2
 1196 067c 91       		.byte	0x91
 1197 067d 6B       		.sleb128 -21
 1198 067e 00       		.byte	0
 1199 067f 13       		.uleb128 0x13
 1200 0680 7E150000 		.4byte	.LASF193
 1201 0684 01       		.byte	0x1
 1202 0685 46       		.byte	0x46
 1203 0686 5D000000 		.4byte	0x5d
 1204 068a 00000000 		.4byte	.LFB38
 1205 068e 38000000 		.4byte	.LFE38-.LFB38
 1206 0692 01       		.uleb128 0x1
 1207 0693 9C       		.byte	0x9c
 1208 0694 14       		.uleb128 0x14
 1209 0695 400E0000 		.4byte	.LASF188
 1210 0699 08       		.byte	0x8
 1211 069a C502     		.2byte	0x2c5
 1212 069c 6B000000 		.4byte	0x6b
 1213 06a0 15       		.uleb128 0x15
 1214 06a1 B0060000 		.4byte	0x6b0
 1215 06a5 B0060000 		.4byte	0x6b0
 1216 06a9 16       		.uleb128 0x16
 1217 06aa AB000000 		.4byte	0xab
 1218 06ae 00       		.byte	0
 1219 06af 00       		.byte	0
 1220 06b0 17       		.uleb128 0x17
ARM GAS  C:\Users\dprdc\AppData\Local\Temp\ccdA2Bf1.s 			page 24


 1221 06b1 5A050000 		.4byte	0x55a
 1222 06b5 18       		.uleb128 0x18
 1223 06b6 A4020000 		.4byte	.LASF189
 1224 06ba 06       		.byte	0x6
 1225 06bb EC       		.byte	0xec
 1226 06bc C0060000 		.4byte	0x6c0
 1227 06c0 17       		.uleb128 0x17
 1228 06c1 A0060000 		.4byte	0x6a0
 1229 06c5 00       		.byte	0
 1230              		.section	.debug_abbrev,"",%progbits
 1231              	.Ldebug_abbrev0:
 1232 0000 01       		.uleb128 0x1
 1233 0001 11       		.uleb128 0x11
 1234 0002 01       		.byte	0x1
 1235 0003 25       		.uleb128 0x25
 1236 0004 0E       		.uleb128 0xe
 1237 0005 13       		.uleb128 0x13
 1238 0006 0B       		.uleb128 0xb
 1239 0007 03       		.uleb128 0x3
 1240 0008 0E       		.uleb128 0xe
 1241 0009 1B       		.uleb128 0x1b
 1242 000a 0E       		.uleb128 0xe
 1243 000b 55       		.uleb128 0x55
 1244 000c 17       		.uleb128 0x17
 1245 000d 11       		.uleb128 0x11
 1246 000e 01       		.uleb128 0x1
 1247 000f 10       		.uleb128 0x10
 1248 0010 17       		.uleb128 0x17
 1249 0011 00       		.byte	0
 1250 0012 00       		.byte	0
 1251 0013 02       		.uleb128 0x2
 1252 0014 24       		.uleb128 0x24
 1253 0015 00       		.byte	0
 1254 0016 0B       		.uleb128 0xb
 1255 0017 0B       		.uleb128 0xb
 1256 0018 3E       		.uleb128 0x3e
 1257 0019 0B       		.uleb128 0xb
 1258 001a 03       		.uleb128 0x3
 1259 001b 0E       		.uleb128 0xe
 1260 001c 00       		.byte	0
 1261 001d 00       		.byte	0
 1262 001e 03       		.uleb128 0x3
 1263 001f 24       		.uleb128 0x24
 1264 0020 00       		.byte	0
 1265 0021 0B       		.uleb128 0xb
 1266 0022 0B       		.uleb128 0xb
 1267 0023 3E       		.uleb128 0x3e
 1268 0024 0B       		.uleb128 0xb
 1269 0025 03       		.uleb128 0x3
 1270 0026 08       		.uleb128 0x8
 1271 0027 00       		.byte	0
 1272 0028 00       		.byte	0
 1273 0029 04       		.uleb128 0x4
 1274 002a 16       		.uleb128 0x16
 1275 002b 00       		.byte	0
 1276 002c 03       		.uleb128 0x3
 1277 002d 0E       		.uleb128 0xe
ARM GAS  C:\Users\dprdc\AppData\Local\Temp\ccdA2Bf1.s 			page 25


 1278 002e 3A       		.uleb128 0x3a
 1279 002f 0B       		.uleb128 0xb
 1280 0030 3B       		.uleb128 0x3b
 1281 0031 05       		.uleb128 0x5
 1282 0032 49       		.uleb128 0x49
 1283 0033 13       		.uleb128 0x13
 1284 0034 00       		.byte	0
 1285 0035 00       		.byte	0
 1286 0036 05       		.uleb128 0x5
 1287 0037 0F       		.uleb128 0xf
 1288 0038 00       		.byte	0
 1289 0039 0B       		.uleb128 0xb
 1290 003a 0B       		.uleb128 0xb
 1291 003b 00       		.byte	0
 1292 003c 00       		.byte	0
 1293 003d 06       		.uleb128 0x6
 1294 003e 04       		.uleb128 0x4
 1295 003f 01       		.byte	0x1
 1296 0040 0B       		.uleb128 0xb
 1297 0041 0B       		.uleb128 0xb
 1298 0042 49       		.uleb128 0x49
 1299 0043 13       		.uleb128 0x13
 1300 0044 3A       		.uleb128 0x3a
 1301 0045 0B       		.uleb128 0xb
 1302 0046 3B       		.uleb128 0x3b
 1303 0047 05       		.uleb128 0x5
 1304 0048 01       		.uleb128 0x1
 1305 0049 13       		.uleb128 0x13
 1306 004a 00       		.byte	0
 1307 004b 00       		.byte	0
 1308 004c 07       		.uleb128 0x7
 1309 004d 28       		.uleb128 0x28
 1310 004e 00       		.byte	0
 1311 004f 03       		.uleb128 0x3
 1312 0050 0E       		.uleb128 0xe
 1313 0051 1C       		.uleb128 0x1c
 1314 0052 0B       		.uleb128 0xb
 1315 0053 00       		.byte	0
 1316 0054 00       		.byte	0
 1317 0055 08       		.uleb128 0x8
 1318 0056 0F       		.uleb128 0xf
 1319 0057 00       		.byte	0
 1320 0058 0B       		.uleb128 0xb
 1321 0059 0B       		.uleb128 0xb
 1322 005a 49       		.uleb128 0x49
 1323 005b 13       		.uleb128 0x13
 1324 005c 00       		.byte	0
 1325 005d 00       		.byte	0
 1326 005e 09       		.uleb128 0x9
 1327 005f 13       		.uleb128 0x13
 1328 0060 01       		.byte	0x1
 1329 0061 0B       		.uleb128 0xb
 1330 0062 0B       		.uleb128 0xb
 1331 0063 3A       		.uleb128 0x3a
 1332 0064 0B       		.uleb128 0xb
 1333 0065 3B       		.uleb128 0x3b
 1334 0066 05       		.uleb128 0x5
ARM GAS  C:\Users\dprdc\AppData\Local\Temp\ccdA2Bf1.s 			page 26


 1335 0067 01       		.uleb128 0x1
 1336 0068 13       		.uleb128 0x13
 1337 0069 00       		.byte	0
 1338 006a 00       		.byte	0
 1339 006b 0A       		.uleb128 0xa
 1340 006c 0D       		.uleb128 0xd
 1341 006d 00       		.byte	0
 1342 006e 03       		.uleb128 0x3
 1343 006f 0E       		.uleb128 0xe
 1344 0070 3A       		.uleb128 0x3a
 1345 0071 0B       		.uleb128 0xb
 1346 0072 3B       		.uleb128 0x3b
 1347 0073 05       		.uleb128 0x5
 1348 0074 49       		.uleb128 0x49
 1349 0075 13       		.uleb128 0x13
 1350 0076 38       		.uleb128 0x38
 1351 0077 0B       		.uleb128 0xb
 1352 0078 00       		.byte	0
 1353 0079 00       		.byte	0
 1354 007a 0B       		.uleb128 0xb
 1355 007b 04       		.uleb128 0x4
 1356 007c 01       		.byte	0x1
 1357 007d 0B       		.uleb128 0xb
 1358 007e 0B       		.uleb128 0xb
 1359 007f 49       		.uleb128 0x49
 1360 0080 13       		.uleb128 0x13
 1361 0081 3A       		.uleb128 0x3a
 1362 0082 0B       		.uleb128 0xb
 1363 0083 3B       		.uleb128 0x3b
 1364 0084 0B       		.uleb128 0xb
 1365 0085 01       		.uleb128 0x1
 1366 0086 13       		.uleb128 0x13
 1367 0087 00       		.byte	0
 1368 0088 00       		.byte	0
 1369 0089 0C       		.uleb128 0xc
 1370 008a 0D       		.uleb128 0xd
 1371 008b 00       		.byte	0
 1372 008c 03       		.uleb128 0x3
 1373 008d 08       		.uleb128 0x8
 1374 008e 3A       		.uleb128 0x3a
 1375 008f 0B       		.uleb128 0xb
 1376 0090 3B       		.uleb128 0x3b
 1377 0091 05       		.uleb128 0x5
 1378 0092 49       		.uleb128 0x49
 1379 0093 13       		.uleb128 0x13
 1380 0094 38       		.uleb128 0x38
 1381 0095 0B       		.uleb128 0xb
 1382 0096 00       		.byte	0
 1383 0097 00       		.byte	0
 1384 0098 0D       		.uleb128 0xd
 1385 0099 13       		.uleb128 0x13
 1386 009a 01       		.byte	0x1
 1387 009b 0B       		.uleb128 0xb
 1388 009c 0B       		.uleb128 0xb
 1389 009d 3A       		.uleb128 0x3a
 1390 009e 0B       		.uleb128 0xb
 1391 009f 3B       		.uleb128 0x3b
ARM GAS  C:\Users\dprdc\AppData\Local\Temp\ccdA2Bf1.s 			page 27


 1392 00a0 0B       		.uleb128 0xb
 1393 00a1 01       		.uleb128 0x1
 1394 00a2 13       		.uleb128 0x13
 1395 00a3 00       		.byte	0
 1396 00a4 00       		.byte	0
 1397 00a5 0E       		.uleb128 0xe
 1398 00a6 0D       		.uleb128 0xd
 1399 00a7 00       		.byte	0
 1400 00a8 03       		.uleb128 0x3
 1401 00a9 0E       		.uleb128 0xe
 1402 00aa 3A       		.uleb128 0x3a
 1403 00ab 0B       		.uleb128 0xb
 1404 00ac 3B       		.uleb128 0x3b
 1405 00ad 0B       		.uleb128 0xb
 1406 00ae 49       		.uleb128 0x49
 1407 00af 13       		.uleb128 0x13
 1408 00b0 38       		.uleb128 0x38
 1409 00b1 0B       		.uleb128 0xb
 1410 00b2 00       		.byte	0
 1411 00b3 00       		.byte	0
 1412 00b4 0F       		.uleb128 0xf
 1413 00b5 16       		.uleb128 0x16
 1414 00b6 00       		.byte	0
 1415 00b7 03       		.uleb128 0x3
 1416 00b8 0E       		.uleb128 0xe
 1417 00b9 3A       		.uleb128 0x3a
 1418 00ba 0B       		.uleb128 0xb
 1419 00bb 3B       		.uleb128 0x3b
 1420 00bc 0B       		.uleb128 0xb
 1421 00bd 49       		.uleb128 0x49
 1422 00be 13       		.uleb128 0x13
 1423 00bf 00       		.byte	0
 1424 00c0 00       		.byte	0
 1425 00c1 10       		.uleb128 0x10
 1426 00c2 2E       		.uleb128 0x2e
 1427 00c3 01       		.byte	0x1
 1428 00c4 3F       		.uleb128 0x3f
 1429 00c5 19       		.uleb128 0x19
 1430 00c6 03       		.uleb128 0x3
 1431 00c7 0E       		.uleb128 0xe
 1432 00c8 3A       		.uleb128 0x3a
 1433 00c9 0B       		.uleb128 0xb
 1434 00ca 3B       		.uleb128 0x3b
 1435 00cb 0B       		.uleb128 0xb
 1436 00cc 27       		.uleb128 0x27
 1437 00cd 19       		.uleb128 0x19
 1438 00ce 11       		.uleb128 0x11
 1439 00cf 01       		.uleb128 0x1
 1440 00d0 12       		.uleb128 0x12
 1441 00d1 06       		.uleb128 0x6
 1442 00d2 40       		.uleb128 0x40
 1443 00d3 18       		.uleb128 0x18
 1444 00d4 9642     		.uleb128 0x2116
 1445 00d6 19       		.uleb128 0x19
 1446 00d7 01       		.uleb128 0x1
 1447 00d8 13       		.uleb128 0x13
 1448 00d9 00       		.byte	0
ARM GAS  C:\Users\dprdc\AppData\Local\Temp\ccdA2Bf1.s 			page 28


 1449 00da 00       		.byte	0
 1450 00db 11       		.uleb128 0x11
 1451 00dc 05       		.uleb128 0x5
 1452 00dd 00       		.byte	0
 1453 00de 03       		.uleb128 0x3
 1454 00df 0E       		.uleb128 0xe
 1455 00e0 3A       		.uleb128 0x3a
 1456 00e1 0B       		.uleb128 0xb
 1457 00e2 3B       		.uleb128 0x3b
 1458 00e3 0B       		.uleb128 0xb
 1459 00e4 49       		.uleb128 0x49
 1460 00e5 13       		.uleb128 0x13
 1461 00e6 02       		.uleb128 0x2
 1462 00e7 18       		.uleb128 0x18
 1463 00e8 00       		.byte	0
 1464 00e9 00       		.byte	0
 1465 00ea 12       		.uleb128 0x12
 1466 00eb 34       		.uleb128 0x34
 1467 00ec 00       		.byte	0
 1468 00ed 03       		.uleb128 0x3
 1469 00ee 0E       		.uleb128 0xe
 1470 00ef 3A       		.uleb128 0x3a
 1471 00f0 0B       		.uleb128 0xb
 1472 00f1 3B       		.uleb128 0x3b
 1473 00f2 0B       		.uleb128 0xb
 1474 00f3 49       		.uleb128 0x49
 1475 00f4 13       		.uleb128 0x13
 1476 00f5 02       		.uleb128 0x2
 1477 00f6 18       		.uleb128 0x18
 1478 00f7 00       		.byte	0
 1479 00f8 00       		.byte	0
 1480 00f9 13       		.uleb128 0x13
 1481 00fa 2E       		.uleb128 0x2e
 1482 00fb 00       		.byte	0
 1483 00fc 3F       		.uleb128 0x3f
 1484 00fd 19       		.uleb128 0x19
 1485 00fe 03       		.uleb128 0x3
 1486 00ff 0E       		.uleb128 0xe
 1487 0100 3A       		.uleb128 0x3a
 1488 0101 0B       		.uleb128 0xb
 1489 0102 3B       		.uleb128 0x3b
 1490 0103 0B       		.uleb128 0xb
 1491 0104 27       		.uleb128 0x27
 1492 0105 19       		.uleb128 0x19
 1493 0106 49       		.uleb128 0x49
 1494 0107 13       		.uleb128 0x13
 1495 0108 11       		.uleb128 0x11
 1496 0109 01       		.uleb128 0x1
 1497 010a 12       		.uleb128 0x12
 1498 010b 06       		.uleb128 0x6
 1499 010c 40       		.uleb128 0x40
 1500 010d 18       		.uleb128 0x18
 1501 010e 9642     		.uleb128 0x2116
 1502 0110 19       		.uleb128 0x19
 1503 0111 00       		.byte	0
 1504 0112 00       		.byte	0
 1505 0113 14       		.uleb128 0x14
ARM GAS  C:\Users\dprdc\AppData\Local\Temp\ccdA2Bf1.s 			page 29


 1506 0114 34       		.uleb128 0x34
 1507 0115 00       		.byte	0
 1508 0116 03       		.uleb128 0x3
 1509 0117 0E       		.uleb128 0xe
 1510 0118 3A       		.uleb128 0x3a
 1511 0119 0B       		.uleb128 0xb
 1512 011a 3B       		.uleb128 0x3b
 1513 011b 05       		.uleb128 0x5
 1514 011c 49       		.uleb128 0x49
 1515 011d 13       		.uleb128 0x13
 1516 011e 3F       		.uleb128 0x3f
 1517 011f 19       		.uleb128 0x19
 1518 0120 3C       		.uleb128 0x3c
 1519 0121 19       		.uleb128 0x19
 1520 0122 00       		.byte	0
 1521 0123 00       		.byte	0
 1522 0124 15       		.uleb128 0x15
 1523 0125 01       		.uleb128 0x1
 1524 0126 01       		.byte	0x1
 1525 0127 49       		.uleb128 0x49
 1526 0128 13       		.uleb128 0x13
 1527 0129 01       		.uleb128 0x1
 1528 012a 13       		.uleb128 0x13
 1529 012b 00       		.byte	0
 1530 012c 00       		.byte	0
 1531 012d 16       		.uleb128 0x16
 1532 012e 21       		.uleb128 0x21
 1533 012f 00       		.byte	0
 1534 0130 49       		.uleb128 0x49
 1535 0131 13       		.uleb128 0x13
 1536 0132 2F       		.uleb128 0x2f
 1537 0133 0B       		.uleb128 0xb
 1538 0134 00       		.byte	0
 1539 0135 00       		.byte	0
 1540 0136 17       		.uleb128 0x17
 1541 0137 26       		.uleb128 0x26
 1542 0138 00       		.byte	0
 1543 0139 49       		.uleb128 0x49
 1544 013a 13       		.uleb128 0x13
 1545 013b 00       		.byte	0
 1546 013c 00       		.byte	0
 1547 013d 18       		.uleb128 0x18
 1548 013e 34       		.uleb128 0x34
 1549 013f 00       		.byte	0
 1550 0140 03       		.uleb128 0x3
 1551 0141 0E       		.uleb128 0xe
 1552 0142 3A       		.uleb128 0x3a
 1553 0143 0B       		.uleb128 0xb
 1554 0144 3B       		.uleb128 0x3b
 1555 0145 0B       		.uleb128 0xb
 1556 0146 49       		.uleb128 0x49
 1557 0147 13       		.uleb128 0x13
 1558 0148 3F       		.uleb128 0x3f
 1559 0149 19       		.uleb128 0x19
 1560 014a 3C       		.uleb128 0x3c
 1561 014b 19       		.uleb128 0x19
 1562 014c 00       		.byte	0
ARM GAS  C:\Users\dprdc\AppData\Local\Temp\ccdA2Bf1.s 			page 30


 1563 014d 00       		.byte	0
 1564 014e 00       		.byte	0
 1565              		.section	.debug_aranges,"",%progbits
 1566 0000 34000000 		.4byte	0x34
 1567 0004 0200     		.2byte	0x2
 1568 0006 00000000 		.4byte	.Ldebug_info0
 1569 000a 04       		.byte	0x4
 1570 000b 00       		.byte	0
 1571 000c 0000     		.2byte	0
 1572 000e 0000     		.2byte	0
 1573 0010 00000000 		.4byte	.LFB35
 1574 0014 70000000 		.4byte	.LFE35-.LFB35
 1575 0018 00000000 		.4byte	.LFB36
 1576 001c 4C000000 		.4byte	.LFE36-.LFB36
 1577 0020 00000000 		.4byte	.LFB37
 1578 0024 64000000 		.4byte	.LFE37-.LFB37
 1579 0028 00000000 		.4byte	.LFB38
 1580 002c 38000000 		.4byte	.LFE38-.LFB38
 1581 0030 00000000 		.4byte	0
 1582 0034 00000000 		.4byte	0
 1583              		.section	.debug_ranges,"",%progbits
 1584              	.Ldebug_ranges0:
 1585 0000 00000000 		.4byte	.LFB35
 1586 0004 70000000 		.4byte	.LFE35
 1587 0008 00000000 		.4byte	.LFB36
 1588 000c 4C000000 		.4byte	.LFE36
 1589 0010 00000000 		.4byte	.LFB37
 1590 0014 64000000 		.4byte	.LFE37
 1591 0018 00000000 		.4byte	.LFB38
 1592 001c 38000000 		.4byte	.LFE38
 1593 0020 00000000 		.4byte	0
 1594 0024 00000000 		.4byte	0
 1595              		.section	.debug_line,"",%progbits
 1596              	.Ldebug_line0:
 1597 0000 08010000 		.section	.debug_str,"MS",%progbits,1
 1597      02009800 
 1597      00000201 
 1597      FB0E0D00 
 1597      01010101 
 1598              	.LASF81:
 1599 0000 4359424C 		.ascii	"CYBLE_EVT_L2CAP_CBFC_RX_CREDIT_IND\000"
 1599      455F4556 
 1599      545F4C32 
 1599      4341505F 
 1599      43424643 
 1600              	.LASF22:
 1601 0023 4359424C 		.ascii	"CYBLE_EVT_STACK_BUSY_STATUS\000"
 1601      455F4556 
 1601      545F5354 
 1601      41434B5F 
 1601      42555359 
 1602              	.LASF114:
 1603 003f 626F6E64 		.ascii	"bonding\000"
 1603      696E6700 
 1604              	.LASF10:
 1605 0047 75696E74 		.ascii	"uint16\000"
 1605      313600
ARM GAS  C:\Users\dprdc\AppData\Local\Temp\ccdA2Bf1.s 			page 31


 1606              	.LASF148:
 1607 004e 4359424C 		.ascii	"CYBLE_GATTS_ERR_HPS_INVALID_REQUEST\000"
 1607      455F4741 
 1607      5454535F 
 1607      4552525F 
 1607      4850535F 
 1608              	.LASF80:
 1609 0072 4359424C 		.ascii	"CYBLE_EVT_L2CAP_CBFC_DATA_READ\000"
 1609      455F4556 
 1609      545F4C32 
 1609      4341505F 
 1609      43424643 
 1610              	.LASF161:
 1611 0091 4359424C 		.ascii	"CYBLE_CONN_HANDLE_T\000"
 1611      455F434F 
 1611      4E4E5F48 
 1611      414E444C 
 1611      455F5400 
 1612              	.LASF131:
 1613 00a5 4359424C 		.ascii	"CYBLE_GATT_ERR_INSUFFICIENT_ENC_KEY_SIZE\000"
 1613      455F4741 
 1613      54545F45 
 1613      52525F49 
 1613      4E535546 
 1614              	.LASF107:
 1615 00ce 4359424C 		.ascii	"CYBLE_GAP_AUTH_ERROR_BR_EDR_PAIRING_IN_PROGRESS\000"
 1615      455F4741 
 1615      505F4155 
 1615      54485F45 
 1615      52524F52 
 1616              	.LASF125:
 1617 00fe 4359424C 		.ascii	"CYBLE_GATT_ERR_REQUEST_NOT_SUPPORTED\000"
 1617      455F4741 
 1617      54545F45 
 1617      52525F52 
 1617      45515545 
 1618              	.LASF120:
 1619 0123 4359424C 		.ascii	"CYBLE_GATT_ERR_INVALID_HANDLE\000"
 1619      455F4741 
 1619      54545F45 
 1619      52525F49 
 1619      4E56414C 
 1620              	.LASF34:
 1621 0141 4359424C 		.ascii	"CYBLE_EVT_GAP_CONNECTION_UPDATE_COMPLETE\000"
 1621      455F4556 
 1621      545F4741 
 1621      505F434F 
 1621      4E4E4543 
 1622              	.LASF79:
 1623 016a 4359424C 		.ascii	"CYBLE_EVT_L2CAP_CBFC_DISCONN_CNF\000"
 1623      455F4556 
 1623      545F4C32 
 1623      4341505F 
 1623      43424643 
 1624              	.LASF102:
 1625 018b 4359424C 		.ascii	"CYBLE_GAP_AUTH_ERROR_UNSPECIFIED_REASON\000"
 1625      455F4741 
ARM GAS  C:\Users\dprdc\AppData\Local\Temp\ccdA2Bf1.s 			page 32


 1625      505F4155 
 1625      54485F45 
 1625      52524F52 
 1626              	.LASF100:
 1627 01b3 4359424C 		.ascii	"CYBLE_GAP_AUTH_ERROR_INSUFFICIENT_ENCRYPTION_KEY_SI"
 1627      455F4741 
 1627      505F4155 
 1627      54485F45 
 1627      52524F52 
 1628 01e6 5A4500   		.ascii	"ZE\000"
 1629              	.LASF59:
 1630 01e9 4359424C 		.ascii	"CYBLE_EVT_GATTC_READ_MULTI_RSP\000"
 1630      455F4556 
 1630      545F4741 
 1630      5454435F 
 1630      52454144 
 1631              	.LASF64:
 1632 0208 4359424C 		.ascii	"CYBLE_EVT_GATTS_EXEC_WRITE_REQ\000"
 1632      455F4556 
 1632      545F4741 
 1632      5454535F 
 1632      45584543 
 1633              	.LASF55:
 1634 0227 4359424C 		.ascii	"CYBLE_EVT_GATTC_FIND_INFO_RSP\000"
 1634      455F4556 
 1634      545F4741 
 1634      5454435F 
 1634      46494E44 
 1635              	.LASF19:
 1636 0245 4359424C 		.ascii	"CYBLE_EVT_TIMEOUT\000"
 1636      455F4556 
 1636      545F5449 
 1636      4D454F55 
 1636      5400
 1637              	.LASF4:
 1638 0257 6C6F6E67 		.ascii	"long int\000"
 1638      20696E74 
 1638      00
 1639              	.LASF94:
 1640 0260 4359424C 		.ascii	"CYBLE_GAP_AUTH_ERROR_NONE\000"
 1640      455F4741 
 1640      505F4155 
 1640      54485F45 
 1640      52524F52 
 1641              	.LASF7:
 1642 027a 6C6F6E67 		.ascii	"long long unsigned int\000"
 1642      206C6F6E 
 1642      6720756E 
 1642      7369676E 
 1642      65642069 
 1643              	.LASF163:
 1644 0291 4359424C 		.ascii	"CYBLE_GATT_VALUE_T\000"
 1644      455F4741 
 1644      54545F56 
 1644      414C5545 
 1644      5F5400
 1645              	.LASF189:
ARM GAS  C:\Users\dprdc\AppData\Local\Temp\ccdA2Bf1.s 			page 33


 1646 02a4 6379426C 		.ascii	"cyBle_bass\000"
 1646      655F6261 
 1646      737300
 1647              	.LASF21:
 1648 02af 4359424C 		.ascii	"CYBLE_EVT_HCI_STATUS\000"
 1648      455F4556 
 1648      545F4843 
 1648      495F5354 
 1648      41545553 
 1649              	.LASF42:
 1650 02c4 4359424C 		.ascii	"CYBLE_EVT_GAPC_DIRECT_ADV_REPORT\000"
 1650      455F4556 
 1650      545F4741 
 1650      50435F44 
 1650      49524543 
 1651              	.LASF152:
 1652 02e5 4359424C 		.ascii	"CYBLE_GATT_ERR_ANCS_INVALID_COMMAND\000"
 1652      455F4741 
 1652      54545F45 
 1652      52525F41 
 1652      4E43535F 
 1653              	.LASF178:
 1654 0309 6576656E 		.ascii	"eventCode\000"
 1654      74436F64 
 1654      6500
 1655              	.LASF73:
 1656 0313 4359424C 		.ascii	"CYBLE_EVT_L2CAP_CONN_PARAM_UPDATE_REQ\000"
 1656      455F4556 
 1656      545F4C32 
 1656      4341505F 
 1656      434F4E4E 
 1657              	.LASF32:
 1658 0339 4359424C 		.ascii	"CYBLE_EVT_GAP_DEVICE_DISCONNECTED\000"
 1658      455F4556 
 1658      545F4741 
 1658      505F4445 
 1658      56494345 
 1659              	.LASF33:
 1660 035b 4359424C 		.ascii	"CYBLE_EVT_GAP_ENCRYPT_CHANGE\000"
 1660      455F4556 
 1660      545F4741 
 1660      505F454E 
 1660      43525950 
 1661              	.LASF111:
 1662 0378 4359424C 		.ascii	"CYBLE_GAP_AUTH_ERROR_LINK_DISCONNECTED\000"
 1662      455F4741 
 1662      505F4155 
 1662      54485F45 
 1662      52524F52 
 1663              	.LASF37:
 1664 039f 4359424C 		.ascii	"CYBLE_EVT_GAP_NUMERIC_COMPARISON_REQUEST\000"
 1664      455F4556 
 1664      545F4741 
 1664      505F4E55 
 1664      4D455249 
 1665              	.LASF143:
 1666 03c8 4359424C 		.ascii	"CYBLE_GATT_ERR_OP_CODE_NOT_SUPPORTED\000"
ARM GAS  C:\Users\dprdc\AppData\Local\Temp\ccdA2Bf1.s 			page 34


 1666      455F4741 
 1666      54545F45 
 1666      52525F4F 
 1666      505F434F 
 1667              	.LASF124:
 1668 03ed 4359424C 		.ascii	"CYBLE_GATT_ERR_INSUFFICIENT_AUTHENTICATION\000"
 1668      455F4741 
 1668      54545F45 
 1668      52525F49 
 1668      4E535546 
 1669              	.LASF169:
 1670 0418 63706664 		.ascii	"cpfdHandle\000"
 1670      48616E64 
 1670      6C6500
 1671              	.LASF6:
 1672 0423 6C6F6E67 		.ascii	"long long int\000"
 1672      206C6F6E 
 1672      6720696E 
 1672      7400
 1673              	.LASF0:
 1674 0431 7369676E 		.ascii	"signed char\000"
 1674      65642063 
 1674      68617200 
 1675              	.LASF18:
 1676 043d 4359424C 		.ascii	"CYBLE_EVT_STACK_ON\000"
 1676      455F4556 
 1676      545F5354 
 1676      41434B5F 
 1676      4F4E00
 1677              	.LASF192:
 1678 0450 433A5C55 		.ascii	"C:\\Users\\dprdc\\OneDrive\\Documents\\Capstone\\ST"
 1678      73657273 
 1678      5C647072 
 1678      64635C4F 
 1678      6E654472 
 1679 047d 454D426F 		.ascii	"EMBoT-2-UEXT-Modules\\Software\\EZ BLE\\PSoC Worksp"
 1679      542D322D 
 1679      55455854 
 1679      2D4D6F64 
 1679      756C6573 
 1680 04ad 6163655C 		.ascii	"ace\\findMeTutorial.cydsn\000"
 1680      66696E64 
 1680      4D655475 
 1680      746F7269 
 1680      616C2E63 
 1681              	.LASF35:
 1682 04c6 4359424C 		.ascii	"CYBLE_EVT_GAPC_SCAN_START_STOP\000"
 1682      455F4556 
 1682      545F4741 
 1682      50435F53 
 1682      43414E5F 
 1683              	.LASF162:
 1684 04e5 61637475 		.ascii	"actualLen\000"
 1684      616C4C65 
 1684      6E00
 1685              	.LASF25:
 1686 04ef 4359424C 		.ascii	"CYBLE_EVT_GAP_AUTH_REQ\000"
ARM GAS  C:\Users\dprdc\AppData\Local\Temp\ccdA2Bf1.s 			page 35


 1686      455F4556 
 1686      545F4741 
 1686      505F4155 
 1686      54485F52 
 1687              	.LASF57:
 1688 0506 4359424C 		.ascii	"CYBLE_EVT_GATTC_READ_RSP\000"
 1688      455F4556 
 1688      545F4741 
 1688      5454435F 
 1688      52454144 
 1689              	.LASF123:
 1690 051f 4359424C 		.ascii	"CYBLE_GATT_ERR_INVALID_PDU\000"
 1690      455F4741 
 1690      54545F45 
 1690      52525F49 
 1690      4E56414C 
 1691              	.LASF99:
 1692 053a 4359424C 		.ascii	"CYBLE_GAP_AUTH_ERROR_PAIRING_NOT_SUPPORTED\000"
 1692      455F4741 
 1692      505F4155 
 1692      54485F45 
 1692      52524F52 
 1693              	.LASF172:
 1694 0565 4359424C 		.ascii	"CYBLE_IAS_ALERT_LEVEL\000"
 1694      455F4941 
 1694      535F414C 
 1694      4552545F 
 1694      4C455645 
 1695              	.LASF112:
 1696 057b 4359424C 		.ascii	"CYBLE_GAP_AUTH_FAILED_REASON_T\000"
 1696      455F4741 
 1696      505F4155 
 1696      54485F46 
 1696      41494C45 
 1697              	.LASF62:
 1698 059a 4359424C 		.ascii	"CYBLE_EVT_GATTS_WRITE_CMD_REQ\000"
 1698      455F4556 
 1698      545F4741 
 1698      5454535F 
 1698      57524954 
 1699              	.LASF115:
 1700 05b8 656B6579 		.ascii	"ekeySize\000"
 1700      53697A65 
 1700      00
 1701              	.LASF30:
 1702 05c1 4359424C 		.ascii	"CYBLE_EVT_GAPP_ADVERTISEMENT_START_STOP\000"
 1702      455F4556 
 1702      545F4741 
 1702      50505F41 
 1702      44564552 
 1703              	.LASF116:
 1704 05e9 61757468 		.ascii	"authErr\000"
 1704      45727200 
 1705              	.LASF9:
 1706 05f1 75696E74 		.ascii	"uint8\000"
 1706      3800
 1707              	.LASF110:
ARM GAS  C:\Users\dprdc\AppData\Local\Temp\ccdA2Bf1.s 			page 36


 1708 05f7 4359424C 		.ascii	"CYBLE_GAP_AUTH_ERROR_AUTHENTICATION_TIMEOUT\000"
 1708      455F4741 
 1708      505F4155 
 1708      54485F45 
 1708      52524F52 
 1709              	.LASF181:
 1710 0623 4961735F 		.ascii	"Ias_Handler\000"
 1710      48616E64 
 1710      6C657200 
 1711              	.LASF65:
 1712 062f 4359424C 		.ascii	"CYBLE_EVT_GATTC_EXEC_WRITE_RSP\000"
 1712      455F4556 
 1712      545F4741 
 1712      5454435F 
 1712      45584543 
 1713              	.LASF13:
 1714 064e 646F7562 		.ascii	"double\000"
 1714      6C6500
 1715              	.LASF78:
 1716 0655 4359424C 		.ascii	"CYBLE_EVT_L2CAP_CBFC_DISCONN_IND\000"
 1716      455F4556 
 1716      545F4C32 
 1716      4341505F 
 1716      43424643 
 1717              	.LASF135:
 1718 0676 4359424C 		.ascii	"CYBLE_GATT_ERR_UNSUPPORTED_GROUP_TYPE\000"
 1718      455F4741 
 1718      54545F45 
 1718      52525F55 
 1718      4E535550 
 1719              	.LASF180:
 1720 069c 53746163 		.ascii	"Stack_Handler\000"
 1720      6B5F4861 
 1720      6E646C65 
 1720      7200
 1721              	.LASF113:
 1722 06aa 73656375 		.ascii	"security\000"
 1722      72697479 
 1722      00
 1723              	.LASF11:
 1724 06b3 75696E74 		.ascii	"uint32\000"
 1724      333200
 1725              	.LASF103:
 1726 06ba 4359424C 		.ascii	"CYBLE_GAP_AUTH_ERROR_REPEATED_ATTEMPTS\000"
 1726      455F4741 
 1726      505F4155 
 1726      54485F45 
 1726      52524F52 
 1727              	.LASF122:
 1728 06e1 4359424C 		.ascii	"CYBLE_GATT_ERR_WRITE_NOT_PERMITTED\000"
 1728      455F4741 
 1728      54545F45 
 1728      52525F57 
 1728      52495445 
 1729              	.LASF88:
 1730 0704 4359424C 		.ascii	"CYBLE_EVT_MAX\000"
 1730      455F4556 
ARM GAS  C:\Users\dprdc\AppData\Local\Temp\ccdA2Bf1.s 			page 37


 1730      545F4D41 
 1730      5800
 1731              	.LASF119:
 1732 0712 4359424C 		.ascii	"CYBLE_GATT_ERR_NONE\000"
 1732      455F4741 
 1732      54545F45 
 1732      52525F4E 
 1732      4F4E4500 
 1733              	.LASF121:
 1734 0726 4359424C 		.ascii	"CYBLE_GATT_ERR_READ_NOT_PERMITTED\000"
 1734      455F4741 
 1734      54545F45 
 1734      52525F52 
 1734      4541445F 
 1735              	.LASF83:
 1736 0748 4359424C 		.ascii	"CYBLE_EVT_L2CAP_CBFC_DATA_WRITE_IND\000"
 1736      455F4556 
 1736      545F4C32 
 1736      4341505F 
 1736      43424643 
 1737              	.LASF165:
 1738 076c 61747472 		.ascii	"attrHandle\000"
 1738      48616E64 
 1738      6C6500
 1739              	.LASF150:
 1740 0777 4359424C 		.ascii	"CYBLE_GATT_ERR_ANS_COMMAND_NOT_SUPPORTED\000"
 1740      455F4741 
 1740      54545F45 
 1740      52525F41 
 1740      4E535F43 
 1741              	.LASF164:
 1742 07a0 76616C75 		.ascii	"value\000"
 1742      6500
 1743              	.LASF70:
 1744 07a6 4359424C 		.ascii	"CYBLE_EVT_GATTC_STOP_CMD_COMPLETE\000"
 1744      455F4556 
 1744      545F4741 
 1744      5454435F 
 1744      53544F50 
 1745              	.LASF8:
 1746 07c8 756E7369 		.ascii	"unsigned int\000"
 1746      676E6564 
 1746      20696E74 
 1746      00
 1747              	.LASF187:
 1748 07d5 6276616C 		.ascii	"bval\000"
 1748      00
 1749              	.LASF85:
 1750 07da 4359424C 		.ascii	"CYBLE_EVT_LE_PING_AUTH_TIMEOUT\000"
 1750      455F4556 
 1750      545F4C45 
 1750      5F50494E 
 1750      475F4155 
 1751              	.LASF171:
 1752 07f9 4359424C 		.ascii	"CYBLE_BASS_T\000"
 1752      455F4241 
 1752      53535F54 
ARM GAS  C:\Users\dprdc\AppData\Local\Temp\ccdA2Bf1.s 			page 38


 1752      00
 1753              	.LASF147:
 1754 0806 4359424C 		.ascii	"CYBLE_GATT_ERR_INVALID_CRC\000"
 1754      455F4741 
 1754      54545F45 
 1754      52525F49 
 1754      4E56414C 
 1755              	.LASF142:
 1756 0821 4359424C 		.ascii	"CYBLE_GATTS_ERR_PROCEDURE_ALREADY_IN_PROGRESS\000"
 1756      455F4741 
 1756      5454535F 
 1756      4552525F 
 1756      50524F43 
 1757              	.LASF186:
 1758 084f 706F696E 		.ascii	"point\000"
 1758      7400
 1759              	.LASF5:
 1760 0855 6C6F6E67 		.ascii	"long unsigned int\000"
 1760      20756E73 
 1760      69676E65 
 1760      6420696E 
 1760      7400
 1761              	.LASF44:
 1762 0867 4359424C 		.ascii	"CYBLE_EVT_GAP_CONN_ESTB\000"
 1762      455F4556 
 1762      545F4741 
 1762      505F434F 
 1762      4E4E5F45 
 1763              	.LASF129:
 1764 087f 4359424C 		.ascii	"CYBLE_GATT_ERR_ATTRIBUTE_NOT_FOUND\000"
 1764      455F4741 
 1764      54545F45 
 1764      52525F41 
 1764      54545249 
 1765              	.LASF60:
 1766 08a2 4359424C 		.ascii	"CYBLE_EVT_GATTS_WRITE_REQ\000"
 1766      455F4556 
 1766      545F4741 
 1766      5454535F 
 1766      57524954 
 1767              	.LASF52:
 1768 08bc 4359424C 		.ascii	"CYBLE_EVT_GATTC_XCHNG_MTU_RSP\000"
 1768      455F4556 
 1768      545F4741 
 1768      5454435F 
 1768      5843484E 
 1769              	.LASF69:
 1770 08da 4359424C 		.ascii	"CYBLE_EVT_GATTS_DATA_SIGNED_CMD_REQ\000"
 1770      455F4556 
 1770      545F4741 
 1770      5454535F 
 1770      44415441 
 1771              	.LASF72:
 1772 08fe 4359424C 		.ascii	"CYBLE_EVT_GATTC_LONG_PROCEDURE_END\000"
 1772      455F4556 
 1772      545F4741 
 1772      5454435F 
ARM GAS  C:\Users\dprdc\AppData\Local\Temp\ccdA2Bf1.s 			page 39


 1772      4C4F4E47 
 1773              	.LASF179:
 1774 0921 6576656E 		.ascii	"event\000"
 1774      7400
 1775              	.LASF130:
 1776 0927 4359424C 		.ascii	"CYBLE_GATT_ERR_ATTRIBUTE_NOT_LONG\000"
 1776      455F4741 
 1776      54545F45 
 1776      52525F41 
 1776      54545249 
 1777              	.LASF17:
 1778 0949 4359424C 		.ascii	"CYBLE_EVT_HOST_INVALID\000"
 1778      455F4556 
 1778      545F484F 
 1778      53545F49 
 1778      4E56414C 
 1779              	.LASF101:
 1780 0960 4359424C 		.ascii	"CYBLE_GAP_AUTH_ERROR_COMMAND_NOT_SUPPORTED\000"
 1780      455F4741 
 1780      505F4155 
 1780      54485F45 
 1780      52524F52 
 1781              	.LASF23:
 1782 098b 4359424C 		.ascii	"CYBLE_EVT_MEMORY_REQUEST\000"
 1782      455F4556 
 1782      545F4D45 
 1782      4D4F5259 
 1782      5F524551 
 1783              	.LASF96:
 1784 09a4 4359424C 		.ascii	"CYBLE_GAP_AUTH_ERROR_OOB_DATA_NOT_AVAILABLE\000"
 1784      455F4741 
 1784      505F4155 
 1784      54485F45 
 1784      52524F52 
 1785              	.LASF151:
 1786 09d0 4359424C 		.ascii	"CYBLE_GATT_ERR_ANCS_UNKNOWN_COMMAND\000"
 1786      455F4741 
 1786      54545F45 
 1786      52525F41 
 1786      4E43535F 
 1787              	.LASF26:
 1788 09f4 4359424C 		.ascii	"CYBLE_EVT_GAP_PASSKEY_ENTRY_REQUEST\000"
 1788      455F4556 
 1788      545F4741 
 1788      505F5041 
 1788      53534B45 
 1789              	.LASF31:
 1790 0a18 4359424C 		.ascii	"CYBLE_EVT_GAP_DEVICE_CONNECTED\000"
 1790      455F4556 
 1790      545F4741 
 1790      505F4445 
 1790      56494345 
 1791              	.LASF146:
 1792 0a37 4359424C 		.ascii	"CYBLE_GATTS_ERR_OPERATION_FAILED\000"
 1792      455F4741 
 1792      5454535F 
 1792      4552525F 
ARM GAS  C:\Users\dprdc\AppData\Local\Temp\ccdA2Bf1.s 			page 40


 1792      4F504552 
 1793              	.LASF191:
 1794 0a58 6D61696E 		.ascii	"main.c\000"
 1794      2E6300
 1795              	.LASF46:
 1796 0a5f 4359424C 		.ascii	"CYBLE_EVT_GAP_AUTH_REQ_REPLY_ERR\000"
 1796      455F4556 
 1796      545F4741 
 1796      505F4155 
 1796      54485F52 
 1797              	.LASF141:
 1798 0a80 4359424C 		.ascii	"CYBLE_GATT_ERR_HTS_OUT_OF_RANGE\000"
 1798      455F4741 
 1798      54545F45 
 1798      52525F48 
 1798      54535F4F 
 1799              	.LASF190:
 1800 0aa0 474E5520 		.ascii	"GNU C11 5.4.1 20160609 (release) [ARM/embedded-5-br"
 1800      43313120 
 1800      352E342E 
 1800      31203230 
 1800      31363036 
 1801 0ad3 616E6368 		.ascii	"anch revision 237715] -mcpu=cortex-m0 -mthumb -g -O"
 1801      20726576 
 1801      6973696F 
 1801      6E203233 
 1801      37373135 
 1802 0b06 30202D66 		.ascii	"0 -ffunction-sections -ffat-lto-objects\000"
 1802      66756E63 
 1802      74696F6E 
 1802      2D736563 
 1802      74696F6E 
 1803              	.LASF167:
 1804 0b2e 73657276 		.ascii	"serviceHandle\000"
 1804      69636548 
 1804      616E646C 
 1804      6500
 1805              	.LASF49:
 1806 0b3c 4359424C 		.ascii	"CYBLE_EVT_GATT_CONNECT_IND\000"
 1806      455F4556 
 1806      545F4741 
 1806      54545F43 
 1806      4F4E4E45 
 1807              	.LASF75:
 1808 0b57 4359424C 		.ascii	"CYBLE_EVT_L2CAP_COMMAND_REJ\000"
 1808      455F4556 
 1808      545F4C32 
 1808      4341505F 
 1808      434F4D4D 
 1809              	.LASF140:
 1810 0b73 4359424C 		.ascii	"CYBLE_GATT_ERR_CPS_INAPPROPRIATE_CONNECTION_PARAMET"
 1810      455F4741 
 1810      54545F45 
 1810      52525F43 
 1810      50535F49 
 1811 0ba6 45525300 		.ascii	"ERS\000"
 1812              	.LASF24:
ARM GAS  C:\Users\dprdc\AppData\Local\Temp\ccdA2Bf1.s 			page 41


 1813 0baa 4359424C 		.ascii	"CYBLE_EVT_GAPC_SCAN_PROGRESS_RESULT\000"
 1813      455F4556 
 1813      545F4741 
 1813      50435F53 
 1813      43414E5F 
 1814              	.LASF160:
 1815 0bce 61747449 		.ascii	"attId\000"
 1815      6400
 1816              	.LASF47:
 1817 0bd4 4359424C 		.ascii	"CYBLE_EVT_GAP_SMP_LOC_P256_KEYS_GEN_AND_SET_COMPLET"
 1817      455F4556 
 1817      545F4741 
 1817      505F534D 
 1817      505F4C4F 
 1818 0c07 4500     		.ascii	"E\000"
 1819              	.LASF76:
 1820 0c09 4359424C 		.ascii	"CYBLE_EVT_L2CAP_CBFC_CONN_IND\000"
 1820      455F4556 
 1820      545F4C32 
 1820      4341505F 
 1820      43424643 
 1821              	.LASF54:
 1822 0c27 4359424C 		.ascii	"CYBLE_EVT_GATTC_READ_BY_TYPE_RSP\000"
 1822      455F4556 
 1822      545F4741 
 1822      5454435F 
 1822      52454144 
 1823              	.LASF16:
 1824 0c48 73697A65 		.ascii	"sizetype\000"
 1824      74797065 
 1824      00
 1825              	.LASF136:
 1826 0c51 4359424C 		.ascii	"CYBLE_GATT_ERR_INSUFFICIENT_RESOURCE\000"
 1826      455F4741 
 1826      54545F45 
 1826      52525F49 
 1826      4E535546 
 1827              	.LASF117:
 1828 0c76 70616972 		.ascii	"pairingProperties\000"
 1828      696E6750 
 1828      726F7065 
 1828      72746965 
 1828      7300
 1829              	.LASF29:
 1830 0c88 4359424C 		.ascii	"CYBLE_EVT_GAP_AUTH_FAILED\000"
 1830      455F4556 
 1830      545F4741 
 1830      505F4155 
 1830      54485F46 
 1831              	.LASF61:
 1832 0ca2 4359424C 		.ascii	"CYBLE_EVT_GATTC_WRITE_RSP\000"
 1832      455F4556 
 1832      545F4741 
 1832      5454435F 
 1832      57524954 
 1833              	.LASF89:
 1834 0cbc 4359424C 		.ascii	"CYBLE_GAP_SEC_LEVEL_1\000"
ARM GAS  C:\Users\dprdc\AppData\Local\Temp\ccdA2Bf1.s 			page 42


 1834      455F4741 
 1834      505F5345 
 1834      435F4C45 
 1834      56454C5F 
 1835              	.LASF90:
 1836 0cd2 4359424C 		.ascii	"CYBLE_GAP_SEC_LEVEL_2\000"
 1836      455F4741 
 1836      505F5345 
 1836      435F4C45 
 1836      56454C5F 
 1837              	.LASF91:
 1838 0ce8 4359424C 		.ascii	"CYBLE_GAP_SEC_LEVEL_3\000"
 1838      455F4741 
 1838      505F5345 
 1838      435F4C45 
 1838      56454C5F 
 1839              	.LASF92:
 1840 0cfe 4359424C 		.ascii	"CYBLE_GAP_SEC_LEVEL_4\000"
 1840      455F4741 
 1840      505F5345 
 1840      435F4C45 
 1840      56454C5F 
 1841              	.LASF184:
 1842 0d14 70617261 		.ascii	"param\000"
 1842      6D00
 1843              	.LASF93:
 1844 0d1a 4359424C 		.ascii	"CYBLE_GAP_SEC_LEVEL_MASK\000"
 1844      455F4741 
 1844      505F5345 
 1844      435F4C45 
 1844      56454C5F 
 1845              	.LASF127:
 1846 0d33 4359424C 		.ascii	"CYBLE_GATT_ERR_INSUFFICIENT_AUTHORIZATION\000"
 1846      455F4741 
 1846      54545F45 
 1846      52525F49 
 1846      4E535546 
 1847              	.LASF28:
 1848 0d5d 4359424C 		.ascii	"CYBLE_EVT_GAP_AUTH_COMPLETE\000"
 1848      455F4556 
 1848      545F4741 
 1848      505F4155 
 1848      54485F43 
 1849              	.LASF118:
 1850 0d79 4359424C 		.ascii	"CYBLE_GAP_AUTH_INFO_T\000"
 1850      455F4741 
 1850      505F4155 
 1850      54485F49 
 1850      4E464F5F 
 1851              	.LASF66:
 1852 0d8f 4359424C 		.ascii	"CYBLE_EVT_GATTC_HANDLE_VALUE_NTF\000"
 1852      455F4556 
 1852      545F4741 
 1852      5454435F 
 1852      48414E44 
 1853              	.LASF166:
 1854 0db0 4359424C 		.ascii	"CYBLE_GATT_HANDLE_VALUE_PAIR_T\000"
ARM GAS  C:\Users\dprdc\AppData\Local\Temp\ccdA2Bf1.s 			page 43


 1854      455F4741 
 1854      54545F48 
 1854      414E444C 
 1854      455F5641 
 1855              	.LASF77:
 1856 0dcf 4359424C 		.ascii	"CYBLE_EVT_L2CAP_CBFC_CONN_CNF\000"
 1856      455F4556 
 1856      545F4C32 
 1856      4341505F 
 1856      43424643 
 1857              	.LASF153:
 1858 0ded 4359424C 		.ascii	"CYBLE_GATT_ERR_ANCS_INVALID_PARAMETER\000"
 1858      455F4741 
 1858      54545F45 
 1858      52525F41 
 1858      4E43535F 
 1859              	.LASF53:
 1860 0e13 4359424C 		.ascii	"CYBLE_EVT_GATTC_READ_BY_GROUP_TYPE_RSP\000"
 1860      455F4556 
 1860      545F4741 
 1860      5454435F 
 1860      52454144 
 1861              	.LASF12:
 1862 0e3a 666C6F61 		.ascii	"float\000"
 1862      7400
 1863              	.LASF188:
 1864 0e40 6379426C 		.ascii	"cyBle_pendingFlashWrite\000"
 1864      655F7065 
 1864      6E64696E 
 1864      67466C61 
 1864      73685772 
 1865              	.LASF128:
 1866 0e58 4359424C 		.ascii	"CYBLE_GATT_ERR_PREPARE_WRITE_QUEUE_FULL\000"
 1866      455F4741 
 1866      54545F45 
 1866      52525F50 
 1866      52455041 
 1867              	.LASF157:
 1868 0e80 4359424C 		.ascii	"CYBLE_GATT_ERR_OUT_OF_RANGE\000"
 1868      455F4741 
 1868      54545F45 
 1868      52525F4F 
 1868      55545F4F 
 1869              	.LASF1:
 1870 0e9c 756E7369 		.ascii	"unsigned char\000"
 1870      676E6564 
 1870      20636861 
 1870      7200
 1871              	.LASF38:
 1872 0eaa 4359424C 		.ascii	"CYBLE_EVT_GAP_KEYPRESS_NOTIFICATION\000"
 1872      455F4556 
 1872      545F4741 
 1872      505F4B45 
 1872      59505245 
 1873              	.LASF132:
 1874 0ece 4359424C 		.ascii	"CYBLE_GATT_ERR_INVALID_ATTRIBUTE_LEN\000"
 1874      455F4741 
ARM GAS  C:\Users\dprdc\AppData\Local\Temp\ccdA2Bf1.s 			page 44


 1874      54545F45 
 1874      52525F49 
 1874      4E56414C 
 1875              	.LASF145:
 1876 0ef3 4359424C 		.ascii	"CYBLE_GATTS_ERR_CCCD_IMPROPERLY_CONFIGURED\000"
 1876      455F4741 
 1876      5454535F 
 1876      4552525F 
 1876      43434344 
 1877              	.LASF104:
 1878 0f1e 4359424C 		.ascii	"CYBLE_GAP_AUTH_ERROR_INVALID_PARAMETERS\000"
 1878      455F4741 
 1878      505F4155 
 1878      54485F45 
 1878      52524F52 
 1879              	.LASF2:
 1880 0f46 73686F72 		.ascii	"short int\000"
 1880      7420696E 
 1880      7400
 1881              	.LASF108:
 1882 0f50 4359424C 		.ascii	"CYBLE_GAP_AUTH_ERROR_CROSS_TRANSPORT_KEY_GEN_DER_NO"
 1882      455F4741 
 1882      505F4155 
 1882      54485F45 
 1882      52524F52 
 1883 0f83 545F414C 		.ascii	"T_ALLOWED\000"
 1883      4C4F5745 
 1883      4400
 1884              	.LASF67:
 1885 0f8d 4359424C 		.ascii	"CYBLE_EVT_GATTC_HANDLE_VALUE_IND\000"
 1885      455F4556 
 1885      545F4741 
 1885      5454435F 
 1885      48414E44 
 1886              	.LASF144:
 1887 0fae 4359424C 		.ascii	"CYBLE_GATT_ERR_MISSING_CRC\000"
 1887      455F4741 
 1887      54545F45 
 1887      52525F4D 
 1887      49535349 
 1888              	.LASF106:
 1889 0fc9 4359424C 		.ascii	"CYBLE_GAP_AUTH_ERROR_NUMERIC_COMPARISON_FAILED\000"
 1889      455F4741 
 1889      505F4155 
 1889      54485F45 
 1889      52524F52 
 1890              	.LASF86:
 1891 0ff8 4359424C 		.ascii	"CYBLE_EVT_HCI_PKT\000"
 1891      455F4556 
 1891      545F4843 
 1891      495F504B 
 1891      5400
 1892              	.LASF173:
 1893 100a 4359424C 		.ascii	"CYBLE_IAS_CHAR_COUNT\000"
 1893      455F4941 
 1893      535F4348 
 1893      41525F43 
ARM GAS  C:\Users\dprdc\AppData\Local\Temp\ccdA2Bf1.s 			page 45


 1893      4F554E54 
 1894              	.LASF63:
 1895 101f 4359424C 		.ascii	"CYBLE_EVT_GATTS_PREP_WRITE_REQ\000"
 1895      455F4556 
 1895      545F4741 
 1895      5454535F 
 1895      50524550 
 1896              	.LASF68:
 1897 103e 4359424C 		.ascii	"CYBLE_EVT_GATTS_HANDLE_VALUE_CNF\000"
 1897      455F4556 
 1897      545F4741 
 1897      5454535F 
 1897      48414E44 
 1898              	.LASF155:
 1899 105f 4359424C 		.ascii	"CYBLE_GATT_ERR_CCCD_IMPROPERLY_CONFIGURED\000"
 1899      455F4741 
 1899      54545F45 
 1899      52525F43 
 1899      4343445F 
 1900              	.LASF43:
 1901 1089 4359424C 		.ascii	"CYBLE_EVT_GAP_SMP_NEGOTIATED_AUTH_INFO\000"
 1901      455F4556 
 1901      545F4741 
 1901      505F534D 
 1901      505F4E45 
 1902              	.LASF138:
 1903 10b0 4359424C 		.ascii	"CYBLE_GATT_ERR_HEART_RATE_CONTROL_POINT_NOT_SUPPORT"
 1903      455F4741 
 1903      54545F45 
 1903      52525F48 
 1903      45415254 
 1904 10e3 454400   		.ascii	"ED\000"
 1905              	.LASF40:
 1906 10e6 4359424C 		.ascii	"CYBLE_EVT_GAP_DATA_LENGTH_CHANGE\000"
 1906      455F4556 
 1906      545F4741 
 1906      505F4441 
 1906      54415F4C 
 1907              	.LASF177:
 1908 1107 4359424C 		.ascii	"CYBLE_IAS_CHAR_VALUE_T\000"
 1908      455F4941 
 1908      535F4348 
 1908      41525F56 
 1908      414C5545 
 1909              	.LASF15:
 1910 111e 6C6F6E67 		.ascii	"long double\000"
 1910      20646F75 
 1910      626C6500 
 1911              	.LASF87:
 1912 112a 4359424C 		.ascii	"CYBLE_EVT_FLASH_CORRUPT\000"
 1912      455F4556 
 1912      545F464C 
 1912      4153485F 
 1912      434F5252 
 1913              	.LASF14:
 1914 1142 63686172 		.ascii	"char\000"
 1914      00
ARM GAS  C:\Users\dprdc\AppData\Local\Temp\ccdA2Bf1.s 			page 46


 1915              	.LASF137:
 1916 1147 4359424C 		.ascii	"CYBLE_GATT_ERR_TRIGGER_CODITION_VALUE_NOT_SUPPORTED"
 1916      455F4741 
 1916      54545F45 
 1916      52525F54 
 1916      52494747 
 1917 117a 00       		.ascii	"\000"
 1918              	.LASF105:
 1919 117b 4359424C 		.ascii	"CYBLE_GAP_AUTH_ERROR_DHKEY_CHECK_FAILED\000"
 1919      455F4741 
 1919      505F4155 
 1919      54485F45 
 1919      52524F52 
 1920              	.LASF109:
 1921 11a3 4359424C 		.ascii	"CYBLE_GAP_AUTH_ERROR_CODE_SPEC_MAX_VALUE\000"
 1921      455F4741 
 1921      505F4155 
 1921      54485F45 
 1921      52524F52 
 1922              	.LASF71:
 1923 11cc 4359424C 		.ascii	"CYBLE_EVT_GATTS_READ_CHAR_VAL_ACCESS_REQ\000"
 1923      455F4556 
 1923      545F4741 
 1923      5454535F 
 1923      52454144 
 1924              	.LASF185:
 1925 11f5 54696D65 		.ascii	"Timer_ISR_Handler\000"
 1925      725F4953 
 1925      525F4861 
 1925      6E646C65 
 1925      7200
 1926              	.LASF183:
 1927 1207 61757468 		.ascii	"authInfo\000"
 1927      496E666F 
 1927      00
 1928              	.LASF82:
 1929 1210 4359424C 		.ascii	"CYBLE_EVT_L2CAP_CBFC_TX_CREDIT_IND\000"
 1929      455F4556 
 1929      545F4C32 
 1929      4341505F 
 1929      43424643 
 1930              	.LASF133:
 1931 1233 4359424C 		.ascii	"CYBLE_GATT_ERR_UNLIKELY_ERROR\000"
 1931      455F4741 
 1931      54545F45 
 1931      52525F55 
 1931      4E4C494B 
 1932              	.LASF154:
 1933 1251 4359424C 		.ascii	"CYBLE_GATT_ERR_ANCS_ACTION_FAILED\000"
 1933      455F4741 
 1933      54545F45 
 1933      52525F41 
 1933      4E43535F 
 1934              	.LASF170:
 1935 1273 63636364 		.ascii	"cccdHandle\000"
 1935      48616E64 
 1935      6C6500
ARM GAS  C:\Users\dprdc\AppData\Local\Temp\ccdA2Bf1.s 			page 47


 1936              	.LASF27:
 1937 127e 4359424C 		.ascii	"CYBLE_EVT_GAP_PASSKEY_DISPLAY_REQUEST\000"
 1937      455F4556 
 1937      545F4741 
 1937      505F5041 
 1937      53534B45 
 1938              	.LASF156:
 1939 12a4 4359424C 		.ascii	"CYBLE_GATT_ERR_PROCEDURE_ALREADY_IN_PROGRESS\000"
 1939      455F4741 
 1939      54545F45 
 1939      52525F50 
 1939      524F4345 
 1940              	.LASF20:
 1941 12d1 4359424C 		.ascii	"CYBLE_EVT_HARDWARE_ERROR\000"
 1941      455F4556 
 1941      545F4841 
 1941      52445741 
 1941      52455F45 
 1942              	.LASF3:
 1943 12ea 73686F72 		.ascii	"short unsigned int\000"
 1943      7420756E 
 1943      7369676E 
 1943      65642069 
 1943      6E7400
 1944              	.LASF39:
 1945 12fd 4359424C 		.ascii	"CYBLE_EVT_GAP_OOB_GENERATED_NOTIFICATION\000"
 1945      455F4556 
 1945      545F4741 
 1945      505F4F4F 
 1945      425F4745 
 1946              	.LASF48:
 1947 1326 4359424C 		.ascii	"CYBLE_EVT_GATTC_ERROR_RSP\000"
 1947      455F4556 
 1947      545F4741 
 1947      5454435F 
 1947      4552524F 
 1948              	.LASF175:
 1949 1340 636F6E6E 		.ascii	"connHandle\000"
 1949      48616E64 
 1949      6C6500
 1950              	.LASF174:
 1951 134b 4359424C 		.ascii	"CYBLE_IAS_CHAR_INDEX_T\000"
 1951      455F4941 
 1951      535F4348 
 1951      41525F49 
 1951      4E444558 
 1952              	.LASF139:
 1953 1362 4359424C 		.ascii	"CYBLE_GATT_ERR_USER_DATA_ACCESS_NOT_PERMITTED\000"
 1953      455F4741 
 1953      54545F45 
 1953      52525F55 
 1953      5345525F 
 1954              	.LASF134:
 1955 1390 4359424C 		.ascii	"CYBLE_GATT_ERR_INSUFFICIENT_ENCRYPTION\000"
 1955      455F4741 
 1955      54545F45 
 1955      52525F49 
ARM GAS  C:\Users\dprdc\AppData\Local\Temp\ccdA2Bf1.s 			page 48


 1955      4E535546 
 1956              	.LASF97:
 1957 13b7 4359424C 		.ascii	"CYBLE_GAP_AUTH_ERROR_AUTHENTICATION_REQ_NOT_MET\000"
 1957      455F4741 
 1957      505F4155 
 1957      54485F45 
 1957      52524F52 
 1958              	.LASF51:
 1959 13e7 4359424C 		.ascii	"CYBLE_EVT_GATTS_XCNHG_MTU_REQ\000"
 1959      455F4556 
 1959      545F4741 
 1959      5454535F 
 1959      58434E48 
 1960              	.LASF168:
 1961 1405 62617474 		.ascii	"batteryLevelHandle\000"
 1961      6572794C 
 1961      6576656C 
 1961      48616E64 
 1961      6C6500
 1962              	.LASF182:
 1963 1418 6576656E 		.ascii	"eventParam\000"
 1963      74506172 
 1963      616D00
 1964              	.LASF176:
 1965 1423 63686172 		.ascii	"charIndex\000"
 1965      496E6465 
 1965      7800
 1966              	.LASF58:
 1967 142d 4359424C 		.ascii	"CYBLE_EVT_GATTC_READ_BLOB_RSP\000"
 1967      455F4556 
 1967      545F4741 
 1967      5454435F 
 1967      52454144 
 1968              	.LASF98:
 1969 144b 4359424C 		.ascii	"CYBLE_GAP_AUTH_ERROR_CONFIRM_VALUE_NOT_MATCH\000"
 1969      455F4741 
 1969      505F4155 
 1969      54485F45 
 1969      52524F52 
 1970              	.LASF126:
 1971 1478 4359424C 		.ascii	"CYBLE_GATT_ERR_INVALID_OFFSET\000"
 1971      455F4741 
 1971      54545F45 
 1971      52525F49 
 1971      4E56414C 
 1972              	.LASF149:
 1973 1496 4359424C 		.ascii	"CYBLE_GATTS_ERR_NETWORK_NOT_AVAILABLE\000"
 1973      455F4741 
 1973      5454535F 
 1973      4552525F 
 1973      4E455457 
 1974              	.LASF95:
 1975 14bc 4359424C 		.ascii	"CYBLE_GAP_AUTH_ERROR_PASSKEY_ENTRY_FAILED\000"
 1975      455F4741 
 1975      505F4155 
 1975      54485F45 
 1975      52524F52 
ARM GAS  C:\Users\dprdc\AppData\Local\Temp\ccdA2Bf1.s 			page 49


 1976              	.LASF56:
 1977 14e6 4359424C 		.ascii	"CYBLE_EVT_GATTC_FIND_BY_TYPE_VALUE_RSP\000"
 1977      455F4556 
 1977      545F4741 
 1977      5454435F 
 1977      46494E44 
 1978              	.LASF36:
 1979 150d 4359424C 		.ascii	"CYBLE_EVT_GAP_KEYINFO_EXCHNGE_CMPLT\000"
 1979      455F4556 
 1979      545F4741 
 1979      505F4B45 
 1979      59494E46 
 1980              	.LASF159:
 1981 1531 62644861 		.ascii	"bdHandle\000"
 1981      6E646C65 
 1981      00
 1982              	.LASF84:
 1983 153a 4359424C 		.ascii	"CYBLE_EVT_PENDING_FLASH_WRITE\000"
 1983      455F4556 
 1983      545F5045 
 1983      4E44494E 
 1983      475F464C 
 1984              	.LASF74:
 1985 1558 4359424C 		.ascii	"CYBLE_EVT_L2CAP_CONN_PARAM_UPDATE_RSP\000"
 1985      455F4556 
 1985      545F4C32 
 1985      4341505F 
 1985      434F4E4E 
 1986              	.LASF193:
 1987 157e 6D61696E 		.ascii	"main\000"
 1987      00
 1988              	.LASF41:
 1989 1583 4359424C 		.ascii	"CYBLE_EVT_GAP_ENHANCE_CONN_COMPLETE\000"
 1989      455F4556 
 1989      545F4741 
 1989      505F454E 
 1989      48414E43 
 1990              	.LASF158:
 1991 15a7 4359424C 		.ascii	"CYBLE_GATT_DB_ATTR_HANDLE_T\000"
 1991      455F4741 
 1991      54545F44 
 1991      425F4154 
 1991      54525F48 
 1992              	.LASF50:
 1993 15c3 4359424C 		.ascii	"CYBLE_EVT_GATT_DISCONNECT_IND\000"
 1993      455F4556 
 1993      545F4741 
 1993      54545F44 
 1993      4953434F 
 1994              	.LASF45:
 1995 15e1 4359424C 		.ascii	"CYBLE_EVT_GAP_SCAN_REQ_RECVD\000"
 1995      455F4556 
 1995      545F4741 
 1995      505F5343 
 1995      414E5F52 
 1996              		.ident	"GCC: (GNU Tools for ARM Embedded Processors) 5.4.1 20160609 (release) [ARM/embedded-5-bran
